[2024-01-17T13:58:43.236+0000] {taskinstance.py:1957} INFO - Dependencies all met for dep_context=non-requeueable deps ti=<TaskInstance: sql_example.create_update_dim_date manual__2024-01-17T13:58:37.009006+00:00 [queued]>
[2024-01-17T13:58:43.252+0000] {taskinstance.py:1957} INFO - Dependencies all met for dep_context=requeueable deps ti=<TaskInstance: sql_example.create_update_dim_date manual__2024-01-17T13:58:37.009006+00:00 [queued]>
[2024-01-17T13:58:43.254+0000] {taskinstance.py:2171} INFO - Starting attempt 1 of 0
[2024-01-17T13:58:43.287+0000] {taskinstance.py:2192} INFO - Executing <Task(BigQueryExecuteQueryOperator): create_update_dim_date> on 2024-01-17 13:58:37.009006+00:00
[2024-01-17T13:58:43.334+0000] {standard_task_runner.py:60} INFO - Started process 7575 to run task
[2024-01-17T13:58:43.358+0000] {standard_task_runner.py:87} INFO - Running: ['***', 'tasks', 'run', 'sql_example', 'create_update_dim_date', 'manual__2024-01-17T13:58:37.009006+00:00', '--job-id', '42', '--raw', '--subdir', 'DAGS_FOLDER/data_transform_BQ.py', '--cfg-path', '/tmp/tmpw8_8b2wk']
[2024-01-17T13:58:43.383+0000] {standard_task_runner.py:88} INFO - Job 42: Subtask create_update_dim_date
[2024-01-17T13:58:43.567+0000] {task_command.py:423} INFO - Running <TaskInstance: sql_example.create_update_dim_date manual__2024-01-17T13:58:37.009006+00:00 [running]> on host fafdf46f827b
[2024-01-17T13:58:43.782+0000] {taskinstance.py:2481} INFO - Exporting env vars: AIRFLOW_CTX_DAG_OWNER='phungquan' AIRFLOW_CTX_DAG_ID='sql_example' AIRFLOW_CTX_TASK_ID='create_update_dim_date' AIRFLOW_CTX_EXECUTION_DATE='2024-01-17T13:58:37.009006+00:00' AIRFLOW_CTX_TRY_NUMBER='1' AIRFLOW_CTX_DAG_RUN_ID='manual__2024-01-17T13:58:37.009006+00:00'
[2024-01-17T13:58:43.786+0000] {bigquery.py:1245} INFO - Executing: CREATE OR REPLACE TABLE `OLAP.Dim_Date` AS
SELECT
  date AS Date,
  EXTRACT(YEAR FROM date) AS Year,
  EXTRACT(MONTH FROM date) AS Month,
  EXTRACT(DAY FROM date) AS Day,
  FORMAT_DATE('%A', date) AS DayName,
  EXTRACT(QUARTER FROM date) AS Quarter
FROM UNNEST(GENERATE_DATE_ARRAY(
  (SELECT MIN(CAST(OrderDate AS DATE)) FROM `OLTP.Orders`),  -- Cast OrderDate to DATE
  (SELECT MAX(CAST(OrderDate AS DATE)) FROM `OLTP.Orders`),  -- Cast OrderDate to DATE
  INTERVAL 1 DAY
)) AS date;

ALTER TABLE `OLAP.Dim_Date`
ADD COLUMN IsWeekend BOOL;
UPDATE `OLAP.Dim_Date`
SET IsWeekend = 
  CASE WHEN EXTRACT(DAYOFWEEK FROM Date) IN (1, 7) THEN TRUE ELSE FALSE END
WHERE true;
[2024-01-17T13:58:43.813+0000] {connection.py:234} WARNING - Connection schemes (type: google_cloud_platform) shall not contain '_' according to RFC3986.
[2024-01-17T13:58:43.817+0000] {base.py:83} INFO - Using connection ID 'google_cloud_default' for task execution.
[2024-01-17T13:58:43.838+0000] {logging_mixin.py:188} WARNING - /home/***/.local/lib/python3.8/site-packages/***/providers/google/cloud/hooks/bigquery.py:2109 AirflowProviderDeprecationWarning: This method is deprecated. Please use `BigQueryHook.insert_job` method.
[2024-01-17T13:58:43.841+0000] {credentials_provider.py:353} INFO - Getting connection using `google.auth.default()` since no explicit credentials are provided.
[2024-01-17T13:58:43.978+0000] {bigquery.py:1596} INFO - Inserting job ***_1705499923974669_24a63a6f14ec7f844b30aacecad8ba1e
[2024-01-17T13:58:49.480+0000] {taskinstance.py:1138} INFO - Marking task as SUCCESS. dag_id=sql_example, task_id=create_update_dim_date, execution_date=20240117T135837, start_date=20240117T135843, end_date=20240117T135849
[2024-01-17T13:58:49.555+0000] {local_task_job_runner.py:234} INFO - Task exited with return code 0
[2024-01-17T13:58:49.605+0000] {taskinstance.py:3281} INFO - 1 downstream tasks scheduled from follow-on schedule check
