[2023-12-03T20:15:26.781+0000] {taskinstance.py:1159} INFO - Dependencies all met for dep_context=non-requeueable deps ti=<TaskInstance: upload_local_to_gcs_python.upload_files_to_gcs manual__2023-12-03T20:14:19.909617+00:00 [queued]>
[2023-12-03T20:15:26.790+0000] {taskinstance.py:1159} INFO - Dependencies all met for dep_context=requeueable deps ti=<TaskInstance: upload_local_to_gcs_python.upload_files_to_gcs manual__2023-12-03T20:14:19.909617+00:00 [queued]>
[2023-12-03T20:15:26.791+0000] {taskinstance.py:1361} INFO - Starting attempt 2 of 2
[2023-12-03T20:15:26.807+0000] {taskinstance.py:1382} INFO - Executing <Task(BashOperator): upload_files_to_gcs> on 2023-12-03 20:14:19.909617+00:00
[2023-12-03T20:15:26.815+0000] {standard_task_runner.py:57} INFO - Started process 830 to run task
[2023-12-03T20:15:26.820+0000] {standard_task_runner.py:84} INFO - Running: ['***', 'tasks', 'run', 'upload_local_to_gcs_python', 'upload_files_to_gcs', 'manual__2023-12-03T20:14:19.909617+00:00', '--job-id', '4', '--raw', '--subdir', 'DAGS_FOLDER/local_to_GCS.py', '--cfg-path', '/tmp/tmpqpryf5ix']
[2023-12-03T20:15:26.824+0000] {standard_task_runner.py:85} INFO - Job 4: Subtask upload_files_to_gcs
[2023-12-03T20:15:26.903+0000] {task_command.py:416} INFO - Running <TaskInstance: upload_local_to_gcs_python.upload_files_to_gcs manual__2023-12-03T20:14:19.909617+00:00 [running]> on host 8fb0380f7910
[2023-12-03T20:15:26.993+0000] {taskinstance.py:1662} INFO - Exporting env vars: AIRFLOW_CTX_DAG_OWNER='your_owner' AIRFLOW_CTX_DAG_ID='upload_local_to_gcs_python' AIRFLOW_CTX_TASK_ID='upload_files_to_gcs' AIRFLOW_CTX_EXECUTION_DATE='2023-12-03T20:14:19.909617+00:00' AIRFLOW_CTX_TRY_NUMBER='2' AIRFLOW_CTX_DAG_RUN_ID='manual__2023-12-03T20:14:19.909617+00:00'
[2023-12-03T20:15:26.996+0000] {subprocess.py:63} INFO - Tmp dir root location: /tmp
[2023-12-03T20:15:26.997+0000] {subprocess.py:75} INFO - Running command: ['/bin/bash', '-c', 'gsutil cp /Users/phunghongquan/Documents/học kì 5/DataWarehouse/northwind_gitRepo/northwind_gitRepo/tables/Customers.csv gs://us-central1-test-env-b4f32c38-bucket/data']
[2023-12-03T20:15:27.008+0000] {subprocess.py:86} INFO - Output:
[2023-12-03T20:15:27.013+0000] {subprocess.py:93} INFO - /bin/bash: line 1: gsutil: command not found
[2023-12-03T20:15:27.013+0000] {subprocess.py:97} INFO - Command exited with return code 127
[2023-12-03T20:15:27.027+0000] {taskinstance.py:1937} ERROR - Task failed with exception
Traceback (most recent call last):
  File "/home/airflow/.local/lib/python3.8/site-packages/airflow/operators/bash.py", line 210, in execute
    raise AirflowException(
airflow.exceptions.AirflowException: Bash command failed. The command returned a non-zero exit code 127.
[2023-12-03T20:15:27.031+0000] {taskinstance.py:1400} INFO - Marking task as FAILED. dag_id=upload_local_to_gcs_python, task_id=upload_files_to_gcs, execution_date=20231203T201419, start_date=20231203T201526, end_date=20231203T201527
[2023-12-03T20:15:27.042+0000] {standard_task_runner.py:104} ERROR - Failed to execute job 4 for task upload_files_to_gcs (Bash command failed. The command returned a non-zero exit code 127.; 830)
[2023-12-03T20:15:27.090+0000] {local_task_job_runner.py:228} INFO - Task exited with return code 1
[2023-12-03T20:15:27.110+0000] {taskinstance.py:2778} INFO - 0 downstream tasks scheduled from follow-on schedule check
