[2024-01-17T12:35:19.445+0000] {taskinstance.py:1957} INFO - Dependencies all met for dep_context=non-requeueable deps ti=<TaskInstance: sql_example.create_update_dim_order_details manual__2024-01-17T12:35:13.578491+00:00 [queued]>
[2024-01-17T12:35:19.455+0000] {taskinstance.py:1957} INFO - Dependencies all met for dep_context=requeueable deps ti=<TaskInstance: sql_example.create_update_dim_order_details manual__2024-01-17T12:35:13.578491+00:00 [queued]>
[2024-01-17T12:35:19.456+0000] {taskinstance.py:2171} INFO - Starting attempt 1 of 0
[2024-01-17T12:35:19.474+0000] {taskinstance.py:2192} INFO - Executing <Task(BigQueryExecuteQueryOperator): create_update_dim_order_details> on 2024-01-17 12:35:13.578491+00:00
[2024-01-17T12:35:19.506+0000] {standard_task_runner.py:60} INFO - Started process 714 to run task
[2024-01-17T12:35:19.516+0000] {standard_task_runner.py:87} INFO - Running: ['***', 'tasks', 'run', 'sql_example', 'create_update_dim_order_details', 'manual__2024-01-17T12:35:13.578491+00:00', '--job-id', '3', '--raw', '--subdir', 'DAGS_FOLDER/data_transform_BQ.py', '--cfg-path', '/tmp/tmpwi6x3x8_']
[2024-01-17T12:35:19.535+0000] {standard_task_runner.py:88} INFO - Job 3: Subtask create_update_dim_order_details
[2024-01-17T12:35:19.760+0000] {task_command.py:423} INFO - Running <TaskInstance: sql_example.create_update_dim_order_details manual__2024-01-17T12:35:13.578491+00:00 [running]> on host fafdf46f827b
[2024-01-17T12:35:19.946+0000] {taskinstance.py:2481} INFO - Exporting env vars: AIRFLOW_CTX_DAG_OWNER='phungquan' AIRFLOW_CTX_DAG_ID='sql_example' AIRFLOW_CTX_TASK_ID='create_update_dim_order_details' AIRFLOW_CTX_EXECUTION_DATE='2024-01-17T12:35:13.578491+00:00' AIRFLOW_CTX_TRY_NUMBER='1' AIRFLOW_CTX_DAG_RUN_ID='manual__2024-01-17T12:35:13.578491+00:00'
[2024-01-17T12:35:19.950+0000] {bigquery.py:1245} INFO - Executing: CREATE OR REPLACE TABLE 
  `OLAP.Dim_Order_details` AS
SELECT
  *
FROM
  `OLTP.Order_details`
[2024-01-17T12:35:19.975+0000] {taskinstance.py:2699} ERROR - Task failed with exception
Traceback (most recent call last):
  File "/home/airflow/.local/lib/python3.8/site-packages/airflow/models/taskinstance.py", line 433, in _execute_task
    result = execute_callable(context=context, **execute_callable_kwargs)
  File "/home/airflow/.local/lib/python3.8/site-packages/airflow/providers/google/cloud/operators/bigquery.py", line 1246, in execute
    self.hook = BigQueryHook(
  File "/home/airflow/.local/lib/python3.8/site-packages/airflow/providers/google/cloud/hooks/bigquery.py", line 118, in __init__
    super().__init__(
  File "/home/airflow/.local/lib/python3.8/site-packages/airflow/providers/google/common/hooks/base_google.py", line 242, in __init__
    self.extras: dict = self.get_connection(self.gcp_conn_id).extra_dejson
  File "/home/airflow/.local/lib/python3.8/site-packages/airflow/hooks/base.py", line 82, in get_connection
    conn = Connection.get_connection_from_secrets(conn_id)
  File "/home/airflow/.local/lib/python3.8/site-packages/airflow/models/connection.py", line 479, in get_connection_from_secrets
    raise AirflowNotFoundException(f"The conn_id `{conn_id}` isn't defined")
airflow.exceptions.AirflowNotFoundException: The conn_id `google_cloud_default` isn't defined
[2024-01-17T12:35:19.984+0000] {taskinstance.py:1138} INFO - Marking task as FAILED. dag_id=sql_example, task_id=create_update_dim_order_details, execution_date=20240117T123513, start_date=20240117T123519, end_date=20240117T123519
[2024-01-17T12:35:20.004+0000] {standard_task_runner.py:107} ERROR - Failed to execute job 3 for task create_update_dim_order_details (The conn_id `google_cloud_default` isn't defined; 714)
[2024-01-17T12:35:20.058+0000] {local_task_job_runner.py:234} INFO - Task exited with return code 1
[2024-01-17T12:35:20.159+0000] {taskinstance.py:3281} INFO - 0 downstream tasks scheduled from follow-on schedule check
