[2023-12-09T12:27:41.584+0000] {taskinstance.py:1159} INFO - Dependencies all met for dep_context=non-requeueable deps ti=<TaskInstance: taskflow.upload_to_gcs manual__2023-12-09T12:27:39.608800+00:00 [queued]>
[2023-12-09T12:27:41.591+0000] {taskinstance.py:1159} INFO - Dependencies all met for dep_context=requeueable deps ti=<TaskInstance: taskflow.upload_to_gcs manual__2023-12-09T12:27:39.608800+00:00 [queued]>
[2023-12-09T12:27:41.591+0000] {taskinstance.py:1361} INFO - Starting attempt 1 of 1
[2023-12-09T12:27:41.599+0000] {taskinstance.py:1382} INFO - Executing <Task(LocalFilesystemToGCSOperator): upload_to_gcs> on 2023-12-09 12:27:39.608800+00:00
[2023-12-09T12:27:41.604+0000] {standard_task_runner.py:57} INFO - Started process 14007 to run task
[2023-12-09T12:27:41.607+0000] {standard_task_runner.py:84} INFO - Running: ['***', 'tasks', 'run', 'taskflow', 'upload_to_gcs', 'manual__2023-12-09T12:27:39.608800+00:00', '--job-id', '78', '--raw', '--subdir', 'DAGS_FOLDER/test_decorator.py', '--cfg-path', '/tmp/tmpoojg_7n1']
[2023-12-09T12:27:41.610+0000] {standard_task_runner.py:85} INFO - Job 78: Subtask upload_to_gcs
[2023-12-09T12:27:41.645+0000] {task_command.py:416} INFO - Running <TaskInstance: taskflow.upload_to_gcs manual__2023-12-09T12:27:39.608800+00:00 [running]> on host 3de6e37e1218
[2023-12-09T12:27:41.708+0000] {taskinstance.py:1662} INFO - Exporting env vars: AIRFLOW_CTX_DAG_OWNER='***' AIRFLOW_CTX_DAG_ID='taskflow' AIRFLOW_CTX_TASK_ID='upload_to_gcs' AIRFLOW_CTX_EXECUTION_DATE='2023-12-09T12:27:39.608800+00:00' AIRFLOW_CTX_TRY_NUMBER='1' AIRFLOW_CTX_DAG_RUN_ID='manual__2023-12-09T12:27:39.608800+00:00'
[2023-12-09T12:27:41.726+0000] {connection.py:232} WARNING - Connection schemes (type: google_cloud_platform) shall not contain '_' according to RFC3986.
[2023-12-09T12:27:41.727+0000] {base.py:73} INFO - Using connection ID 'google_cloud_datastore_default' for task execution.
[2023-12-09T12:27:41.728+0000] {credentials_provider.py:353} INFO - Getting connection using `google.auth.default()` since no explicit credentials are provided.
[2023-12-09T12:27:43.675+0000] {gcs.py:562} INFO - File /opt/***/data/northwind_gitRepo/northwind_gitRepo/tables/Customers.csv uploaded to us-central1-test-env-b4f32c38-bucket/data/Customers.csv in us-central1-test-env-b4f32c38-bucket bucket
[2023-12-09T12:27:44.076+0000] {gcs.py:562} INFO - File /opt/***/data/northwind_gitRepo/northwind_gitRepo/tables/Categories.csv uploaded to us-central1-test-env-b4f32c38-bucket/data/Categories.csv in us-central1-test-env-b4f32c38-bucket bucket
[2023-12-09T12:27:44.897+0000] {gcs.py:562} INFO - File /opt/***/data/northwind_gitRepo/northwind_gitRepo/tables/Products.csv uploaded to us-central1-test-env-b4f32c38-bucket/data/Products.csv in us-central1-test-env-b4f32c38-bucket bucket
[2023-12-09T12:27:45.585+0000] {gcs.py:562} INFO - File /opt/***/data/northwind_gitRepo/northwind_gitRepo/tables/Orders.csv uploaded to us-central1-test-env-b4f32c38-bucket/data/Orders.csv in us-central1-test-env-b4f32c38-bucket bucket
[2023-12-09T12:27:46.032+0000] {gcs.py:562} INFO - File /opt/***/data/northwind_gitRepo/northwind_gitRepo/tables/Suppliers.csv uploaded to us-central1-test-env-b4f32c38-bucket/data/Suppliers.csv in us-central1-test-env-b4f32c38-bucket bucket
[2023-12-09T12:27:46.738+0000] {gcs.py:562} INFO - File /opt/***/data/northwind_gitRepo/northwind_gitRepo/tables/CustomerCustomerDemo.csv uploaded to us-central1-test-env-b4f32c38-bucket/data/CustomerCustomerDemo.csv in us-central1-test-env-b4f32c38-bucket bucket
[2023-12-09T12:27:47.250+0000] {gcs.py:562} INFO - File /opt/***/data/northwind_gitRepo/northwind_gitRepo/tables/Shippers.csv uploaded to us-central1-test-env-b4f32c38-bucket/data/Shippers.csv in us-central1-test-env-b4f32c38-bucket bucket
[2023-12-09T12:27:47.966+0000] {gcs.py:562} INFO - File /opt/***/data/northwind_gitRepo/northwind_gitRepo/tables/Territories.csv uploaded to us-central1-test-env-b4f32c38-bucket/data/Territories.csv in us-central1-test-env-b4f32c38-bucket bucket
[2023-12-09T12:27:48.475+0000] {gcs.py:562} INFO - File /opt/***/data/northwind_gitRepo/northwind_gitRepo/tables/Employees.csv uploaded to us-central1-test-env-b4f32c38-bucket/data/Employees.csv in us-central1-test-env-b4f32c38-bucket bucket
[2023-12-09T12:27:49.095+0000] {gcs.py:562} INFO - File /opt/***/data/northwind_gitRepo/northwind_gitRepo/tables/Region.csv uploaded to us-central1-test-env-b4f32c38-bucket/data/Region.csv in us-central1-test-env-b4f32c38-bucket bucket
[2023-12-09T12:27:49.603+0000] {gcs.py:562} INFO - File /opt/***/data/northwind_gitRepo/northwind_gitRepo/tables/EmployeeTerritories.csv uploaded to us-central1-test-env-b4f32c38-bucket/data/EmployeeTerritories.csv in us-central1-test-env-b4f32c38-bucket bucket
[2023-12-09T12:27:50.215+0000] {gcs.py:562} INFO - File /opt/***/data/northwind_gitRepo/northwind_gitRepo/tables/CustomerDemographics.csv uploaded to us-central1-test-env-b4f32c38-bucket/data/CustomerDemographics.csv in us-central1-test-env-b4f32c38-bucket bucket
[2023-12-09T12:27:50.831+0000] {gcs.py:562} INFO - File /opt/***/data/northwind_gitRepo/northwind_gitRepo/tables/Order_details.csv uploaded to us-central1-test-env-b4f32c38-bucket/data/Order_details.csv in us-central1-test-env-b4f32c38-bucket bucket
[2023-12-09T12:27:50.859+0000] {taskinstance.py:1400} INFO - Marking task as SUCCESS. dag_id=taskflow, task_id=upload_to_gcs, execution_date=20231209T122739, start_date=20231209T122741, end_date=20231209T122750
[2023-12-09T12:27:50.926+0000] {local_task_job_runner.py:228} INFO - Task exited with return code 0
[2023-12-09T12:27:50.957+0000] {taskinstance.py:2778} INFO - 0 downstream tasks scheduled from follow-on schedule check
