[2023-12-03T21:32:57.500+0000] {taskinstance.py:1159} INFO - Dependencies all met for dep_context=non-requeueable deps ti=<TaskInstance: upload_local_to_gcs_python.upload_file manual__2023-12-03T21:23:22.768373+00:00 [queued]>
[2023-12-03T21:32:57.514+0000] {taskinstance.py:1159} INFO - Dependencies all met for dep_context=requeueable deps ti=<TaskInstance: upload_local_to_gcs_python.upload_file manual__2023-12-03T21:23:22.768373+00:00 [queued]>
[2023-12-03T21:32:57.515+0000] {taskinstance.py:1361} INFO - Starting attempt 1 of 2
[2023-12-03T21:32:57.532+0000] {taskinstance.py:1382} INFO - Executing <Task(LocalFilesystemToGCSOperator): upload_file> on 2023-12-03 21:23:22.768373+00:00
[2023-12-03T21:32:57.577+0000] {standard_task_runner.py:57} INFO - Started process 181 to run task
[2023-12-03T21:32:57.596+0000] {standard_task_runner.py:84} INFO - Running: ['***', 'tasks', 'run', 'upload_local_to_gcs_python', 'upload_file', 'manual__2023-12-03T21:23:22.768373+00:00', '--job-id', '10', '--raw', '--subdir', 'DAGS_FOLDER/local_to_GCS.py', '--cfg-path', '/tmp/tmpn8iidwst']
[2023-12-03T21:32:57.609+0000] {standard_task_runner.py:85} INFO - Job 10: Subtask upload_file
[2023-12-03T21:32:57.805+0000] {task_command.py:416} INFO - Running <TaskInstance: upload_local_to_gcs_python.upload_file manual__2023-12-03T21:23:22.768373+00:00 [running]> on host e9db96b2fa13
[2023-12-03T21:32:57.990+0000] {taskinstance.py:1662} INFO - Exporting env vars: AIRFLOW_CTX_DAG_OWNER='your_owner' AIRFLOW_CTX_DAG_ID='upload_local_to_gcs_python' AIRFLOW_CTX_TASK_ID='upload_file' AIRFLOW_CTX_EXECUTION_DATE='2023-12-03T21:23:22.768373+00:00' AIRFLOW_CTX_TRY_NUMBER='1' AIRFLOW_CTX_DAG_RUN_ID='manual__2023-12-03T21:23:22.768373+00:00'
[2023-12-03T21:32:58.033+0000] {taskinstance.py:1937} ERROR - Task failed with exception
Traceback (most recent call last):
  File "/home/airflow/.local/lib/python3.8/site-packages/airflow/providers/google/cloud/transfers/local_to_gcs.py", line 90, in execute
    hook = GCSHook(
  File "/home/airflow/.local/lib/python3.8/site-packages/airflow/providers/google/cloud/hooks/gcs.py", line 164, in __init__
    super().__init__(
  File "/home/airflow/.local/lib/python3.8/site-packages/airflow/providers/google/common/hooks/base_google.py", line 242, in __init__
    self.extras: dict = self.get_connection(self.gcp_conn_id).extra_dejson
  File "/home/airflow/.local/lib/python3.8/site-packages/airflow/hooks/base.py", line 72, in get_connection
    conn = Connection.get_connection_from_secrets(conn_id)
  File "/home/airflow/.local/lib/python3.8/site-packages/airflow/models/connection.py", line 477, in get_connection_from_secrets
    raise AirflowNotFoundException(f"The conn_id `{conn_id}` isn't defined")
airflow.exceptions.AirflowNotFoundException: The conn_id `google_cloud_default` isn't defined
[2023-12-03T21:32:58.050+0000] {taskinstance.py:1400} INFO - Marking task as UP_FOR_RETRY. dag_id=upload_local_to_gcs_python, task_id=upload_file, execution_date=20231203T212322, start_date=20231203T213257, end_date=20231203T213258
[2023-12-03T21:32:58.072+0000] {standard_task_runner.py:104} ERROR - Failed to execute job 10 for task upload_file (The conn_id `google_cloud_default` isn't defined; 181)
[2023-12-03T21:32:58.094+0000] {local_task_job_runner.py:228} INFO - Task exited with return code 1
[2023-12-03T21:32:58.134+0000] {taskinstance.py:2778} INFO - 0 downstream tasks scheduled from follow-on schedule check
