[2024-01-17T12:43:31.543+0000] {taskinstance.py:1957} INFO - Dependencies all met for dep_context=non-requeueable deps ti=<TaskInstance: sql_example.create_update_dim_order_details manual__2024-01-17T12:43:20.793416+00:00 [queued]>
[2024-01-17T12:43:31.551+0000] {taskinstance.py:1957} INFO - Dependencies all met for dep_context=requeueable deps ti=<TaskInstance: sql_example.create_update_dim_order_details manual__2024-01-17T12:43:20.793416+00:00 [queued]>
[2024-01-17T12:43:31.552+0000] {taskinstance.py:2171} INFO - Starting attempt 1 of 0
[2024-01-17T12:43:31.572+0000] {taskinstance.py:2192} INFO - Executing <Task(BigQueryExecuteQueryOperator): create_update_dim_order_details> on 2024-01-17 12:43:20.793416+00:00
[2024-01-17T12:43:31.598+0000] {standard_task_runner.py:60} INFO - Started process 1494 to run task
[2024-01-17T12:43:31.615+0000] {standard_task_runner.py:87} INFO - Running: ['***', 'tasks', 'run', 'sql_example', 'create_update_dim_order_details', 'manual__2024-01-17T12:43:20.793416+00:00', '--job-id', '19', '--raw', '--subdir', 'DAGS_FOLDER/data_transform_BQ.py', '--cfg-path', '/tmp/tmpzdiuy1qx']
[2024-01-17T12:43:31.641+0000] {standard_task_runner.py:88} INFO - Job 19: Subtask create_update_dim_order_details
[2024-01-17T12:43:31.786+0000] {task_command.py:423} INFO - Running <TaskInstance: sql_example.create_update_dim_order_details manual__2024-01-17T12:43:20.793416+00:00 [running]> on host fafdf46f827b
[2024-01-17T12:43:31.930+0000] {taskinstance.py:2481} INFO - Exporting env vars: AIRFLOW_CTX_DAG_OWNER='phungquan' AIRFLOW_CTX_DAG_ID='sql_example' AIRFLOW_CTX_TASK_ID='create_update_dim_order_details' AIRFLOW_CTX_EXECUTION_DATE='2024-01-17T12:43:20.793416+00:00' AIRFLOW_CTX_TRY_NUMBER='1' AIRFLOW_CTX_DAG_RUN_ID='manual__2024-01-17T12:43:20.793416+00:00'
[2024-01-17T12:43:31.933+0000] {bigquery.py:1245} INFO - Executing: CREATE OR REPLACE TABLE 
  `OLAP.Dim_Order_details` AS
SELECT
  *
FROM
  `OLTP.Order_details`
[2024-01-17T12:43:31.945+0000] {connection.py:234} WARNING - Connection schemes (type: google_cloud_platform) shall not contain '_' according to RFC3986.
[2024-01-17T12:43:31.946+0000] {base.py:83} INFO - Using connection ID 'google_cloud_default' for task execution.
[2024-01-17T12:43:31.954+0000] {logging_mixin.py:188} WARNING - /home/***/.local/lib/python3.8/site-packages/***/providers/google/cloud/hooks/bigquery.py:2109 AirflowProviderDeprecationWarning: This method is deprecated. Please use `BigQueryHook.insert_job` method.
[2024-01-17T12:43:31.955+0000] {credentials_provider.py:353} INFO - Getting connection using `google.auth.default()` since no explicit credentials are provided.
[2024-01-17T12:43:32.135+0000] {bigquery.py:1596} INFO - Inserting job ***_1705495412125644_63dbc6002ff72cb1139b1c8fbda4d045
[2024-01-17T12:43:35.164+0000] {taskinstance.py:1138} INFO - Marking task as SUCCESS. dag_id=sql_example, task_id=create_update_dim_order_details, execution_date=20240117T124320, start_date=20240117T124331, end_date=20240117T124335
[2024-01-17T12:43:35.231+0000] {local_task_job_runner.py:234} INFO - Task exited with return code 0
[2024-01-17T12:43:35.326+0000] {taskinstance.py:3281} INFO - 0 downstream tasks scheduled from follow-on schedule check
