[2024-01-29T01:03:26.158+0000] {processor.py:161} INFO - Started process (PID=169) to work on /opt/airflow/dags/data_transform_BQ.py
[2024-01-29T01:03:26.349+0000] {processor.py:830} INFO - Processing file /opt/airflow/dags/data_transform_BQ.py for tasks to queue
[2024-01-29T01:03:26.554+0000] {logging_mixin.py:188} INFO - [2024-01-29T01:03:26.538+0000] {dagbag.py:538} INFO - Filling up the DagBag from /opt/airflow/dags/data_transform_BQ.py
[2024-01-29T01:03:28.887+0000] {processor.py:840} INFO - DAG(s) 'OLTP_to_OLAP' retrieved from /opt/airflow/dags/data_transform_BQ.py
[2024-01-29T01:03:28.967+0000] {logging_mixin.py:188} INFO - [2024-01-29T01:03:28.967+0000] {dag.py:3033} INFO - Sync 1 DAGs
[2024-01-29T01:03:28.987+0000] {logging_mixin.py:188} INFO - [2024-01-29T01:03:28.986+0000] {dag.py:3820} INFO - Setting next_dagrun for OLTP_to_OLAP to None, run_after=None
[2024-01-29T01:03:29.037+0000] {processor.py:183} INFO - Processing /opt/airflow/dags/data_transform_BQ.py took 2.892 seconds
[2024-01-29T01:03:59.935+0000] {processor.py:161} INFO - Started process (PID=227) to work on /opt/airflow/dags/data_transform_BQ.py
[2024-01-29T01:03:59.937+0000] {processor.py:830} INFO - Processing file /opt/airflow/dags/data_transform_BQ.py for tasks to queue
[2024-01-29T01:03:59.941+0000] {logging_mixin.py:188} INFO - [2024-01-29T01:03:59.940+0000] {dagbag.py:538} INFO - Filling up the DagBag from /opt/airflow/dags/data_transform_BQ.py
[2024-01-29T01:04:00.749+0000] {processor.py:840} INFO - DAG(s) 'OLTP_to_OLAP' retrieved from /opt/airflow/dags/data_transform_BQ.py
[2024-01-29T01:04:00.786+0000] {logging_mixin.py:188} INFO - [2024-01-29T01:04:00.786+0000] {dag.py:3033} INFO - Sync 1 DAGs
[2024-01-29T01:04:00.796+0000] {logging_mixin.py:188} INFO - [2024-01-29T01:04:00.796+0000] {dag.py:3820} INFO - Setting next_dagrun for OLTP_to_OLAP to None, run_after=None
[2024-01-29T01:04:00.810+0000] {processor.py:183} INFO - Processing /opt/airflow/dags/data_transform_BQ.py took 0.882 seconds
[2024-01-29T01:04:31.498+0000] {processor.py:161} INFO - Started process (PID=265) to work on /opt/airflow/dags/data_transform_BQ.py
[2024-01-29T01:04:31.499+0000] {processor.py:830} INFO - Processing file /opt/airflow/dags/data_transform_BQ.py for tasks to queue
[2024-01-29T01:04:31.503+0000] {logging_mixin.py:188} INFO - [2024-01-29T01:04:31.503+0000] {dagbag.py:538} INFO - Filling up the DagBag from /opt/airflow/dags/data_transform_BQ.py
[2024-01-29T01:04:32.324+0000] {processor.py:840} INFO - DAG(s) 'OLTP_to_OLAP' retrieved from /opt/airflow/dags/data_transform_BQ.py
[2024-01-29T01:04:32.371+0000] {logging_mixin.py:188} INFO - [2024-01-29T01:04:32.371+0000] {dag.py:3033} INFO - Sync 1 DAGs
[2024-01-29T01:04:32.384+0000] {logging_mixin.py:188} INFO - [2024-01-29T01:04:32.384+0000] {dag.py:3820} INFO - Setting next_dagrun for OLTP_to_OLAP to None, run_after=None
[2024-01-29T01:04:32.399+0000] {processor.py:183} INFO - Processing /opt/airflow/dags/data_transform_BQ.py took 0.907 seconds
[2024-01-29T01:05:03.114+0000] {processor.py:161} INFO - Started process (PID=303) to work on /opt/airflow/dags/data_transform_BQ.py
[2024-01-29T01:05:03.117+0000] {processor.py:830} INFO - Processing file /opt/airflow/dags/data_transform_BQ.py for tasks to queue
[2024-01-29T01:05:03.138+0000] {logging_mixin.py:188} INFO - [2024-01-29T01:05:03.137+0000] {dagbag.py:538} INFO - Filling up the DagBag from /opt/airflow/dags/data_transform_BQ.py
[2024-01-29T01:05:04.372+0000] {processor.py:840} INFO - DAG(s) 'OLTP_to_OLAP' retrieved from /opt/airflow/dags/data_transform_BQ.py
[2024-01-29T01:05:04.406+0000] {logging_mixin.py:188} INFO - [2024-01-29T01:05:04.406+0000] {dag.py:3033} INFO - Sync 1 DAGs
[2024-01-29T01:05:04.417+0000] {logging_mixin.py:188} INFO - [2024-01-29T01:05:04.417+0000] {dag.py:3820} INFO - Setting next_dagrun for OLTP_to_OLAP to None, run_after=None
[2024-01-29T01:05:04.432+0000] {processor.py:183} INFO - Processing /opt/airflow/dags/data_transform_BQ.py took 1.327 seconds
[2024-01-29T01:05:34.751+0000] {processor.py:161} INFO - Started process (PID=341) to work on /opt/airflow/dags/data_transform_BQ.py
[2024-01-29T01:05:34.754+0000] {processor.py:830} INFO - Processing file /opt/airflow/dags/data_transform_BQ.py for tasks to queue
[2024-01-29T01:05:34.760+0000] {logging_mixin.py:188} INFO - [2024-01-29T01:05:34.760+0000] {dagbag.py:538} INFO - Filling up the DagBag from /opt/airflow/dags/data_transform_BQ.py
[2024-01-29T01:05:35.541+0000] {processor.py:840} INFO - DAG(s) 'OLTP_to_OLAP' retrieved from /opt/airflow/dags/data_transform_BQ.py
[2024-01-29T01:05:35.562+0000] {logging_mixin.py:188} INFO - [2024-01-29T01:05:35.561+0000] {dag.py:3033} INFO - Sync 1 DAGs
[2024-01-29T01:05:35.570+0000] {logging_mixin.py:188} INFO - [2024-01-29T01:05:35.570+0000] {dag.py:3820} INFO - Setting next_dagrun for OLTP_to_OLAP to None, run_after=None
[2024-01-29T01:05:35.583+0000] {processor.py:183} INFO - Processing /opt/airflow/dags/data_transform_BQ.py took 0.849 seconds
[2024-01-29T01:06:06.352+0000] {processor.py:161} INFO - Started process (PID=379) to work on /opt/airflow/dags/data_transform_BQ.py
[2024-01-29T01:06:06.354+0000] {processor.py:830} INFO - Processing file /opt/airflow/dags/data_transform_BQ.py for tasks to queue
[2024-01-29T01:06:06.360+0000] {logging_mixin.py:188} INFO - [2024-01-29T01:06:06.359+0000] {dagbag.py:538} INFO - Filling up the DagBag from /opt/airflow/dags/data_transform_BQ.py
[2024-01-29T01:06:07.161+0000] {processor.py:840} INFO - DAG(s) 'OLTP_to_OLAP' retrieved from /opt/airflow/dags/data_transform_BQ.py
[2024-01-29T01:06:07.189+0000] {logging_mixin.py:188} INFO - [2024-01-29T01:06:07.188+0000] {dag.py:3033} INFO - Sync 1 DAGs
[2024-01-29T01:06:07.199+0000] {logging_mixin.py:188} INFO - [2024-01-29T01:06:07.198+0000] {dag.py:3820} INFO - Setting next_dagrun for OLTP_to_OLAP to None, run_after=None
[2024-01-29T01:06:07.211+0000] {processor.py:183} INFO - Processing /opt/airflow/dags/data_transform_BQ.py took 0.868 seconds
[2024-01-29T01:06:37.952+0000] {processor.py:161} INFO - Started process (PID=417) to work on /opt/airflow/dags/data_transform_BQ.py
[2024-01-29T01:06:37.954+0000] {processor.py:830} INFO - Processing file /opt/airflow/dags/data_transform_BQ.py for tasks to queue
[2024-01-29T01:06:37.959+0000] {logging_mixin.py:188} INFO - [2024-01-29T01:06:37.958+0000] {dagbag.py:538} INFO - Filling up the DagBag from /opt/airflow/dags/data_transform_BQ.py
[2024-01-29T01:06:38.657+0000] {processor.py:840} INFO - DAG(s) 'OLTP_to_OLAP' retrieved from /opt/airflow/dags/data_transform_BQ.py
[2024-01-29T01:06:38.696+0000] {logging_mixin.py:188} INFO - [2024-01-29T01:06:38.695+0000] {dag.py:3033} INFO - Sync 1 DAGs
[2024-01-29T01:06:38.704+0000] {logging_mixin.py:188} INFO - [2024-01-29T01:06:38.704+0000] {dag.py:3820} INFO - Setting next_dagrun for OLTP_to_OLAP to None, run_after=None
[2024-01-29T01:06:38.716+0000] {processor.py:183} INFO - Processing /opt/airflow/dags/data_transform_BQ.py took 0.770 seconds
[2024-01-29T01:07:09.421+0000] {processor.py:161} INFO - Started process (PID=455) to work on /opt/airflow/dags/data_transform_BQ.py
[2024-01-29T01:07:09.423+0000] {processor.py:830} INFO - Processing file /opt/airflow/dags/data_transform_BQ.py for tasks to queue
[2024-01-29T01:07:09.427+0000] {logging_mixin.py:188} INFO - [2024-01-29T01:07:09.427+0000] {dagbag.py:538} INFO - Filling up the DagBag from /opt/airflow/dags/data_transform_BQ.py
[2024-01-29T01:07:10.230+0000] {processor.py:840} INFO - DAG(s) 'OLTP_to_OLAP' retrieved from /opt/airflow/dags/data_transform_BQ.py
[2024-01-29T01:07:10.265+0000] {logging_mixin.py:188} INFO - [2024-01-29T01:07:10.265+0000] {dag.py:3033} INFO - Sync 1 DAGs
[2024-01-29T01:07:10.274+0000] {logging_mixin.py:188} INFO - [2024-01-29T01:07:10.274+0000] {dag.py:3820} INFO - Setting next_dagrun for OLTP_to_OLAP to None, run_after=None
[2024-01-29T01:07:10.289+0000] {processor.py:183} INFO - Processing /opt/airflow/dags/data_transform_BQ.py took 0.873 seconds
[2024-01-29T01:07:40.969+0000] {processor.py:161} INFO - Started process (PID=493) to work on /opt/airflow/dags/data_transform_BQ.py
[2024-01-29T01:07:40.972+0000] {processor.py:830} INFO - Processing file /opt/airflow/dags/data_transform_BQ.py for tasks to queue
[2024-01-29T01:07:40.978+0000] {logging_mixin.py:188} INFO - [2024-01-29T01:07:40.977+0000] {dagbag.py:538} INFO - Filling up the DagBag from /opt/airflow/dags/data_transform_BQ.py
[2024-01-29T01:07:41.774+0000] {processor.py:840} INFO - DAG(s) 'OLTP_to_OLAP' retrieved from /opt/airflow/dags/data_transform_BQ.py
[2024-01-29T01:07:41.814+0000] {logging_mixin.py:188} INFO - [2024-01-29T01:07:41.814+0000] {dag.py:3033} INFO - Sync 1 DAGs
[2024-01-29T01:07:41.823+0000] {logging_mixin.py:188} INFO - [2024-01-29T01:07:41.823+0000] {dag.py:3820} INFO - Setting next_dagrun for OLTP_to_OLAP to None, run_after=None
[2024-01-29T01:07:41.837+0000] {processor.py:183} INFO - Processing /opt/airflow/dags/data_transform_BQ.py took 0.875 seconds
[2024-01-29T01:08:12.696+0000] {processor.py:161} INFO - Started process (PID=531) to work on /opt/airflow/dags/data_transform_BQ.py
[2024-01-29T01:08:12.698+0000] {processor.py:830} INFO - Processing file /opt/airflow/dags/data_transform_BQ.py for tasks to queue
[2024-01-29T01:08:12.703+0000] {logging_mixin.py:188} INFO - [2024-01-29T01:08:12.702+0000] {dagbag.py:538} INFO - Filling up the DagBag from /opt/airflow/dags/data_transform_BQ.py
[2024-01-29T01:08:13.692+0000] {processor.py:840} INFO - DAG(s) 'OLTP_to_OLAP' retrieved from /opt/airflow/dags/data_transform_BQ.py
[2024-01-29T01:08:13.724+0000] {logging_mixin.py:188} INFO - [2024-01-29T01:08:13.723+0000] {dag.py:3033} INFO - Sync 1 DAGs
[2024-01-29T01:08:13.737+0000] {logging_mixin.py:188} INFO - [2024-01-29T01:08:13.737+0000] {dag.py:3820} INFO - Setting next_dagrun for OLTP_to_OLAP to None, run_after=None
[2024-01-29T01:08:13.753+0000] {processor.py:183} INFO - Processing /opt/airflow/dags/data_transform_BQ.py took 1.063 seconds
[2024-01-29T01:08:44.770+0000] {processor.py:161} INFO - Started process (PID=611) to work on /opt/airflow/dags/data_transform_BQ.py
[2024-01-29T01:08:44.772+0000] {processor.py:830} INFO - Processing file /opt/airflow/dags/data_transform_BQ.py for tasks to queue
[2024-01-29T01:08:44.779+0000] {logging_mixin.py:188} INFO - [2024-01-29T01:08:44.778+0000] {dagbag.py:538} INFO - Filling up the DagBag from /opt/airflow/dags/data_transform_BQ.py
[2024-01-29T01:08:45.926+0000] {processor.py:840} INFO - DAG(s) 'OLTP_to_OLAP' retrieved from /opt/airflow/dags/data_transform_BQ.py
[2024-01-29T01:08:45.966+0000] {logging_mixin.py:188} INFO - [2024-01-29T01:08:45.966+0000] {dag.py:3033} INFO - Sync 1 DAGs
[2024-01-29T01:08:45.979+0000] {logging_mixin.py:188} INFO - [2024-01-29T01:08:45.978+0000] {dag.py:3820} INFO - Setting next_dagrun for OLTP_to_OLAP to None, run_after=None
[2024-01-29T01:08:45.997+0000] {processor.py:183} INFO - Processing /opt/airflow/dags/data_transform_BQ.py took 1.240 seconds
[2024-01-29T01:09:16.416+0000] {processor.py:161} INFO - Started process (PID=661) to work on /opt/airflow/dags/data_transform_BQ.py
[2024-01-29T01:09:16.418+0000] {processor.py:830} INFO - Processing file /opt/airflow/dags/data_transform_BQ.py for tasks to queue
[2024-01-29T01:09:16.423+0000] {logging_mixin.py:188} INFO - [2024-01-29T01:09:16.423+0000] {dagbag.py:538} INFO - Filling up the DagBag from /opt/airflow/dags/data_transform_BQ.py
[2024-01-29T01:09:17.239+0000] {processor.py:840} INFO - DAG(s) 'OLTP_to_OLAP' retrieved from /opt/airflow/dags/data_transform_BQ.py
[2024-01-29T01:09:17.261+0000] {logging_mixin.py:188} INFO - [2024-01-29T01:09:17.260+0000] {dag.py:3033} INFO - Sync 1 DAGs
[2024-01-29T01:09:17.270+0000] {logging_mixin.py:188} INFO - [2024-01-29T01:09:17.269+0000] {dag.py:3820} INFO - Setting next_dagrun for OLTP_to_OLAP to None, run_after=None
[2024-01-29T01:09:17.283+0000] {processor.py:183} INFO - Processing /opt/airflow/dags/data_transform_BQ.py took 0.875 seconds
[2024-01-29T01:09:47.809+0000] {processor.py:161} INFO - Started process (PID=711) to work on /opt/airflow/dags/data_transform_BQ.py
[2024-01-29T01:09:47.811+0000] {processor.py:830} INFO - Processing file /opt/airflow/dags/data_transform_BQ.py for tasks to queue
[2024-01-29T01:09:47.818+0000] {logging_mixin.py:188} INFO - [2024-01-29T01:09:47.817+0000] {dagbag.py:538} INFO - Filling up the DagBag from /opt/airflow/dags/data_transform_BQ.py
[2024-01-29T01:09:48.597+0000] {processor.py:840} INFO - DAG(s) 'OLTP_to_OLAP' retrieved from /opt/airflow/dags/data_transform_BQ.py
[2024-01-29T01:09:48.618+0000] {logging_mixin.py:188} INFO - [2024-01-29T01:09:48.618+0000] {dag.py:3033} INFO - Sync 1 DAGs
[2024-01-29T01:09:48.626+0000] {logging_mixin.py:188} INFO - [2024-01-29T01:09:48.626+0000] {dag.py:3820} INFO - Setting next_dagrun for OLTP_to_OLAP to None, run_after=None
[2024-01-29T01:09:48.639+0000] {processor.py:183} INFO - Processing /opt/airflow/dags/data_transform_BQ.py took 0.848 seconds
[2024-01-29T01:10:19.196+0000] {processor.py:161} INFO - Started process (PID=761) to work on /opt/airflow/dags/data_transform_BQ.py
[2024-01-29T01:10:19.199+0000] {processor.py:830} INFO - Processing file /opt/airflow/dags/data_transform_BQ.py for tasks to queue
[2024-01-29T01:10:19.205+0000] {logging_mixin.py:188} INFO - [2024-01-29T01:10:19.204+0000] {dagbag.py:538} INFO - Filling up the DagBag from /opt/airflow/dags/data_transform_BQ.py
[2024-01-29T01:10:19.989+0000] {processor.py:840} INFO - DAG(s) 'OLTP_to_OLAP' retrieved from /opt/airflow/dags/data_transform_BQ.py
[2024-01-29T01:10:20.020+0000] {logging_mixin.py:188} INFO - [2024-01-29T01:10:20.020+0000] {dag.py:3033} INFO - Sync 1 DAGs
[2024-01-29T01:10:20.030+0000] {logging_mixin.py:188} INFO - [2024-01-29T01:10:20.030+0000] {dag.py:3820} INFO - Setting next_dagrun for OLTP_to_OLAP to None, run_after=None
[2024-01-29T01:10:20.043+0000] {processor.py:183} INFO - Processing /opt/airflow/dags/data_transform_BQ.py took 0.855 seconds
[2024-01-29T01:10:50.705+0000] {processor.py:161} INFO - Started process (PID=811) to work on /opt/airflow/dags/data_transform_BQ.py
[2024-01-29T01:10:50.708+0000] {processor.py:830} INFO - Processing file /opt/airflow/dags/data_transform_BQ.py for tasks to queue
[2024-01-29T01:10:50.709+0000] {logging_mixin.py:188} INFO - [2024-01-29T01:10:50.708+0000] {dagbag.py:538} INFO - Filling up the DagBag from /opt/airflow/dags/data_transform_BQ.py
[2024-01-29T01:10:51.754+0000] {processor.py:840} INFO - DAG(s) 'OLTP_to_OLAP' retrieved from /opt/airflow/dags/data_transform_BQ.py
[2024-01-29T01:10:51.801+0000] {logging_mixin.py:188} INFO - [2024-01-29T01:10:51.801+0000] {dag.py:3033} INFO - Sync 1 DAGs
[2024-01-29T01:10:51.812+0000] {logging_mixin.py:188} INFO - [2024-01-29T01:10:51.812+0000] {dag.py:3820} INFO - Setting next_dagrun for OLTP_to_OLAP to None, run_after=None
[2024-01-29T01:10:51.825+0000] {processor.py:183} INFO - Processing /opt/airflow/dags/data_transform_BQ.py took 1.125 seconds
[2024-01-29T01:11:22.150+0000] {processor.py:161} INFO - Started process (PID=861) to work on /opt/airflow/dags/data_transform_BQ.py
[2024-01-29T01:11:22.152+0000] {processor.py:830} INFO - Processing file /opt/airflow/dags/data_transform_BQ.py for tasks to queue
[2024-01-29T01:11:22.153+0000] {logging_mixin.py:188} INFO - [2024-01-29T01:11:22.153+0000] {dagbag.py:538} INFO - Filling up the DagBag from /opt/airflow/dags/data_transform_BQ.py
[2024-01-29T01:11:22.838+0000] {processor.py:840} INFO - DAG(s) 'OLTP_to_OLAP' retrieved from /opt/airflow/dags/data_transform_BQ.py
[2024-01-29T01:11:22.859+0000] {logging_mixin.py:188} INFO - [2024-01-29T01:11:22.859+0000] {dag.py:3033} INFO - Sync 1 DAGs
[2024-01-29T01:11:22.868+0000] {logging_mixin.py:188} INFO - [2024-01-29T01:11:22.867+0000] {dag.py:3820} INFO - Setting next_dagrun for OLTP_to_OLAP to None, run_after=None
[2024-01-29T01:11:22.880+0000] {processor.py:183} INFO - Processing /opt/airflow/dags/data_transform_BQ.py took 0.734 seconds
[2024-01-29T01:11:53.488+0000] {processor.py:161} INFO - Started process (PID=923) to work on /opt/airflow/dags/data_transform_BQ.py
[2024-01-29T01:11:53.489+0000] {processor.py:830} INFO - Processing file /opt/airflow/dags/data_transform_BQ.py for tasks to queue
[2024-01-29T01:11:53.491+0000] {logging_mixin.py:188} INFO - [2024-01-29T01:11:53.490+0000] {dagbag.py:538} INFO - Filling up the DagBag from /opt/airflow/dags/data_transform_BQ.py
[2024-01-29T01:11:54.224+0000] {processor.py:840} INFO - DAG(s) 'OLTP_to_OLAP' retrieved from /opt/airflow/dags/data_transform_BQ.py
[2024-01-29T01:11:54.249+0000] {logging_mixin.py:188} INFO - [2024-01-29T01:11:54.248+0000] {dag.py:3033} INFO - Sync 1 DAGs
[2024-01-29T01:11:54.257+0000] {logging_mixin.py:188} INFO - [2024-01-29T01:11:54.257+0000] {dag.py:3820} INFO - Setting next_dagrun for OLTP_to_OLAP to None, run_after=None
[2024-01-29T01:11:54.270+0000] {processor.py:183} INFO - Processing /opt/airflow/dags/data_transform_BQ.py took 0.788 seconds
[2024-01-29T01:12:24.938+0000] {processor.py:161} INFO - Started process (PID=997) to work on /opt/airflow/dags/data_transform_BQ.py
[2024-01-29T01:12:24.939+0000] {processor.py:830} INFO - Processing file /opt/airflow/dags/data_transform_BQ.py for tasks to queue
[2024-01-29T01:12:24.941+0000] {logging_mixin.py:188} INFO - [2024-01-29T01:12:24.940+0000] {dagbag.py:538} INFO - Filling up the DagBag from /opt/airflow/dags/data_transform_BQ.py
[2024-01-29T01:12:25.767+0000] {processor.py:840} INFO - DAG(s) 'OLTP_to_OLAP' retrieved from /opt/airflow/dags/data_transform_BQ.py
[2024-01-29T01:12:25.797+0000] {logging_mixin.py:188} INFO - [2024-01-29T01:12:25.797+0000] {dag.py:3033} INFO - Sync 1 DAGs
[2024-01-29T01:12:25.809+0000] {logging_mixin.py:188} INFO - [2024-01-29T01:12:25.809+0000] {dag.py:3820} INFO - Setting next_dagrun for OLTP_to_OLAP to None, run_after=None
[2024-01-29T01:12:25.823+0000] {processor.py:183} INFO - Processing /opt/airflow/dags/data_transform_BQ.py took 0.892 seconds
[2024-01-29T01:12:56.905+0000] {processor.py:161} INFO - Started process (PID=1047) to work on /opt/airflow/dags/data_transform_BQ.py
[2024-01-29T01:12:56.908+0000] {processor.py:830} INFO - Processing file /opt/airflow/dags/data_transform_BQ.py for tasks to queue
[2024-01-29T01:12:56.909+0000] {logging_mixin.py:188} INFO - [2024-01-29T01:12:56.908+0000] {dagbag.py:538} INFO - Filling up the DagBag from /opt/airflow/dags/data_transform_BQ.py
[2024-01-29T01:12:57.676+0000] {processor.py:840} INFO - DAG(s) 'OLTP_to_OLAP' retrieved from /opt/airflow/dags/data_transform_BQ.py
[2024-01-29T01:12:57.699+0000] {logging_mixin.py:188} INFO - [2024-01-29T01:12:57.699+0000] {dag.py:3033} INFO - Sync 1 DAGs
[2024-01-29T01:12:57.708+0000] {logging_mixin.py:188} INFO - [2024-01-29T01:12:57.707+0000] {dag.py:3820} INFO - Setting next_dagrun for OLTP_to_OLAP to None, run_after=None
[2024-01-29T01:12:57.720+0000] {processor.py:183} INFO - Processing /opt/airflow/dags/data_transform_BQ.py took 0.821 seconds
[2024-01-29T01:13:28.369+0000] {processor.py:161} INFO - Started process (PID=1097) to work on /opt/airflow/dags/data_transform_BQ.py
[2024-01-29T01:13:28.371+0000] {processor.py:830} INFO - Processing file /opt/airflow/dags/data_transform_BQ.py for tasks to queue
[2024-01-29T01:13:28.372+0000] {logging_mixin.py:188} INFO - [2024-01-29T01:13:28.372+0000] {dagbag.py:538} INFO - Filling up the DagBag from /opt/airflow/dags/data_transform_BQ.py
[2024-01-29T01:13:29.040+0000] {processor.py:840} INFO - DAG(s) 'OLTP_to_OLAP' retrieved from /opt/airflow/dags/data_transform_BQ.py
[2024-01-29T01:13:29.066+0000] {logging_mixin.py:188} INFO - [2024-01-29T01:13:29.065+0000] {dag.py:3033} INFO - Sync 1 DAGs
[2024-01-29T01:13:29.074+0000] {logging_mixin.py:188} INFO - [2024-01-29T01:13:29.074+0000] {dag.py:3820} INFO - Setting next_dagrun for OLTP_to_OLAP to None, run_after=None
[2024-01-29T01:13:29.086+0000] {processor.py:183} INFO - Processing /opt/airflow/dags/data_transform_BQ.py took 0.724 seconds
[2024-01-29T01:13:59.618+0000] {processor.py:161} INFO - Started process (PID=1147) to work on /opt/airflow/dags/data_transform_BQ.py
[2024-01-29T01:13:59.619+0000] {processor.py:830} INFO - Processing file /opt/airflow/dags/data_transform_BQ.py for tasks to queue
[2024-01-29T01:13:59.620+0000] {logging_mixin.py:188} INFO - [2024-01-29T01:13:59.620+0000] {dagbag.py:538} INFO - Filling up the DagBag from /opt/airflow/dags/data_transform_BQ.py
[2024-01-29T01:14:00.327+0000] {processor.py:840} INFO - DAG(s) 'OLTP_to_OLAP' retrieved from /opt/airflow/dags/data_transform_BQ.py
[2024-01-29T01:14:00.349+0000] {logging_mixin.py:188} INFO - [2024-01-29T01:14:00.348+0000] {dag.py:3033} INFO - Sync 1 DAGs
[2024-01-29T01:14:00.358+0000] {logging_mixin.py:188} INFO - [2024-01-29T01:14:00.358+0000] {dag.py:3820} INFO - Setting next_dagrun for OLTP_to_OLAP to None, run_after=None
[2024-01-29T01:14:00.378+0000] {processor.py:183} INFO - Processing /opt/airflow/dags/data_transform_BQ.py took 0.766 seconds
[2024-01-29T01:14:31.034+0000] {processor.py:161} INFO - Started process (PID=1197) to work on /opt/airflow/dags/data_transform_BQ.py
[2024-01-29T01:14:31.036+0000] {processor.py:830} INFO - Processing file /opt/airflow/dags/data_transform_BQ.py for tasks to queue
[2024-01-29T01:14:31.037+0000] {logging_mixin.py:188} INFO - [2024-01-29T01:14:31.036+0000] {dagbag.py:538} INFO - Filling up the DagBag from /opt/airflow/dags/data_transform_BQ.py
[2024-01-29T01:14:31.915+0000] {processor.py:840} INFO - DAG(s) 'OLTP_to_OLAP' retrieved from /opt/airflow/dags/data_transform_BQ.py
[2024-01-29T01:14:31.933+0000] {logging_mixin.py:188} INFO - [2024-01-29T01:14:31.933+0000] {dag.py:3033} INFO - Sync 1 DAGs
[2024-01-29T01:14:31.942+0000] {logging_mixin.py:188} INFO - [2024-01-29T01:14:31.942+0000] {dag.py:3820} INFO - Setting next_dagrun for OLTP_to_OLAP to None, run_after=None
[2024-01-29T01:14:31.953+0000] {processor.py:183} INFO - Processing /opt/airflow/dags/data_transform_BQ.py took 0.925 seconds
[2024-01-29T01:15:02.899+0000] {processor.py:161} INFO - Started process (PID=1259) to work on /opt/airflow/dags/data_transform_BQ.py
[2024-01-29T01:15:02.903+0000] {processor.py:830} INFO - Processing file /opt/airflow/dags/data_transform_BQ.py for tasks to queue
[2024-01-29T01:15:02.906+0000] {logging_mixin.py:188} INFO - [2024-01-29T01:15:02.905+0000] {dagbag.py:538} INFO - Filling up the DagBag from /opt/airflow/dags/data_transform_BQ.py
[2024-01-29T01:15:04.596+0000] {processor.py:840} INFO - DAG(s) 'OLTP_to_OLAP' retrieved from /opt/airflow/dags/data_transform_BQ.py
[2024-01-29T01:15:04.686+0000] {logging_mixin.py:188} INFO - [2024-01-29T01:15:04.686+0000] {dag.py:3033} INFO - Sync 1 DAGs
[2024-01-29T01:15:04.716+0000] {logging_mixin.py:188} INFO - [2024-01-29T01:15:04.715+0000] {dag.py:3820} INFO - Setting next_dagrun for OLTP_to_OLAP to None, run_after=None
[2024-01-29T01:15:04.758+0000] {processor.py:183} INFO - Processing /opt/airflow/dags/data_transform_BQ.py took 1.872 seconds
[2024-01-29T01:15:35.205+0000] {processor.py:161} INFO - Started process (PID=1321) to work on /opt/airflow/dags/data_transform_BQ.py
[2024-01-29T01:15:35.207+0000] {processor.py:830} INFO - Processing file /opt/airflow/dags/data_transform_BQ.py for tasks to queue
[2024-01-29T01:15:35.209+0000] {logging_mixin.py:188} INFO - [2024-01-29T01:15:35.208+0000] {dagbag.py:538} INFO - Filling up the DagBag from /opt/airflow/dags/data_transform_BQ.py
[2024-01-29T01:15:36.058+0000] {processor.py:840} INFO - DAG(s) 'OLTP_to_OLAP' retrieved from /opt/airflow/dags/data_transform_BQ.py
[2024-01-29T01:15:36.087+0000] {logging_mixin.py:188} INFO - [2024-01-29T01:15:36.086+0000] {dag.py:3033} INFO - Sync 1 DAGs
[2024-01-29T01:15:36.096+0000] {logging_mixin.py:188} INFO - [2024-01-29T01:15:36.096+0000] {dag.py:3820} INFO - Setting next_dagrun for OLTP_to_OLAP to None, run_after=None
[2024-01-29T01:15:36.108+0000] {processor.py:183} INFO - Processing /opt/airflow/dags/data_transform_BQ.py took 0.909 seconds
