[2024-01-29T01:03:26.571+0000] {processor.py:161} INFO - Started process (PID=172) to work on /opt/airflow/dags/GCS_to_BQ.py
[2024-01-29T01:03:26.582+0000] {processor.py:830} INFO - Processing file /opt/airflow/dags/GCS_to_BQ.py for tasks to queue
[2024-01-29T01:03:26.597+0000] {logging_mixin.py:188} INFO - [2024-01-29T01:03:26.595+0000] {dagbag.py:538} INFO - Filling up the DagBag from /opt/airflow/dags/GCS_to_BQ.py
[2024-01-29T01:03:26.643+0000] {processor.py:842} WARNING - No viable dags retrieved from /opt/airflow/dags/GCS_to_BQ.py
[2024-01-29T01:03:26.798+0000] {processor.py:183} INFO - Processing /opt/airflow/dags/GCS_to_BQ.py took 0.246 seconds
[2024-01-29T01:03:57.710+0000] {processor.py:161} INFO - Started process (PID=207) to work on /opt/airflow/dags/GCS_to_BQ.py
[2024-01-29T01:03:57.712+0000] {processor.py:830} INFO - Processing file /opt/airflow/dags/GCS_to_BQ.py for tasks to queue
[2024-01-29T01:03:57.717+0000] {logging_mixin.py:188} INFO - [2024-01-29T01:03:57.716+0000] {dagbag.py:538} INFO - Filling up the DagBag from /opt/airflow/dags/GCS_to_BQ.py
[2024-01-29T01:03:57.732+0000] {processor.py:842} WARNING - No viable dags retrieved from /opt/airflow/dags/GCS_to_BQ.py
[2024-01-29T01:03:57.761+0000] {processor.py:183} INFO - Processing /opt/airflow/dags/GCS_to_BQ.py took 0.058 seconds
[2024-01-29T01:04:28.286+0000] {processor.py:161} INFO - Started process (PID=245) to work on /opt/airflow/dags/GCS_to_BQ.py
[2024-01-29T01:04:28.289+0000] {processor.py:830} INFO - Processing file /opt/airflow/dags/GCS_to_BQ.py for tasks to queue
[2024-01-29T01:04:28.295+0000] {logging_mixin.py:188} INFO - [2024-01-29T01:04:28.295+0000] {dagbag.py:538} INFO - Filling up the DagBag from /opt/airflow/dags/GCS_to_BQ.py
[2024-01-29T01:04:28.303+0000] {processor.py:842} WARNING - No viable dags retrieved from /opt/airflow/dags/GCS_to_BQ.py
[2024-01-29T01:04:28.329+0000] {processor.py:183} INFO - Processing /opt/airflow/dags/GCS_to_BQ.py took 0.059 seconds
[2024-01-29T01:04:58.880+0000] {processor.py:161} INFO - Started process (PID=283) to work on /opt/airflow/dags/GCS_to_BQ.py
[2024-01-29T01:04:58.882+0000] {processor.py:830} INFO - Processing file /opt/airflow/dags/GCS_to_BQ.py for tasks to queue
[2024-01-29T01:04:58.887+0000] {logging_mixin.py:188} INFO - [2024-01-29T01:04:58.886+0000] {dagbag.py:538} INFO - Filling up the DagBag from /opt/airflow/dags/GCS_to_BQ.py
[2024-01-29T01:04:58.893+0000] {processor.py:842} WARNING - No viable dags retrieved from /opt/airflow/dags/GCS_to_BQ.py
[2024-01-29T01:04:58.916+0000] {processor.py:183} INFO - Processing /opt/airflow/dags/GCS_to_BQ.py took 0.044 seconds
[2024-01-29T01:05:29.508+0000] {processor.py:161} INFO - Started process (PID=321) to work on /opt/airflow/dags/GCS_to_BQ.py
[2024-01-29T01:05:29.510+0000] {processor.py:830} INFO - Processing file /opt/airflow/dags/GCS_to_BQ.py for tasks to queue
[2024-01-29T01:05:29.515+0000] {logging_mixin.py:188} INFO - [2024-01-29T01:05:29.515+0000] {dagbag.py:538} INFO - Filling up the DagBag from /opt/airflow/dags/GCS_to_BQ.py
[2024-01-29T01:05:29.522+0000] {processor.py:842} WARNING - No viable dags retrieved from /opt/airflow/dags/GCS_to_BQ.py
[2024-01-29T01:05:29.555+0000] {processor.py:183} INFO - Processing /opt/airflow/dags/GCS_to_BQ.py took 0.054 seconds
[2024-01-29T01:06:00.062+0000] {processor.py:161} INFO - Started process (PID=359) to work on /opt/airflow/dags/GCS_to_BQ.py
[2024-01-29T01:06:00.066+0000] {processor.py:830} INFO - Processing file /opt/airflow/dags/GCS_to_BQ.py for tasks to queue
[2024-01-29T01:06:00.071+0000] {logging_mixin.py:188} INFO - [2024-01-29T01:06:00.071+0000] {dagbag.py:538} INFO - Filling up the DagBag from /opt/airflow/dags/GCS_to_BQ.py
[2024-01-29T01:06:00.079+0000] {processor.py:842} WARNING - No viable dags retrieved from /opt/airflow/dags/GCS_to_BQ.py
[2024-01-29T01:06:00.101+0000] {processor.py:183} INFO - Processing /opt/airflow/dags/GCS_to_BQ.py took 0.062 seconds
[2024-01-29T01:06:30.607+0000] {processor.py:161} INFO - Started process (PID=397) to work on /opt/airflow/dags/GCS_to_BQ.py
[2024-01-29T01:06:30.609+0000] {processor.py:830} INFO - Processing file /opt/airflow/dags/GCS_to_BQ.py for tasks to queue
[2024-01-29T01:06:30.623+0000] {logging_mixin.py:188} INFO - [2024-01-29T01:06:30.618+0000] {dagbag.py:538} INFO - Filling up the DagBag from /opt/airflow/dags/GCS_to_BQ.py
[2024-01-29T01:06:30.637+0000] {processor.py:842} WARNING - No viable dags retrieved from /opt/airflow/dags/GCS_to_BQ.py
[2024-01-29T01:06:30.667+0000] {processor.py:183} INFO - Processing /opt/airflow/dags/GCS_to_BQ.py took 0.070 seconds
[2024-01-29T01:07:01.108+0000] {processor.py:161} INFO - Started process (PID=435) to work on /opt/airflow/dags/GCS_to_BQ.py
[2024-01-29T01:07:01.110+0000] {processor.py:830} INFO - Processing file /opt/airflow/dags/GCS_to_BQ.py for tasks to queue
[2024-01-29T01:07:01.115+0000] {logging_mixin.py:188} INFO - [2024-01-29T01:07:01.114+0000] {dagbag.py:538} INFO - Filling up the DagBag from /opt/airflow/dags/GCS_to_BQ.py
[2024-01-29T01:07:01.122+0000] {processor.py:842} WARNING - No viable dags retrieved from /opt/airflow/dags/GCS_to_BQ.py
[2024-01-29T01:07:01.145+0000] {processor.py:183} INFO - Processing /opt/airflow/dags/GCS_to_BQ.py took 0.054 seconds
[2024-01-29T01:07:31.642+0000] {processor.py:161} INFO - Started process (PID=473) to work on /opt/airflow/dags/GCS_to_BQ.py
[2024-01-29T01:07:31.644+0000] {processor.py:830} INFO - Processing file /opt/airflow/dags/GCS_to_BQ.py for tasks to queue
[2024-01-29T01:07:31.648+0000] {logging_mixin.py:188} INFO - [2024-01-29T01:07:31.647+0000] {dagbag.py:538} INFO - Filling up the DagBag from /opt/airflow/dags/GCS_to_BQ.py
[2024-01-29T01:07:31.653+0000] {processor.py:842} WARNING - No viable dags retrieved from /opt/airflow/dags/GCS_to_BQ.py
[2024-01-29T01:07:31.668+0000] {processor.py:183} INFO - Processing /opt/airflow/dags/GCS_to_BQ.py took 0.031 seconds
[2024-01-29T01:08:02.332+0000] {processor.py:161} INFO - Started process (PID=511) to work on /opt/airflow/dags/GCS_to_BQ.py
[2024-01-29T01:08:02.335+0000] {processor.py:830} INFO - Processing file /opt/airflow/dags/GCS_to_BQ.py for tasks to queue
[2024-01-29T01:08:02.341+0000] {logging_mixin.py:188} INFO - [2024-01-29T01:08:02.341+0000] {dagbag.py:538} INFO - Filling up the DagBag from /opt/airflow/dags/GCS_to_BQ.py
[2024-01-29T01:08:02.350+0000] {processor.py:842} WARNING - No viable dags retrieved from /opt/airflow/dags/GCS_to_BQ.py
[2024-01-29T01:08:02.376+0000] {processor.py:183} INFO - Processing /opt/airflow/dags/GCS_to_BQ.py took 0.073 seconds
[2024-01-29T01:08:32.496+0000] {processor.py:161} INFO - Started process (PID=573) to work on /opt/airflow/dags/GCS_to_BQ.py
[2024-01-29T01:08:32.501+0000] {processor.py:830} INFO - Processing file /opt/airflow/dags/GCS_to_BQ.py for tasks to queue
[2024-01-29T01:08:32.514+0000] {logging_mixin.py:188} INFO - [2024-01-29T01:08:32.514+0000] {dagbag.py:538} INFO - Filling up the DagBag from /opt/airflow/dags/GCS_to_BQ.py
[2024-01-29T01:08:32.523+0000] {processor.py:842} WARNING - No viable dags retrieved from /opt/airflow/dags/GCS_to_BQ.py
[2024-01-29T01:08:32.540+0000] {processor.py:183} INFO - Processing /opt/airflow/dags/GCS_to_BQ.py took 0.050 seconds
[2024-01-29T01:09:03.139+0000] {processor.py:161} INFO - Started process (PID=623) to work on /opt/airflow/dags/GCS_to_BQ.py
[2024-01-29T01:09:03.146+0000] {processor.py:830} INFO - Processing file /opt/airflow/dags/GCS_to_BQ.py for tasks to queue
[2024-01-29T01:09:03.156+0000] {logging_mixin.py:188} INFO - [2024-01-29T01:09:03.155+0000] {dagbag.py:538} INFO - Filling up the DagBag from /opt/airflow/dags/GCS_to_BQ.py
[2024-01-29T01:09:03.163+0000] {processor.py:842} WARNING - No viable dags retrieved from /opt/airflow/dags/GCS_to_BQ.py
[2024-01-29T01:09:03.292+0000] {processor.py:183} INFO - Processing /opt/airflow/dags/GCS_to_BQ.py took 0.184 seconds
[2024-01-29T01:09:33.567+0000] {processor.py:161} INFO - Started process (PID=673) to work on /opt/airflow/dags/GCS_to_BQ.py
[2024-01-29T01:09:33.569+0000] {processor.py:830} INFO - Processing file /opt/airflow/dags/GCS_to_BQ.py for tasks to queue
[2024-01-29T01:09:33.580+0000] {logging_mixin.py:188} INFO - [2024-01-29T01:09:33.579+0000] {dagbag.py:538} INFO - Filling up the DagBag from /opt/airflow/dags/GCS_to_BQ.py
[2024-01-29T01:09:33.588+0000] {processor.py:842} WARNING - No viable dags retrieved from /opt/airflow/dags/GCS_to_BQ.py
[2024-01-29T01:09:33.611+0000] {processor.py:183} INFO - Processing /opt/airflow/dags/GCS_to_BQ.py took 0.053 seconds
[2024-01-29T01:10:03.899+0000] {processor.py:161} INFO - Started process (PID=723) to work on /opt/airflow/dags/GCS_to_BQ.py
[2024-01-29T01:10:03.901+0000] {processor.py:830} INFO - Processing file /opt/airflow/dags/GCS_to_BQ.py for tasks to queue
[2024-01-29T01:10:03.907+0000] {logging_mixin.py:188} INFO - [2024-01-29T01:10:03.906+0000] {dagbag.py:538} INFO - Filling up the DagBag from /opt/airflow/dags/GCS_to_BQ.py
[2024-01-29T01:10:03.913+0000] {processor.py:842} WARNING - No viable dags retrieved from /opt/airflow/dags/GCS_to_BQ.py
[2024-01-29T01:10:03.942+0000] {processor.py:183} INFO - Processing /opt/airflow/dags/GCS_to_BQ.py took 0.073 seconds
[2024-01-29T01:10:34.316+0000] {processor.py:161} INFO - Started process (PID=785) to work on /opt/airflow/dags/GCS_to_BQ.py
[2024-01-29T01:10:34.318+0000] {processor.py:830} INFO - Processing file /opt/airflow/dags/GCS_to_BQ.py for tasks to queue
[2024-01-29T01:10:34.319+0000] {logging_mixin.py:188} INFO - [2024-01-29T01:10:34.319+0000] {dagbag.py:538} INFO - Filling up the DagBag from /opt/airflow/dags/GCS_to_BQ.py
[2024-01-29T01:10:34.325+0000] {processor.py:842} WARNING - No viable dags retrieved from /opt/airflow/dags/GCS_to_BQ.py
[2024-01-29T01:10:34.357+0000] {processor.py:183} INFO - Processing /opt/airflow/dags/GCS_to_BQ.py took 0.050 seconds
[2024-01-29T01:11:04.798+0000] {processor.py:161} INFO - Started process (PID=835) to work on /opt/airflow/dags/GCS_to_BQ.py
[2024-01-29T01:11:04.801+0000] {processor.py:830} INFO - Processing file /opt/airflow/dags/GCS_to_BQ.py for tasks to queue
[2024-01-29T01:11:04.802+0000] {logging_mixin.py:188} INFO - [2024-01-29T01:11:04.802+0000] {dagbag.py:538} INFO - Filling up the DagBag from /opt/airflow/dags/GCS_to_BQ.py
[2024-01-29T01:11:04.808+0000] {processor.py:842} WARNING - No viable dags retrieved from /opt/airflow/dags/GCS_to_BQ.py
[2024-01-29T01:11:04.830+0000] {processor.py:183} INFO - Processing /opt/airflow/dags/GCS_to_BQ.py took 0.039 seconds
[2024-01-29T01:11:34.993+0000] {processor.py:161} INFO - Started process (PID=885) to work on /opt/airflow/dags/GCS_to_BQ.py
[2024-01-29T01:11:34.996+0000] {processor.py:830} INFO - Processing file /opt/airflow/dags/GCS_to_BQ.py for tasks to queue
[2024-01-29T01:11:34.997+0000] {logging_mixin.py:188} INFO - [2024-01-29T01:11:34.997+0000] {dagbag.py:538} INFO - Filling up the DagBag from /opt/airflow/dags/GCS_to_BQ.py
[2024-01-29T01:11:35.003+0000] {processor.py:842} WARNING - No viable dags retrieved from /opt/airflow/dags/GCS_to_BQ.py
[2024-01-29T01:11:35.021+0000] {processor.py:183} INFO - Processing /opt/airflow/dags/GCS_to_BQ.py took 0.037 seconds
[2024-01-29T01:12:05.628+0000] {processor.py:161} INFO - Started process (PID=947) to work on /opt/airflow/dags/GCS_to_BQ.py
[2024-01-29T01:12:05.630+0000] {processor.py:830} INFO - Processing file /opt/airflow/dags/GCS_to_BQ.py for tasks to queue
[2024-01-29T01:12:05.631+0000] {logging_mixin.py:188} INFO - [2024-01-29T01:12:05.631+0000] {dagbag.py:538} INFO - Filling up the DagBag from /opt/airflow/dags/GCS_to_BQ.py
[2024-01-29T01:12:05.638+0000] {processor.py:842} WARNING - No viable dags retrieved from /opt/airflow/dags/GCS_to_BQ.py
[2024-01-29T01:12:05.676+0000] {processor.py:183} INFO - Processing /opt/airflow/dags/GCS_to_BQ.py took 0.054 seconds
[2024-01-29T01:12:36.098+0000] {processor.py:161} INFO - Started process (PID=1009) to work on /opt/airflow/dags/GCS_to_BQ.py
[2024-01-29T01:12:36.101+0000] {processor.py:830} INFO - Processing file /opt/airflow/dags/GCS_to_BQ.py for tasks to queue
[2024-01-29T01:12:36.103+0000] {logging_mixin.py:188} INFO - [2024-01-29T01:12:36.102+0000] {dagbag.py:538} INFO - Filling up the DagBag from /opt/airflow/dags/GCS_to_BQ.py
[2024-01-29T01:12:36.130+0000] {processor.py:842} WARNING - No viable dags retrieved from /opt/airflow/dags/GCS_to_BQ.py
[2024-01-29T01:12:36.217+0000] {processor.py:183} INFO - Processing /opt/airflow/dags/GCS_to_BQ.py took 0.129 seconds
[2024-01-29T01:13:06.936+0000] {processor.py:161} INFO - Started process (PID=1059) to work on /opt/airflow/dags/GCS_to_BQ.py
[2024-01-29T01:13:06.939+0000] {processor.py:830} INFO - Processing file /opt/airflow/dags/GCS_to_BQ.py for tasks to queue
[2024-01-29T01:13:06.941+0000] {logging_mixin.py:188} INFO - [2024-01-29T01:13:06.940+0000] {dagbag.py:538} INFO - Filling up the DagBag from /opt/airflow/dags/GCS_to_BQ.py
[2024-01-29T01:13:06.956+0000] {processor.py:842} WARNING - No viable dags retrieved from /opt/airflow/dags/GCS_to_BQ.py
[2024-01-29T01:13:06.999+0000] {processor.py:183} INFO - Processing /opt/airflow/dags/GCS_to_BQ.py took 0.070 seconds
[2024-01-29T01:13:37.266+0000] {processor.py:161} INFO - Started process (PID=1109) to work on /opt/airflow/dags/GCS_to_BQ.py
[2024-01-29T01:13:37.269+0000] {processor.py:830} INFO - Processing file /opt/airflow/dags/GCS_to_BQ.py for tasks to queue
[2024-01-29T01:13:37.271+0000] {logging_mixin.py:188} INFO - [2024-01-29T01:13:37.270+0000] {dagbag.py:538} INFO - Filling up the DagBag from /opt/airflow/dags/GCS_to_BQ.py
[2024-01-29T01:13:37.277+0000] {processor.py:842} WARNING - No viable dags retrieved from /opt/airflow/dags/GCS_to_BQ.py
[2024-01-29T01:13:37.317+0000] {processor.py:183} INFO - Processing /opt/airflow/dags/GCS_to_BQ.py took 0.058 seconds
[2024-01-29T01:14:07.564+0000] {processor.py:161} INFO - Started process (PID=1159) to work on /opt/airflow/dags/GCS_to_BQ.py
[2024-01-29T01:14:07.566+0000] {processor.py:830} INFO - Processing file /opt/airflow/dags/GCS_to_BQ.py for tasks to queue
[2024-01-29T01:14:07.574+0000] {logging_mixin.py:188} INFO - [2024-01-29T01:14:07.573+0000] {dagbag.py:538} INFO - Filling up the DagBag from /opt/airflow/dags/GCS_to_BQ.py
[2024-01-29T01:14:07.583+0000] {processor.py:842} WARNING - No viable dags retrieved from /opt/airflow/dags/GCS_to_BQ.py
[2024-01-29T01:14:07.611+0000] {processor.py:183} INFO - Processing /opt/airflow/dags/GCS_to_BQ.py took 0.055 seconds
[2024-01-29T01:14:38.135+0000] {processor.py:161} INFO - Started process (PID=1209) to work on /opt/airflow/dags/GCS_to_BQ.py
[2024-01-29T01:14:38.137+0000] {processor.py:830} INFO - Processing file /opt/airflow/dags/GCS_to_BQ.py for tasks to queue
[2024-01-29T01:14:38.139+0000] {logging_mixin.py:188} INFO - [2024-01-29T01:14:38.138+0000] {dagbag.py:538} INFO - Filling up the DagBag from /opt/airflow/dags/GCS_to_BQ.py
[2024-01-29T01:14:38.145+0000] {processor.py:842} WARNING - No viable dags retrieved from /opt/airflow/dags/GCS_to_BQ.py
[2024-01-29T01:14:38.171+0000] {processor.py:183} INFO - Processing /opt/airflow/dags/GCS_to_BQ.py took 0.045 seconds
[2024-01-29T01:15:08.448+0000] {processor.py:161} INFO - Started process (PID=1283) to work on /opt/airflow/dags/GCS_to_BQ.py
[2024-01-29T01:15:08.452+0000] {processor.py:830} INFO - Processing file /opt/airflow/dags/GCS_to_BQ.py for tasks to queue
[2024-01-29T01:15:08.455+0000] {logging_mixin.py:188} INFO - [2024-01-29T01:15:08.454+0000] {dagbag.py:538} INFO - Filling up the DagBag from /opt/airflow/dags/GCS_to_BQ.py
[2024-01-29T01:15:08.469+0000] {processor.py:842} WARNING - No viable dags retrieved from /opt/airflow/dags/GCS_to_BQ.py
[2024-01-29T01:15:08.510+0000] {processor.py:183} INFO - Processing /opt/airflow/dags/GCS_to_BQ.py took 0.072 seconds
[2024-01-29T01:15:39.215+0000] {processor.py:161} INFO - Started process (PID=1333) to work on /opt/airflow/dags/GCS_to_BQ.py
[2024-01-29T01:15:39.218+0000] {processor.py:830} INFO - Processing file /opt/airflow/dags/GCS_to_BQ.py for tasks to queue
[2024-01-29T01:15:39.219+0000] {logging_mixin.py:188} INFO - [2024-01-29T01:15:39.219+0000] {dagbag.py:538} INFO - Filling up the DagBag from /opt/airflow/dags/GCS_to_BQ.py
[2024-01-29T01:15:39.226+0000] {processor.py:842} WARNING - No viable dags retrieved from /opt/airflow/dags/GCS_to_BQ.py
[2024-01-29T01:15:39.250+0000] {processor.py:183} INFO - Processing /opt/airflow/dags/GCS_to_BQ.py took 0.041 seconds
