[2024-01-17T18:45:50.088+0000] {taskinstance.py:1957} INFO - Dependencies all met for dep_context=non-requeueable deps ti=<TaskInstance: OLTP_to_OLAP.create_update_dim_product manual__2024-01-17T18:45:35.666912+00:00 [queued]>
[2024-01-17T18:45:50.102+0000] {taskinstance.py:1957} INFO - Dependencies all met for dep_context=requeueable deps ti=<TaskInstance: OLTP_to_OLAP.create_update_dim_product manual__2024-01-17T18:45:35.666912+00:00 [queued]>
[2024-01-17T18:45:50.103+0000] {taskinstance.py:2171} INFO - Starting attempt 1 of 0
[2024-01-17T18:45:50.129+0000] {taskinstance.py:2192} INFO - Executing <Task(BigQueryExecuteQueryOperator): create_update_dim_product> on 2024-01-17 18:45:35.666912+00:00
[2024-01-17T18:45:50.163+0000] {standard_task_runner.py:60} INFO - Started process 3906 to run task
[2024-01-17T18:45:50.177+0000] {standard_task_runner.py:87} INFO - Running: ['***', 'tasks', 'run', 'OLTP_to_OLAP', 'create_update_dim_product', 'manual__2024-01-17T18:45:35.666912+00:00', '--job-id', '62', '--raw', '--subdir', 'DAGS_FOLDER/data_transform_BQ.py', '--cfg-path', '/tmp/tmpdda8jsfb']
[2024-01-17T18:45:50.186+0000] {standard_task_runner.py:88} INFO - Job 62: Subtask create_update_dim_product
[2024-01-17T18:45:50.331+0000] {task_command.py:423} INFO - Running <TaskInstance: OLTP_to_OLAP.create_update_dim_product manual__2024-01-17T18:45:35.666912+00:00 [running]> on host 0d972f4a0fb8
[2024-01-17T18:45:50.565+0000] {taskinstance.py:2481} INFO - Exporting env vars: AIRFLOW_CTX_DAG_OWNER='phungquan' AIRFLOW_CTX_DAG_ID='OLTP_to_OLAP' AIRFLOW_CTX_TASK_ID='create_update_dim_product' AIRFLOW_CTX_EXECUTION_DATE='2024-01-17T18:45:35.666912+00:00' AIRFLOW_CTX_TRY_NUMBER='1' AIRFLOW_CTX_DAG_RUN_ID='manual__2024-01-17T18:45:35.666912+00:00'
[2024-01-17T18:45:50.576+0000] {bigquery.py:1245} INFO - Executing: -- Tạo bảng Dim_Products
CREATE OR REPLACE TABLE 
  `OLAP.Dim_Products` AS
SELECT
  products.ProductID,
  products.ProductName,
  products.UnitPrice,
  categories.CategoryID,
  categories.CategoryName,
FROM
  `OLTP.Products` AS products
JOIN
  `OLTP.Categories` AS categories
ON
  products.CategoryID = categories.CategoryID;


[2024-01-17T18:45:50.595+0000] {connection.py:234} WARNING - Connection schemes (type: google_cloud_platform) shall not contain '_' according to RFC3986.
[2024-01-17T18:45:50.598+0000] {base.py:83} INFO - Using connection ID 'google_cloud_default' for task execution.
[2024-01-17T18:45:50.627+0000] {logging_mixin.py:188} WARNING - /home/***/.local/lib/python3.8/site-packages/***/providers/google/cloud/hooks/bigquery.py:2109 AirflowProviderDeprecationWarning: This method is deprecated. Please use `BigQueryHook.insert_job` method.
[2024-01-17T18:45:50.631+0000] {credentials_provider.py:353} INFO - Getting connection using `google.auth.default()` since no explicit credentials are provided.
[2024-01-17T18:45:50.858+0000] {bigquery.py:1596} INFO - Inserting job ***_1705517150850744_b30ad072373c09a70165f4d345c4ac9b
[2024-01-17T18:45:53.863+0000] {taskinstance.py:1138} INFO - Marking task as SUCCESS. dag_id=OLTP_to_OLAP, task_id=create_update_dim_product, execution_date=20240117T184535, start_date=20240117T184550, end_date=20240117T184553
[2024-01-17T18:45:53.914+0000] {local_task_job_runner.py:234} INFO - Task exited with return code 0
[2024-01-17T18:45:53.973+0000] {taskinstance.py:3281} INFO - 0 downstream tasks scheduled from follow-on schedule check
