[2024-01-18T01:26:20.932+0000] {taskinstance.py:1957} INFO - Dependencies all met for dep_context=non-requeueable deps ti=<TaskInstance: OLTP_to_OLAP.create_update_fact_table manual__2024-01-18T01:25:32.082473+00:00 [queued]>
[2024-01-18T01:26:20.946+0000] {taskinstance.py:1957} INFO - Dependencies all met for dep_context=requeueable deps ti=<TaskInstance: OLTP_to_OLAP.create_update_fact_table manual__2024-01-18T01:25:32.082473+00:00 [queued]>
[2024-01-18T01:26:20.947+0000] {taskinstance.py:2171} INFO - Starting attempt 1 of 0
[2024-01-18T01:26:20.968+0000] {taskinstance.py:2192} INFO - Executing <Task(BigQueryExecuteQueryOperator): create_update_fact_table> on 2024-01-18 01:25:32.082473+00:00
[2024-01-18T01:26:21.008+0000] {standard_task_runner.py:60} INFO - Started process 12089 to run task
[2024-01-18T01:26:21.015+0000] {standard_task_runner.py:87} INFO - Running: ['***', 'tasks', 'run', 'OLTP_to_OLAP', 'create_update_fact_table', 'manual__2024-01-18T01:25:32.082473+00:00', '--job-id', '113', '--raw', '--subdir', 'DAGS_FOLDER/data_transform_BQ.py', '--cfg-path', '/tmp/tmp7paoicm9']
[2024-01-18T01:26:21.020+0000] {standard_task_runner.py:88} INFO - Job 113: Subtask create_update_fact_table
[2024-01-18T01:26:21.126+0000] {task_command.py:423} INFO - Running <TaskInstance: OLTP_to_OLAP.create_update_fact_table manual__2024-01-18T01:25:32.082473+00:00 [running]> on host 0d972f4a0fb8
[2024-01-18T01:26:21.210+0000] {taskinstance.py:2481} INFO - Exporting env vars: AIRFLOW_CTX_DAG_OWNER='phungquan' AIRFLOW_CTX_DAG_ID='OLTP_to_OLAP' AIRFLOW_CTX_TASK_ID='create_update_fact_table' AIRFLOW_CTX_EXECUTION_DATE='2024-01-18T01:25:32.082473+00:00' AIRFLOW_CTX_TRY_NUMBER='1' AIRFLOW_CTX_DAG_RUN_ID='manual__2024-01-18T01:25:32.082473+00:00'
[2024-01-18T01:26:21.212+0000] {bigquery.py:1245} INFO - Executing: CREATE OR REPLACE TABLE `OLAP.Fact_Table` AS
WITH CustomerRFM AS (
  SELECT
    temp.CustomerID,
    temp.ProductID,
    temp.OrderID,
    temp.OrderDate,
    rmf.Recency,
    rmf.Frequency,
    rmf.Monetary,
    rmf.Total_Transaction,
    rmf.Total_Discount,
    pd.High_productive_product,
    pd.Total_sale_by_product
  FROM
    `OLAP.Fact_Table_temp` as temp
  JOIN
    `OLAP.CustomerRFM_Aggregation` as rmf
  ON
    temp.CustomerID = rmf.CustomerID
  JOIN
    `OLAP.Product_Aggregation` as pd
  ON 
    temp.ProductID = pd.ProductID
)
SELECT * FROM CustomerRFM;



[2024-01-18T01:26:21.220+0000] {connection.py:234} WARNING - Connection schemes (type: google_cloud_platform) shall not contain '_' according to RFC3986.
[2024-01-18T01:26:21.221+0000] {base.py:83} INFO - Using connection ID 'google_cloud_default' for task execution.
[2024-01-18T01:26:21.228+0000] {logging_mixin.py:188} WARNING - /home/***/.local/lib/python3.8/site-packages/***/providers/google/cloud/hooks/bigquery.py:2109 AirflowProviderDeprecationWarning: This method is deprecated. Please use `BigQueryHook.insert_job` method.
[2024-01-18T01:26:21.228+0000] {credentials_provider.py:353} INFO - Getting connection using `google.auth.default()` since no explicit credentials are provided.
[2024-01-18T01:26:21.331+0000] {bigquery.py:1596} INFO - Inserting job ***_1705541181315601_d7c5a9c6ecc8bd1ee337da604ddea20a
[2024-01-18T01:26:24.490+0000] {taskinstance.py:1138} INFO - Marking task as SUCCESS. dag_id=OLTP_to_OLAP, task_id=create_update_fact_table, execution_date=20240118T012532, start_date=20240118T012620, end_date=20240118T012624
[2024-01-18T01:26:24.584+0000] {local_task_job_runner.py:234} INFO - Task exited with return code 0
[2024-01-18T01:26:24.645+0000] {taskinstance.py:3281} INFO - 1 downstream tasks scheduled from follow-on schedule check
