[2024-01-17T18:46:50.779+0000] {taskinstance.py:1957} INFO - Dependencies all met for dep_context=non-requeueable deps ti=<TaskInstance: OLTP_to_OLAP.train_model manual__2024-01-17T18:45:35.666912+00:00 [queued]>
[2024-01-17T18:46:50.793+0000] {taskinstance.py:1957} INFO - Dependencies all met for dep_context=requeueable deps ti=<TaskInstance: OLTP_to_OLAP.train_model manual__2024-01-17T18:45:35.666912+00:00 [queued]>
[2024-01-17T18:46:50.794+0000] {taskinstance.py:2171} INFO - Starting attempt 1 of 0
[2024-01-17T18:46:50.818+0000] {taskinstance.py:2192} INFO - Executing <Task(PythonOperator): train_model> on 2024-01-17 18:45:35.666912+00:00
[2024-01-17T18:46:50.843+0000] {standard_task_runner.py:60} INFO - Started process 4042 to run task
[2024-01-17T18:46:50.848+0000] {standard_task_runner.py:87} INFO - Running: ['***', 'tasks', 'run', 'OLTP_to_OLAP', 'train_model', 'manual__2024-01-17T18:45:35.666912+00:00', '--job-id', '71', '--raw', '--subdir', 'DAGS_FOLDER/data_transform_BQ.py', '--cfg-path', '/tmp/tmpvw22i20q']
[2024-01-17T18:46:50.854+0000] {standard_task_runner.py:88} INFO - Job 71: Subtask train_model
[2024-01-17T18:46:50.920+0000] {task_command.py:423} INFO - Running <TaskInstance: OLTP_to_OLAP.train_model manual__2024-01-17T18:45:35.666912+00:00 [running]> on host 0d972f4a0fb8
[2024-01-17T18:46:51.018+0000] {taskinstance.py:2481} INFO - Exporting env vars: AIRFLOW_CTX_DAG_OWNER='phungquan' AIRFLOW_CTX_DAG_ID='OLTP_to_OLAP' AIRFLOW_CTX_TASK_ID='train_model' AIRFLOW_CTX_EXECUTION_DATE='2024-01-17T18:45:35.666912+00:00' AIRFLOW_CTX_TRY_NUMBER='1' AIRFLOW_CTX_DAG_RUN_ID='manual__2024-01-17T18:45:35.666912+00:00'
[2024-01-17T18:46:51.982+0000] {taskinstance.py:2699} ERROR - Task failed with exception
Traceback (most recent call last):
  File "/home/airflow/.local/lib/python3.8/site-packages/airflow/models/taskinstance.py", line 433, in _execute_task
    result = execute_callable(context=context, **execute_callable_kwargs)
  File "/home/airflow/.local/lib/python3.8/site-packages/airflow/operators/python.py", line 199, in execute
    return_value = self.execute_callable()
  File "/home/airflow/.local/lib/python3.8/site-packages/airflow/operators/python.py", line 216, in execute_callable
    return self.python_callable(*self.op_args, **self.op_kwargs)
  File "/opt/airflow/dags/data_transform_BQ.py", line 125, in model_training
    train_model()
  File "/opt/airflow/dags/clustering.py", line 19, in train_model
    df = query_job.to_dataframe()
  File "/home/airflow/.local/lib/python3.8/site-packages/google/cloud/bigquery/job/query.py", line 1890, in to_dataframe
    query_result = wait_for_query(self, progress_bar_type, max_results=max_results)
  File "/home/airflow/.local/lib/python3.8/site-packages/google/cloud/bigquery/_tqdm_helpers.py", line 104, in wait_for_query
    return query_job.result(max_results=max_results)
  File "/home/airflow/.local/lib/python3.8/site-packages/google/cloud/bigquery/job/query.py", line 1595, in result
    do_get_result()
  File "/home/airflow/.local/lib/python3.8/site-packages/google/api_core/retry.py", line 372, in retry_wrapped_func
    return retry_target(
  File "/home/airflow/.local/lib/python3.8/site-packages/google/api_core/retry.py", line 207, in retry_target
    result = target()
  File "/home/airflow/.local/lib/python3.8/site-packages/google/cloud/bigquery/job/query.py", line 1584, in do_get_result
    super(QueryJob, self).result(retry=retry, timeout=timeout)
  File "/home/airflow/.local/lib/python3.8/site-packages/google/cloud/bigquery/job/base.py", line 952, in result
    return super(_AsyncJob, self).result(timeout=timeout, **kwargs)
  File "/home/airflow/.local/lib/python3.8/site-packages/google/api_core/future/polling.py", line 261, in result
    raise self._exception
google.api_core.exceptions.NotFound: 404 Not found: Table northwind-qu:OLAP.Fact_Table was not found in location us-central1

Location: us-central1
Job ID: 0128cfe4-66d1-4c0e-9f7a-85cdad37c93b

[2024-01-17T18:46:52.038+0000] {taskinstance.py:1138} INFO - Marking task as FAILED. dag_id=OLTP_to_OLAP, task_id=train_model, execution_date=20240117T184535, start_date=20240117T184650, end_date=20240117T184652
[2024-01-17T18:46:52.060+0000] {standard_task_runner.py:107} ERROR - Failed to execute job 71 for task train_model (404 Not found: Table northwind-qu:OLAP.Fact_Table was not found in location us-central1

Location: us-central1
Job ID: 0128cfe4-66d1-4c0e-9f7a-85cdad37c93b
; 4042)
[2024-01-17T18:46:52.111+0000] {local_task_job_runner.py:234} INFO - Task exited with return code 1
[2024-01-17T18:46:52.183+0000] {taskinstance.py:3281} INFO - 0 downstream tasks scheduled from follow-on schedule check
