[2024-01-04T09:15:04.539+0000] {taskinstance.py:1159} INFO - Dependencies all met for dep_context=non-requeueable deps ti=<TaskInstance: sql_example.create_update_dim_customer manual__2024-01-04T09:14:25.922009+00:00 [queued]>
[2024-01-04T09:15:04.547+0000] {taskinstance.py:1159} INFO - Dependencies all met for dep_context=requeueable deps ti=<TaskInstance: sql_example.create_update_dim_customer manual__2024-01-04T09:14:25.922009+00:00 [queued]>
[2024-01-04T09:15:04.548+0000] {taskinstance.py:1361} INFO - Starting attempt 1 of 0
[2024-01-04T09:15:04.558+0000] {taskinstance.py:1382} INFO - Executing <Task(BigQueryExecuteQueryOperator): create_update_dim_customer> on 2024-01-04 09:14:25.922009+00:00
[2024-01-04T09:15:04.581+0000] {standard_task_runner.py:57} INFO - Started process 14267 to run task
[2024-01-04T09:15:04.586+0000] {standard_task_runner.py:84} INFO - Running: ['***', 'tasks', 'run', 'sql_example', 'create_update_dim_customer', 'manual__2024-01-04T09:14:25.922009+00:00', '--job-id', '225', '--raw', '--subdir', 'DAGS_FOLDER/data_transform_BQ.py', '--cfg-path', '/tmp/tmpt6uchowh']
[2024-01-04T09:15:04.592+0000] {standard_task_runner.py:85} INFO - Job 225: Subtask create_update_dim_customer
[2024-01-04T09:15:04.659+0000] {task_command.py:416} INFO - Running <TaskInstance: sql_example.create_update_dim_customer manual__2024-01-04T09:14:25.922009+00:00 [running]> on host 812d78d3a260
[2024-01-04T09:15:04.730+0000] {taskinstance.py:1662} INFO - Exporting env vars: AIRFLOW_CTX_DAG_OWNER='phungquan' AIRFLOW_CTX_DAG_ID='sql_example' AIRFLOW_CTX_TASK_ID='create_update_dim_customer' AIRFLOW_CTX_EXECUTION_DATE='2024-01-04T09:14:25.922009+00:00' AIRFLOW_CTX_TRY_NUMBER='1' AIRFLOW_CTX_DAG_RUN_ID='manual__2024-01-04T09:14:25.922009+00:00'
[2024-01-04T09:15:04.732+0000] {bigquery.py:1241} INFO - Executing: -- DROP TABLE `LanhDataset.Dim_Customer`;

CREATE OR REPLACE TABLE `LanhDataset.Dim_Customer` ( 
      CustomerID                    STRING,
      Contact_Name                   STRING,
      Total_Number_of_transaction   int,
      Total_discount                FLOAT64,
      Monetary                      FLOAT64,
      Recency                       INT,
      Frequency                     FLOAT64,
      Country                       STRING,
      City                          STRING,
      PhoneNumber                  STRING
  
);

INSERT INTO `LanhDataset.Dim_Customer` (CustomerID, Contact_Name, Country,City,PhoneNumber)
SELECT CustomerID, Contact_Name, Country,City,PhoneNumber
FROM `OLTP.Customers`;

UPDATE `LanhDataset.Dim_Customer`
SET Total_Number_of_transaction = (
    SELECT COUNT(DISTINCT OrderID)
    FROM `LanhDataset.Fact_Order`
    WHERE `LanhDataset.Dim_Customer`.CustomerID = `LanhDataset.Fact_Order`.CustomerID
)
WHERE true;

UPDATE `LanhDataset.Dim_Customer` AS dim
SET Monetary = (
  SELECT COALESCE(SUM(Revenue), 0)
  FROM `LanhDataset.Fact_Order` AS fact
  WHERE dim.CustomerID = fact.CustomerID
)
WHERE dim.CustomerID IS NOT NULL;

UPDATE `LanhDataset.Dim_Customer`
SET Frequency = (
    SELECT `LanhDataset.Dim_Customer`.Total_Number_of_transaction / COUNT(DISTINCT CONCAT(CAST(`LanhDataset.Dim_Date`.Year AS STRING), '-', CAST(`LanhDataset.Dim_Date`.Month AS STRING)))
    FROM `LanhDataset.Dim_Date`
)
WHERE `LanhDataset.Dim_Customer`.CustomerID IS NOT NULL;

UPDATE `LanhDataset.Dim_Customer`
SET Recency = (
    SELECT DATE_DIFF(
            (SELECT MAX(Date) FROM `LanhDataset.Dim_Date`),
            MAX(OrderDate),
            DAY
        ) AS Recency
    FROM `LanhDataset.Fact_Order`
    WHERE `LanhDataset.Dim_Customer`.CustomerID = `LanhDataset.Fact_Order`.CustomerID
)
WHERE EXISTS (
    SELECT 1
    FROM `LanhDataset.Fact_Order`
    WHERE `LanhDataset.Dim_Customer`.CustomerID = `LanhDataset.Fact_Order`.CustomerID
);

UPDATE `LanhDataset.Dim_Customer` AS dim
SET Total_discount = (
  SELECT COALESCE(SUM(Discount_Money), 0)
  FROM `LanhDataset.Fact_Order` AS fact
  WHERE dim.CustomerID = fact.CustomerID
)
WHERE dim.CustomerID IS NOT NULL;


[2024-01-04T09:15:04.741+0000] {connection.py:232} WARNING - Connection schemes (type: google_cloud_platform) shall not contain '_' according to RFC3986.
[2024-01-04T09:15:04.742+0000] {base.py:73} INFO - Using connection ID 'google_cloud_default' for task execution.
[2024-01-04T09:15:04.750+0000] {logging_mixin.py:154} WARNING - /home/***/.local/lib/python3.8/site-packages/***/providers/google/cloud/hooks/bigquery.py:2108 AirflowProviderDeprecationWarning: This method is deprecated. Please use `BigQueryHook.insert_job` method.
[2024-01-04T09:15:04.752+0000] {credentials_provider.py:353} INFO - Getting connection using `google.auth.default()` since no explicit credentials are provided.
[2024-01-04T09:15:04.832+0000] {bigquery.py:1595} INFO - Inserting job ***_1704359704831636_d1c31f4334dc35710bb909daeabc44e3
[2024-01-04T09:15:21.315+0000] {taskinstance.py:1400} INFO - Marking task as SUCCESS. dag_id=sql_example, task_id=create_update_dim_customer, execution_date=20240104T091425, start_date=20240104T091504, end_date=20240104T091521
[2024-01-04T09:15:21.427+0000] {local_task_job_runner.py:228} INFO - Task exited with return code 0
[2024-01-04T09:15:21.459+0000] {taskinstance.py:2778} INFO - 1 downstream tasks scheduled from follow-on schedule check
