[2023-12-29T15:45:55.692+0000] {taskinstance.py:1159} INFO - Dependencies all met for dep_context=non-requeueable deps ti=<TaskInstance: sql_example.run_bigquery_sql manual__2023-12-29T15:45:52.625435+00:00 [queued]>
[2023-12-29T15:45:55.706+0000] {taskinstance.py:1159} INFO - Dependencies all met for dep_context=requeueable deps ti=<TaskInstance: sql_example.run_bigquery_sql manual__2023-12-29T15:45:52.625435+00:00 [queued]>
[2023-12-29T15:45:55.706+0000] {taskinstance.py:1361} INFO - Starting attempt 1 of 0
[2023-12-29T15:45:55.729+0000] {taskinstance.py:1382} INFO - Executing <Task(BigQueryExecuteQueryOperator): run_bigquery_sql> on 2023-12-29 15:45:52.625435+00:00
[2023-12-29T15:45:55.750+0000] {standard_task_runner.py:57} INFO - Started process 14566 to run task
[2023-12-29T15:45:55.756+0000] {standard_task_runner.py:84} INFO - Running: ['***', 'tasks', 'run', 'sql_example', 'run_bigquery_sql', 'manual__2023-12-29T15:45:52.625435+00:00', '--job-id', '195', '--raw', '--subdir', 'DAGS_FOLDER/data_transform_BQ.py', '--cfg-path', '/tmp/tmpg8iq64a2']
[2023-12-29T15:45:55.762+0000] {standard_task_runner.py:85} INFO - Job 195: Subtask run_bigquery_sql
[2023-12-29T15:45:55.958+0000] {task_command.py:416} INFO - Running <TaskInstance: sql_example.run_bigquery_sql manual__2023-12-29T15:45:52.625435+00:00 [running]> on host 580ab8862310
[2023-12-29T15:45:56.196+0000] {taskinstance.py:1662} INFO - Exporting env vars: AIRFLOW_CTX_DAG_OWNER='phungquan' AIRFLOW_CTX_DAG_ID='sql_example' AIRFLOW_CTX_TASK_ID='run_bigquery_sql' AIRFLOW_CTX_EXECUTION_DATE='2023-12-29T15:45:52.625435+00:00' AIRFLOW_CTX_TRY_NUMBER='1' AIRFLOW_CTX_DAG_RUN_ID='manual__2023-12-29T15:45:52.625435+00:00'
[2023-12-29T15:45:56.201+0000] {bigquery.py:1241} INFO - Executing: 
  -- Query for creating Dim_Supllier (SCD 1)
CREATE OR REPLACE TABLE
  `northwind-qu.Transformed_Dataset.Dim_Suppliers` AS
SELECT
  *
FROM
  `northwind-qu.test_dataset.Suppliers`;

  -- Query for creating Dim_Category(SCD 1)
CREATE OR REPLACE TABLE
  `northwind-qu.Transformed_Dataset.Dim_Categories` AS
SELECT
  *
FROM
  `northwind-qu.test_dataset.Categories`;

  -- Query for creating Dim_Products(SCD 1)
CREATE OR REPLACE TABLE
  `northwind-qu.Transformed_Dataset.Dim_Products` AS
SELECT
  t1.ProductName,
  t1.QuantityPerUnit,
  t1.UnitPrice,
  t1.UnitsInStock,
  t1.UnitsOnOrder,
  t1.ReorderLevel,
  t1.Discontinued,
  t2.CategoryName,
  t2.Description
FROM
  `northwind-qu.test_dataset.Products` t1
LEFT JOIN
  `northwind-qu.test_dataset.Categories` t2
ON
  t1.CategoryID = t2.CategoryID
-- Query for creating Dim_Date(SCD 1)
-- Continue from here
[2023-12-29T15:45:56.216+0000] {connection.py:232} WARNING - Connection schemes (type: google_cloud_platform) shall not contain '_' according to RFC3986.
[2023-12-29T15:45:56.217+0000] {base.py:73} INFO - Using connection ID 'google_cloud_default' for task execution.
[2023-12-29T15:45:56.228+0000] {logging_mixin.py:154} WARNING - /home/***/.local/lib/python3.8/site-packages/***/providers/google/cloud/hooks/bigquery.py:2108 AirflowProviderDeprecationWarning: This method is deprecated. Please use `BigQueryHook.insert_job` method.
[2023-12-29T15:45:56.229+0000] {credentials_provider.py:353} INFO - Getting connection using `google.auth.default()` since no explicit credentials are provided.
[2023-12-29T15:45:56.348+0000] {bigquery.py:1595} INFO - Inserting job ***_1703864756347173_602beda24ac1a8da4a85a20817355263
[2023-12-29T15:46:02.373+0000] {taskinstance.py:1400} INFO - Marking task as SUCCESS. dag_id=sql_example, task_id=run_bigquery_sql, execution_date=20231229T154552, start_date=20231229T154555, end_date=20231229T154602
[2023-12-29T15:46:02.424+0000] {local_task_job_runner.py:228} INFO - Task exited with return code 0
[2023-12-29T15:46:02.441+0000] {taskinstance.py:2778} INFO - 0 downstream tasks scheduled from follow-on schedule check
