[2024-01-17T18:01:39.667+0000] {processor.py:161} INFO - Started process (PID=168) to work on /opt/airflow/dags/cQuynh.py
[2024-01-17T18:01:39.676+0000] {processor.py:830} INFO - Processing file /opt/airflow/dags/cQuynh.py for tasks to queue
[2024-01-17T18:01:39.697+0000] {logging_mixin.py:188} INFO - [2024-01-17T18:01:39.695+0000] {dagbag.py:538} INFO - Filling up the DagBag from /opt/airflow/dags/cQuynh.py
[2024-01-17T18:01:39.711+0000] {logging_mixin.py:188} INFO - [2024-01-17T18:01:39.709+0000] {dagbag.py:348} ERROR - Failed to import: /opt/airflow/dags/cQuynh.py
Traceback (most recent call last):
  File "/home/airflow/.local/lib/python3.8/site-packages/airflow/models/dagbag.py", line 344, in parse
    loader.exec_module(new_module)
  File "<frozen importlib._bootstrap_external>", line 843, in exec_module
  File "<frozen importlib._bootstrap>", line 219, in _call_with_frames_removed
  File "/opt/airflow/dags/cQuynh.py", line 12, in <module>
    with DAG(
NameError: name 'DAG' is not defined
[2024-01-17T18:01:39.712+0000] {processor.py:842} WARNING - No viable dags retrieved from /opt/airflow/dags/cQuynh.py
[2024-01-17T18:01:39.830+0000] {processor.py:183} INFO - Processing /opt/airflow/dags/cQuynh.py took 0.176 seconds
[2024-01-17T18:02:10.141+0000] {processor.py:161} INFO - Started process (PID=211) to work on /opt/airflow/dags/cQuynh.py
[2024-01-17T18:02:10.146+0000] {processor.py:830} INFO - Processing file /opt/airflow/dags/cQuynh.py for tasks to queue
[2024-01-17T18:02:10.160+0000] {logging_mixin.py:188} INFO - [2024-01-17T18:02:10.159+0000] {dagbag.py:538} INFO - Filling up the DagBag from /opt/airflow/dags/cQuynh.py
[2024-01-17T18:02:10.177+0000] {logging_mixin.py:188} INFO - [2024-01-17T18:02:10.169+0000] {dagbag.py:348} ERROR - Failed to import: /opt/airflow/dags/cQuynh.py
Traceback (most recent call last):
  File "/home/airflow/.local/lib/python3.8/site-packages/airflow/models/dagbag.py", line 344, in parse
    loader.exec_module(new_module)
  File "<frozen importlib._bootstrap_external>", line 843, in exec_module
  File "<frozen importlib._bootstrap>", line 219, in _call_with_frames_removed
  File "/opt/airflow/dags/cQuynh.py", line 12, in <module>
    with DAG(
NameError: name 'DAG' is not defined
[2024-01-17T18:02:10.178+0000] {processor.py:842} WARNING - No viable dags retrieved from /opt/airflow/dags/cQuynh.py
[2024-01-17T18:02:10.252+0000] {processor.py:183} INFO - Processing /opt/airflow/dags/cQuynh.py took 0.138 seconds
[2024-01-17T18:02:40.490+0000] {processor.py:161} INFO - Started process (PID=255) to work on /opt/airflow/dags/cQuynh.py
[2024-01-17T18:02:40.493+0000] {processor.py:830} INFO - Processing file /opt/airflow/dags/cQuynh.py for tasks to queue
[2024-01-17T18:02:40.498+0000] {logging_mixin.py:188} INFO - [2024-01-17T18:02:40.497+0000] {dagbag.py:538} INFO - Filling up the DagBag from /opt/airflow/dags/cQuynh.py
[2024-01-17T18:02:40.506+0000] {logging_mixin.py:188} INFO - [2024-01-17T18:02:40.504+0000] {dagbag.py:348} ERROR - Failed to import: /opt/airflow/dags/cQuynh.py
Traceback (most recent call last):
  File "/home/airflow/.local/lib/python3.8/site-packages/airflow/models/dagbag.py", line 344, in parse
    loader.exec_module(new_module)
  File "<frozen importlib._bootstrap_external>", line 843, in exec_module
  File "<frozen importlib._bootstrap>", line 219, in _call_with_frames_removed
  File "/opt/airflow/dags/cQuynh.py", line 12, in <module>
    with DAG(
NameError: name 'DAG' is not defined
[2024-01-17T18:02:40.507+0000] {processor.py:842} WARNING - No viable dags retrieved from /opt/airflow/dags/cQuynh.py
[2024-01-17T18:02:40.546+0000] {processor.py:183} INFO - Processing /opt/airflow/dags/cQuynh.py took 0.065 seconds
[2024-01-17T18:03:11.207+0000] {processor.py:161} INFO - Started process (PID=304) to work on /opt/airflow/dags/cQuynh.py
[2024-01-17T18:03:11.212+0000] {processor.py:830} INFO - Processing file /opt/airflow/dags/cQuynh.py for tasks to queue
[2024-01-17T18:03:11.233+0000] {logging_mixin.py:188} INFO - [2024-01-17T18:03:11.231+0000] {dagbag.py:538} INFO - Filling up the DagBag from /opt/airflow/dags/cQuynh.py
[2024-01-17T18:03:11.321+0000] {logging_mixin.py:188} INFO - [2024-01-17T18:03:11.315+0000] {dagbag.py:348} ERROR - Failed to import: /opt/airflow/dags/cQuynh.py
Traceback (most recent call last):
  File "/home/airflow/.local/lib/python3.8/site-packages/airflow/models/dagbag.py", line 344, in parse
    loader.exec_module(new_module)
  File "<frozen importlib._bootstrap_external>", line 843, in exec_module
  File "<frozen importlib._bootstrap>", line 219, in _call_with_frames_removed
  File "/opt/airflow/dags/cQuynh.py", line 12, in <module>
    with DAG(
NameError: name 'DAG' is not defined
[2024-01-17T18:03:11.322+0000] {processor.py:842} WARNING - No viable dags retrieved from /opt/airflow/dags/cQuynh.py
[2024-01-17T18:03:11.399+0000] {processor.py:183} INFO - Processing /opt/airflow/dags/cQuynh.py took 0.229 seconds
[2024-01-17T18:03:42.300+0000] {processor.py:161} INFO - Started process (PID=347) to work on /opt/airflow/dags/cQuynh.py
[2024-01-17T18:03:42.302+0000] {processor.py:830} INFO - Processing file /opt/airflow/dags/cQuynh.py for tasks to queue
[2024-01-17T18:03:42.309+0000] {logging_mixin.py:188} INFO - [2024-01-17T18:03:42.308+0000] {dagbag.py:538} INFO - Filling up the DagBag from /opt/airflow/dags/cQuynh.py
[2024-01-17T18:03:42.319+0000] {logging_mixin.py:188} INFO - [2024-01-17T18:03:42.317+0000] {dagbag.py:348} ERROR - Failed to import: /opt/airflow/dags/cQuynh.py
Traceback (most recent call last):
  File "/home/airflow/.local/lib/python3.8/site-packages/airflow/models/dagbag.py", line 344, in parse
    loader.exec_module(new_module)
  File "<frozen importlib._bootstrap_external>", line 843, in exec_module
  File "<frozen importlib._bootstrap>", line 219, in _call_with_frames_removed
  File "/opt/airflow/dags/cQuynh.py", line 12, in <module>
    with DAG(
NameError: name 'DAG' is not defined
[2024-01-17T18:03:42.319+0000] {processor.py:842} WARNING - No viable dags retrieved from /opt/airflow/dags/cQuynh.py
[2024-01-17T18:03:42.376+0000] {processor.py:183} INFO - Processing /opt/airflow/dags/cQuynh.py took 0.087 seconds
[2024-01-17T18:04:12.589+0000] {processor.py:161} INFO - Started process (PID=390) to work on /opt/airflow/dags/cQuynh.py
[2024-01-17T18:04:12.591+0000] {processor.py:830} INFO - Processing file /opt/airflow/dags/cQuynh.py for tasks to queue
[2024-01-17T18:04:12.597+0000] {logging_mixin.py:188} INFO - [2024-01-17T18:04:12.596+0000] {dagbag.py:538} INFO - Filling up the DagBag from /opt/airflow/dags/cQuynh.py
[2024-01-17T18:04:12.606+0000] {logging_mixin.py:188} INFO - [2024-01-17T18:04:12.604+0000] {dagbag.py:348} ERROR - Failed to import: /opt/airflow/dags/cQuynh.py
Traceback (most recent call last):
  File "/home/airflow/.local/lib/python3.8/site-packages/airflow/models/dagbag.py", line 344, in parse
    loader.exec_module(new_module)
  File "<frozen importlib._bootstrap_external>", line 843, in exec_module
  File "<frozen importlib._bootstrap>", line 219, in _call_with_frames_removed
  File "/opt/airflow/dags/cQuynh.py", line 12, in <module>
    with DAG(
NameError: name 'DAG' is not defined
[2024-01-17T18:04:12.606+0000] {processor.py:842} WARNING - No viable dags retrieved from /opt/airflow/dags/cQuynh.py
[2024-01-17T18:04:12.638+0000] {processor.py:183} INFO - Processing /opt/airflow/dags/cQuynh.py took 0.062 seconds
[2024-01-17T18:04:43.610+0000] {processor.py:161} INFO - Started process (PID=433) to work on /opt/airflow/dags/cQuynh.py
[2024-01-17T18:04:43.614+0000] {processor.py:830} INFO - Processing file /opt/airflow/dags/cQuynh.py for tasks to queue
[2024-01-17T18:04:43.621+0000] {logging_mixin.py:188} INFO - [2024-01-17T18:04:43.620+0000] {dagbag.py:538} INFO - Filling up the DagBag from /opt/airflow/dags/cQuynh.py
[2024-01-17T18:04:43.630+0000] {logging_mixin.py:188} INFO - [2024-01-17T18:04:43.628+0000] {dagbag.py:348} ERROR - Failed to import: /opt/airflow/dags/cQuynh.py
Traceback (most recent call last):
  File "/home/airflow/.local/lib/python3.8/site-packages/airflow/models/dagbag.py", line 344, in parse
    loader.exec_module(new_module)
  File "<frozen importlib._bootstrap_external>", line 843, in exec_module
  File "<frozen importlib._bootstrap>", line 219, in _call_with_frames_removed
  File "/opt/airflow/dags/cQuynh.py", line 12, in <module>
    with DAG(
NameError: name 'DAG' is not defined
[2024-01-17T18:04:43.630+0000] {processor.py:842} WARNING - No viable dags retrieved from /opt/airflow/dags/cQuynh.py
[2024-01-17T18:04:43.666+0000] {processor.py:183} INFO - Processing /opt/airflow/dags/cQuynh.py took 0.090 seconds
[2024-01-17T18:05:14.014+0000] {processor.py:161} INFO - Started process (PID=476) to work on /opt/airflow/dags/cQuynh.py
[2024-01-17T18:05:14.016+0000] {processor.py:830} INFO - Processing file /opt/airflow/dags/cQuynh.py for tasks to queue
[2024-01-17T18:05:14.022+0000] {logging_mixin.py:188} INFO - [2024-01-17T18:05:14.021+0000] {dagbag.py:538} INFO - Filling up the DagBag from /opt/airflow/dags/cQuynh.py
[2024-01-17T18:05:14.031+0000] {logging_mixin.py:188} INFO - [2024-01-17T18:05:14.029+0000] {dagbag.py:348} ERROR - Failed to import: /opt/airflow/dags/cQuynh.py
Traceback (most recent call last):
  File "/home/airflow/.local/lib/python3.8/site-packages/airflow/models/dagbag.py", line 344, in parse
    loader.exec_module(new_module)
  File "<frozen importlib._bootstrap_external>", line 843, in exec_module
  File "<frozen importlib._bootstrap>", line 219, in _call_with_frames_removed
  File "/opt/airflow/dags/cQuynh.py", line 12, in <module>
    with DAG(
NameError: name 'DAG' is not defined
[2024-01-17T18:05:14.032+0000] {processor.py:842} WARNING - No viable dags retrieved from /opt/airflow/dags/cQuynh.py
[2024-01-17T18:05:14.068+0000] {processor.py:183} INFO - Processing /opt/airflow/dags/cQuynh.py took 0.068 seconds
[2024-01-17T18:05:44.970+0000] {processor.py:161} INFO - Started process (PID=519) to work on /opt/airflow/dags/cQuynh.py
[2024-01-17T18:05:44.972+0000] {processor.py:830} INFO - Processing file /opt/airflow/dags/cQuynh.py for tasks to queue
[2024-01-17T18:05:44.977+0000] {logging_mixin.py:188} INFO - [2024-01-17T18:05:44.976+0000] {dagbag.py:538} INFO - Filling up the DagBag from /opt/airflow/dags/cQuynh.py
[2024-01-17T18:05:44.986+0000] {logging_mixin.py:188} INFO - [2024-01-17T18:05:44.984+0000] {dagbag.py:348} ERROR - Failed to import: /opt/airflow/dags/cQuynh.py
Traceback (most recent call last):
  File "/home/airflow/.local/lib/python3.8/site-packages/airflow/models/dagbag.py", line 344, in parse
    loader.exec_module(new_module)
  File "<frozen importlib._bootstrap_external>", line 843, in exec_module
  File "<frozen importlib._bootstrap>", line 219, in _call_with_frames_removed
  File "/opt/airflow/dags/cQuynh.py", line 12, in <module>
    with DAG(
NameError: name 'DAG' is not defined
[2024-01-17T18:05:44.987+0000] {processor.py:842} WARNING - No viable dags retrieved from /opt/airflow/dags/cQuynh.py
[2024-01-17T18:05:45.036+0000] {processor.py:183} INFO - Processing /opt/airflow/dags/cQuynh.py took 0.095 seconds
[2024-01-17T18:06:15.856+0000] {processor.py:161} INFO - Started process (PID=574) to work on /opt/airflow/dags/cQuynh.py
[2024-01-17T18:06:15.859+0000] {processor.py:830} INFO - Processing file /opt/airflow/dags/cQuynh.py for tasks to queue
[2024-01-17T18:06:15.868+0000] {logging_mixin.py:188} INFO - [2024-01-17T18:06:15.866+0000] {dagbag.py:538} INFO - Filling up the DagBag from /opt/airflow/dags/cQuynh.py
[2024-01-17T18:06:15.898+0000] {logging_mixin.py:188} INFO - [2024-01-17T18:06:15.889+0000] {dagbag.py:348} ERROR - Failed to import: /opt/airflow/dags/cQuynh.py
Traceback (most recent call last):
  File "/home/airflow/.local/lib/python3.8/site-packages/airflow/models/dagbag.py", line 344, in parse
    loader.exec_module(new_module)
  File "<frozen importlib._bootstrap_external>", line 843, in exec_module
  File "<frozen importlib._bootstrap>", line 219, in _call_with_frames_removed
  File "/opt/airflow/dags/cQuynh.py", line 12, in <module>
    with DAG(
NameError: name 'DAG' is not defined
[2024-01-17T18:06:15.900+0000] {processor.py:842} WARNING - No viable dags retrieved from /opt/airflow/dags/cQuynh.py
[2024-01-17T18:06:15.937+0000] {processor.py:183} INFO - Processing /opt/airflow/dags/cQuynh.py took 0.105 seconds
[2024-01-17T18:06:46.933+0000] {processor.py:161} INFO - Started process (PID=617) to work on /opt/airflow/dags/cQuynh.py
[2024-01-17T18:06:46.935+0000] {processor.py:830} INFO - Processing file /opt/airflow/dags/cQuynh.py for tasks to queue
[2024-01-17T18:06:46.946+0000] {logging_mixin.py:188} INFO - [2024-01-17T18:06:46.943+0000] {dagbag.py:538} INFO - Filling up the DagBag from /opt/airflow/dags/cQuynh.py
[2024-01-17T18:06:46.963+0000] {logging_mixin.py:188} INFO - [2024-01-17T18:06:46.961+0000] {dagbag.py:348} ERROR - Failed to import: /opt/airflow/dags/cQuynh.py
Traceback (most recent call last):
  File "/home/airflow/.local/lib/python3.8/site-packages/airflow/models/dagbag.py", line 344, in parse
    loader.exec_module(new_module)
  File "<frozen importlib._bootstrap_external>", line 843, in exec_module
  File "<frozen importlib._bootstrap>", line 219, in _call_with_frames_removed
  File "/opt/airflow/dags/cQuynh.py", line 12, in <module>
    with DAG(
NameError: name 'DAG' is not defined
[2024-01-17T18:06:46.963+0000] {processor.py:842} WARNING - No viable dags retrieved from /opt/airflow/dags/cQuynh.py
[2024-01-17T18:06:47.006+0000] {processor.py:183} INFO - Processing /opt/airflow/dags/cQuynh.py took 0.081 seconds
[2024-01-17T18:07:17.908+0000] {processor.py:161} INFO - Started process (PID=660) to work on /opt/airflow/dags/cQuynh.py
[2024-01-17T18:07:17.910+0000] {processor.py:830} INFO - Processing file /opt/airflow/dags/cQuynh.py for tasks to queue
[2024-01-17T18:07:17.915+0000] {logging_mixin.py:188} INFO - [2024-01-17T18:07:17.914+0000] {dagbag.py:538} INFO - Filling up the DagBag from /opt/airflow/dags/cQuynh.py
[2024-01-17T18:07:17.922+0000] {logging_mixin.py:188} INFO - [2024-01-17T18:07:17.921+0000] {dagbag.py:348} ERROR - Failed to import: /opt/airflow/dags/cQuynh.py
Traceback (most recent call last):
  File "/home/airflow/.local/lib/python3.8/site-packages/airflow/models/dagbag.py", line 344, in parse
    loader.exec_module(new_module)
  File "<frozen importlib._bootstrap_external>", line 843, in exec_module
  File "<frozen importlib._bootstrap>", line 219, in _call_with_frames_removed
  File "/opt/airflow/dags/cQuynh.py", line 12, in <module>
    with DAG(
NameError: name 'DAG' is not defined
[2024-01-17T18:07:17.923+0000] {processor.py:842} WARNING - No viable dags retrieved from /opt/airflow/dags/cQuynh.py
[2024-01-17T18:07:17.952+0000] {processor.py:183} INFO - Processing /opt/airflow/dags/cQuynh.py took 0.052 seconds
[2024-01-17T18:07:48.656+0000] {processor.py:161} INFO - Started process (PID=703) to work on /opt/airflow/dags/cQuynh.py
[2024-01-17T18:07:48.657+0000] {processor.py:830} INFO - Processing file /opt/airflow/dags/cQuynh.py for tasks to queue
[2024-01-17T18:07:48.662+0000] {logging_mixin.py:188} INFO - [2024-01-17T18:07:48.661+0000] {dagbag.py:538} INFO - Filling up the DagBag from /opt/airflow/dags/cQuynh.py
[2024-01-17T18:07:48.668+0000] {logging_mixin.py:188} INFO - [2024-01-17T18:07:48.666+0000] {dagbag.py:348} ERROR - Failed to import: /opt/airflow/dags/cQuynh.py
Traceback (most recent call last):
  File "/home/airflow/.local/lib/python3.8/site-packages/airflow/models/dagbag.py", line 344, in parse
    loader.exec_module(new_module)
  File "<frozen importlib._bootstrap_external>", line 843, in exec_module
  File "<frozen importlib._bootstrap>", line 219, in _call_with_frames_removed
  File "/opt/airflow/dags/cQuynh.py", line 12, in <module>
    with DAG(
NameError: name 'DAG' is not defined
[2024-01-17T18:07:48.668+0000] {processor.py:842} WARNING - No viable dags retrieved from /opt/airflow/dags/cQuynh.py
[2024-01-17T18:07:48.689+0000] {processor.py:183} INFO - Processing /opt/airflow/dags/cQuynh.py took 0.038 seconds
[2024-01-17T18:08:19.520+0000] {processor.py:161} INFO - Started process (PID=746) to work on /opt/airflow/dags/cQuynh.py
[2024-01-17T18:08:19.523+0000] {processor.py:830} INFO - Processing file /opt/airflow/dags/cQuynh.py for tasks to queue
[2024-01-17T18:08:19.532+0000] {logging_mixin.py:188} INFO - [2024-01-17T18:08:19.532+0000] {dagbag.py:538} INFO - Filling up the DagBag from /opt/airflow/dags/cQuynh.py
[2024-01-17T18:08:19.540+0000] {logging_mixin.py:188} INFO - [2024-01-17T18:08:19.538+0000] {dagbag.py:348} ERROR - Failed to import: /opt/airflow/dags/cQuynh.py
Traceback (most recent call last):
  File "/home/airflow/.local/lib/python3.8/site-packages/airflow/models/dagbag.py", line 344, in parse
    loader.exec_module(new_module)
  File "<frozen importlib._bootstrap_external>", line 843, in exec_module
  File "<frozen importlib._bootstrap>", line 219, in _call_with_frames_removed
  File "/opt/airflow/dags/cQuynh.py", line 12, in <module>
    with DAG(
NameError: name 'DAG' is not defined
[2024-01-17T18:08:19.540+0000] {processor.py:842} WARNING - No viable dags retrieved from /opt/airflow/dags/cQuynh.py
[2024-01-17T18:08:19.587+0000] {processor.py:183} INFO - Processing /opt/airflow/dags/cQuynh.py took 0.085 seconds
[2024-01-17T18:08:50.490+0000] {processor.py:161} INFO - Started process (PID=789) to work on /opt/airflow/dags/cQuynh.py
[2024-01-17T18:08:50.493+0000] {processor.py:830} INFO - Processing file /opt/airflow/dags/cQuynh.py for tasks to queue
[2024-01-17T18:08:50.499+0000] {logging_mixin.py:188} INFO - [2024-01-17T18:08:50.499+0000] {dagbag.py:538} INFO - Filling up the DagBag from /opt/airflow/dags/cQuynh.py
[2024-01-17T18:08:50.510+0000] {logging_mixin.py:188} INFO - [2024-01-17T18:08:50.508+0000] {dagbag.py:348} ERROR - Failed to import: /opt/airflow/dags/cQuynh.py
Traceback (most recent call last):
  File "/home/airflow/.local/lib/python3.8/site-packages/airflow/models/dagbag.py", line 344, in parse
    loader.exec_module(new_module)
  File "<frozen importlib._bootstrap_external>", line 843, in exec_module
  File "<frozen importlib._bootstrap>", line 219, in _call_with_frames_removed
  File "/opt/airflow/dags/cQuynh.py", line 12, in <module>
    with DAG(
NameError: name 'DAG' is not defined
[2024-01-17T18:08:50.511+0000] {processor.py:842} WARNING - No viable dags retrieved from /opt/airflow/dags/cQuynh.py
[2024-01-17T18:08:50.549+0000] {processor.py:183} INFO - Processing /opt/airflow/dags/cQuynh.py took 0.080 seconds
[2024-01-17T18:09:21.175+0000] {processor.py:161} INFO - Started process (PID=832) to work on /opt/airflow/dags/cQuynh.py
[2024-01-17T18:09:21.177+0000] {processor.py:830} INFO - Processing file /opt/airflow/dags/cQuynh.py for tasks to queue
[2024-01-17T18:09:21.183+0000] {logging_mixin.py:188} INFO - [2024-01-17T18:09:21.182+0000] {dagbag.py:538} INFO - Filling up the DagBag from /opt/airflow/dags/cQuynh.py
[2024-01-17T18:09:21.191+0000] {logging_mixin.py:188} INFO - [2024-01-17T18:09:21.189+0000] {dagbag.py:348} ERROR - Failed to import: /opt/airflow/dags/cQuynh.py
Traceback (most recent call last):
  File "/home/airflow/.local/lib/python3.8/site-packages/airflow/models/dagbag.py", line 344, in parse
    loader.exec_module(new_module)
  File "<frozen importlib._bootstrap_external>", line 843, in exec_module
  File "<frozen importlib._bootstrap>", line 219, in _call_with_frames_removed
  File "/opt/airflow/dags/cQuynh.py", line 12, in <module>
    with DAG(
NameError: name 'DAG' is not defined
[2024-01-17T18:09:21.191+0000] {processor.py:842} WARNING - No viable dags retrieved from /opt/airflow/dags/cQuynh.py
[2024-01-17T18:09:21.224+0000] {processor.py:183} INFO - Processing /opt/airflow/dags/cQuynh.py took 0.056 seconds
[2024-01-17T18:09:51.876+0000] {processor.py:161} INFO - Started process (PID=875) to work on /opt/airflow/dags/cQuynh.py
[2024-01-17T18:09:51.881+0000] {processor.py:830} INFO - Processing file /opt/airflow/dags/cQuynh.py for tasks to queue
[2024-01-17T18:09:51.890+0000] {logging_mixin.py:188} INFO - [2024-01-17T18:09:51.889+0000] {dagbag.py:538} INFO - Filling up the DagBag from /opt/airflow/dags/cQuynh.py
[2024-01-17T18:09:51.898+0000] {logging_mixin.py:188} INFO - [2024-01-17T18:09:51.896+0000] {dagbag.py:348} ERROR - Failed to import: /opt/airflow/dags/cQuynh.py
Traceback (most recent call last):
  File "/home/airflow/.local/lib/python3.8/site-packages/airflow/models/dagbag.py", line 344, in parse
    loader.exec_module(new_module)
  File "<frozen importlib._bootstrap_external>", line 843, in exec_module
  File "<frozen importlib._bootstrap>", line 219, in _call_with_frames_removed
  File "/opt/airflow/dags/cQuynh.py", line 12, in <module>
    with DAG(
NameError: name 'DAG' is not defined
[2024-01-17T18:09:51.899+0000] {processor.py:842} WARNING - No viable dags retrieved from /opt/airflow/dags/cQuynh.py
[2024-01-17T18:09:51.925+0000] {processor.py:183} INFO - Processing /opt/airflow/dags/cQuynh.py took 0.070 seconds
[2024-01-17T18:10:22.635+0000] {processor.py:161} INFO - Started process (PID=918) to work on /opt/airflow/dags/cQuynh.py
[2024-01-17T18:10:22.637+0000] {processor.py:830} INFO - Processing file /opt/airflow/dags/cQuynh.py for tasks to queue
[2024-01-17T18:10:22.642+0000] {logging_mixin.py:188} INFO - [2024-01-17T18:10:22.641+0000] {dagbag.py:538} INFO - Filling up the DagBag from /opt/airflow/dags/cQuynh.py
[2024-01-17T18:10:22.650+0000] {logging_mixin.py:188} INFO - [2024-01-17T18:10:22.649+0000] {dagbag.py:348} ERROR - Failed to import: /opt/airflow/dags/cQuynh.py
Traceback (most recent call last):
  File "/home/airflow/.local/lib/python3.8/site-packages/airflow/models/dagbag.py", line 344, in parse
    loader.exec_module(new_module)
  File "<frozen importlib._bootstrap_external>", line 843, in exec_module
  File "<frozen importlib._bootstrap>", line 219, in _call_with_frames_removed
  File "/opt/airflow/dags/cQuynh.py", line 12, in <module>
    with DAG(
NameError: name 'DAG' is not defined
[2024-01-17T18:10:22.651+0000] {processor.py:842} WARNING - No viable dags retrieved from /opt/airflow/dags/cQuynh.py
[2024-01-17T18:10:22.677+0000] {processor.py:183} INFO - Processing /opt/airflow/dags/cQuynh.py took 0.051 seconds
[2024-01-17T18:10:53.288+0000] {processor.py:161} INFO - Started process (PID=961) to work on /opt/airflow/dags/cQuynh.py
[2024-01-17T18:10:53.291+0000] {processor.py:830} INFO - Processing file /opt/airflow/dags/cQuynh.py for tasks to queue
[2024-01-17T18:10:53.304+0000] {logging_mixin.py:188} INFO - [2024-01-17T18:10:53.302+0000] {dagbag.py:538} INFO - Filling up the DagBag from /opt/airflow/dags/cQuynh.py
[2024-01-17T18:10:53.321+0000] {logging_mixin.py:188} INFO - [2024-01-17T18:10:53.319+0000] {dagbag.py:348} ERROR - Failed to import: /opt/airflow/dags/cQuynh.py
Traceback (most recent call last):
  File "/home/airflow/.local/lib/python3.8/site-packages/airflow/models/dagbag.py", line 344, in parse
    loader.exec_module(new_module)
  File "<frozen importlib._bootstrap_external>", line 843, in exec_module
  File "<frozen importlib._bootstrap>", line 219, in _call_with_frames_removed
  File "/opt/airflow/dags/cQuynh.py", line 12, in <module>
    with DAG(
NameError: name 'DAG' is not defined
[2024-01-17T18:10:53.322+0000] {processor.py:842} WARNING - No viable dags retrieved from /opt/airflow/dags/cQuynh.py
[2024-01-17T18:10:53.351+0000] {processor.py:183} INFO - Processing /opt/airflow/dags/cQuynh.py took 0.076 seconds
[2024-01-17T18:11:24.089+0000] {processor.py:161} INFO - Started process (PID=1004) to work on /opt/airflow/dags/cQuynh.py
[2024-01-17T18:11:24.091+0000] {processor.py:830} INFO - Processing file /opt/airflow/dags/cQuynh.py for tasks to queue
[2024-01-17T18:11:24.097+0000] {logging_mixin.py:188} INFO - [2024-01-17T18:11:24.096+0000] {dagbag.py:538} INFO - Filling up the DagBag from /opt/airflow/dags/cQuynh.py
[2024-01-17T18:11:24.105+0000] {logging_mixin.py:188} INFO - [2024-01-17T18:11:24.103+0000] {dagbag.py:348} ERROR - Failed to import: /opt/airflow/dags/cQuynh.py
Traceback (most recent call last):
  File "/home/airflow/.local/lib/python3.8/site-packages/airflow/models/dagbag.py", line 344, in parse
    loader.exec_module(new_module)
  File "<frozen importlib._bootstrap_external>", line 843, in exec_module
  File "<frozen importlib._bootstrap>", line 219, in _call_with_frames_removed
  File "/opt/airflow/dags/cQuynh.py", line 12, in <module>
    with DAG(
NameError: name 'DAG' is not defined
[2024-01-17T18:11:24.106+0000] {processor.py:842} WARNING - No viable dags retrieved from /opt/airflow/dags/cQuynh.py
[2024-01-17T18:11:24.136+0000] {processor.py:183} INFO - Processing /opt/airflow/dags/cQuynh.py took 0.055 seconds
[2024-01-17T18:11:54.845+0000] {processor.py:161} INFO - Started process (PID=1047) to work on /opt/airflow/dags/cQuynh.py
[2024-01-17T18:11:54.850+0000] {processor.py:830} INFO - Processing file /opt/airflow/dags/cQuynh.py for tasks to queue
[2024-01-17T18:11:54.859+0000] {logging_mixin.py:188} INFO - [2024-01-17T18:11:54.858+0000] {dagbag.py:538} INFO - Filling up the DagBag from /opt/airflow/dags/cQuynh.py
[2024-01-17T18:11:54.868+0000] {logging_mixin.py:188} INFO - [2024-01-17T18:11:54.866+0000] {dagbag.py:348} ERROR - Failed to import: /opt/airflow/dags/cQuynh.py
Traceback (most recent call last):
  File "/home/airflow/.local/lib/python3.8/site-packages/airflow/models/dagbag.py", line 344, in parse
    loader.exec_module(new_module)
  File "<frozen importlib._bootstrap_external>", line 843, in exec_module
  File "<frozen importlib._bootstrap>", line 219, in _call_with_frames_removed
  File "/opt/airflow/dags/cQuynh.py", line 12, in <module>
    with DAG(
NameError: name 'DAG' is not defined
[2024-01-17T18:11:54.869+0000] {processor.py:842} WARNING - No viable dags retrieved from /opt/airflow/dags/cQuynh.py
[2024-01-17T18:11:54.916+0000] {processor.py:183} INFO - Processing /opt/airflow/dags/cQuynh.py took 0.087 seconds
[2024-01-17T18:12:25.212+0000] {processor.py:161} INFO - Started process (PID=1090) to work on /opt/airflow/dags/cQuynh.py
[2024-01-17T18:12:25.213+0000] {processor.py:830} INFO - Processing file /opt/airflow/dags/cQuynh.py for tasks to queue
[2024-01-17T18:12:25.219+0000] {logging_mixin.py:188} INFO - [2024-01-17T18:12:25.218+0000] {dagbag.py:538} INFO - Filling up the DagBag from /opt/airflow/dags/cQuynh.py
[2024-01-17T18:12:25.228+0000] {logging_mixin.py:188} INFO - [2024-01-17T18:12:25.226+0000] {dagbag.py:348} ERROR - Failed to import: /opt/airflow/dags/cQuynh.py
Traceback (most recent call last):
  File "/home/airflow/.local/lib/python3.8/site-packages/airflow/models/dagbag.py", line 344, in parse
    loader.exec_module(new_module)
  File "<frozen importlib._bootstrap_external>", line 843, in exec_module
  File "<frozen importlib._bootstrap>", line 219, in _call_with_frames_removed
  File "/opt/airflow/dags/cQuynh.py", line 12, in <module>
    with DAG(
NameError: name 'DAG' is not defined
[2024-01-17T18:12:25.228+0000] {processor.py:842} WARNING - No viable dags retrieved from /opt/airflow/dags/cQuynh.py
[2024-01-17T18:12:25.259+0000] {processor.py:183} INFO - Processing /opt/airflow/dags/cQuynh.py took 0.055 seconds
[2024-01-17T18:12:55.778+0000] {processor.py:161} INFO - Started process (PID=1133) to work on /opt/airflow/dags/cQuynh.py
[2024-01-17T18:12:55.781+0000] {processor.py:830} INFO - Processing file /opt/airflow/dags/cQuynh.py for tasks to queue
[2024-01-17T18:12:55.786+0000] {logging_mixin.py:188} INFO - [2024-01-17T18:12:55.785+0000] {dagbag.py:538} INFO - Filling up the DagBag from /opt/airflow/dags/cQuynh.py
[2024-01-17T18:12:55.794+0000] {logging_mixin.py:188} INFO - [2024-01-17T18:12:55.792+0000] {dagbag.py:348} ERROR - Failed to import: /opt/airflow/dags/cQuynh.py
Traceback (most recent call last):
  File "/home/airflow/.local/lib/python3.8/site-packages/airflow/models/dagbag.py", line 344, in parse
    loader.exec_module(new_module)
  File "<frozen importlib._bootstrap_external>", line 843, in exec_module
  File "<frozen importlib._bootstrap>", line 219, in _call_with_frames_removed
  File "/opt/airflow/dags/cQuynh.py", line 12, in <module>
    with DAG(
NameError: name 'DAG' is not defined
[2024-01-17T18:12:55.794+0000] {processor.py:842} WARNING - No viable dags retrieved from /opt/airflow/dags/cQuynh.py
[2024-01-17T18:12:55.841+0000] {processor.py:183} INFO - Processing /opt/airflow/dags/cQuynh.py took 0.071 seconds
[2024-01-17T18:13:26.453+0000] {processor.py:161} INFO - Started process (PID=1176) to work on /opt/airflow/dags/cQuynh.py
[2024-01-17T18:13:26.454+0000] {processor.py:830} INFO - Processing file /opt/airflow/dags/cQuynh.py for tasks to queue
[2024-01-17T18:13:26.459+0000] {logging_mixin.py:188} INFO - [2024-01-17T18:13:26.458+0000] {dagbag.py:538} INFO - Filling up the DagBag from /opt/airflow/dags/cQuynh.py
[2024-01-17T18:13:26.467+0000] {logging_mixin.py:188} INFO - [2024-01-17T18:13:26.465+0000] {dagbag.py:348} ERROR - Failed to import: /opt/airflow/dags/cQuynh.py
Traceback (most recent call last):
  File "/home/airflow/.local/lib/python3.8/site-packages/airflow/models/dagbag.py", line 344, in parse
    loader.exec_module(new_module)
  File "<frozen importlib._bootstrap_external>", line 843, in exec_module
  File "<frozen importlib._bootstrap>", line 219, in _call_with_frames_removed
  File "/opt/airflow/dags/cQuynh.py", line 12, in <module>
    with DAG(
NameError: name 'DAG' is not defined
[2024-01-17T18:13:26.467+0000] {processor.py:842} WARNING - No viable dags retrieved from /opt/airflow/dags/cQuynh.py
[2024-01-17T18:13:26.494+0000] {processor.py:183} INFO - Processing /opt/airflow/dags/cQuynh.py took 0.048 seconds
[2024-01-17T18:13:56.740+0000] {processor.py:161} INFO - Started process (PID=1219) to work on /opt/airflow/dags/cQuynh.py
[2024-01-17T18:13:56.742+0000] {processor.py:830} INFO - Processing file /opt/airflow/dags/cQuynh.py for tasks to queue
[2024-01-17T18:13:56.748+0000] {logging_mixin.py:188} INFO - [2024-01-17T18:13:56.747+0000] {dagbag.py:538} INFO - Filling up the DagBag from /opt/airflow/dags/cQuynh.py
[2024-01-17T18:13:56.763+0000] {logging_mixin.py:188} INFO - [2024-01-17T18:13:56.754+0000] {dagbag.py:348} ERROR - Failed to import: /opt/airflow/dags/cQuynh.py
Traceback (most recent call last):
  File "/home/airflow/.local/lib/python3.8/site-packages/airflow/models/dagbag.py", line 344, in parse
    loader.exec_module(new_module)
  File "<frozen importlib._bootstrap_external>", line 843, in exec_module
  File "<frozen importlib._bootstrap>", line 219, in _call_with_frames_removed
  File "/opt/airflow/dags/cQuynh.py", line 12, in <module>
    with DAG(
NameError: name 'DAG' is not defined
[2024-01-17T18:13:56.763+0000] {processor.py:842} WARNING - No viable dags retrieved from /opt/airflow/dags/cQuynh.py
[2024-01-17T18:13:56.796+0000] {processor.py:183} INFO - Processing /opt/airflow/dags/cQuynh.py took 0.063 seconds
[2024-01-17T18:14:27.350+0000] {processor.py:161} INFO - Started process (PID=1262) to work on /opt/airflow/dags/cQuynh.py
[2024-01-17T18:14:27.352+0000] {processor.py:830} INFO - Processing file /opt/airflow/dags/cQuynh.py for tasks to queue
[2024-01-17T18:14:27.357+0000] {logging_mixin.py:188} INFO - [2024-01-17T18:14:27.357+0000] {dagbag.py:538} INFO - Filling up the DagBag from /opt/airflow/dags/cQuynh.py
[2024-01-17T18:14:27.365+0000] {logging_mixin.py:188} INFO - [2024-01-17T18:14:27.364+0000] {dagbag.py:348} ERROR - Failed to import: /opt/airflow/dags/cQuynh.py
Traceback (most recent call last):
  File "/home/airflow/.local/lib/python3.8/site-packages/airflow/models/dagbag.py", line 344, in parse
    loader.exec_module(new_module)
  File "<frozen importlib._bootstrap_external>", line 843, in exec_module
  File "<frozen importlib._bootstrap>", line 219, in _call_with_frames_removed
  File "/opt/airflow/dags/cQuynh.py", line 12, in <module>
    with DAG(
NameError: name 'DAG' is not defined
[2024-01-17T18:14:27.366+0000] {processor.py:842} WARNING - No viable dags retrieved from /opt/airflow/dags/cQuynh.py
[2024-01-17T18:14:27.392+0000] {processor.py:183} INFO - Processing /opt/airflow/dags/cQuynh.py took 0.049 seconds
[2024-01-17T18:14:58.045+0000] {processor.py:161} INFO - Started process (PID=1305) to work on /opt/airflow/dags/cQuynh.py
[2024-01-17T18:14:58.048+0000] {processor.py:830} INFO - Processing file /opt/airflow/dags/cQuynh.py for tasks to queue
[2024-01-17T18:14:58.068+0000] {logging_mixin.py:188} INFO - [2024-01-17T18:14:58.067+0000] {dagbag.py:538} INFO - Filling up the DagBag from /opt/airflow/dags/cQuynh.py
[2024-01-17T18:14:58.078+0000] {logging_mixin.py:188} INFO - [2024-01-17T18:14:58.076+0000] {dagbag.py:348} ERROR - Failed to import: /opt/airflow/dags/cQuynh.py
Traceback (most recent call last):
  File "/home/airflow/.local/lib/python3.8/site-packages/airflow/models/dagbag.py", line 344, in parse
    loader.exec_module(new_module)
  File "<frozen importlib._bootstrap_external>", line 843, in exec_module
  File "<frozen importlib._bootstrap>", line 219, in _call_with_frames_removed
  File "/opt/airflow/dags/cQuynh.py", line 12, in <module>
    with DAG(
NameError: name 'DAG' is not defined
[2024-01-17T18:14:58.078+0000] {processor.py:842} WARNING - No viable dags retrieved from /opt/airflow/dags/cQuynh.py
[2024-01-17T18:14:58.113+0000] {processor.py:183} INFO - Processing /opt/airflow/dags/cQuynh.py took 0.084 seconds
[2024-01-17T18:15:28.494+0000] {processor.py:161} INFO - Started process (PID=1348) to work on /opt/airflow/dags/cQuynh.py
[2024-01-17T18:15:28.503+0000] {processor.py:830} INFO - Processing file /opt/airflow/dags/cQuynh.py for tasks to queue
[2024-01-17T18:15:28.511+0000] {logging_mixin.py:188} INFO - [2024-01-17T18:15:28.510+0000] {dagbag.py:538} INFO - Filling up the DagBag from /opt/airflow/dags/cQuynh.py
[2024-01-17T18:15:28.533+0000] {logging_mixin.py:188} INFO - [2024-01-17T18:15:28.521+0000] {dagbag.py:348} ERROR - Failed to import: /opt/airflow/dags/cQuynh.py
Traceback (most recent call last):
  File "/home/airflow/.local/lib/python3.8/site-packages/airflow/models/dagbag.py", line 344, in parse
    loader.exec_module(new_module)
  File "<frozen importlib._bootstrap_external>", line 843, in exec_module
  File "<frozen importlib._bootstrap>", line 219, in _call_with_frames_removed
  File "/opt/airflow/dags/cQuynh.py", line 12, in <module>
    with DAG(
NameError: name 'DAG' is not defined
[2024-01-17T18:15:28.536+0000] {processor.py:842} WARNING - No viable dags retrieved from /opt/airflow/dags/cQuynh.py
[2024-01-17T18:15:28.611+0000] {processor.py:183} INFO - Processing /opt/airflow/dags/cQuynh.py took 0.143 seconds
[2024-01-17T18:15:59.527+0000] {processor.py:161} INFO - Started process (PID=1391) to work on /opt/airflow/dags/cQuynh.py
[2024-01-17T18:15:59.530+0000] {processor.py:830} INFO - Processing file /opt/airflow/dags/cQuynh.py for tasks to queue
[2024-01-17T18:15:59.534+0000] {logging_mixin.py:188} INFO - [2024-01-17T18:15:59.534+0000] {dagbag.py:538} INFO - Filling up the DagBag from /opt/airflow/dags/cQuynh.py
[2024-01-17T18:15:59.542+0000] {logging_mixin.py:188} INFO - [2024-01-17T18:15:59.540+0000] {dagbag.py:348} ERROR - Failed to import: /opt/airflow/dags/cQuynh.py
Traceback (most recent call last):
  File "/home/airflow/.local/lib/python3.8/site-packages/airflow/models/dagbag.py", line 344, in parse
    loader.exec_module(new_module)
  File "<frozen importlib._bootstrap_external>", line 843, in exec_module
  File "<frozen importlib._bootstrap>", line 219, in _call_with_frames_removed
  File "/opt/airflow/dags/cQuynh.py", line 12, in <module>
    with DAG(
NameError: name 'DAG' is not defined
[2024-01-17T18:15:59.543+0000] {processor.py:842} WARNING - No viable dags retrieved from /opt/airflow/dags/cQuynh.py
[2024-01-17T18:15:59.564+0000] {processor.py:183} INFO - Processing /opt/airflow/dags/cQuynh.py took 0.046 seconds
[2024-01-17T18:16:30.095+0000] {processor.py:161} INFO - Started process (PID=1434) to work on /opt/airflow/dags/cQuynh.py
[2024-01-17T18:16:30.099+0000] {processor.py:830} INFO - Processing file /opt/airflow/dags/cQuynh.py for tasks to queue
[2024-01-17T18:16:30.104+0000] {logging_mixin.py:188} INFO - [2024-01-17T18:16:30.104+0000] {dagbag.py:538} INFO - Filling up the DagBag from /opt/airflow/dags/cQuynh.py
[2024-01-17T18:16:30.122+0000] {logging_mixin.py:188} INFO - [2024-01-17T18:16:30.116+0000] {dagbag.py:348} ERROR - Failed to import: /opt/airflow/dags/cQuynh.py
Traceback (most recent call last):
  File "/home/airflow/.local/lib/python3.8/site-packages/airflow/models/dagbag.py", line 344, in parse
    loader.exec_module(new_module)
  File "<frozen importlib._bootstrap_external>", line 843, in exec_module
  File "<frozen importlib._bootstrap>", line 219, in _call_with_frames_removed
  File "/opt/airflow/dags/cQuynh.py", line 12, in <module>
    with DAG(
NameError: name 'DAG' is not defined
[2024-01-17T18:16:30.125+0000] {processor.py:842} WARNING - No viable dags retrieved from /opt/airflow/dags/cQuynh.py
[2024-01-17T18:16:30.165+0000] {processor.py:183} INFO - Processing /opt/airflow/dags/cQuynh.py took 0.080 seconds
[2024-01-17T18:17:00.969+0000] {processor.py:161} INFO - Started process (PID=1477) to work on /opt/airflow/dags/cQuynh.py
[2024-01-17T18:17:00.973+0000] {processor.py:830} INFO - Processing file /opt/airflow/dags/cQuynh.py for tasks to queue
[2024-01-17T18:17:00.979+0000] {logging_mixin.py:188} INFO - [2024-01-17T18:17:00.979+0000] {dagbag.py:538} INFO - Filling up the DagBag from /opt/airflow/dags/cQuynh.py
[2024-01-17T18:17:00.989+0000] {logging_mixin.py:188} INFO - [2024-01-17T18:17:00.987+0000] {dagbag.py:348} ERROR - Failed to import: /opt/airflow/dags/cQuynh.py
Traceback (most recent call last):
  File "/home/airflow/.local/lib/python3.8/site-packages/airflow/models/dagbag.py", line 344, in parse
    loader.exec_module(new_module)
  File "<frozen importlib._bootstrap_external>", line 843, in exec_module
  File "<frozen importlib._bootstrap>", line 219, in _call_with_frames_removed
  File "/opt/airflow/dags/cQuynh.py", line 12, in <module>
    with DAG(
NameError: name 'DAG' is not defined
[2024-01-17T18:17:00.990+0000] {processor.py:842} WARNING - No viable dags retrieved from /opt/airflow/dags/cQuynh.py
[2024-01-17T18:17:01.021+0000] {processor.py:183} INFO - Processing /opt/airflow/dags/cQuynh.py took 0.061 seconds
[2024-01-17T18:17:31.097+0000] {processor.py:161} INFO - Started process (PID=1520) to work on /opt/airflow/dags/cQuynh.py
[2024-01-17T18:17:31.099+0000] {processor.py:830} INFO - Processing file /opt/airflow/dags/cQuynh.py for tasks to queue
[2024-01-17T18:17:31.104+0000] {logging_mixin.py:188} INFO - [2024-01-17T18:17:31.103+0000] {dagbag.py:538} INFO - Filling up the DagBag from /opt/airflow/dags/cQuynh.py
[2024-01-17T18:17:31.113+0000] {logging_mixin.py:188} INFO - [2024-01-17T18:17:31.111+0000] {dagbag.py:348} ERROR - Failed to import: /opt/airflow/dags/cQuynh.py
Traceback (most recent call last):
  File "/home/airflow/.local/lib/python3.8/site-packages/airflow/models/dagbag.py", line 344, in parse
    loader.exec_module(new_module)
  File "<frozen importlib._bootstrap_external>", line 843, in exec_module
  File "<frozen importlib._bootstrap>", line 219, in _call_with_frames_removed
  File "/opt/airflow/dags/cQuynh.py", line 12, in <module>
    with DAG(
NameError: name 'DAG' is not defined
[2024-01-17T18:17:31.113+0000] {processor.py:842} WARNING - No viable dags retrieved from /opt/airflow/dags/cQuynh.py
[2024-01-17T18:17:31.160+0000] {processor.py:183} INFO - Processing /opt/airflow/dags/cQuynh.py took 0.073 seconds
[2024-01-17T18:18:01.373+0000] {processor.py:161} INFO - Started process (PID=1554) to work on /opt/airflow/dags/cQuynh.py
[2024-01-17T18:18:01.376+0000] {processor.py:830} INFO - Processing file /opt/airflow/dags/cQuynh.py for tasks to queue
[2024-01-17T18:18:01.382+0000] {logging_mixin.py:188} INFO - [2024-01-17T18:18:01.381+0000] {dagbag.py:538} INFO - Filling up the DagBag from /opt/airflow/dags/cQuynh.py
[2024-01-17T18:18:01.390+0000] {logging_mixin.py:188} INFO - [2024-01-17T18:18:01.388+0000] {dagbag.py:348} ERROR - Failed to import: /opt/airflow/dags/cQuynh.py
Traceback (most recent call last):
  File "/home/airflow/.local/lib/python3.8/site-packages/airflow/models/dagbag.py", line 344, in parse
    loader.exec_module(new_module)
  File "<frozen importlib._bootstrap_external>", line 843, in exec_module
  File "<frozen importlib._bootstrap>", line 219, in _call_with_frames_removed
  File "/opt/airflow/dags/cQuynh.py", line 12, in <module>
    with DAG(
NameError: name 'DAG' is not defined
[2024-01-17T18:18:01.391+0000] {processor.py:842} WARNING - No viable dags retrieved from /opt/airflow/dags/cQuynh.py
[2024-01-17T18:18:01.437+0000] {processor.py:183} INFO - Processing /opt/airflow/dags/cQuynh.py took 0.069 seconds
[2024-01-17T18:18:31.849+0000] {processor.py:161} INFO - Started process (PID=1594) to work on /opt/airflow/dags/cQuynh.py
[2024-01-17T18:18:31.851+0000] {processor.py:830} INFO - Processing file /opt/airflow/dags/cQuynh.py for tasks to queue
[2024-01-17T18:18:31.856+0000] {logging_mixin.py:188} INFO - [2024-01-17T18:18:31.855+0000] {dagbag.py:538} INFO - Filling up the DagBag from /opt/airflow/dags/cQuynh.py
[2024-01-17T18:18:31.864+0000] {logging_mixin.py:188} INFO - [2024-01-17T18:18:31.862+0000] {dagbag.py:348} ERROR - Failed to import: /opt/airflow/dags/cQuynh.py
Traceback (most recent call last):
  File "/home/airflow/.local/lib/python3.8/site-packages/airflow/models/dagbag.py", line 344, in parse
    loader.exec_module(new_module)
  File "<frozen importlib._bootstrap_external>", line 843, in exec_module
  File "<frozen importlib._bootstrap>", line 219, in _call_with_frames_removed
  File "/opt/airflow/dags/cQuynh.py", line 12, in <module>
    with DAG(
NameError: name 'DAG' is not defined
[2024-01-17T18:18:31.864+0000] {processor.py:842} WARNING - No viable dags retrieved from /opt/airflow/dags/cQuynh.py
[2024-01-17T18:18:31.893+0000] {processor.py:183} INFO - Processing /opt/airflow/dags/cQuynh.py took 0.050 seconds
[2024-01-17T18:19:02.393+0000] {processor.py:161} INFO - Started process (PID=1637) to work on /opt/airflow/dags/cQuynh.py
[2024-01-17T18:19:02.396+0000] {processor.py:830} INFO - Processing file /opt/airflow/dags/cQuynh.py for tasks to queue
[2024-01-17T18:19:02.401+0000] {logging_mixin.py:188} INFO - [2024-01-17T18:19:02.400+0000] {dagbag.py:538} INFO - Filling up the DagBag from /opt/airflow/dags/cQuynh.py
[2024-01-17T18:19:02.410+0000] {logging_mixin.py:188} INFO - [2024-01-17T18:19:02.408+0000] {dagbag.py:348} ERROR - Failed to import: /opt/airflow/dags/cQuynh.py
Traceback (most recent call last):
  File "/home/airflow/.local/lib/python3.8/site-packages/airflow/models/dagbag.py", line 344, in parse
    loader.exec_module(new_module)
  File "<frozen importlib._bootstrap_external>", line 843, in exec_module
  File "<frozen importlib._bootstrap>", line 219, in _call_with_frames_removed
  File "/opt/airflow/dags/cQuynh.py", line 12, in <module>
    with DAG(
NameError: name 'DAG' is not defined
[2024-01-17T18:19:02.410+0000] {processor.py:842} WARNING - No viable dags retrieved from /opt/airflow/dags/cQuynh.py
[2024-01-17T18:19:02.480+0000] {processor.py:183} INFO - Processing /opt/airflow/dags/cQuynh.py took 0.094 seconds
