[2024-01-04T06:09:51.385+0000] {taskinstance.py:1159} INFO - Dependencies all met for dep_context=non-requeueable deps ti=<TaskInstance: sql_example.create_update_fact_order scheduled__2024-01-03T00:00:00+00:00 [queued]>
[2024-01-04T06:09:51.423+0000] {taskinstance.py:1159} INFO - Dependencies all met for dep_context=requeueable deps ti=<TaskInstance: sql_example.create_update_fact_order scheduled__2024-01-03T00:00:00+00:00 [queued]>
[2024-01-04T06:09:51.427+0000] {taskinstance.py:1361} INFO - Starting attempt 1 of 0
[2024-01-04T06:09:51.498+0000] {taskinstance.py:1382} INFO - Executing <Task(BigQueryExecuteQueryOperator): create_update_fact_order> on 2024-01-03 00:00:00+00:00
[2024-01-04T06:09:51.531+0000] {standard_task_runner.py:57} INFO - Started process 245 to run task
[2024-01-04T06:09:51.563+0000] {standard_task_runner.py:84} INFO - Running: ['***', 'tasks', 'run', 'sql_example', 'create_update_fact_order', 'scheduled__2024-01-03T00:00:00+00:00', '--job-id', '210', '--raw', '--subdir', 'DAGS_FOLDER/data_transform_BQ.py', '--cfg-path', '/tmp/tmp5y7ux3ir']
[2024-01-04T06:09:51.582+0000] {standard_task_runner.py:85} INFO - Job 210: Subtask create_update_fact_order
[2024-01-04T06:09:51.834+0000] {task_command.py:416} INFO - Running <TaskInstance: sql_example.create_update_fact_order scheduled__2024-01-03T00:00:00+00:00 [running]> on host 812d78d3a260
[2024-01-04T06:09:52.140+0000] {taskinstance.py:1662} INFO - Exporting env vars: AIRFLOW_CTX_DAG_OWNER='phungquan' AIRFLOW_CTX_DAG_ID='sql_example' AIRFLOW_CTX_TASK_ID='create_update_fact_order' AIRFLOW_CTX_EXECUTION_DATE='2024-01-03T00:00:00+00:00' AIRFLOW_CTX_TRY_NUMBER='1' AIRFLOW_CTX_DAG_RUN_ID='scheduled__2024-01-03T00:00:00+00:00'
[2024-01-04T06:09:52.145+0000] {bigquery.py:1241} INFO - Executing: 
Drop table LanhDataset.Fact_Order;
CREATE TABLE LanhDataset.Fact_Order (
      OrderID        INT, 
      ProductID      INT,
      CustomerID     STRING,
      OrderDate      Date,
      UnitPrice      FLOAT64,
      Quantity       INT,
      Discount       FLOAT64,
      Revenue        Float64,
      Discount_Money Float64
  -- Add other columns as needed
);




INSERT INTO `LanhDataset.Fact_Order` (OrderID, ProductID, UnitPrice,Quantity,Discount)
SELECT OrderID, ProductID, UnitPrice,Quantity,Discount
FROM `OLTP.Order_details`;

UPDATE `LanhDataset.Fact_Order` AS fact
SET CustomerID = `OLTP.Orders`.CustomerID
FROM `OLTP.Orders` 
WHERE fact.OrderID = `OLTP.Orders`.OrderID;


UPDATE `LanhDataset.Fact_Order` AS fact
SET OrderDate = `OLTP.Orders`.OrderDate
FROM `OLTP.Orders` 
WHERE fact.OrderID = `OLTP.Orders`.OrderID;

UPDATE `LanhDataset.Fact_Order` AS fact
SET Revenue = fact.UnitPrice*fact.Quantity*(1-fact.Discount)
WHERE true;

UPDATE `LanhDataset.Fact_Order` AS fact
SET Discount_Money = fact.UnitPrice*fact.Quantity*fact.Discount
WHERE true;






[2024-01-04T06:09:52.241+0000] {connection.py:232} WARNING - Connection schemes (type: google_cloud_platform) shall not contain '_' according to RFC3986.
[2024-01-04T06:09:52.248+0000] {base.py:73} INFO - Using connection ID 'google_cloud_default' for task execution.
[2024-01-04T06:09:52.267+0000] {logging_mixin.py:154} WARNING - /home/***/.local/lib/python3.8/site-packages/***/providers/google/cloud/hooks/bigquery.py:2108 AirflowProviderDeprecationWarning: This method is deprecated. Please use `BigQueryHook.insert_job` method.
[2024-01-04T06:09:52.268+0000] {credentials_provider.py:353} INFO - Getting connection using `google.auth.default()` since no explicit credentials are provided.
[2024-01-04T06:09:52.436+0000] {bigquery.py:1595} INFO - Inserting job ***_1704348592429051_76bfd2da4e15af2327afc2aa9e0b19d7
[2024-01-04T06:10:10.056+0000] {taskinstance.py:1400} INFO - Marking task as SUCCESS. dag_id=sql_example, task_id=create_update_fact_order, execution_date=20240103T000000, start_date=20240104T060951, end_date=20240104T061010
[2024-01-04T06:10:10.179+0000] {local_task_job_runner.py:228} INFO - Task exited with return code 0
[2024-01-04T06:10:10.335+0000] {taskinstance.py:2778} INFO - 0 downstream tasks scheduled from follow-on schedule check
