[2024-01-18T00:38:53.422+0000] {taskinstance.py:1957} INFO - Dependencies all met for dep_context=non-requeueable deps ti=<TaskInstance: OLTP_to_OLAP.create_update_dim_date manual__2024-01-18T00:38:46.368126+00:00 [queued]>
[2024-01-18T00:38:53.471+0000] {taskinstance.py:1957} INFO - Dependencies all met for dep_context=requeueable deps ti=<TaskInstance: OLTP_to_OLAP.create_update_dim_date manual__2024-01-18T00:38:46.368126+00:00 [queued]>
[2024-01-18T00:38:53.473+0000] {taskinstance.py:2171} INFO - Starting attempt 1 of 0
[2024-01-18T00:38:53.555+0000] {taskinstance.py:2192} INFO - Executing <Task(BigQueryExecuteQueryOperator): create_update_dim_date> on 2024-01-18 00:38:46.368126+00:00
[2024-01-18T00:38:53.632+0000] {standard_task_runner.py:60} INFO - Started process 8744 to run task
[2024-01-18T00:38:53.661+0000] {standard_task_runner.py:87} INFO - Running: ['***', 'tasks', 'run', 'OLTP_to_OLAP', 'create_update_dim_date', 'manual__2024-01-18T00:38:46.368126+00:00', '--job-id', '94', '--raw', '--subdir', 'DAGS_FOLDER/data_transform_BQ.py', '--cfg-path', '/tmp/tmpym12kbf_']
[2024-01-18T00:38:53.686+0000] {standard_task_runner.py:88} INFO - Job 94: Subtask create_update_dim_date
[2024-01-18T00:38:54.105+0000] {task_command.py:423} INFO - Running <TaskInstance: OLTP_to_OLAP.create_update_dim_date manual__2024-01-18T00:38:46.368126+00:00 [running]> on host 0d972f4a0fb8
[2024-01-18T00:38:54.585+0000] {taskinstance.py:2481} INFO - Exporting env vars: AIRFLOW_CTX_DAG_OWNER='phungquan' AIRFLOW_CTX_DAG_ID='OLTP_to_OLAP' AIRFLOW_CTX_TASK_ID='create_update_dim_date' AIRFLOW_CTX_EXECUTION_DATE='2024-01-18T00:38:46.368126+00:00' AIRFLOW_CTX_TRY_NUMBER='1' AIRFLOW_CTX_DAG_RUN_ID='manual__2024-01-18T00:38:46.368126+00:00'
[2024-01-18T00:38:54.597+0000] {bigquery.py:1245} INFO - Executing: --  Tạo bảng Dim_Date
CREATE OR REPLACE TABLE `OLAP.Dim_Date` AS
SELECT
  date AS Date,
  EXTRACT(YEAR FROM date) AS Year,
  EXTRACT(MONTH FROM date) AS Month,
  EXTRACT(DAY FROM date) AS Day,
  FORMAT_DATE('%A', date) AS DayName,
  EXTRACT(QUARTER FROM date) AS Quarter
FROM UNNEST(GENERATE_DATE_ARRAY(
  (SELECT MIN(CAST(OrderDate AS DATE)) FROM `OLTP.Orders`),  -- Cast OrderDate to DATE
  (SELECT MAX(CAST(OrderDate AS DATE)) FROM `OLTP.Orders`),  -- Cast OrderDate to DATE
  INTERVAL 1 DAY
)) AS date;

ALTER TABLE `OLAP.Dim_Date`
ADD COLUMN IsWeekend BOOL;
UPDATE `OLAP.Dim_Date`
SET IsWeekend = 
  CASE WHEN EXTRACT(DAYOFWEEK FROM Date) IN (1, 7) THEN TRUE ELSE FALSE END
WHERE true;


[2024-01-18T00:38:54.643+0000] {connection.py:234} WARNING - Connection schemes (type: google_cloud_platform) shall not contain '_' according to RFC3986.
[2024-01-18T00:38:54.646+0000] {base.py:83} INFO - Using connection ID 'google_cloud_default' for task execution.
[2024-01-18T00:38:54.666+0000] {logging_mixin.py:188} WARNING - /home/***/.local/lib/python3.8/site-packages/***/providers/google/cloud/hooks/bigquery.py:2109 AirflowProviderDeprecationWarning: This method is deprecated. Please use `BigQueryHook.insert_job` method.
[2024-01-18T00:38:54.669+0000] {credentials_provider.py:353} INFO - Getting connection using `google.auth.default()` since no explicit credentials are provided.
[2024-01-18T00:38:54.826+0000] {bigquery.py:1596} INFO - Inserting job ***_1705538334822515_4c96be371b44b2eb97a06034f616864d
[2024-01-18T00:39:00.050+0000] {taskinstance.py:1138} INFO - Marking task as SUCCESS. dag_id=OLTP_to_OLAP, task_id=create_update_dim_date, execution_date=20240118T003846, start_date=20240118T003853, end_date=20240118T003900
[2024-01-18T00:39:00.115+0000] {local_task_job_runner.py:234} INFO - Task exited with return code 0
[2024-01-18T00:39:00.163+0000] {taskinstance.py:3281} INFO - 1 downstream tasks scheduled from follow-on schedule check
