[2024-01-17T12:40:13.558+0000] {taskinstance.py:1957} INFO - Dependencies all met for dep_context=non-requeueable deps ti=<TaskInstance: sql_example.create_update_fact_table_temp manual__2024-01-17T12:39:50.292858+00:00 [queued]>
[2024-01-17T12:40:13.564+0000] {taskinstance.py:1957} INFO - Dependencies all met for dep_context=requeueable deps ti=<TaskInstance: sql_example.create_update_fact_table_temp manual__2024-01-17T12:39:50.292858+00:00 [queued]>
[2024-01-17T12:40:13.565+0000] {taskinstance.py:2171} INFO - Starting attempt 1 of 0
[2024-01-17T12:40:13.575+0000] {taskinstance.py:2192} INFO - Executing <Task(BigQueryExecuteQueryOperator): create_update_fact_table_temp> on 2024-01-17 12:39:50.292858+00:00
[2024-01-17T12:40:13.593+0000] {standard_task_runner.py:60} INFO - Started process 1183 to run task
[2024-01-17T12:40:13.600+0000] {standard_task_runner.py:87} INFO - Running: ['***', 'tasks', 'run', 'sql_example', 'create_update_fact_table_temp', 'manual__2024-01-17T12:39:50.292858+00:00', '--job-id', '12', '--raw', '--subdir', 'DAGS_FOLDER/data_transform_BQ.py', '--cfg-path', '/tmp/tmp0vmdlido']
[2024-01-17T12:40:13.606+0000] {standard_task_runner.py:88} INFO - Job 12: Subtask create_update_fact_table_temp
[2024-01-17T12:40:13.670+0000] {task_command.py:423} INFO - Running <TaskInstance: sql_example.create_update_fact_table_temp manual__2024-01-17T12:39:50.292858+00:00 [running]> on host fafdf46f827b
[2024-01-17T12:40:13.734+0000] {taskinstance.py:2481} INFO - Exporting env vars: AIRFLOW_CTX_DAG_OWNER='phungquan' AIRFLOW_CTX_DAG_ID='sql_example' AIRFLOW_CTX_TASK_ID='create_update_fact_table_temp' AIRFLOW_CTX_EXECUTION_DATE='2024-01-17T12:39:50.292858+00:00' AIRFLOW_CTX_TRY_NUMBER='1' AIRFLOW_CTX_DAG_RUN_ID='manual__2024-01-17T12:39:50.292858+00:00'
[2024-01-17T12:40:13.736+0000] {bigquery.py:1245} INFO - Executing: DECLARE today_date DATE DEFAULT '1998-05-06';
DECLARE frequencyRange INT64 DEFAULT 180; # chỉnh tùy ý muốn
CREATE OR REPLACE TABLE 
  `OLAP.Fact_Table_temp` AS
SELECT
  orders.OrderID,
  orders.CustomerID,
  orders.OrderDate,
  order_details.ProductID,
FROM
  `OLTP.Orders` AS orders
JOIN 
  `OLAP.Dim_Order_details` AS order_details
ON
  orders.OrderID = order_details.OrderID
JOIN
  `OLAP.Dim_Products` AS products
ON
  order_details.ProductID = products.ProductID;
[2024-01-17T12:40:13.743+0000] {connection.py:234} WARNING - Connection schemes (type: google_cloud_platform) shall not contain '_' according to RFC3986.
[2024-01-17T12:40:13.744+0000] {base.py:83} INFO - Using connection ID 'google_cloud_default' for task execution.
[2024-01-17T12:40:13.749+0000] {logging_mixin.py:188} WARNING - /home/***/.local/lib/python3.8/site-packages/***/providers/google/cloud/hooks/bigquery.py:2109 AirflowProviderDeprecationWarning: This method is deprecated. Please use `BigQueryHook.insert_job` method.
[2024-01-17T12:40:13.749+0000] {credentials_provider.py:353} INFO - Getting connection using `google.auth.default()` since no explicit credentials are provided.
[2024-01-17T12:40:13.819+0000] {bigquery.py:1596} INFO - Inserting job ***_1705495213818046_0b43d0b00fa7ebdeb6c8ddef443a589f
[2024-01-17T12:40:16.800+0000] {taskinstance.py:1138} INFO - Marking task as SUCCESS. dag_id=sql_example, task_id=create_update_fact_table_temp, execution_date=20240117T123950, start_date=20240117T124013, end_date=20240117T124016
[2024-01-17T12:40:16.891+0000] {local_task_job_runner.py:234} INFO - Task exited with return code 0
[2024-01-17T12:40:16.933+0000] {taskinstance.py:3281} INFO - 2 downstream tasks scheduled from follow-on schedule check
