[2023-12-09T16:12:26.434+0000] {taskinstance.py:1159} INFO - Dependencies all met for dep_context=non-requeueable deps ti=<TaskInstance: taskflow.upload_to_gcs manual__2023-12-09T16:12:23.161605+00:00 [queued]>
[2023-12-09T16:12:26.440+0000] {taskinstance.py:1159} INFO - Dependencies all met for dep_context=requeueable deps ti=<TaskInstance: taskflow.upload_to_gcs manual__2023-12-09T16:12:23.161605+00:00 [queued]>
[2023-12-09T16:12:26.441+0000] {taskinstance.py:1361} INFO - Starting attempt 1 of 1
[2023-12-09T16:12:26.449+0000] {taskinstance.py:1382} INFO - Executing <Task(LocalFilesystemToGCSOperator): upload_to_gcs> on 2023-12-09 16:12:23.161605+00:00
[2023-12-09T16:12:26.455+0000] {standard_task_runner.py:57} INFO - Started process 23628 to run task
[2023-12-09T16:12:26.460+0000] {standard_task_runner.py:84} INFO - Running: ['***', 'tasks', 'run', 'taskflow', 'upload_to_gcs', 'manual__2023-12-09T16:12:23.161605+00:00', '--job-id', '92', '--raw', '--subdir', 'DAGS_FOLDER/test_decorator.py', '--cfg-path', '/tmp/tmpav4jmp_i']
[2023-12-09T16:12:26.463+0000] {standard_task_runner.py:85} INFO - Job 92: Subtask upload_to_gcs
[2023-12-09T16:12:26.501+0000] {task_command.py:416} INFO - Running <TaskInstance: taskflow.upload_to_gcs manual__2023-12-09T16:12:23.161605+00:00 [running]> on host 3de6e37e1218
[2023-12-09T16:12:26.567+0000] {taskinstance.py:1662} INFO - Exporting env vars: AIRFLOW_CTX_DAG_OWNER='***' AIRFLOW_CTX_DAG_ID='taskflow' AIRFLOW_CTX_TASK_ID='upload_to_gcs' AIRFLOW_CTX_EXECUTION_DATE='2023-12-09T16:12:23.161605+00:00' AIRFLOW_CTX_TRY_NUMBER='1' AIRFLOW_CTX_DAG_RUN_ID='manual__2023-12-09T16:12:23.161605+00:00'
[2023-12-09T16:12:26.575+0000] {connection.py:232} WARNING - Connection schemes (type: google_cloud_platform) shall not contain '_' according to RFC3986.
[2023-12-09T16:12:26.576+0000] {base.py:73} INFO - Using connection ID 'google_cloud_datastore_default' for task execution.
[2023-12-09T16:12:26.576+0000] {credentials_provider.py:353} INFO - Getting connection using `google.auth.default()` since no explicit credentials are provided.
[2023-12-09T16:12:27.651+0000] {gcs.py:562} INFO - File /opt/***/data/northwind_gitRepo/northwind_gitRepo/tables/Customers.csv uploaded to data/Customers.csv in us-central1-test-env-b4f32c38-bucket bucket
[2023-12-09T16:12:28.459+0000] {gcs.py:562} INFO - File /opt/***/data/northwind_gitRepo/northwind_gitRepo/tables/Categories.csv uploaded to data/Categories.csv in us-central1-test-env-b4f32c38-bucket bucket
[2023-12-09T16:12:28.776+0000] {gcs.py:562} INFO - File /opt/***/data/northwind_gitRepo/northwind_gitRepo/tables/Products.csv uploaded to data/Products.csv in us-central1-test-env-b4f32c38-bucket bucket
[2023-12-09T16:12:29.895+0000] {gcs.py:562} INFO - File /opt/***/data/northwind_gitRepo/northwind_gitRepo/tables/Orders.csv uploaded to data/Orders.csv in us-central1-test-env-b4f32c38-bucket bucket
[2023-12-09T16:12:30.209+0000] {gcs.py:562} INFO - File /opt/***/data/northwind_gitRepo/northwind_gitRepo/tables/Suppliers.csv uploaded to data/Suppliers.csv in us-central1-test-env-b4f32c38-bucket bucket
[2023-12-09T16:12:30.984+0000] {gcs.py:562} INFO - File /opt/***/data/northwind_gitRepo/northwind_gitRepo/tables/CustomerCustomerDemo.csv uploaded to data/CustomerCustomerDemo.csv in us-central1-test-env-b4f32c38-bucket bucket
[2023-12-09T16:12:31.420+0000] {gcs.py:562} INFO - File /opt/***/data/northwind_gitRepo/northwind_gitRepo/tables/Shippers.csv uploaded to data/Shippers.csv in us-central1-test-env-b4f32c38-bucket bucket
[2023-12-09T16:12:32.085+0000] {gcs.py:562} INFO - File /opt/***/data/northwind_gitRepo/northwind_gitRepo/tables/Territories.csv uploaded to data/Territories.csv in us-central1-test-env-b4f32c38-bucket bucket
[2023-12-09T16:12:32.564+0000] {gcs.py:562} INFO - File /opt/***/data/northwind_gitRepo/northwind_gitRepo/tables/Employees.csv uploaded to data/Employees.csv in us-central1-test-env-b4f32c38-bucket bucket
[2023-12-09T16:12:33.178+0000] {gcs.py:562} INFO - File /opt/***/data/northwind_gitRepo/northwind_gitRepo/tables/Region.csv uploaded to data/Region.csv in us-central1-test-env-b4f32c38-bucket bucket
[2023-12-09T16:12:33.691+0000] {gcs.py:562} INFO - File /opt/***/data/northwind_gitRepo/northwind_gitRepo/tables/EmployeeTerritories.csv uploaded to data/EmployeeTerritories.csv in us-central1-test-env-b4f32c38-bucket bucket
[2023-12-09T16:12:34.307+0000] {gcs.py:562} INFO - File /opt/***/data/northwind_gitRepo/northwind_gitRepo/tables/CustomerDemographics.csv uploaded to data/CustomerDemographics.csv in us-central1-test-env-b4f32c38-bucket bucket
[2023-12-09T16:12:35.024+0000] {gcs.py:562} INFO - File /opt/***/data/northwind_gitRepo/northwind_gitRepo/tables/Order_details.csv uploaded to data/Order_details.csv in us-central1-test-env-b4f32c38-bucket bucket
[2023-12-09T16:12:35.073+0000] {taskinstance.py:1400} INFO - Marking task as SUCCESS. dag_id=taskflow, task_id=upload_to_gcs, execution_date=20231209T161223, start_date=20231209T161226, end_date=20231209T161235
[2023-12-09T16:12:35.141+0000] {local_task_job_runner.py:228} INFO - Task exited with return code 0
[2023-12-09T16:12:35.166+0000] {taskinstance.py:2778} INFO - 0 downstream tasks scheduled from follow-on schedule check
