[2024-01-17T18:36:16.310+0000] {taskinstance.py:1957} INFO - Dependencies all met for dep_context=non-requeueable deps ti=<TaskInstance: sql_example.create_update_dim_product manual__2024-01-17T18:36:05.054929+00:00 [queued]>
[2024-01-17T18:36:16.329+0000] {taskinstance.py:1957} INFO - Dependencies all met for dep_context=requeueable deps ti=<TaskInstance: sql_example.create_update_dim_product manual__2024-01-17T18:36:05.054929+00:00 [queued]>
[2024-01-17T18:36:16.331+0000] {taskinstance.py:2171} INFO - Starting attempt 1 of 0
[2024-01-17T18:36:16.454+0000] {taskinstance.py:2192} INFO - Executing <Task(BigQueryExecuteQueryOperator): create_update_dim_product> on 2024-01-17 18:36:05.054929+00:00
[2024-01-17T18:36:16.506+0000] {standard_task_runner.py:60} INFO - Started process 2960 to run task
[2024-01-17T18:36:16.537+0000] {standard_task_runner.py:87} INFO - Running: ['***', 'tasks', 'run', 'sql_example', 'create_update_dim_product', 'manual__2024-01-17T18:36:05.054929+00:00', '--job-id', '55', '--raw', '--subdir', 'DAGS_FOLDER/data_transform_BQ.py', '--cfg-path', '/tmp/tmpf4wlkitc']
[2024-01-17T18:36:16.553+0000] {standard_task_runner.py:88} INFO - Job 55: Subtask create_update_dim_product
[2024-01-17T18:36:16.845+0000] {task_command.py:423} INFO - Running <TaskInstance: sql_example.create_update_dim_product manual__2024-01-17T18:36:05.054929+00:00 [running]> on host 0d972f4a0fb8
[2024-01-17T18:36:17.333+0000] {taskinstance.py:2481} INFO - Exporting env vars: AIRFLOW_CTX_DAG_OWNER='phungquan' AIRFLOW_CTX_DAG_ID='sql_example' AIRFLOW_CTX_TASK_ID='create_update_dim_product' AIRFLOW_CTX_EXECUTION_DATE='2024-01-17T18:36:05.054929+00:00' AIRFLOW_CTX_TRY_NUMBER='1' AIRFLOW_CTX_DAG_RUN_ID='manual__2024-01-17T18:36:05.054929+00:00'
[2024-01-17T18:36:17.342+0000] {bigquery.py:1245} INFO - Executing: -- Tạo bảng Dim_Products
CREATE OR REPLACE TABLE 
  `OLAP.Dim_Products` AS
SELECT
  products.ProductID,
  products.ProductName,
  products.UnitPrice,
  categories.CategoryID,
  categories.CategoryName,
FROM
  `OLTP.Products` AS products
JOIN
  `OLTP.Categories` AS categories
ON
  products.CategoryID = categories.CategoryID;


[2024-01-17T18:36:17.364+0000] {connection.py:234} WARNING - Connection schemes (type: google_cloud_platform) shall not contain '_' according to RFC3986.
[2024-01-17T18:36:17.366+0000] {base.py:83} INFO - Using connection ID 'google_cloud_default' for task execution.
[2024-01-17T18:36:17.414+0000] {logging_mixin.py:188} WARNING - /home/***/.local/lib/python3.8/site-packages/***/providers/google/cloud/hooks/bigquery.py:2109 AirflowProviderDeprecationWarning: This method is deprecated. Please use `BigQueryHook.insert_job` method.
[2024-01-17T18:36:17.420+0000] {credentials_provider.py:353} INFO - Getting connection using `google.auth.default()` since no explicit credentials are provided.
[2024-01-17T18:36:17.693+0000] {bigquery.py:1596} INFO - Inserting job ***_1705516577680146_d04764b85b56a50452b42e5f7a8cf4fd
[2024-01-17T18:36:18.629+0000] {taskinstance.py:2699} ERROR - Task failed with exception
Traceback (most recent call last):
  File "/home/airflow/.local/lib/python3.8/site-packages/airflow/models/taskinstance.py", line 433, in _execute_task
    result = execute_callable(context=context, **execute_callable_kwargs)
  File "/home/airflow/.local/lib/python3.8/site-packages/airflow/providers/google/cloud/operators/bigquery.py", line 1253, in execute
    self.job_id = self.hook.run_query(
  File "/home/airflow/.local/lib/python3.8/site-packages/airflow/providers/google/cloud/hooks/bigquery.py", line 2242, in run_query
    job = self.insert_job(configuration=configuration, project_id=self.project_id, location=location)
  File "/home/airflow/.local/lib/python3.8/site-packages/airflow/providers/google/common/hooks/base_google.py", line 475, in inner_wrapper
    return func(self, *args, **kwargs)
  File "/home/airflow/.local/lib/python3.8/site-packages/airflow/providers/google/cloud/hooks/bigquery.py", line 1602, in insert_job
    job_api_repr.result(timeout=timeout, retry=retry)
  File "/home/airflow/.local/lib/python3.8/site-packages/google/cloud/bigquery/job/query.py", line 1595, in result
    do_get_result()
  File "/home/airflow/.local/lib/python3.8/site-packages/google/cloud/bigquery/job/query.py", line 1584, in do_get_result
    super(QueryJob, self).result(retry=retry, timeout=timeout)
  File "/home/airflow/.local/lib/python3.8/site-packages/google/cloud/bigquery/job/base.py", line 952, in result
    return super(_AsyncJob, self).result(timeout=timeout, **kwargs)
  File "/home/airflow/.local/lib/python3.8/site-packages/google/api_core/future/polling.py", line 261, in result
    raise self._exception
google.api_core.exceptions.BadRequest: 400 2.1 - 0.0: Unrecognized token CREATE.
[Try using standard SQL (https://cloud.google.com/bigquery/docs/reference/standard-sql/enabling-standard-sql)]

Location: us-central1
Job ID: airflow_1705516577680146_d04764b85b56a50452b42e5f7a8cf4fd

[2024-01-17T18:36:18.706+0000] {taskinstance.py:1138} INFO - Marking task as FAILED. dag_id=sql_example, task_id=create_update_dim_product, execution_date=20240117T183605, start_date=20240117T183616, end_date=20240117T183618
[2024-01-17T18:36:18.774+0000] {standard_task_runner.py:107} ERROR - Failed to execute job 55 for task create_update_dim_product (400 2.1 - 0.0: Unrecognized token CREATE.
[Try using standard SQL (https://cloud.google.com/bigquery/docs/reference/standard-sql/enabling-standard-sql)]

Location: us-central1
Job ID: airflow_1705516577680146_d04764b85b56a50452b42e5f7a8cf4fd
; 2960)
[2024-01-17T18:36:18.803+0000] {local_task_job_runner.py:234} INFO - Task exited with return code 1
[2024-01-17T18:36:18.967+0000] {taskinstance.py:3281} INFO - 0 downstream tasks scheduled from follow-on schedule check
