[2023-12-06T15:58:26.919+0000] {processor.py:157} INFO - Started process (PID=169) to work on /opt/airflow/dags/GCS_to_BQ.py
[2023-12-06T15:58:26.921+0000] {processor.py:829} INFO - Processing file /opt/airflow/dags/GCS_to_BQ.py for tasks to queue
[2023-12-06T15:58:26.931+0000] {logging_mixin.py:154} INFO - [2023-12-06T15:58:26.930+0000] {dagbag.py:536} INFO - Filling up the DagBag from /opt/airflow/dags/GCS_to_BQ.py
[2023-12-06T15:58:27.024+0000] {processor.py:839} INFO - DAG(s) dict_keys(['test-dag']) retrieved from /opt/airflow/dags/GCS_to_BQ.py
[2023-12-06T15:58:27.915+0000] {logging_mixin.py:154} INFO - [2023-12-06T15:58:27.910+0000] {dag.py:2941} INFO - Sync 1 DAGs
[2023-12-06T15:58:27.969+0000] {logging_mixin.py:154} INFO - [2023-12-06T15:58:27.969+0000] {dag.py:3722} INFO - Setting next_dagrun for test-dag to None, run_after=None
[2023-12-06T15:58:28.084+0000] {processor.py:179} INFO - Processing /opt/airflow/dags/GCS_to_BQ.py took 1.194 seconds
[2023-12-06T15:58:58.525+0000] {processor.py:157} INFO - Started process (PID=186) to work on /opt/airflow/dags/GCS_to_BQ.py
[2023-12-06T15:58:58.527+0000] {processor.py:829} INFO - Processing file /opt/airflow/dags/GCS_to_BQ.py for tasks to queue
[2023-12-06T15:58:58.535+0000] {logging_mixin.py:154} INFO - [2023-12-06T15:58:58.534+0000] {dagbag.py:536} INFO - Filling up the DagBag from /opt/airflow/dags/GCS_to_BQ.py
[2023-12-06T15:58:58.583+0000] {processor.py:839} INFO - DAG(s) dict_keys(['test-dag']) retrieved from /opt/airflow/dags/GCS_to_BQ.py
[2023-12-06T15:58:58.652+0000] {logging_mixin.py:154} INFO - [2023-12-06T15:58:58.652+0000] {dag.py:2941} INFO - Sync 1 DAGs
[2023-12-06T15:58:58.668+0000] {logging_mixin.py:154} INFO - [2023-12-06T15:58:58.668+0000] {dag.py:3722} INFO - Setting next_dagrun for test-dag to None, run_after=None
[2023-12-06T15:58:58.685+0000] {processor.py:179} INFO - Processing /opt/airflow/dags/GCS_to_BQ.py took 0.168 seconds
[2023-12-06T15:59:29.043+0000] {processor.py:157} INFO - Started process (PID=203) to work on /opt/airflow/dags/GCS_to_BQ.py
[2023-12-06T15:59:29.046+0000] {processor.py:829} INFO - Processing file /opt/airflow/dags/GCS_to_BQ.py for tasks to queue
[2023-12-06T15:59:29.051+0000] {logging_mixin.py:154} INFO - [2023-12-06T15:59:29.051+0000] {dagbag.py:536} INFO - Filling up the DagBag from /opt/airflow/dags/GCS_to_BQ.py
[2023-12-06T15:59:29.090+0000] {processor.py:839} INFO - DAG(s) dict_keys(['test-dag']) retrieved from /opt/airflow/dags/GCS_to_BQ.py
[2023-12-06T15:59:29.132+0000] {logging_mixin.py:154} INFO - [2023-12-06T15:59:29.131+0000] {dag.py:2941} INFO - Sync 1 DAGs
[2023-12-06T15:59:29.147+0000] {logging_mixin.py:154} INFO - [2023-12-06T15:59:29.147+0000] {dag.py:3722} INFO - Setting next_dagrun for test-dag to None, run_after=None
[2023-12-06T15:59:29.162+0000] {processor.py:179} INFO - Processing /opt/airflow/dags/GCS_to_BQ.py took 0.127 seconds
[2023-12-06T15:59:59.641+0000] {processor.py:157} INFO - Started process (PID=227) to work on /opt/airflow/dags/GCS_to_BQ.py
[2023-12-06T15:59:59.642+0000] {processor.py:829} INFO - Processing file /opt/airflow/dags/GCS_to_BQ.py for tasks to queue
[2023-12-06T15:59:59.646+0000] {logging_mixin.py:154} INFO - [2023-12-06T15:59:59.646+0000] {dagbag.py:536} INFO - Filling up the DagBag from /opt/airflow/dags/GCS_to_BQ.py
[2023-12-06T15:59:59.669+0000] {processor.py:839} INFO - DAG(s) dict_keys(['test-dag']) retrieved from /opt/airflow/dags/GCS_to_BQ.py
[2023-12-06T15:59:59.730+0000] {logging_mixin.py:154} INFO - [2023-12-06T15:59:59.729+0000] {dag.py:2941} INFO - Sync 1 DAGs
[2023-12-06T15:59:59.750+0000] {logging_mixin.py:154} INFO - [2023-12-06T15:59:59.749+0000] {dag.py:3722} INFO - Setting next_dagrun for test-dag to None, run_after=None
[2023-12-06T15:59:59.770+0000] {processor.py:179} INFO - Processing /opt/airflow/dags/GCS_to_BQ.py took 0.133 seconds
[2023-12-06T16:00:30.148+0000] {processor.py:157} INFO - Started process (PID=244) to work on /opt/airflow/dags/GCS_to_BQ.py
[2023-12-06T16:00:30.149+0000] {processor.py:829} INFO - Processing file /opt/airflow/dags/GCS_to_BQ.py for tasks to queue
[2023-12-06T16:00:30.154+0000] {logging_mixin.py:154} INFO - [2023-12-06T16:00:30.153+0000] {dagbag.py:536} INFO - Filling up the DagBag from /opt/airflow/dags/GCS_to_BQ.py
[2023-12-06T16:00:30.180+0000] {processor.py:839} INFO - DAG(s) dict_keys(['test-dag']) retrieved from /opt/airflow/dags/GCS_to_BQ.py
[2023-12-06T16:00:30.250+0000] {logging_mixin.py:154} INFO - [2023-12-06T16:00:30.249+0000] {dag.py:2941} INFO - Sync 1 DAGs
[2023-12-06T16:00:30.268+0000] {logging_mixin.py:154} INFO - [2023-12-06T16:00:30.268+0000] {dag.py:3722} INFO - Setting next_dagrun for test-dag to None, run_after=None
[2023-12-06T16:00:30.286+0000] {processor.py:179} INFO - Processing /opt/airflow/dags/GCS_to_BQ.py took 0.144 seconds
[2023-12-06T16:01:00.608+0000] {processor.py:157} INFO - Started process (PID=261) to work on /opt/airflow/dags/GCS_to_BQ.py
[2023-12-06T16:01:00.610+0000] {processor.py:829} INFO - Processing file /opt/airflow/dags/GCS_to_BQ.py for tasks to queue
[2023-12-06T16:01:00.617+0000] {logging_mixin.py:154} INFO - [2023-12-06T16:01:00.616+0000] {dagbag.py:536} INFO - Filling up the DagBag from /opt/airflow/dags/GCS_to_BQ.py
[2023-12-06T16:01:00.649+0000] {processor.py:839} INFO - DAG(s) dict_keys(['test-dag']) retrieved from /opt/airflow/dags/GCS_to_BQ.py
[2023-12-06T16:01:00.696+0000] {logging_mixin.py:154} INFO - [2023-12-06T16:01:00.695+0000] {dag.py:2941} INFO - Sync 1 DAGs
[2023-12-06T16:01:00.714+0000] {logging_mixin.py:154} INFO - [2023-12-06T16:01:00.714+0000] {dag.py:3722} INFO - Setting next_dagrun for test-dag to None, run_after=None
[2023-12-06T16:01:00.754+0000] {processor.py:179} INFO - Processing /opt/airflow/dags/GCS_to_BQ.py took 0.164 seconds
[2023-12-06T16:01:31.248+0000] {processor.py:157} INFO - Started process (PID=278) to work on /opt/airflow/dags/GCS_to_BQ.py
[2023-12-06T16:01:31.249+0000] {processor.py:829} INFO - Processing file /opt/airflow/dags/GCS_to_BQ.py for tasks to queue
[2023-12-06T16:01:31.255+0000] {logging_mixin.py:154} INFO - [2023-12-06T16:01:31.254+0000] {dagbag.py:536} INFO - Filling up the DagBag from /opt/airflow/dags/GCS_to_BQ.py
[2023-12-06T16:01:31.278+0000] {processor.py:839} INFO - DAG(s) dict_keys(['test-dag']) retrieved from /opt/airflow/dags/GCS_to_BQ.py
[2023-12-06T16:01:31.343+0000] {logging_mixin.py:154} INFO - [2023-12-06T16:01:31.342+0000] {dag.py:2941} INFO - Sync 1 DAGs
[2023-12-06T16:01:31.362+0000] {logging_mixin.py:154} INFO - [2023-12-06T16:01:31.362+0000] {dag.py:3722} INFO - Setting next_dagrun for test-dag to None, run_after=None
[2023-12-06T16:01:31.380+0000] {processor.py:179} INFO - Processing /opt/airflow/dags/GCS_to_BQ.py took 0.137 seconds
[2023-12-06T16:02:01.758+0000] {processor.py:157} INFO - Started process (PID=295) to work on /opt/airflow/dags/GCS_to_BQ.py
[2023-12-06T16:02:01.760+0000] {processor.py:829} INFO - Processing file /opt/airflow/dags/GCS_to_BQ.py for tasks to queue
[2023-12-06T16:02:01.767+0000] {logging_mixin.py:154} INFO - [2023-12-06T16:02:01.766+0000] {dagbag.py:536} INFO - Filling up the DagBag from /opt/airflow/dags/GCS_to_BQ.py
[2023-12-06T16:02:01.806+0000] {processor.py:839} INFO - DAG(s) dict_keys(['test-dag']) retrieved from /opt/airflow/dags/GCS_to_BQ.py
[2023-12-06T16:02:01.877+0000] {logging_mixin.py:154} INFO - [2023-12-06T16:02:01.876+0000] {dag.py:2941} INFO - Sync 1 DAGs
[2023-12-06T16:02:01.899+0000] {logging_mixin.py:154} INFO - [2023-12-06T16:02:01.899+0000] {dag.py:3722} INFO - Setting next_dagrun for test-dag to None, run_after=None
[2023-12-06T16:02:01.921+0000] {processor.py:179} INFO - Processing /opt/airflow/dags/GCS_to_BQ.py took 0.171 seconds
[2023-12-06T16:02:32.306+0000] {processor.py:157} INFO - Started process (PID=312) to work on /opt/airflow/dags/GCS_to_BQ.py
[2023-12-06T16:02:32.308+0000] {processor.py:829} INFO - Processing file /opt/airflow/dags/GCS_to_BQ.py for tasks to queue
[2023-12-06T16:02:32.317+0000] {logging_mixin.py:154} INFO - [2023-12-06T16:02:32.316+0000] {dagbag.py:536} INFO - Filling up the DagBag from /opt/airflow/dags/GCS_to_BQ.py
[2023-12-06T16:02:32.357+0000] {processor.py:839} INFO - DAG(s) dict_keys(['test-dag']) retrieved from /opt/airflow/dags/GCS_to_BQ.py
[2023-12-06T16:02:32.409+0000] {logging_mixin.py:154} INFO - [2023-12-06T16:02:32.408+0000] {dag.py:2941} INFO - Sync 1 DAGs
[2023-12-06T16:02:32.425+0000] {logging_mixin.py:154} INFO - [2023-12-06T16:02:32.425+0000] {dag.py:3722} INFO - Setting next_dagrun for test-dag to None, run_after=None
[2023-12-06T16:02:32.452+0000] {processor.py:179} INFO - Processing /opt/airflow/dags/GCS_to_BQ.py took 0.154 seconds
[2023-12-06T16:03:02.956+0000] {processor.py:157} INFO - Started process (PID=329) to work on /opt/airflow/dags/GCS_to_BQ.py
[2023-12-06T16:03:02.960+0000] {processor.py:829} INFO - Processing file /opt/airflow/dags/GCS_to_BQ.py for tasks to queue
[2023-12-06T16:03:02.969+0000] {logging_mixin.py:154} INFO - [2023-12-06T16:03:02.969+0000] {dagbag.py:536} INFO - Filling up the DagBag from /opt/airflow/dags/GCS_to_BQ.py
[2023-12-06T16:03:02.999+0000] {processor.py:839} INFO - DAG(s) dict_keys(['test-dag']) retrieved from /opt/airflow/dags/GCS_to_BQ.py
[2023-12-06T16:03:03.183+0000] {logging_mixin.py:154} INFO - [2023-12-06T16:03:03.183+0000] {dag.py:2941} INFO - Sync 1 DAGs
[2023-12-06T16:03:03.196+0000] {logging_mixin.py:154} INFO - [2023-12-06T16:03:03.196+0000] {dag.py:3722} INFO - Setting next_dagrun for test-dag to None, run_after=None
[2023-12-06T16:03:03.724+0000] {processor.py:179} INFO - Processing /opt/airflow/dags/GCS_to_BQ.py took 0.781 seconds
[2023-12-06T16:03:34.422+0000] {processor.py:157} INFO - Started process (PID=346) to work on /opt/airflow/dags/GCS_to_BQ.py
[2023-12-06T16:03:34.424+0000] {processor.py:829} INFO - Processing file /opt/airflow/dags/GCS_to_BQ.py for tasks to queue
[2023-12-06T16:03:34.430+0000] {logging_mixin.py:154} INFO - [2023-12-06T16:03:34.429+0000] {dagbag.py:536} INFO - Filling up the DagBag from /opt/airflow/dags/GCS_to_BQ.py
[2023-12-06T16:03:34.463+0000] {processor.py:839} INFO - DAG(s) dict_keys(['test-dag']) retrieved from /opt/airflow/dags/GCS_to_BQ.py
[2023-12-06T16:03:34.498+0000] {logging_mixin.py:154} INFO - [2023-12-06T16:03:34.497+0000] {dag.py:2941} INFO - Sync 1 DAGs
[2023-12-06T16:03:34.512+0000] {logging_mixin.py:154} INFO - [2023-12-06T16:03:34.511+0000] {dag.py:3722} INFO - Setting next_dagrun for test-dag to None, run_after=None
[2023-12-06T16:03:34.527+0000] {processor.py:179} INFO - Processing /opt/airflow/dags/GCS_to_BQ.py took 0.117 seconds
[2023-12-06T16:04:04.893+0000] {processor.py:157} INFO - Started process (PID=363) to work on /opt/airflow/dags/GCS_to_BQ.py
[2023-12-06T16:04:04.895+0000] {processor.py:829} INFO - Processing file /opt/airflow/dags/GCS_to_BQ.py for tasks to queue
[2023-12-06T16:04:04.901+0000] {logging_mixin.py:154} INFO - [2023-12-06T16:04:04.900+0000] {dagbag.py:536} INFO - Filling up the DagBag from /opt/airflow/dags/GCS_to_BQ.py
[2023-12-06T16:04:04.922+0000] {processor.py:839} INFO - DAG(s) dict_keys(['test-dag']) retrieved from /opt/airflow/dags/GCS_to_BQ.py
[2023-12-06T16:04:04.958+0000] {logging_mixin.py:154} INFO - [2023-12-06T16:04:04.958+0000] {dag.py:2941} INFO - Sync 1 DAGs
[2023-12-06T16:04:04.971+0000] {logging_mixin.py:154} INFO - [2023-12-06T16:04:04.971+0000] {dag.py:3722} INFO - Setting next_dagrun for test-dag to None, run_after=None
[2023-12-06T16:04:04.987+0000] {processor.py:179} INFO - Processing /opt/airflow/dags/GCS_to_BQ.py took 0.116 seconds
[2023-12-06T16:04:35.549+0000] {processor.py:157} INFO - Started process (PID=380) to work on /opt/airflow/dags/GCS_to_BQ.py
[2023-12-06T16:04:35.551+0000] {processor.py:829} INFO - Processing file /opt/airflow/dags/GCS_to_BQ.py for tasks to queue
[2023-12-06T16:04:35.557+0000] {logging_mixin.py:154} INFO - [2023-12-06T16:04:35.556+0000] {dagbag.py:536} INFO - Filling up the DagBag from /opt/airflow/dags/GCS_to_BQ.py
[2023-12-06T16:04:35.582+0000] {processor.py:839} INFO - DAG(s) dict_keys(['test-dag']) retrieved from /opt/airflow/dags/GCS_to_BQ.py
[2023-12-06T16:04:35.656+0000] {logging_mixin.py:154} INFO - [2023-12-06T16:04:35.656+0000] {dag.py:2941} INFO - Sync 1 DAGs
[2023-12-06T16:04:35.673+0000] {logging_mixin.py:154} INFO - [2023-12-06T16:04:35.673+0000] {dag.py:3722} INFO - Setting next_dagrun for test-dag to None, run_after=None
[2023-12-06T16:04:35.694+0000] {processor.py:179} INFO - Processing /opt/airflow/dags/GCS_to_BQ.py took 0.154 seconds
[2023-12-06T16:05:06.061+0000] {processor.py:157} INFO - Started process (PID=397) to work on /opt/airflow/dags/GCS_to_BQ.py
[2023-12-06T16:05:06.064+0000] {processor.py:829} INFO - Processing file /opt/airflow/dags/GCS_to_BQ.py for tasks to queue
[2023-12-06T16:05:06.069+0000] {logging_mixin.py:154} INFO - [2023-12-06T16:05:06.069+0000] {dagbag.py:536} INFO - Filling up the DagBag from /opt/airflow/dags/GCS_to_BQ.py
[2023-12-06T16:05:06.093+0000] {processor.py:839} INFO - DAG(s) dict_keys(['test-dag']) retrieved from /opt/airflow/dags/GCS_to_BQ.py
[2023-12-06T16:05:06.140+0000] {logging_mixin.py:154} INFO - [2023-12-06T16:05:06.140+0000] {dag.py:2941} INFO - Sync 1 DAGs
[2023-12-06T16:05:06.155+0000] {logging_mixin.py:154} INFO - [2023-12-06T16:05:06.155+0000] {dag.py:3722} INFO - Setting next_dagrun for test-dag to None, run_after=None
[2023-12-06T16:05:06.172+0000] {processor.py:179} INFO - Processing /opt/airflow/dags/GCS_to_BQ.py took 0.147 seconds
[2023-12-06T16:05:36.655+0000] {processor.py:157} INFO - Started process (PID=414) to work on /opt/airflow/dags/GCS_to_BQ.py
[2023-12-06T16:05:36.658+0000] {processor.py:829} INFO - Processing file /opt/airflow/dags/GCS_to_BQ.py for tasks to queue
[2023-12-06T16:05:36.664+0000] {logging_mixin.py:154} INFO - [2023-12-06T16:05:36.664+0000] {dagbag.py:536} INFO - Filling up the DagBag from /opt/airflow/dags/GCS_to_BQ.py
[2023-12-06T16:05:36.688+0000] {processor.py:839} INFO - DAG(s) dict_keys(['test-dag']) retrieved from /opt/airflow/dags/GCS_to_BQ.py
[2023-12-06T16:05:36.736+0000] {logging_mixin.py:154} INFO - [2023-12-06T16:05:36.735+0000] {dag.py:2941} INFO - Sync 1 DAGs
[2023-12-06T16:05:36.754+0000] {logging_mixin.py:154} INFO - [2023-12-06T16:05:36.754+0000] {dag.py:3722} INFO - Setting next_dagrun for test-dag to None, run_after=None
[2023-12-06T16:05:36.774+0000] {processor.py:179} INFO - Processing /opt/airflow/dags/GCS_to_BQ.py took 0.135 seconds
[2023-12-06T16:06:07.129+0000] {processor.py:157} INFO - Started process (PID=431) to work on /opt/airflow/dags/GCS_to_BQ.py
[2023-12-06T16:06:07.132+0000] {processor.py:829} INFO - Processing file /opt/airflow/dags/GCS_to_BQ.py for tasks to queue
[2023-12-06T16:06:07.136+0000] {logging_mixin.py:154} INFO - [2023-12-06T16:06:07.136+0000] {dagbag.py:536} INFO - Filling up the DagBag from /opt/airflow/dags/GCS_to_BQ.py
[2023-12-06T16:06:07.158+0000] {processor.py:839} INFO - DAG(s) dict_keys(['test-dag']) retrieved from /opt/airflow/dags/GCS_to_BQ.py
[2023-12-06T16:06:07.186+0000] {logging_mixin.py:154} INFO - [2023-12-06T16:06:07.186+0000] {dag.py:2941} INFO - Sync 1 DAGs
[2023-12-06T16:06:07.199+0000] {logging_mixin.py:154} INFO - [2023-12-06T16:06:07.199+0000] {dag.py:3722} INFO - Setting next_dagrun for test-dag to None, run_after=None
[2023-12-06T16:06:07.217+0000] {processor.py:179} INFO - Processing /opt/airflow/dags/GCS_to_BQ.py took 0.095 seconds
[2023-12-06T16:06:37.654+0000] {processor.py:157} INFO - Started process (PID=448) to work on /opt/airflow/dags/GCS_to_BQ.py
[2023-12-06T16:06:37.657+0000] {processor.py:829} INFO - Processing file /opt/airflow/dags/GCS_to_BQ.py for tasks to queue
[2023-12-06T16:06:37.662+0000] {logging_mixin.py:154} INFO - [2023-12-06T16:06:37.661+0000] {dagbag.py:536} INFO - Filling up the DagBag from /opt/airflow/dags/GCS_to_BQ.py
[2023-12-06T16:06:37.686+0000] {processor.py:839} INFO - DAG(s) dict_keys(['test-dag']) retrieved from /opt/airflow/dags/GCS_to_BQ.py
[2023-12-06T16:06:37.724+0000] {logging_mixin.py:154} INFO - [2023-12-06T16:06:37.723+0000] {dag.py:2941} INFO - Sync 1 DAGs
[2023-12-06T16:06:37.737+0000] {logging_mixin.py:154} INFO - [2023-12-06T16:06:37.737+0000] {dag.py:3722} INFO - Setting next_dagrun for test-dag to None, run_after=None
[2023-12-06T16:06:37.753+0000] {processor.py:179} INFO - Processing /opt/airflow/dags/GCS_to_BQ.py took 0.105 seconds
[2023-12-06T16:07:08.093+0000] {processor.py:157} INFO - Started process (PID=465) to work on /opt/airflow/dags/GCS_to_BQ.py
[2023-12-06T16:07:08.095+0000] {processor.py:829} INFO - Processing file /opt/airflow/dags/GCS_to_BQ.py for tasks to queue
[2023-12-06T16:07:08.100+0000] {logging_mixin.py:154} INFO - [2023-12-06T16:07:08.100+0000] {dagbag.py:536} INFO - Filling up the DagBag from /opt/airflow/dags/GCS_to_BQ.py
[2023-12-06T16:07:08.123+0000] {processor.py:839} INFO - DAG(s) dict_keys(['test-dag']) retrieved from /opt/airflow/dags/GCS_to_BQ.py
[2023-12-06T16:07:08.183+0000] {logging_mixin.py:154} INFO - [2023-12-06T16:07:08.183+0000] {dag.py:2941} INFO - Sync 1 DAGs
[2023-12-06T16:07:08.198+0000] {logging_mixin.py:154} INFO - [2023-12-06T16:07:08.198+0000] {dag.py:3722} INFO - Setting next_dagrun for test-dag to None, run_after=None
[2023-12-06T16:07:08.214+0000] {processor.py:179} INFO - Processing /opt/airflow/dags/GCS_to_BQ.py took 0.128 seconds
[2023-12-06T16:07:38.673+0000] {processor.py:157} INFO - Started process (PID=482) to work on /opt/airflow/dags/GCS_to_BQ.py
[2023-12-06T16:07:38.679+0000] {processor.py:829} INFO - Processing file /opt/airflow/dags/GCS_to_BQ.py for tasks to queue
[2023-12-06T16:07:38.687+0000] {logging_mixin.py:154} INFO - [2023-12-06T16:07:38.686+0000] {dagbag.py:536} INFO - Filling up the DagBag from /opt/airflow/dags/GCS_to_BQ.py
[2023-12-06T16:07:38.721+0000] {processor.py:839} INFO - DAG(s) dict_keys(['test-dag']) retrieved from /opt/airflow/dags/GCS_to_BQ.py
[2023-12-06T16:07:38.849+0000] {logging_mixin.py:154} INFO - [2023-12-06T16:07:38.846+0000] {dag.py:2941} INFO - Sync 1 DAGs
[2023-12-06T16:07:38.889+0000] {logging_mixin.py:154} INFO - [2023-12-06T16:07:38.889+0000] {dag.py:3722} INFO - Setting next_dagrun for test-dag to None, run_after=None
[2023-12-06T16:07:38.920+0000] {processor.py:179} INFO - Processing /opt/airflow/dags/GCS_to_BQ.py took 0.270 seconds
[2023-12-06T16:08:09.100+0000] {processor.py:157} INFO - Started process (PID=499) to work on /opt/airflow/dags/GCS_to_BQ.py
[2023-12-06T16:08:09.103+0000] {processor.py:829} INFO - Processing file /opt/airflow/dags/GCS_to_BQ.py for tasks to queue
[2023-12-06T16:08:09.128+0000] {logging_mixin.py:154} INFO - [2023-12-06T16:08:09.123+0000] {dagbag.py:536} INFO - Filling up the DagBag from /opt/airflow/dags/GCS_to_BQ.py
[2023-12-06T16:08:09.155+0000] {processor.py:839} INFO - DAG(s) dict_keys(['test-dag']) retrieved from /opt/airflow/dags/GCS_to_BQ.py
[2023-12-06T16:08:09.206+0000] {logging_mixin.py:154} INFO - [2023-12-06T16:08:09.205+0000] {dag.py:2941} INFO - Sync 1 DAGs
[2023-12-06T16:08:09.220+0000] {logging_mixin.py:154} INFO - [2023-12-06T16:08:09.220+0000] {dag.py:3722} INFO - Setting next_dagrun for test-dag to None, run_after=None
[2023-12-06T16:08:09.236+0000] {processor.py:179} INFO - Processing /opt/airflow/dags/GCS_to_BQ.py took 0.143 seconds
[2023-12-06T16:08:39.710+0000] {processor.py:157} INFO - Started process (PID=516) to work on /opt/airflow/dags/GCS_to_BQ.py
[2023-12-06T16:08:39.711+0000] {processor.py:829} INFO - Processing file /opt/airflow/dags/GCS_to_BQ.py for tasks to queue
[2023-12-06T16:08:39.718+0000] {logging_mixin.py:154} INFO - [2023-12-06T16:08:39.718+0000] {dagbag.py:536} INFO - Filling up the DagBag from /opt/airflow/dags/GCS_to_BQ.py
[2023-12-06T16:08:39.753+0000] {processor.py:839} INFO - DAG(s) dict_keys(['test-dag']) retrieved from /opt/airflow/dags/GCS_to_BQ.py
[2023-12-06T16:08:39.797+0000] {logging_mixin.py:154} INFO - [2023-12-06T16:08:39.797+0000] {dag.py:2941} INFO - Sync 1 DAGs
[2023-12-06T16:08:39.811+0000] {logging_mixin.py:154} INFO - [2023-12-06T16:08:39.811+0000] {dag.py:3722} INFO - Setting next_dagrun for test-dag to None, run_after=None
[2023-12-06T16:08:39.827+0000] {processor.py:179} INFO - Processing /opt/airflow/dags/GCS_to_BQ.py took 0.125 seconds
[2023-12-06T16:08:52.921+0000] {processor.py:157} INFO - Started process (PID=526) to work on /opt/airflow/dags/GCS_to_BQ.py
[2023-12-06T16:08:52.923+0000] {processor.py:829} INFO - Processing file /opt/airflow/dags/GCS_to_BQ.py for tasks to queue
[2023-12-06T16:08:52.931+0000] {logging_mixin.py:154} INFO - [2023-12-06T16:08:52.931+0000] {dagbag.py:536} INFO - Filling up the DagBag from /opt/airflow/dags/GCS_to_BQ.py
[2023-12-06T16:08:52.985+0000] {processor.py:839} INFO - DAG(s) dict_keys(['test-dag']) retrieved from /opt/airflow/dags/GCS_to_BQ.py
[2023-12-06T16:08:53.150+0000] {logging_mixin.py:154} INFO - [2023-12-06T16:08:53.150+0000] {dag.py:2941} INFO - Sync 1 DAGs
[2023-12-06T16:08:53.163+0000] {logging_mixin.py:154} INFO - [2023-12-06T16:08:53.163+0000] {dag.py:3722} INFO - Setting next_dagrun for test-dag to None, run_after=None
[2023-12-06T16:08:53.593+0000] {processor.py:179} INFO - Processing /opt/airflow/dags/GCS_to_BQ.py took 0.690 seconds
[2023-12-06T16:08:57.106+0000] {processor.py:157} INFO - Started process (PID=531) to work on /opt/airflow/dags/GCS_to_BQ.py
[2023-12-06T16:08:57.109+0000] {processor.py:829} INFO - Processing file /opt/airflow/dags/GCS_to_BQ.py for tasks to queue
[2023-12-06T16:08:57.116+0000] {logging_mixin.py:154} INFO - [2023-12-06T16:08:57.115+0000] {dagbag.py:536} INFO - Filling up the DagBag from /opt/airflow/dags/GCS_to_BQ.py
[2023-12-06T16:08:57.164+0000] {processor.py:839} INFO - DAG(s) dict_keys(['test-dag']) retrieved from /opt/airflow/dags/GCS_to_BQ.py
[2023-12-06T16:08:57.198+0000] {logging_mixin.py:154} INFO - [2023-12-06T16:08:57.198+0000] {dag.py:2941} INFO - Sync 1 DAGs
[2023-12-06T16:08:57.237+0000] {logging_mixin.py:154} INFO - [2023-12-06T16:08:57.236+0000] {dag.py:3722} INFO - Setting next_dagrun for test-dag to None, run_after=None
[2023-12-06T16:08:57.261+0000] {processor.py:179} INFO - Processing /opt/airflow/dags/GCS_to_BQ.py took 0.164 seconds
[2023-12-06T16:09:10.343+0000] {processor.py:157} INFO - Started process (PID=543) to work on /opt/airflow/dags/GCS_to_BQ.py
[2023-12-06T16:09:10.346+0000] {processor.py:829} INFO - Processing file /opt/airflow/dags/GCS_to_BQ.py for tasks to queue
[2023-12-06T16:09:10.352+0000] {logging_mixin.py:154} INFO - [2023-12-06T16:09:10.351+0000] {dagbag.py:536} INFO - Filling up the DagBag from /opt/airflow/dags/GCS_to_BQ.py
[2023-12-06T16:09:10.386+0000] {processor.py:839} INFO - DAG(s) dict_keys(['test-dag']) retrieved from /opt/airflow/dags/GCS_to_BQ.py
[2023-12-06T16:09:10.417+0000] {logging_mixin.py:154} INFO - [2023-12-06T16:09:10.416+0000] {dag.py:2941} INFO - Sync 1 DAGs
[2023-12-06T16:09:10.442+0000] {logging_mixin.py:154} INFO - [2023-12-06T16:09:10.442+0000] {dag.py:3722} INFO - Setting next_dagrun for test-dag to None, run_after=None
[2023-12-06T16:09:10.460+0000] {processor.py:179} INFO - Processing /opt/airflow/dags/GCS_to_BQ.py took 0.129 seconds
[2023-12-06T16:09:12.582+0000] {processor.py:157} INFO - Started process (PID=553) to work on /opt/airflow/dags/GCS_to_BQ.py
[2023-12-06T16:09:12.584+0000] {processor.py:829} INFO - Processing file /opt/airflow/dags/GCS_to_BQ.py for tasks to queue
[2023-12-06T16:09:12.591+0000] {logging_mixin.py:154} INFO - [2023-12-06T16:09:12.591+0000] {dagbag.py:536} INFO - Filling up the DagBag from /opt/airflow/dags/GCS_to_BQ.py
[2023-12-06T16:09:12.638+0000] {processor.py:839} INFO - DAG(s) dict_keys(['test-dag']) retrieved from /opt/airflow/dags/GCS_to_BQ.py
[2023-12-06T16:09:12.658+0000] {logging_mixin.py:154} INFO - [2023-12-06T16:09:12.658+0000] {dag.py:2941} INFO - Sync 1 DAGs
[2023-12-06T16:09:12.674+0000] {logging_mixin.py:154} INFO - [2023-12-06T16:09:12.674+0000] {dag.py:3722} INFO - Setting next_dagrun for test-dag to None, run_after=None
[2023-12-06T16:09:12.692+0000] {processor.py:179} INFO - Processing /opt/airflow/dags/GCS_to_BQ.py took 0.118 seconds
[2023-12-06T16:09:14.676+0000] {processor.py:157} INFO - Started process (PID=558) to work on /opt/airflow/dags/GCS_to_BQ.py
[2023-12-06T16:09:14.679+0000] {processor.py:829} INFO - Processing file /opt/airflow/dags/GCS_to_BQ.py for tasks to queue
[2023-12-06T16:09:14.686+0000] {logging_mixin.py:154} INFO - [2023-12-06T16:09:14.685+0000] {dagbag.py:536} INFO - Filling up the DagBag from /opt/airflow/dags/GCS_to_BQ.py
[2023-12-06T16:09:14.714+0000] {processor.py:839} INFO - DAG(s) dict_keys(['test-dag']) retrieved from /opt/airflow/dags/GCS_to_BQ.py
[2023-12-06T16:09:14.770+0000] {logging_mixin.py:154} INFO - [2023-12-06T16:09:14.770+0000] {dag.py:2941} INFO - Sync 1 DAGs
[2023-12-06T16:09:14.801+0000] {logging_mixin.py:154} INFO - [2023-12-06T16:09:14.800+0000] {dag.py:3722} INFO - Setting next_dagrun for test-dag to None, run_after=None
[2023-12-06T16:09:14.840+0000] {processor.py:179} INFO - Processing /opt/airflow/dags/GCS_to_BQ.py took 0.173 seconds
[2023-12-06T16:09:28.013+0000] {processor.py:157} INFO - Started process (PID=563) to work on /opt/airflow/dags/GCS_to_BQ.py
[2023-12-06T16:09:28.016+0000] {processor.py:829} INFO - Processing file /opt/airflow/dags/GCS_to_BQ.py for tasks to queue
[2023-12-06T16:09:28.021+0000] {logging_mixin.py:154} INFO - [2023-12-06T16:09:28.021+0000] {dagbag.py:536} INFO - Filling up the DagBag from /opt/airflow/dags/GCS_to_BQ.py
[2023-12-06T16:09:28.063+0000] {processor.py:839} INFO - DAG(s) dict_keys(['test-dag']) retrieved from /opt/airflow/dags/GCS_to_BQ.py
[2023-12-06T16:09:28.191+0000] {logging_mixin.py:154} INFO - [2023-12-06T16:09:28.190+0000] {dag.py:2941} INFO - Sync 1 DAGs
[2023-12-06T16:09:28.500+0000] {logging_mixin.py:154} INFO - [2023-12-06T16:09:28.500+0000] {dag.py:3722} INFO - Setting next_dagrun for test-dag to None, run_after=None
[2023-12-06T16:09:28.516+0000] {processor.py:179} INFO - Processing /opt/airflow/dags/GCS_to_BQ.py took 0.511 seconds
[2023-12-06T16:09:59.055+0000] {processor.py:157} INFO - Started process (PID=580) to work on /opt/airflow/dags/GCS_to_BQ.py
[2023-12-06T16:09:59.058+0000] {processor.py:829} INFO - Processing file /opt/airflow/dags/GCS_to_BQ.py for tasks to queue
[2023-12-06T16:09:59.064+0000] {logging_mixin.py:154} INFO - [2023-12-06T16:09:59.064+0000] {dagbag.py:536} INFO - Filling up the DagBag from /opt/airflow/dags/GCS_to_BQ.py
[2023-12-06T16:09:59.087+0000] {processor.py:839} INFO - DAG(s) dict_keys(['test-dag']) retrieved from /opt/airflow/dags/GCS_to_BQ.py
[2023-12-06T16:09:59.145+0000] {logging_mixin.py:154} INFO - [2023-12-06T16:09:59.145+0000] {dag.py:2941} INFO - Sync 1 DAGs
[2023-12-06T16:09:59.161+0000] {logging_mixin.py:154} INFO - [2023-12-06T16:09:59.161+0000] {dag.py:3722} INFO - Setting next_dagrun for test-dag to None, run_after=None
[2023-12-06T16:09:59.178+0000] {processor.py:179} INFO - Processing /opt/airflow/dags/GCS_to_BQ.py took 0.132 seconds
[2023-12-06T16:10:29.729+0000] {processor.py:157} INFO - Started process (PID=597) to work on /opt/airflow/dags/GCS_to_BQ.py
[2023-12-06T16:10:29.737+0000] {processor.py:829} INFO - Processing file /opt/airflow/dags/GCS_to_BQ.py for tasks to queue
[2023-12-06T16:10:29.745+0000] {logging_mixin.py:154} INFO - [2023-12-06T16:10:29.745+0000] {dagbag.py:536} INFO - Filling up the DagBag from /opt/airflow/dags/GCS_to_BQ.py
[2023-12-06T16:10:29.770+0000] {processor.py:839} INFO - DAG(s) dict_keys(['test-dag']) retrieved from /opt/airflow/dags/GCS_to_BQ.py
[2023-12-06T16:10:29.816+0000] {logging_mixin.py:154} INFO - [2023-12-06T16:10:29.815+0000] {dag.py:2941} INFO - Sync 1 DAGs
[2023-12-06T16:10:29.848+0000] {logging_mixin.py:154} INFO - [2023-12-06T16:10:29.848+0000] {dag.py:3722} INFO - Setting next_dagrun for test-dag to None, run_after=None
[2023-12-06T16:10:29.879+0000] {processor.py:179} INFO - Processing /opt/airflow/dags/GCS_to_BQ.py took 0.171 seconds
[2023-12-06T16:10:48.182+0000] {processor.py:157} INFO - Started process (PID=614) to work on /opt/airflow/dags/GCS_to_BQ.py
[2023-12-06T16:10:48.184+0000] {processor.py:829} INFO - Processing file /opt/airflow/dags/GCS_to_BQ.py for tasks to queue
[2023-12-06T16:10:48.204+0000] {logging_mixin.py:154} INFO - [2023-12-06T16:10:48.203+0000] {dagbag.py:536} INFO - Filling up the DagBag from /opt/airflow/dags/GCS_to_BQ.py
[2023-12-06T16:10:48.214+0000] {logging_mixin.py:154} INFO - [2023-12-06T16:10:48.212+0000] {dagbag.py:346} ERROR - Failed to import: /opt/airflow/dags/GCS_to_BQ.py
Traceback (most recent call last):
  File "/home/airflow/.local/lib/python3.8/site-packages/airflow/models/dagbag.py", line 342, in parse
    loader.exec_module(new_module)
  File "<frozen importlib._bootstrap_external>", line 839, in exec_module
  File "<frozen importlib._bootstrap_external>", line 976, in get_code
  File "<frozen importlib._bootstrap_external>", line 906, in source_to_code
  File "<frozen importlib._bootstrap>", line 219, in _call_with_frames_removed
  File "/opt/airflow/dags/GCS_to_BQ.py", line 35
    /Users/phunghongquan/Documents/học-kì-5/DataWarehouse/northwind_gitRepo/northwind_gitRepo/tables
    ^
SyntaxError: invalid syntax
[2023-12-06T16:10:48.215+0000] {processor.py:841} WARNING - No viable dags retrieved from /opt/airflow/dags/GCS_to_BQ.py
[2023-12-06T16:10:48.255+0000] {processor.py:179} INFO - Processing /opt/airflow/dags/GCS_to_BQ.py took 0.080 seconds
[2023-12-06T16:10:50.227+0000] {processor.py:157} INFO - Started process (PID=619) to work on /opt/airflow/dags/GCS_to_BQ.py
[2023-12-06T16:10:50.233+0000] {processor.py:829} INFO - Processing file /opt/airflow/dags/GCS_to_BQ.py for tasks to queue
[2023-12-06T16:10:50.236+0000] {logging_mixin.py:154} INFO - [2023-12-06T16:10:50.236+0000] {dagbag.py:536} INFO - Filling up the DagBag from /opt/airflow/dags/GCS_to_BQ.py
[2023-12-06T16:10:50.257+0000] {processor.py:839} INFO - DAG(s) dict_keys(['test-dag']) retrieved from /opt/airflow/dags/GCS_to_BQ.py
[2023-12-06T16:10:50.286+0000] {logging_mixin.py:154} INFO - [2023-12-06T16:10:50.286+0000] {dag.py:2941} INFO - Sync 1 DAGs
[2023-12-06T16:10:50.299+0000] {logging_mixin.py:154} INFO - [2023-12-06T16:10:50.299+0000] {dag.py:3722} INFO - Setting next_dagrun for test-dag to None, run_after=None
[2023-12-06T16:10:50.315+0000] {processor.py:179} INFO - Processing /opt/airflow/dags/GCS_to_BQ.py took 0.094 seconds
[2023-12-06T16:10:55.387+0000] {processor.py:157} INFO - Started process (PID=624) to work on /opt/airflow/dags/GCS_to_BQ.py
[2023-12-06T16:10:55.389+0000] {processor.py:829} INFO - Processing file /opt/airflow/dags/GCS_to_BQ.py for tasks to queue
[2023-12-06T16:10:55.394+0000] {logging_mixin.py:154} INFO - [2023-12-06T16:10:55.394+0000] {dagbag.py:536} INFO - Filling up the DagBag from /opt/airflow/dags/GCS_to_BQ.py
[2023-12-06T16:10:55.410+0000] {logging_mixin.py:154} INFO - [2023-12-06T16:10:55.408+0000] {dagbag.py:346} ERROR - Failed to import: /opt/airflow/dags/GCS_to_BQ.py
Traceback (most recent call last):
  File "/home/airflow/.local/lib/python3.8/site-packages/airflow/models/dagbag.py", line 342, in parse
    loader.exec_module(new_module)
  File "<frozen importlib._bootstrap_external>", line 843, in exec_module
  File "<frozen importlib._bootstrap>", line 219, in _call_with_frames_removed
  File "/opt/airflow/dags/GCS_to_BQ.py", line 38, in <module>
    bash_command=f'gsutil -cp {LOCAL_FILE_PATH} gs://{GCS_BUCKET}',
NameError: name 'LOCAL_FILE_PATH' is not defined
[2023-12-06T16:10:55.411+0000] {processor.py:841} WARNING - No viable dags retrieved from /opt/airflow/dags/GCS_to_BQ.py
[2023-12-06T16:10:55.476+0000] {processor.py:179} INFO - Processing /opt/airflow/dags/GCS_to_BQ.py took 0.094 seconds
[2023-12-06T16:10:57.468+0000] {processor.py:157} INFO - Started process (PID=629) to work on /opt/airflow/dags/GCS_to_BQ.py
[2023-12-06T16:10:57.471+0000] {processor.py:829} INFO - Processing file /opt/airflow/dags/GCS_to_BQ.py for tasks to queue
[2023-12-06T16:10:57.480+0000] {logging_mixin.py:154} INFO - [2023-12-06T16:10:57.479+0000] {dagbag.py:536} INFO - Filling up the DagBag from /opt/airflow/dags/GCS_to_BQ.py
[2023-12-06T16:10:57.533+0000] {processor.py:839} INFO - DAG(s) dict_keys(['test-dag']) retrieved from /opt/airflow/dags/GCS_to_BQ.py
[2023-12-06T16:10:57.577+0000] {logging_mixin.py:154} INFO - [2023-12-06T16:10:57.576+0000] {dag.py:2941} INFO - Sync 1 DAGs
[2023-12-06T16:10:57.598+0000] {logging_mixin.py:154} INFO - [2023-12-06T16:10:57.596+0000] {dag.py:3722} INFO - Setting next_dagrun for test-dag to None, run_after=None
[2023-12-06T16:10:57.665+0000] {processor.py:179} INFO - Processing /opt/airflow/dags/GCS_to_BQ.py took 0.205 seconds
[2023-12-06T16:10:59.553+0000] {processor.py:157} INFO - Started process (PID=634) to work on /opt/airflow/dags/GCS_to_BQ.py
[2023-12-06T16:10:59.555+0000] {processor.py:829} INFO - Processing file /opt/airflow/dags/GCS_to_BQ.py for tasks to queue
[2023-12-06T16:10:59.558+0000] {logging_mixin.py:154} INFO - [2023-12-06T16:10:59.558+0000] {dagbag.py:536} INFO - Filling up the DagBag from /opt/airflow/dags/GCS_to_BQ.py
[2023-12-06T16:10:59.576+0000] {processor.py:839} INFO - DAG(s) dict_keys(['test-dag']) retrieved from /opt/airflow/dags/GCS_to_BQ.py
[2023-12-06T16:10:59.611+0000] {logging_mixin.py:154} INFO - [2023-12-06T16:10:59.611+0000] {dag.py:2941} INFO - Sync 1 DAGs
[2023-12-06T16:10:59.622+0000] {logging_mixin.py:154} INFO - [2023-12-06T16:10:59.622+0000] {dag.py:3722} INFO - Setting next_dagrun for test-dag to None, run_after=None
[2023-12-06T16:10:59.637+0000] {processor.py:179} INFO - Processing /opt/airflow/dags/GCS_to_BQ.py took 0.088 seconds
[2023-12-06T16:11:05.721+0000] {processor.py:157} INFO - Started process (PID=647) to work on /opt/airflow/dags/GCS_to_BQ.py
[2023-12-06T16:11:05.723+0000] {processor.py:829} INFO - Processing file /opt/airflow/dags/GCS_to_BQ.py for tasks to queue
[2023-12-06T16:11:05.728+0000] {logging_mixin.py:154} INFO - [2023-12-06T16:11:05.727+0000] {dagbag.py:536} INFO - Filling up the DagBag from /opt/airflow/dags/GCS_to_BQ.py
[2023-12-06T16:11:05.763+0000] {processor.py:839} INFO - DAG(s) dict_keys(['test-dag']) retrieved from /opt/airflow/dags/GCS_to_BQ.py
[2023-12-06T16:11:05.899+0000] {logging_mixin.py:154} INFO - [2023-12-06T16:11:05.899+0000] {dag.py:2941} INFO - Sync 1 DAGs
[2023-12-06T16:11:05.910+0000] {logging_mixin.py:154} INFO - [2023-12-06T16:11:05.910+0000] {dag.py:3722} INFO - Setting next_dagrun for test-dag to None, run_after=None
[2023-12-06T16:11:05.927+0000] {processor.py:179} INFO - Processing /opt/airflow/dags/GCS_to_BQ.py took 0.214 seconds
[2023-12-06T16:11:15.944+0000] {processor.py:157} INFO - Started process (PID=657) to work on /opt/airflow/dags/GCS_to_BQ.py
[2023-12-06T16:11:15.947+0000] {processor.py:829} INFO - Processing file /opt/airflow/dags/GCS_to_BQ.py for tasks to queue
[2023-12-06T16:11:15.954+0000] {logging_mixin.py:154} INFO - [2023-12-06T16:11:15.953+0000] {dagbag.py:536} INFO - Filling up the DagBag from /opt/airflow/dags/GCS_to_BQ.py
[2023-12-06T16:11:15.976+0000] {processor.py:839} INFO - DAG(s) dict_keys(['test-dag']) retrieved from /opt/airflow/dags/GCS_to_BQ.py
[2023-12-06T16:11:15.997+0000] {logging_mixin.py:154} INFO - [2023-12-06T16:11:15.997+0000] {dag.py:2941} INFO - Sync 1 DAGs
[2023-12-06T16:11:16.014+0000] {logging_mixin.py:154} INFO - [2023-12-06T16:11:16.014+0000] {dag.py:3722} INFO - Setting next_dagrun for test-dag to None, run_after=None
[2023-12-06T16:11:16.032+0000] {processor.py:179} INFO - Processing /opt/airflow/dags/GCS_to_BQ.py took 0.097 seconds
[2023-12-06T16:11:46.153+0000] {processor.py:157} INFO - Started process (PID=674) to work on /opt/airflow/dags/GCS_to_BQ.py
[2023-12-06T16:11:46.156+0000] {processor.py:829} INFO - Processing file /opt/airflow/dags/GCS_to_BQ.py for tasks to queue
[2023-12-06T16:11:46.161+0000] {logging_mixin.py:154} INFO - [2023-12-06T16:11:46.160+0000] {dagbag.py:536} INFO - Filling up the DagBag from /opt/airflow/dags/GCS_to_BQ.py
[2023-12-06T16:11:46.181+0000] {processor.py:839} INFO - DAG(s) dict_keys(['test-dag']) retrieved from /opt/airflow/dags/GCS_to_BQ.py
[2023-12-06T16:11:46.312+0000] {logging_mixin.py:154} INFO - [2023-12-06T16:11:46.312+0000] {dag.py:2941} INFO - Sync 1 DAGs
[2023-12-06T16:11:46.324+0000] {logging_mixin.py:154} INFO - [2023-12-06T16:11:46.324+0000] {dag.py:3722} INFO - Setting next_dagrun for test-dag to None, run_after=None
[2023-12-06T16:11:46.715+0000] {processor.py:179} INFO - Processing /opt/airflow/dags/GCS_to_BQ.py took 0.571 seconds
[2023-12-06T16:12:15.236+0000] {processor.py:157} INFO - Started process (PID=691) to work on /opt/airflow/dags/GCS_to_BQ.py
[2023-12-06T16:12:15.239+0000] {processor.py:829} INFO - Processing file /opt/airflow/dags/GCS_to_BQ.py for tasks to queue
[2023-12-06T16:12:15.242+0000] {logging_mixin.py:154} INFO - [2023-12-06T16:12:15.242+0000] {dagbag.py:536} INFO - Filling up the DagBag from /opt/airflow/dags/GCS_to_BQ.py
[2023-12-06T16:12:15.257+0000] {processor.py:839} INFO - DAG(s) dict_keys(['test-dag']) retrieved from /opt/airflow/dags/GCS_to_BQ.py
[2023-12-06T16:12:15.273+0000] {logging_mixin.py:154} INFO - [2023-12-06T16:12:15.273+0000] {dag.py:2941} INFO - Sync 1 DAGs
[2023-12-06T16:12:15.284+0000] {logging_mixin.py:154} INFO - [2023-12-06T16:12:15.284+0000] {dag.py:3722} INFO - Setting next_dagrun for test-dag to None, run_after=None
[2023-12-06T16:12:15.298+0000] {processor.py:179} INFO - Processing /opt/airflow/dags/GCS_to_BQ.py took 0.067 seconds
[2023-12-06T16:12:16.276+0000] {processor.py:157} INFO - Started process (PID=696) to work on /opt/airflow/dags/GCS_to_BQ.py
[2023-12-06T16:12:16.278+0000] {processor.py:829} INFO - Processing file /opt/airflow/dags/GCS_to_BQ.py for tasks to queue
[2023-12-06T16:12:16.281+0000] {logging_mixin.py:154} INFO - [2023-12-06T16:12:16.281+0000] {dagbag.py:536} INFO - Filling up the DagBag from /opt/airflow/dags/GCS_to_BQ.py
[2023-12-06T16:12:16.295+0000] {processor.py:839} INFO - DAG(s) dict_keys(['test-dag']) retrieved from /opt/airflow/dags/GCS_to_BQ.py
[2023-12-06T16:12:16.317+0000] {logging_mixin.py:154} INFO - [2023-12-06T16:12:16.317+0000] {dag.py:2941} INFO - Sync 1 DAGs
[2023-12-06T16:12:16.329+0000] {logging_mixin.py:154} INFO - [2023-12-06T16:12:16.328+0000] {dag.py:3722} INFO - Setting next_dagrun for test-dag to None, run_after=None
[2023-12-06T16:12:16.346+0000] {processor.py:179} INFO - Processing /opt/airflow/dags/GCS_to_BQ.py took 0.075 seconds
[2023-12-06T16:12:19.509+0000] {processor.py:157} INFO - Started process (PID=701) to work on /opt/airflow/dags/GCS_to_BQ.py
[2023-12-06T16:12:19.511+0000] {processor.py:829} INFO - Processing file /opt/airflow/dags/GCS_to_BQ.py for tasks to queue
[2023-12-06T16:12:19.530+0000] {logging_mixin.py:154} INFO - [2023-12-06T16:12:19.528+0000] {dagbag.py:536} INFO - Filling up the DagBag from /opt/airflow/dags/GCS_to_BQ.py
[2023-12-06T16:12:19.573+0000] {processor.py:839} INFO - DAG(s) dict_keys(['test-dag']) retrieved from /opt/airflow/dags/GCS_to_BQ.py
[2023-12-06T16:12:19.646+0000] {logging_mixin.py:154} INFO - [2023-12-06T16:12:19.646+0000] {dag.py:2941} INFO - Sync 1 DAGs
[2023-12-06T16:12:19.676+0000] {logging_mixin.py:154} INFO - [2023-12-06T16:12:19.676+0000] {dag.py:3722} INFO - Setting next_dagrun for test-dag to None, run_after=None
[2023-12-06T16:12:19.702+0000] {processor.py:179} INFO - Processing /opt/airflow/dags/GCS_to_BQ.py took 0.203 seconds
[2023-12-06T16:12:50.344+0000] {processor.py:157} INFO - Started process (PID=718) to work on /opt/airflow/dags/GCS_to_BQ.py
[2023-12-06T16:12:50.355+0000] {processor.py:829} INFO - Processing file /opt/airflow/dags/GCS_to_BQ.py for tasks to queue
[2023-12-06T16:12:50.384+0000] {logging_mixin.py:154} INFO - [2023-12-06T16:12:50.369+0000] {dagbag.py:536} INFO - Filling up the DagBag from /opt/airflow/dags/GCS_to_BQ.py
[2023-12-06T16:12:50.416+0000] {processor.py:839} INFO - DAG(s) dict_keys(['test-dag']) retrieved from /opt/airflow/dags/GCS_to_BQ.py
[2023-12-06T16:12:50.479+0000] {logging_mixin.py:154} INFO - [2023-12-06T16:12:50.478+0000] {dag.py:2941} INFO - Sync 1 DAGs
[2023-12-06T16:12:50.499+0000] {logging_mixin.py:154} INFO - [2023-12-06T16:12:50.498+0000] {dag.py:3722} INFO - Setting next_dagrun for test-dag to None, run_after=None
[2023-12-06T16:12:50.517+0000] {processor.py:179} INFO - Processing /opt/airflow/dags/GCS_to_BQ.py took 0.189 seconds
[2023-12-06T16:13:20.961+0000] {processor.py:157} INFO - Started process (PID=739) to work on /opt/airflow/dags/GCS_to_BQ.py
[2023-12-06T16:13:20.964+0000] {processor.py:829} INFO - Processing file /opt/airflow/dags/GCS_to_BQ.py for tasks to queue
[2023-12-06T16:13:20.969+0000] {logging_mixin.py:154} INFO - [2023-12-06T16:13:20.969+0000] {dagbag.py:536} INFO - Filling up the DagBag from /opt/airflow/dags/GCS_to_BQ.py
[2023-12-06T16:13:20.985+0000] {processor.py:839} INFO - DAG(s) dict_keys(['test-dag']) retrieved from /opt/airflow/dags/GCS_to_BQ.py
[2023-12-06T16:13:21.012+0000] {logging_mixin.py:154} INFO - [2023-12-06T16:13:21.011+0000] {dag.py:2941} INFO - Sync 1 DAGs
[2023-12-06T16:13:21.025+0000] {logging_mixin.py:154} INFO - [2023-12-06T16:13:21.025+0000] {dag.py:3722} INFO - Setting next_dagrun for test-dag to None, run_after=None
[2023-12-06T16:13:21.039+0000] {processor.py:179} INFO - Processing /opt/airflow/dags/GCS_to_BQ.py took 0.086 seconds
[2023-12-06T16:13:51.631+0000] {processor.py:157} INFO - Started process (PID=756) to work on /opt/airflow/dags/GCS_to_BQ.py
[2023-12-06T16:13:51.633+0000] {processor.py:829} INFO - Processing file /opt/airflow/dags/GCS_to_BQ.py for tasks to queue
[2023-12-06T16:13:51.636+0000] {logging_mixin.py:154} INFO - [2023-12-06T16:13:51.635+0000] {dagbag.py:536} INFO - Filling up the DagBag from /opt/airflow/dags/GCS_to_BQ.py
[2023-12-06T16:13:51.649+0000] {processor.py:839} INFO - DAG(s) dict_keys(['test-dag']) retrieved from /opt/airflow/dags/GCS_to_BQ.py
[2023-12-06T16:13:51.673+0000] {logging_mixin.py:154} INFO - [2023-12-06T16:13:51.673+0000] {dag.py:2941} INFO - Sync 1 DAGs
[2023-12-06T16:13:51.685+0000] {logging_mixin.py:154} INFO - [2023-12-06T16:13:51.684+0000] {dag.py:3722} INFO - Setting next_dagrun for test-dag to None, run_after=None
[2023-12-06T16:13:51.699+0000] {processor.py:179} INFO - Processing /opt/airflow/dags/GCS_to_BQ.py took 0.074 seconds
[2023-12-06T16:14:22.182+0000] {processor.py:157} INFO - Started process (PID=773) to work on /opt/airflow/dags/GCS_to_BQ.py
[2023-12-06T16:14:22.185+0000] {processor.py:829} INFO - Processing file /opt/airflow/dags/GCS_to_BQ.py for tasks to queue
[2023-12-06T16:14:22.187+0000] {logging_mixin.py:154} INFO - [2023-12-06T16:14:22.187+0000] {dagbag.py:536} INFO - Filling up the DagBag from /opt/airflow/dags/GCS_to_BQ.py
[2023-12-06T16:14:22.200+0000] {processor.py:839} INFO - DAG(s) dict_keys(['test-dag']) retrieved from /opt/airflow/dags/GCS_to_BQ.py
[2023-12-06T16:14:22.224+0000] {logging_mixin.py:154} INFO - [2023-12-06T16:14:22.224+0000] {dag.py:2941} INFO - Sync 1 DAGs
[2023-12-06T16:14:22.236+0000] {logging_mixin.py:154} INFO - [2023-12-06T16:14:22.236+0000] {dag.py:3722} INFO - Setting next_dagrun for test-dag to None, run_after=None
[2023-12-06T16:14:22.251+0000] {processor.py:179} INFO - Processing /opt/airflow/dags/GCS_to_BQ.py took 0.074 seconds
[2023-12-06T16:14:52.733+0000] {processor.py:157} INFO - Started process (PID=790) to work on /opt/airflow/dags/GCS_to_BQ.py
[2023-12-06T16:14:52.735+0000] {processor.py:829} INFO - Processing file /opt/airflow/dags/GCS_to_BQ.py for tasks to queue
[2023-12-06T16:14:52.737+0000] {logging_mixin.py:154} INFO - [2023-12-06T16:14:52.737+0000] {dagbag.py:536} INFO - Filling up the DagBag from /opt/airflow/dags/GCS_to_BQ.py
[2023-12-06T16:14:52.747+0000] {processor.py:839} INFO - DAG(s) dict_keys(['test-dag']) retrieved from /opt/airflow/dags/GCS_to_BQ.py
[2023-12-06T16:14:52.767+0000] {logging_mixin.py:154} INFO - [2023-12-06T16:14:52.767+0000] {dag.py:2941} INFO - Sync 1 DAGs
[2023-12-06T16:14:52.777+0000] {logging_mixin.py:154} INFO - [2023-12-06T16:14:52.777+0000] {dag.py:3722} INFO - Setting next_dagrun for test-dag to None, run_after=None
[2023-12-06T16:14:52.790+0000] {processor.py:179} INFO - Processing /opt/airflow/dags/GCS_to_BQ.py took 0.061 seconds
[2023-12-06T16:15:23.258+0000] {processor.py:157} INFO - Started process (PID=807) to work on /opt/airflow/dags/GCS_to_BQ.py
[2023-12-06T16:15:23.267+0000] {processor.py:829} INFO - Processing file /opt/airflow/dags/GCS_to_BQ.py for tasks to queue
[2023-12-06T16:15:23.281+0000] {logging_mixin.py:154} INFO - [2023-12-06T16:15:23.280+0000] {dagbag.py:536} INFO - Filling up the DagBag from /opt/airflow/dags/GCS_to_BQ.py
[2023-12-06T16:15:23.335+0000] {processor.py:839} INFO - DAG(s) dict_keys(['test-dag']) retrieved from /opt/airflow/dags/GCS_to_BQ.py
[2023-12-06T16:15:23.392+0000] {logging_mixin.py:154} INFO - [2023-12-06T16:15:23.392+0000] {dag.py:2941} INFO - Sync 1 DAGs
[2023-12-06T16:15:23.410+0000] {logging_mixin.py:154} INFO - [2023-12-06T16:15:23.410+0000] {dag.py:3722} INFO - Setting next_dagrun for test-dag to None, run_after=None
[2023-12-06T16:15:23.426+0000] {processor.py:179} INFO - Processing /opt/airflow/dags/GCS_to_BQ.py took 0.175 seconds
[2023-12-06T16:15:53.985+0000] {processor.py:157} INFO - Started process (PID=824) to work on /opt/airflow/dags/GCS_to_BQ.py
[2023-12-06T16:15:53.988+0000] {processor.py:829} INFO - Processing file /opt/airflow/dags/GCS_to_BQ.py for tasks to queue
[2023-12-06T16:15:54.005+0000] {logging_mixin.py:154} INFO - [2023-12-06T16:15:53.997+0000] {dagbag.py:536} INFO - Filling up the DagBag from /opt/airflow/dags/GCS_to_BQ.py
[2023-12-06T16:15:54.072+0000] {processor.py:839} INFO - DAG(s) dict_keys(['test-dag']) retrieved from /opt/airflow/dags/GCS_to_BQ.py
[2023-12-06T16:15:54.318+0000] {logging_mixin.py:154} INFO - [2023-12-06T16:15:54.317+0000] {dag.py:2941} INFO - Sync 1 DAGs
[2023-12-06T16:15:54.525+0000] {logging_mixin.py:154} INFO - [2023-12-06T16:15:54.521+0000] {dag.py:3722} INFO - Setting next_dagrun for test-dag to None, run_after=None
[2023-12-06T16:15:54.717+0000] {processor.py:179} INFO - Processing /opt/airflow/dags/GCS_to_BQ.py took 0.744 seconds
[2023-12-06T16:16:25.139+0000] {processor.py:157} INFO - Started process (PID=841) to work on /opt/airflow/dags/GCS_to_BQ.py
[2023-12-06T16:16:25.143+0000] {processor.py:829} INFO - Processing file /opt/airflow/dags/GCS_to_BQ.py for tasks to queue
[2023-12-06T16:16:25.151+0000] {logging_mixin.py:154} INFO - [2023-12-06T16:16:25.150+0000] {dagbag.py:536} INFO - Filling up the DagBag from /opt/airflow/dags/GCS_to_BQ.py
[2023-12-06T16:16:25.185+0000] {processor.py:839} INFO - DAG(s) dict_keys(['test-dag']) retrieved from /opt/airflow/dags/GCS_to_BQ.py
[2023-12-06T16:16:25.247+0000] {logging_mixin.py:154} INFO - [2023-12-06T16:16:25.247+0000] {dag.py:2941} INFO - Sync 1 DAGs
[2023-12-06T16:16:25.263+0000] {logging_mixin.py:154} INFO - [2023-12-06T16:16:25.263+0000] {dag.py:3722} INFO - Setting next_dagrun for test-dag to None, run_after=None
[2023-12-06T16:16:25.280+0000] {processor.py:179} INFO - Processing /opt/airflow/dags/GCS_to_BQ.py took 0.150 seconds
[2023-12-06T16:16:55.680+0000] {processor.py:157} INFO - Started process (PID=858) to work on /opt/airflow/dags/GCS_to_BQ.py
[2023-12-06T16:16:55.682+0000] {processor.py:829} INFO - Processing file /opt/airflow/dags/GCS_to_BQ.py for tasks to queue
[2023-12-06T16:16:55.691+0000] {logging_mixin.py:154} INFO - [2023-12-06T16:16:55.691+0000] {dagbag.py:536} INFO - Filling up the DagBag from /opt/airflow/dags/GCS_to_BQ.py
[2023-12-06T16:16:55.710+0000] {processor.py:839} INFO - DAG(s) dict_keys(['test-dag']) retrieved from /opt/airflow/dags/GCS_to_BQ.py
[2023-12-06T16:16:55.747+0000] {logging_mixin.py:154} INFO - [2023-12-06T16:16:55.747+0000] {dag.py:2941} INFO - Sync 1 DAGs
[2023-12-06T16:16:55.762+0000] {logging_mixin.py:154} INFO - [2023-12-06T16:16:55.762+0000] {dag.py:3722} INFO - Setting next_dagrun for test-dag to None, run_after=None
[2023-12-06T16:16:55.779+0000] {processor.py:179} INFO - Processing /opt/airflow/dags/GCS_to_BQ.py took 0.104 seconds
[2023-12-06T16:17:26.233+0000] {processor.py:157} INFO - Started process (PID=875) to work on /opt/airflow/dags/GCS_to_BQ.py
[2023-12-06T16:17:26.237+0000] {processor.py:829} INFO - Processing file /opt/airflow/dags/GCS_to_BQ.py for tasks to queue
[2023-12-06T16:17:26.243+0000] {logging_mixin.py:154} INFO - [2023-12-06T16:17:26.242+0000] {dagbag.py:536} INFO - Filling up the DagBag from /opt/airflow/dags/GCS_to_BQ.py
[2023-12-06T16:17:26.263+0000] {processor.py:839} INFO - DAG(s) dict_keys(['test-dag']) retrieved from /opt/airflow/dags/GCS_to_BQ.py
[2023-12-06T16:17:26.298+0000] {logging_mixin.py:154} INFO - [2023-12-06T16:17:26.298+0000] {dag.py:2941} INFO - Sync 1 DAGs
[2023-12-06T16:17:26.314+0000] {logging_mixin.py:154} INFO - [2023-12-06T16:17:26.314+0000] {dag.py:3722} INFO - Setting next_dagrun for test-dag to None, run_after=None
[2023-12-06T16:17:26.330+0000] {processor.py:179} INFO - Processing /opt/airflow/dags/GCS_to_BQ.py took 0.116 seconds
[2023-12-06T16:17:56.861+0000] {processor.py:157} INFO - Started process (PID=892) to work on /opt/airflow/dags/GCS_to_BQ.py
[2023-12-06T16:17:56.864+0000] {processor.py:829} INFO - Processing file /opt/airflow/dags/GCS_to_BQ.py for tasks to queue
[2023-12-06T16:17:56.872+0000] {logging_mixin.py:154} INFO - [2023-12-06T16:17:56.871+0000] {dagbag.py:536} INFO - Filling up the DagBag from /opt/airflow/dags/GCS_to_BQ.py
[2023-12-06T16:17:56.908+0000] {processor.py:839} INFO - DAG(s) dict_keys(['test-dag']) retrieved from /opt/airflow/dags/GCS_to_BQ.py
[2023-12-06T16:17:56.957+0000] {logging_mixin.py:154} INFO - [2023-12-06T16:17:56.956+0000] {dag.py:2941} INFO - Sync 1 DAGs
[2023-12-06T16:17:56.973+0000] {logging_mixin.py:154} INFO - [2023-12-06T16:17:56.973+0000] {dag.py:3722} INFO - Setting next_dagrun for test-dag to None, run_after=None
[2023-12-06T16:17:56.991+0000] {processor.py:179} INFO - Processing /opt/airflow/dags/GCS_to_BQ.py took 0.136 seconds
[2023-12-06T16:18:27.513+0000] {processor.py:157} INFO - Started process (PID=909) to work on /opt/airflow/dags/GCS_to_BQ.py
[2023-12-06T16:18:27.516+0000] {processor.py:829} INFO - Processing file /opt/airflow/dags/GCS_to_BQ.py for tasks to queue
[2023-12-06T16:18:27.523+0000] {logging_mixin.py:154} INFO - [2023-12-06T16:18:27.522+0000] {dagbag.py:536} INFO - Filling up the DagBag from /opt/airflow/dags/GCS_to_BQ.py
[2023-12-06T16:18:27.548+0000] {processor.py:839} INFO - DAG(s) dict_keys(['test-dag']) retrieved from /opt/airflow/dags/GCS_to_BQ.py
[2023-12-06T16:18:27.601+0000] {logging_mixin.py:154} INFO - [2023-12-06T16:18:27.601+0000] {dag.py:2941} INFO - Sync 1 DAGs
[2023-12-06T16:18:27.617+0000] {logging_mixin.py:154} INFO - [2023-12-06T16:18:27.617+0000] {dag.py:3722} INFO - Setting next_dagrun for test-dag to None, run_after=None
[2023-12-06T16:18:27.634+0000] {processor.py:179} INFO - Processing /opt/airflow/dags/GCS_to_BQ.py took 0.130 seconds
[2023-12-06T16:18:58.582+0000] {processor.py:157} INFO - Started process (PID=926) to work on /opt/airflow/dags/GCS_to_BQ.py
[2023-12-06T16:18:58.588+0000] {processor.py:829} INFO - Processing file /opt/airflow/dags/GCS_to_BQ.py for tasks to queue
[2023-12-06T16:18:58.634+0000] {logging_mixin.py:154} INFO - [2023-12-06T16:18:58.633+0000] {dagbag.py:536} INFO - Filling up the DagBag from /opt/airflow/dags/GCS_to_BQ.py
[2023-12-06T16:18:58.683+0000] {processor.py:839} INFO - DAG(s) dict_keys(['test-dag']) retrieved from /opt/airflow/dags/GCS_to_BQ.py
[2023-12-06T16:18:58.761+0000] {logging_mixin.py:154} INFO - [2023-12-06T16:18:58.761+0000] {dag.py:2941} INFO - Sync 1 DAGs
[2023-12-06T16:18:58.779+0000] {logging_mixin.py:154} INFO - [2023-12-06T16:18:58.779+0000] {dag.py:3722} INFO - Setting next_dagrun for test-dag to None, run_after=None
[2023-12-06T16:18:58.799+0000] {processor.py:179} INFO - Processing /opt/airflow/dags/GCS_to_BQ.py took 0.237 seconds
[2023-12-06T16:19:29.055+0000] {processor.py:157} INFO - Started process (PID=943) to work on /opt/airflow/dags/GCS_to_BQ.py
[2023-12-06T16:19:29.057+0000] {processor.py:829} INFO - Processing file /opt/airflow/dags/GCS_to_BQ.py for tasks to queue
[2023-12-06T16:19:29.063+0000] {logging_mixin.py:154} INFO - [2023-12-06T16:19:29.063+0000] {dagbag.py:536} INFO - Filling up the DagBag from /opt/airflow/dags/GCS_to_BQ.py
[2023-12-06T16:19:29.080+0000] {processor.py:839} INFO - DAG(s) dict_keys(['test-dag']) retrieved from /opt/airflow/dags/GCS_to_BQ.py
[2023-12-06T16:19:29.125+0000] {logging_mixin.py:154} INFO - [2023-12-06T16:19:29.125+0000] {dag.py:2941} INFO - Sync 1 DAGs
[2023-12-06T16:19:29.141+0000] {logging_mixin.py:154} INFO - [2023-12-06T16:19:29.141+0000] {dag.py:3722} INFO - Setting next_dagrun for test-dag to None, run_after=None
[2023-12-06T16:19:29.156+0000] {processor.py:179} INFO - Processing /opt/airflow/dags/GCS_to_BQ.py took 0.110 seconds
[2023-12-06T16:19:59.727+0000] {processor.py:157} INFO - Started process (PID=960) to work on /opt/airflow/dags/GCS_to_BQ.py
[2023-12-06T16:19:59.730+0000] {processor.py:829} INFO - Processing file /opt/airflow/dags/GCS_to_BQ.py for tasks to queue
[2023-12-06T16:19:59.736+0000] {logging_mixin.py:154} INFO - [2023-12-06T16:19:59.736+0000] {dagbag.py:536} INFO - Filling up the DagBag from /opt/airflow/dags/GCS_to_BQ.py
[2023-12-06T16:19:59.759+0000] {processor.py:839} INFO - DAG(s) dict_keys(['test-dag']) retrieved from /opt/airflow/dags/GCS_to_BQ.py
[2023-12-06T16:19:59.810+0000] {logging_mixin.py:154} INFO - [2023-12-06T16:19:59.809+0000] {dag.py:2941} INFO - Sync 1 DAGs
[2023-12-06T16:19:59.830+0000] {logging_mixin.py:154} INFO - [2023-12-06T16:19:59.830+0000] {dag.py:3722} INFO - Setting next_dagrun for test-dag to None, run_after=None
[2023-12-06T16:19:59.848+0000] {processor.py:179} INFO - Processing /opt/airflow/dags/GCS_to_BQ.py took 0.130 seconds
[2023-12-06T16:20:30.258+0000] {processor.py:157} INFO - Started process (PID=977) to work on /opt/airflow/dags/GCS_to_BQ.py
[2023-12-06T16:20:30.261+0000] {processor.py:829} INFO - Processing file /opt/airflow/dags/GCS_to_BQ.py for tasks to queue
[2023-12-06T16:20:30.265+0000] {logging_mixin.py:154} INFO - [2023-12-06T16:20:30.264+0000] {dagbag.py:536} INFO - Filling up the DagBag from /opt/airflow/dags/GCS_to_BQ.py
[2023-12-06T16:20:30.275+0000] {processor.py:839} INFO - DAG(s) dict_keys(['test-dag']) retrieved from /opt/airflow/dags/GCS_to_BQ.py
[2023-12-06T16:20:30.296+0000] {logging_mixin.py:154} INFO - [2023-12-06T16:20:30.296+0000] {dag.py:2941} INFO - Sync 1 DAGs
[2023-12-06T16:20:30.305+0000] {logging_mixin.py:154} INFO - [2023-12-06T16:20:30.305+0000] {dag.py:3722} INFO - Setting next_dagrun for test-dag to None, run_after=None
[2023-12-06T16:20:30.318+0000] {processor.py:179} INFO - Processing /opt/airflow/dags/GCS_to_BQ.py took 0.064 seconds
[2023-12-06T16:21:00.813+0000] {processor.py:157} INFO - Started process (PID=994) to work on /opt/airflow/dags/GCS_to_BQ.py
[2023-12-06T16:21:00.818+0000] {processor.py:829} INFO - Processing file /opt/airflow/dags/GCS_to_BQ.py for tasks to queue
[2023-12-06T16:21:00.836+0000] {logging_mixin.py:154} INFO - [2023-12-06T16:21:00.834+0000] {dagbag.py:536} INFO - Filling up the DagBag from /opt/airflow/dags/GCS_to_BQ.py
[2023-12-06T16:21:00.869+0000] {processor.py:839} INFO - DAG(s) dict_keys(['test-dag']) retrieved from /opt/airflow/dags/GCS_to_BQ.py
[2023-12-06T16:21:00.919+0000] {logging_mixin.py:154} INFO - [2023-12-06T16:21:00.919+0000] {dag.py:2941} INFO - Sync 1 DAGs
[2023-12-06T16:21:00.948+0000] {logging_mixin.py:154} INFO - [2023-12-06T16:21:00.948+0000] {dag.py:3722} INFO - Setting next_dagrun for test-dag to None, run_after=None
[2023-12-06T16:21:00.966+0000] {processor.py:179} INFO - Processing /opt/airflow/dags/GCS_to_BQ.py took 0.163 seconds
[2023-12-06T16:21:31.417+0000] {processor.py:157} INFO - Started process (PID=1011) to work on /opt/airflow/dags/GCS_to_BQ.py
[2023-12-06T16:21:31.420+0000] {processor.py:829} INFO - Processing file /opt/airflow/dags/GCS_to_BQ.py for tasks to queue
[2023-12-06T16:21:31.423+0000] {logging_mixin.py:154} INFO - [2023-12-06T16:21:31.423+0000] {dagbag.py:536} INFO - Filling up the DagBag from /opt/airflow/dags/GCS_to_BQ.py
[2023-12-06T16:21:31.434+0000] {processor.py:839} INFO - DAG(s) dict_keys(['test-dag']) retrieved from /opt/airflow/dags/GCS_to_BQ.py
[2023-12-06T16:21:31.458+0000] {logging_mixin.py:154} INFO - [2023-12-06T16:21:31.458+0000] {dag.py:2941} INFO - Sync 1 DAGs
[2023-12-06T16:21:31.469+0000] {logging_mixin.py:154} INFO - [2023-12-06T16:21:31.469+0000] {dag.py:3722} INFO - Setting next_dagrun for test-dag to None, run_after=None
[2023-12-06T16:21:31.482+0000] {processor.py:179} INFO - Processing /opt/airflow/dags/GCS_to_BQ.py took 0.072 seconds
[2023-12-06T16:22:01.918+0000] {processor.py:157} INFO - Started process (PID=1028) to work on /opt/airflow/dags/GCS_to_BQ.py
[2023-12-06T16:22:01.921+0000] {processor.py:829} INFO - Processing file /opt/airflow/dags/GCS_to_BQ.py for tasks to queue
[2023-12-06T16:22:01.924+0000] {logging_mixin.py:154} INFO - [2023-12-06T16:22:01.924+0000] {dagbag.py:536} INFO - Filling up the DagBag from /opt/airflow/dags/GCS_to_BQ.py
[2023-12-06T16:22:01.937+0000] {processor.py:839} INFO - DAG(s) dict_keys(['test-dag']) retrieved from /opt/airflow/dags/GCS_to_BQ.py
[2023-12-06T16:22:01.963+0000] {logging_mixin.py:154} INFO - [2023-12-06T16:22:01.963+0000] {dag.py:2941} INFO - Sync 1 DAGs
[2023-12-06T16:22:01.973+0000] {logging_mixin.py:154} INFO - [2023-12-06T16:22:01.973+0000] {dag.py:3722} INFO - Setting next_dagrun for test-dag to None, run_after=None
[2023-12-06T16:22:01.987+0000] {processor.py:179} INFO - Processing /opt/airflow/dags/GCS_to_BQ.py took 0.076 seconds
[2023-12-06T16:22:32.394+0000] {processor.py:157} INFO - Started process (PID=1045) to work on /opt/airflow/dags/GCS_to_BQ.py
[2023-12-06T16:22:32.395+0000] {processor.py:829} INFO - Processing file /opt/airflow/dags/GCS_to_BQ.py for tasks to queue
[2023-12-06T16:22:32.398+0000] {logging_mixin.py:154} INFO - [2023-12-06T16:22:32.397+0000] {dagbag.py:536} INFO - Filling up the DagBag from /opt/airflow/dags/GCS_to_BQ.py
[2023-12-06T16:22:32.409+0000] {processor.py:839} INFO - DAG(s) dict_keys(['test-dag']) retrieved from /opt/airflow/dags/GCS_to_BQ.py
[2023-12-06T16:22:32.433+0000] {logging_mixin.py:154} INFO - [2023-12-06T16:22:32.433+0000] {dag.py:2941} INFO - Sync 1 DAGs
[2023-12-06T16:22:32.443+0000] {logging_mixin.py:154} INFO - [2023-12-06T16:22:32.443+0000] {dag.py:3722} INFO - Setting next_dagrun for test-dag to None, run_after=None
[2023-12-06T16:22:32.455+0000] {processor.py:179} INFO - Processing /opt/airflow/dags/GCS_to_BQ.py took 0.066 seconds
[2023-12-06T16:23:02.829+0000] {processor.py:157} INFO - Started process (PID=1062) to work on /opt/airflow/dags/GCS_to_BQ.py
[2023-12-06T16:23:02.832+0000] {processor.py:829} INFO - Processing file /opt/airflow/dags/GCS_to_BQ.py for tasks to queue
[2023-12-06T16:23:02.835+0000] {logging_mixin.py:154} INFO - [2023-12-06T16:23:02.834+0000] {dagbag.py:536} INFO - Filling up the DagBag from /opt/airflow/dags/GCS_to_BQ.py
[2023-12-06T16:23:02.849+0000] {processor.py:839} INFO - DAG(s) dict_keys(['test-dag']) retrieved from /opt/airflow/dags/GCS_to_BQ.py
[2023-12-06T16:23:02.876+0000] {logging_mixin.py:154} INFO - [2023-12-06T16:23:02.876+0000] {dag.py:2941} INFO - Sync 1 DAGs
[2023-12-06T16:23:02.889+0000] {logging_mixin.py:154} INFO - [2023-12-06T16:23:02.889+0000] {dag.py:3722} INFO - Setting next_dagrun for test-dag to None, run_after=None
[2023-12-06T16:23:02.903+0000] {processor.py:179} INFO - Processing /opt/airflow/dags/GCS_to_BQ.py took 0.078 seconds
[2023-12-06T16:23:33.424+0000] {processor.py:157} INFO - Started process (PID=1079) to work on /opt/airflow/dags/GCS_to_BQ.py
[2023-12-06T16:23:33.427+0000] {processor.py:829} INFO - Processing file /opt/airflow/dags/GCS_to_BQ.py for tasks to queue
[2023-12-06T16:23:33.430+0000] {logging_mixin.py:154} INFO - [2023-12-06T16:23:33.430+0000] {dagbag.py:536} INFO - Filling up the DagBag from /opt/airflow/dags/GCS_to_BQ.py
[2023-12-06T16:23:33.444+0000] {processor.py:839} INFO - DAG(s) dict_keys(['test-dag']) retrieved from /opt/airflow/dags/GCS_to_BQ.py
[2023-12-06T16:23:33.474+0000] {logging_mixin.py:154} INFO - [2023-12-06T16:23:33.474+0000] {dag.py:2941} INFO - Sync 1 DAGs
[2023-12-06T16:23:33.487+0000] {logging_mixin.py:154} INFO - [2023-12-06T16:23:33.487+0000] {dag.py:3722} INFO - Setting next_dagrun for test-dag to None, run_after=None
[2023-12-06T16:23:33.502+0000] {processor.py:179} INFO - Processing /opt/airflow/dags/GCS_to_BQ.py took 0.085 seconds
[2023-12-06T16:24:04.025+0000] {processor.py:157} INFO - Started process (PID=1096) to work on /opt/airflow/dags/GCS_to_BQ.py
[2023-12-06T16:24:04.027+0000] {processor.py:829} INFO - Processing file /opt/airflow/dags/GCS_to_BQ.py for tasks to queue
[2023-12-06T16:24:04.034+0000] {logging_mixin.py:154} INFO - [2023-12-06T16:24:04.033+0000] {dagbag.py:536} INFO - Filling up the DagBag from /opt/airflow/dags/GCS_to_BQ.py
[2023-12-06T16:24:04.055+0000] {processor.py:839} INFO - DAG(s) dict_keys(['test-dag']) retrieved from /opt/airflow/dags/GCS_to_BQ.py
[2023-12-06T16:24:04.099+0000] {logging_mixin.py:154} INFO - [2023-12-06T16:24:04.098+0000] {dag.py:2941} INFO - Sync 1 DAGs
[2023-12-06T16:24:04.114+0000] {logging_mixin.py:154} INFO - [2023-12-06T16:24:04.113+0000] {dag.py:3722} INFO - Setting next_dagrun for test-dag to None, run_after=None
[2023-12-06T16:24:04.128+0000] {processor.py:179} INFO - Processing /opt/airflow/dags/GCS_to_BQ.py took 0.111 seconds
[2023-12-06T16:24:34.564+0000] {processor.py:157} INFO - Started process (PID=1113) to work on /opt/airflow/dags/GCS_to_BQ.py
[2023-12-06T16:24:34.566+0000] {processor.py:829} INFO - Processing file /opt/airflow/dags/GCS_to_BQ.py for tasks to queue
[2023-12-06T16:24:34.570+0000] {logging_mixin.py:154} INFO - [2023-12-06T16:24:34.569+0000] {dagbag.py:536} INFO - Filling up the DagBag from /opt/airflow/dags/GCS_to_BQ.py
[2023-12-06T16:24:34.585+0000] {processor.py:839} INFO - DAG(s) dict_keys(['test-dag']) retrieved from /opt/airflow/dags/GCS_to_BQ.py
[2023-12-06T16:24:34.616+0000] {logging_mixin.py:154} INFO - [2023-12-06T16:24:34.616+0000] {dag.py:2941} INFO - Sync 1 DAGs
[2023-12-06T16:24:34.629+0000] {logging_mixin.py:154} INFO - [2023-12-06T16:24:34.629+0000] {dag.py:3722} INFO - Setting next_dagrun for test-dag to None, run_after=None
[2023-12-06T16:24:34.643+0000] {processor.py:179} INFO - Processing /opt/airflow/dags/GCS_to_BQ.py took 0.085 seconds
[2023-12-06T16:25:05.081+0000] {processor.py:157} INFO - Started process (PID=1130) to work on /opt/airflow/dags/GCS_to_BQ.py
[2023-12-06T16:25:05.084+0000] {processor.py:829} INFO - Processing file /opt/airflow/dags/GCS_to_BQ.py for tasks to queue
[2023-12-06T16:25:05.087+0000] {logging_mixin.py:154} INFO - [2023-12-06T16:25:05.087+0000] {dagbag.py:536} INFO - Filling up the DagBag from /opt/airflow/dags/GCS_to_BQ.py
[2023-12-06T16:25:05.102+0000] {processor.py:839} INFO - DAG(s) dict_keys(['test-dag']) retrieved from /opt/airflow/dags/GCS_to_BQ.py
[2023-12-06T16:25:05.131+0000] {logging_mixin.py:154} INFO - [2023-12-06T16:25:05.131+0000] {dag.py:2941} INFO - Sync 1 DAGs
[2023-12-06T16:25:05.143+0000] {logging_mixin.py:154} INFO - [2023-12-06T16:25:05.143+0000] {dag.py:3722} INFO - Setting next_dagrun for test-dag to None, run_after=None
[2023-12-06T16:25:05.158+0000] {processor.py:179} INFO - Processing /opt/airflow/dags/GCS_to_BQ.py took 0.083 seconds
[2023-12-06T16:25:35.638+0000] {processor.py:157} INFO - Started process (PID=1147) to work on /opt/airflow/dags/GCS_to_BQ.py
[2023-12-06T16:25:35.642+0000] {processor.py:829} INFO - Processing file /opt/airflow/dags/GCS_to_BQ.py for tasks to queue
[2023-12-06T16:25:35.646+0000] {logging_mixin.py:154} INFO - [2023-12-06T16:25:35.645+0000] {dagbag.py:536} INFO - Filling up the DagBag from /opt/airflow/dags/GCS_to_BQ.py
[2023-12-06T16:25:35.661+0000] {processor.py:839} INFO - DAG(s) dict_keys(['test-dag']) retrieved from /opt/airflow/dags/GCS_to_BQ.py
[2023-12-06T16:25:35.690+0000] {logging_mixin.py:154} INFO - [2023-12-06T16:25:35.690+0000] {dag.py:2941} INFO - Sync 1 DAGs
[2023-12-06T16:25:35.704+0000] {logging_mixin.py:154} INFO - [2023-12-06T16:25:35.704+0000] {dag.py:3722} INFO - Setting next_dagrun for test-dag to None, run_after=None
[2023-12-06T16:25:35.718+0000] {processor.py:179} INFO - Processing /opt/airflow/dags/GCS_to_BQ.py took 0.087 seconds
[2023-12-06T16:26:06.205+0000] {processor.py:157} INFO - Started process (PID=1164) to work on /opt/airflow/dags/GCS_to_BQ.py
[2023-12-06T16:26:06.208+0000] {processor.py:829} INFO - Processing file /opt/airflow/dags/GCS_to_BQ.py for tasks to queue
[2023-12-06T16:26:06.215+0000] {logging_mixin.py:154} INFO - [2023-12-06T16:26:06.214+0000] {dagbag.py:536} INFO - Filling up the DagBag from /opt/airflow/dags/GCS_to_BQ.py
[2023-12-06T16:26:06.235+0000] {processor.py:839} INFO - DAG(s) dict_keys(['test-dag']) retrieved from /opt/airflow/dags/GCS_to_BQ.py
[2023-12-06T16:26:06.267+0000] {logging_mixin.py:154} INFO - [2023-12-06T16:26:06.267+0000] {dag.py:2941} INFO - Sync 1 DAGs
[2023-12-06T16:26:06.281+0000] {logging_mixin.py:154} INFO - [2023-12-06T16:26:06.280+0000] {dag.py:3722} INFO - Setting next_dagrun for test-dag to None, run_after=None
[2023-12-06T16:26:06.297+0000] {processor.py:179} INFO - Processing /opt/airflow/dags/GCS_to_BQ.py took 0.101 seconds
[2023-12-06T16:26:36.694+0000] {processor.py:157} INFO - Started process (PID=1181) to work on /opt/airflow/dags/GCS_to_BQ.py
[2023-12-06T16:26:36.696+0000] {processor.py:829} INFO - Processing file /opt/airflow/dags/GCS_to_BQ.py for tasks to queue
[2023-12-06T16:26:36.700+0000] {logging_mixin.py:154} INFO - [2023-12-06T16:26:36.699+0000] {dagbag.py:536} INFO - Filling up the DagBag from /opt/airflow/dags/GCS_to_BQ.py
[2023-12-06T16:26:36.717+0000] {processor.py:839} INFO - DAG(s) dict_keys(['test-dag']) retrieved from /opt/airflow/dags/GCS_to_BQ.py
[2023-12-06T16:26:36.751+0000] {logging_mixin.py:154} INFO - [2023-12-06T16:26:36.751+0000] {dag.py:2941} INFO - Sync 1 DAGs
[2023-12-06T16:26:36.764+0000] {logging_mixin.py:154} INFO - [2023-12-06T16:26:36.764+0000] {dag.py:3722} INFO - Setting next_dagrun for test-dag to None, run_after=None
[2023-12-06T16:26:36.778+0000] {processor.py:179} INFO - Processing /opt/airflow/dags/GCS_to_BQ.py took 0.091 seconds
[2023-12-06T16:27:07.679+0000] {processor.py:157} INFO - Started process (PID=1198) to work on /opt/airflow/dags/GCS_to_BQ.py
[2023-12-06T16:27:07.683+0000] {processor.py:829} INFO - Processing file /opt/airflow/dags/GCS_to_BQ.py for tasks to queue
[2023-12-06T16:27:07.689+0000] {logging_mixin.py:154} INFO - [2023-12-06T16:27:07.688+0000] {dagbag.py:536} INFO - Filling up the DagBag from /opt/airflow/dags/GCS_to_BQ.py
[2023-12-06T16:27:07.715+0000] {processor.py:839} INFO - DAG(s) dict_keys(['test-dag']) retrieved from /opt/airflow/dags/GCS_to_BQ.py
[2023-12-06T16:27:07.760+0000] {logging_mixin.py:154} INFO - [2023-12-06T16:27:07.760+0000] {dag.py:2941} INFO - Sync 1 DAGs
[2023-12-06T16:27:07.791+0000] {logging_mixin.py:154} INFO - [2023-12-06T16:27:07.791+0000] {dag.py:3722} INFO - Setting next_dagrun for test-dag to None, run_after=None
[2023-12-06T16:27:07.816+0000] {processor.py:179} INFO - Processing /opt/airflow/dags/GCS_to_BQ.py took 0.153 seconds
[2023-12-06T16:34:06.730+0000] {processor.py:157} INFO - Started process (PID=1210) to work on /opt/airflow/dags/GCS_to_BQ.py
[2023-12-06T16:34:06.731+0000] {processor.py:829} INFO - Processing file /opt/airflow/dags/GCS_to_BQ.py for tasks to queue
[2023-12-06T16:34:06.733+0000] {logging_mixin.py:154} INFO - [2023-12-06T16:34:06.733+0000] {dagbag.py:536} INFO - Filling up the DagBag from /opt/airflow/dags/GCS_to_BQ.py
[2023-12-06T16:34:06.744+0000] {processor.py:839} INFO - DAG(s) dict_keys(['test-dag']) retrieved from /opt/airflow/dags/GCS_to_BQ.py
[2023-12-06T16:34:06.768+0000] {logging_mixin.py:154} INFO - [2023-12-06T16:34:06.768+0000] {dag.py:2941} INFO - Sync 1 DAGs
[2023-12-06T16:34:06.780+0000] {logging_mixin.py:154} INFO - [2023-12-06T16:34:06.780+0000] {dag.py:3722} INFO - Setting next_dagrun for test-dag to None, run_after=None
[2023-12-06T16:34:06.794+0000] {processor.py:179} INFO - Processing /opt/airflow/dags/GCS_to_BQ.py took 0.069 seconds
[2023-12-06T16:54:18.961+0000] {processor.py:157} INFO - Started process (PID=1228) to work on /opt/airflow/dags/GCS_to_BQ.py
[2023-12-06T16:54:18.963+0000] {processor.py:829} INFO - Processing file /opt/airflow/dags/GCS_to_BQ.py for tasks to queue
[2023-12-06T16:54:18.969+0000] {logging_mixin.py:154} INFO - [2023-12-06T16:54:18.968+0000] {dagbag.py:536} INFO - Filling up the DagBag from /opt/airflow/dags/GCS_to_BQ.py
[2023-12-06T16:54:18.996+0000] {processor.py:839} INFO - DAG(s) dict_keys(['test-dag']) retrieved from /opt/airflow/dags/GCS_to_BQ.py
[2023-12-06T16:54:19.036+0000] {logging_mixin.py:154} INFO - [2023-12-06T16:54:19.036+0000] {dag.py:2941} INFO - Sync 1 DAGs
[2023-12-06T16:54:19.064+0000] {logging_mixin.py:154} INFO - [2023-12-06T16:54:19.064+0000] {dag.py:3722} INFO - Setting next_dagrun for test-dag to None, run_after=None
[2023-12-06T16:54:19.082+0000] {processor.py:179} INFO - Processing /opt/airflow/dags/GCS_to_BQ.py took 0.127 seconds
[2023-12-06T16:54:49.519+0000] {processor.py:157} INFO - Started process (PID=1247) to work on /opt/airflow/dags/GCS_to_BQ.py
[2023-12-06T16:54:49.522+0000] {processor.py:829} INFO - Processing file /opt/airflow/dags/GCS_to_BQ.py for tasks to queue
[2023-12-06T16:54:49.531+0000] {logging_mixin.py:154} INFO - [2023-12-06T16:54:49.530+0000] {dagbag.py:536} INFO - Filling up the DagBag from /opt/airflow/dags/GCS_to_BQ.py
[2023-12-06T16:54:49.581+0000] {processor.py:839} INFO - DAG(s) dict_keys(['test-dag']) retrieved from /opt/airflow/dags/GCS_to_BQ.py
[2023-12-06T16:54:49.637+0000] {logging_mixin.py:154} INFO - [2023-12-06T16:54:49.637+0000] {dag.py:2941} INFO - Sync 1 DAGs
[2023-12-06T16:54:49.658+0000] {logging_mixin.py:154} INFO - [2023-12-06T16:54:49.657+0000] {dag.py:3722} INFO - Setting next_dagrun for test-dag to None, run_after=None
[2023-12-06T16:54:49.692+0000] {processor.py:179} INFO - Processing /opt/airflow/dags/GCS_to_BQ.py took 0.182 seconds
[2023-12-06T17:10:55.903+0000] {processor.py:157} INFO - Started process (PID=1266) to work on /opt/airflow/dags/GCS_to_BQ.py
[2023-12-06T17:10:55.914+0000] {processor.py:829} INFO - Processing file /opt/airflow/dags/GCS_to_BQ.py for tasks to queue
[2023-12-06T17:10:56.053+0000] {logging_mixin.py:154} INFO - [2023-12-06T17:10:56.046+0000] {dagbag.py:536} INFO - Filling up the DagBag from /opt/airflow/dags/GCS_to_BQ.py
[2023-12-06T17:10:56.261+0000] {processor.py:839} INFO - DAG(s) dict_keys(['test-dag']) retrieved from /opt/airflow/dags/GCS_to_BQ.py
[2023-12-06T17:10:56.581+0000] {logging_mixin.py:154} INFO - [2023-12-06T17:10:56.581+0000] {dag.py:2941} INFO - Sync 1 DAGs
[2023-12-06T17:10:56.623+0000] {logging_mixin.py:154} INFO - [2023-12-06T17:10:56.623+0000] {dag.py:3722} INFO - Setting next_dagrun for test-dag to None, run_after=None
[2023-12-06T17:10:56.672+0000] {processor.py:179} INFO - Processing /opt/airflow/dags/GCS_to_BQ.py took 0.813 seconds
[2023-12-06T17:32:33.037+0000] {processor.py:157} INFO - Started process (PID=1284) to work on /opt/airflow/dags/GCS_to_BQ.py
[2023-12-06T17:32:33.063+0000] {processor.py:829} INFO - Processing file /opt/airflow/dags/GCS_to_BQ.py for tasks to queue
[2023-12-06T17:32:33.148+0000] {logging_mixin.py:154} INFO - [2023-12-06T17:32:33.136+0000] {dagbag.py:536} INFO - Filling up the DagBag from /opt/airflow/dags/GCS_to_BQ.py
[2023-12-06T17:32:33.240+0000] {processor.py:839} INFO - DAG(s) dict_keys(['test-dag']) retrieved from /opt/airflow/dags/GCS_to_BQ.py
[2023-12-06T17:32:33.367+0000] {logging_mixin.py:154} INFO - [2023-12-06T17:32:33.367+0000] {dag.py:2941} INFO - Sync 1 DAGs
[2023-12-06T17:32:33.404+0000] {logging_mixin.py:154} INFO - [2023-12-06T17:32:33.403+0000] {dag.py:3722} INFO - Setting next_dagrun for test-dag to None, run_after=None
[2023-12-06T17:32:33.443+0000] {processor.py:179} INFO - Processing /opt/airflow/dags/GCS_to_BQ.py took 0.455 seconds
[2023-12-06T17:33:03.687+0000] {processor.py:157} INFO - Started process (PID=1301) to work on /opt/airflow/dags/GCS_to_BQ.py
[2023-12-06T17:33:03.689+0000] {processor.py:829} INFO - Processing file /opt/airflow/dags/GCS_to_BQ.py for tasks to queue
[2023-12-06T17:33:03.695+0000] {logging_mixin.py:154} INFO - [2023-12-06T17:33:03.695+0000] {dagbag.py:536} INFO - Filling up the DagBag from /opt/airflow/dags/GCS_to_BQ.py
[2023-12-06T17:33:03.727+0000] {processor.py:839} INFO - DAG(s) dict_keys(['test-dag']) retrieved from /opt/airflow/dags/GCS_to_BQ.py
[2023-12-06T17:33:03.778+0000] {logging_mixin.py:154} INFO - [2023-12-06T17:33:03.778+0000] {dag.py:2941} INFO - Sync 1 DAGs
[2023-12-06T17:33:03.815+0000] {logging_mixin.py:154} INFO - [2023-12-06T17:33:03.815+0000] {dag.py:3722} INFO - Setting next_dagrun for test-dag to None, run_after=None
[2023-12-06T17:33:03.836+0000] {processor.py:179} INFO - Processing /opt/airflow/dags/GCS_to_BQ.py took 0.156 seconds
[2023-12-06T17:33:34.286+0000] {processor.py:157} INFO - Started process (PID=1318) to work on /opt/airflow/dags/GCS_to_BQ.py
[2023-12-06T17:33:34.289+0000] {processor.py:829} INFO - Processing file /opt/airflow/dags/GCS_to_BQ.py for tasks to queue
[2023-12-06T17:33:34.305+0000] {logging_mixin.py:154} INFO - [2023-12-06T17:33:34.302+0000] {dagbag.py:536} INFO - Filling up the DagBag from /opt/airflow/dags/GCS_to_BQ.py
[2023-12-06T17:33:34.337+0000] {processor.py:839} INFO - DAG(s) dict_keys(['test-dag']) retrieved from /opt/airflow/dags/GCS_to_BQ.py
[2023-12-06T17:33:34.402+0000] {logging_mixin.py:154} INFO - [2023-12-06T17:33:34.402+0000] {dag.py:2941} INFO - Sync 1 DAGs
[2023-12-06T17:33:34.422+0000] {logging_mixin.py:154} INFO - [2023-12-06T17:33:34.422+0000] {dag.py:3722} INFO - Setting next_dagrun for test-dag to None, run_after=None
[2023-12-06T17:33:34.453+0000] {processor.py:179} INFO - Processing /opt/airflow/dags/GCS_to_BQ.py took 0.179 seconds
