[2023-12-06T15:58:26.978+0000] {processor.py:157} INFO - Started process (PID=172) to work on /opt/airflow/dags/local_to_GCS.py
[2023-12-06T15:58:26.983+0000] {processor.py:829} INFO - Processing file /opt/airflow/dags/local_to_GCS.py for tasks to queue
[2023-12-06T15:58:27.004+0000] {logging_mixin.py:154} INFO - [2023-12-06T15:58:27.001+0000] {dagbag.py:536} INFO - Filling up the DagBag from /opt/airflow/dags/local_to_GCS.py
[2023-12-06T15:58:27.116+0000] {processor.py:839} INFO - DAG(s) dict_keys(['upload_local_to_gcs_python']) retrieved from /opt/airflow/dags/local_to_GCS.py
[2023-12-06T15:58:28.599+0000] {logging_mixin.py:154} INFO - [2023-12-06T15:58:28.599+0000] {dag.py:2941} INFO - Sync 1 DAGs
[2023-12-06T15:58:28.623+0000] {logging_mixin.py:154} INFO - [2023-12-06T15:58:28.622+0000] {dag.py:3722} INFO - Setting next_dagrun for upload_local_to_gcs_python to None, run_after=None
[2023-12-06T15:58:28.674+0000] {processor.py:179} INFO - Processing /opt/airflow/dags/local_to_GCS.py took 1.719 seconds
[2023-12-06T15:58:59.545+0000] {processor.py:157} INFO - Started process (PID=198) to work on /opt/airflow/dags/local_to_GCS.py
[2023-12-06T15:58:59.547+0000] {processor.py:829} INFO - Processing file /opt/airflow/dags/local_to_GCS.py for tasks to queue
[2023-12-06T15:58:59.549+0000] {logging_mixin.py:154} INFO - [2023-12-06T15:58:59.549+0000] {dagbag.py:536} INFO - Filling up the DagBag from /opt/airflow/dags/local_to_GCS.py
[2023-12-06T15:58:59.565+0000] {processor.py:839} INFO - DAG(s) dict_keys(['upload_local_to_gcs_python']) retrieved from /opt/airflow/dags/local_to_GCS.py
[2023-12-06T15:58:59.605+0000] {logging_mixin.py:154} INFO - [2023-12-06T15:58:59.605+0000] {dag.py:2941} INFO - Sync 1 DAGs
[2023-12-06T15:58:59.630+0000] {logging_mixin.py:154} INFO - [2023-12-06T15:58:59.630+0000] {dag.py:3722} INFO - Setting next_dagrun for upload_local_to_gcs_python to None, run_after=None
[2023-12-06T15:58:59.646+0000] {processor.py:179} INFO - Processing /opt/airflow/dags/local_to_GCS.py took 0.104 seconds
[2023-12-06T15:59:30.081+0000] {processor.py:157} INFO - Started process (PID=215) to work on /opt/airflow/dags/local_to_GCS.py
[2023-12-06T15:59:30.083+0000] {processor.py:829} INFO - Processing file /opt/airflow/dags/local_to_GCS.py for tasks to queue
[2023-12-06T15:59:30.086+0000] {logging_mixin.py:154} INFO - [2023-12-06T15:59:30.086+0000] {dagbag.py:536} INFO - Filling up the DagBag from /opt/airflow/dags/local_to_GCS.py
[2023-12-06T15:59:30.103+0000] {processor.py:839} INFO - DAG(s) dict_keys(['upload_local_to_gcs_python']) retrieved from /opt/airflow/dags/local_to_GCS.py
[2023-12-06T15:59:30.141+0000] {logging_mixin.py:154} INFO - [2023-12-06T15:59:30.141+0000] {dag.py:2941} INFO - Sync 1 DAGs
[2023-12-06T15:59:30.157+0000] {logging_mixin.py:154} INFO - [2023-12-06T15:59:30.157+0000] {dag.py:3722} INFO - Setting next_dagrun for upload_local_to_gcs_python to None, run_after=None
[2023-12-06T15:59:30.174+0000] {processor.py:179} INFO - Processing /opt/airflow/dags/local_to_GCS.py took 0.098 seconds
[2023-12-06T16:00:00.682+0000] {processor.py:157} INFO - Started process (PID=232) to work on /opt/airflow/dags/local_to_GCS.py
[2023-12-06T16:00:00.684+0000] {processor.py:829} INFO - Processing file /opt/airflow/dags/local_to_GCS.py for tasks to queue
[2023-12-06T16:00:00.687+0000] {logging_mixin.py:154} INFO - [2023-12-06T16:00:00.686+0000] {dagbag.py:536} INFO - Filling up the DagBag from /opt/airflow/dags/local_to_GCS.py
[2023-12-06T16:00:00.700+0000] {processor.py:839} INFO - DAG(s) dict_keys(['upload_local_to_gcs_python']) retrieved from /opt/airflow/dags/local_to_GCS.py
[2023-12-06T16:00:00.722+0000] {logging_mixin.py:154} INFO - [2023-12-06T16:00:00.722+0000] {dag.py:2941} INFO - Sync 1 DAGs
[2023-12-06T16:00:00.733+0000] {logging_mixin.py:154} INFO - [2023-12-06T16:00:00.733+0000] {dag.py:3722} INFO - Setting next_dagrun for upload_local_to_gcs_python to None, run_after=None
[2023-12-06T16:00:00.745+0000] {processor.py:179} INFO - Processing /opt/airflow/dags/local_to_GCS.py took 0.069 seconds
[2023-12-06T16:00:31.184+0000] {processor.py:157} INFO - Started process (PID=249) to work on /opt/airflow/dags/local_to_GCS.py
[2023-12-06T16:00:31.186+0000] {processor.py:829} INFO - Processing file /opt/airflow/dags/local_to_GCS.py for tasks to queue
[2023-12-06T16:00:31.189+0000] {logging_mixin.py:154} INFO - [2023-12-06T16:00:31.188+0000] {dagbag.py:536} INFO - Filling up the DagBag from /opt/airflow/dags/local_to_GCS.py
[2023-12-06T16:00:31.202+0000] {processor.py:839} INFO - DAG(s) dict_keys(['upload_local_to_gcs_python']) retrieved from /opt/airflow/dags/local_to_GCS.py
[2023-12-06T16:00:31.227+0000] {logging_mixin.py:154} INFO - [2023-12-06T16:00:31.226+0000] {dag.py:2941} INFO - Sync 1 DAGs
[2023-12-06T16:00:31.237+0000] {logging_mixin.py:154} INFO - [2023-12-06T16:00:31.237+0000] {dag.py:3722} INFO - Setting next_dagrun for upload_local_to_gcs_python to None, run_after=None
[2023-12-06T16:00:31.250+0000] {processor.py:179} INFO - Processing /opt/airflow/dags/local_to_GCS.py took 0.072 seconds
[2023-12-06T16:01:01.640+0000] {processor.py:157} INFO - Started process (PID=266) to work on /opt/airflow/dags/local_to_GCS.py
[2023-12-06T16:01:01.641+0000] {processor.py:829} INFO - Processing file /opt/airflow/dags/local_to_GCS.py for tasks to queue
[2023-12-06T16:01:01.645+0000] {logging_mixin.py:154} INFO - [2023-12-06T16:01:01.644+0000] {dagbag.py:536} INFO - Filling up the DagBag from /opt/airflow/dags/local_to_GCS.py
[2023-12-06T16:01:01.658+0000] {processor.py:839} INFO - DAG(s) dict_keys(['upload_local_to_gcs_python']) retrieved from /opt/airflow/dags/local_to_GCS.py
[2023-12-06T16:01:01.688+0000] {logging_mixin.py:154} INFO - [2023-12-06T16:01:01.688+0000] {dag.py:2941} INFO - Sync 1 DAGs
[2023-12-06T16:01:01.699+0000] {logging_mixin.py:154} INFO - [2023-12-06T16:01:01.699+0000] {dag.py:3722} INFO - Setting next_dagrun for upload_local_to_gcs_python to None, run_after=None
[2023-12-06T16:01:01.714+0000] {processor.py:179} INFO - Processing /opt/airflow/dags/local_to_GCS.py took 0.079 seconds
[2023-12-06T16:01:32.305+0000] {processor.py:157} INFO - Started process (PID=283) to work on /opt/airflow/dags/local_to_GCS.py
[2023-12-06T16:01:32.309+0000] {processor.py:829} INFO - Processing file /opt/airflow/dags/local_to_GCS.py for tasks to queue
[2023-12-06T16:01:32.313+0000] {logging_mixin.py:154} INFO - [2023-12-06T16:01:32.313+0000] {dagbag.py:536} INFO - Filling up the DagBag from /opt/airflow/dags/local_to_GCS.py
[2023-12-06T16:01:32.324+0000] {processor.py:839} INFO - DAG(s) dict_keys(['upload_local_to_gcs_python']) retrieved from /opt/airflow/dags/local_to_GCS.py
[2023-12-06T16:01:32.349+0000] {logging_mixin.py:154} INFO - [2023-12-06T16:01:32.349+0000] {dag.py:2941} INFO - Sync 1 DAGs
[2023-12-06T16:01:32.360+0000] {logging_mixin.py:154} INFO - [2023-12-06T16:01:32.360+0000] {dag.py:3722} INFO - Setting next_dagrun for upload_local_to_gcs_python to None, run_after=None
[2023-12-06T16:01:32.375+0000] {processor.py:179} INFO - Processing /opt/airflow/dags/local_to_GCS.py took 0.075 seconds
[2023-12-06T16:02:02.806+0000] {processor.py:157} INFO - Started process (PID=300) to work on /opt/airflow/dags/local_to_GCS.py
[2023-12-06T16:02:02.809+0000] {processor.py:829} INFO - Processing file /opt/airflow/dags/local_to_GCS.py for tasks to queue
[2023-12-06T16:02:02.813+0000] {logging_mixin.py:154} INFO - [2023-12-06T16:02:02.812+0000] {dagbag.py:536} INFO - Filling up the DagBag from /opt/airflow/dags/local_to_GCS.py
[2023-12-06T16:02:02.825+0000] {processor.py:839} INFO - DAG(s) dict_keys(['upload_local_to_gcs_python']) retrieved from /opt/airflow/dags/local_to_GCS.py
[2023-12-06T16:02:02.850+0000] {logging_mixin.py:154} INFO - [2023-12-06T16:02:02.850+0000] {dag.py:2941} INFO - Sync 1 DAGs
[2023-12-06T16:02:02.861+0000] {logging_mixin.py:154} INFO - [2023-12-06T16:02:02.861+0000] {dag.py:3722} INFO - Setting next_dagrun for upload_local_to_gcs_python to None, run_after=None
[2023-12-06T16:02:02.874+0000] {processor.py:179} INFO - Processing /opt/airflow/dags/local_to_GCS.py took 0.073 seconds
[2023-12-06T16:02:33.372+0000] {processor.py:157} INFO - Started process (PID=317) to work on /opt/airflow/dags/local_to_GCS.py
[2023-12-06T16:02:33.375+0000] {processor.py:829} INFO - Processing file /opt/airflow/dags/local_to_GCS.py for tasks to queue
[2023-12-06T16:02:33.385+0000] {logging_mixin.py:154} INFO - [2023-12-06T16:02:33.384+0000] {dagbag.py:536} INFO - Filling up the DagBag from /opt/airflow/dags/local_to_GCS.py
[2023-12-06T16:02:33.404+0000] {processor.py:839} INFO - DAG(s) dict_keys(['upload_local_to_gcs_python']) retrieved from /opt/airflow/dags/local_to_GCS.py
[2023-12-06T16:02:33.512+0000] {logging_mixin.py:154} INFO - [2023-12-06T16:02:33.512+0000] {dag.py:2941} INFO - Sync 1 DAGs
[2023-12-06T16:02:33.537+0000] {logging_mixin.py:154} INFO - [2023-12-06T16:02:33.537+0000] {dag.py:3722} INFO - Setting next_dagrun for upload_local_to_gcs_python to None, run_after=None
[2023-12-06T16:02:33.560+0000] {processor.py:179} INFO - Processing /opt/airflow/dags/local_to_GCS.py took 0.197 seconds
[2023-12-06T16:03:03.774+0000] {processor.py:157} INFO - Started process (PID=334) to work on /opt/airflow/dags/local_to_GCS.py
[2023-12-06T16:03:03.775+0000] {processor.py:829} INFO - Processing file /opt/airflow/dags/local_to_GCS.py for tasks to queue
[2023-12-06T16:03:03.778+0000] {logging_mixin.py:154} INFO - [2023-12-06T16:03:03.778+0000] {dagbag.py:536} INFO - Filling up the DagBag from /opt/airflow/dags/local_to_GCS.py
[2023-12-06T16:03:03.794+0000] {processor.py:839} INFO - DAG(s) dict_keys(['upload_local_to_gcs_python']) retrieved from /opt/airflow/dags/local_to_GCS.py
[2023-12-06T16:03:03.945+0000] {logging_mixin.py:154} INFO - [2023-12-06T16:03:03.944+0000] {dag.py:2941} INFO - Sync 1 DAGs
[2023-12-06T16:03:03.955+0000] {logging_mixin.py:154} INFO - [2023-12-06T16:03:03.955+0000] {dag.py:3722} INFO - Setting next_dagrun for upload_local_to_gcs_python to None, run_after=None
[2023-12-06T16:03:04.113+0000] {processor.py:179} INFO - Processing /opt/airflow/dags/local_to_GCS.py took 0.344 seconds
[2023-12-06T16:03:34.425+0000] {processor.py:157} INFO - Started process (PID=349) to work on /opt/airflow/dags/local_to_GCS.py
[2023-12-06T16:03:34.426+0000] {processor.py:829} INFO - Processing file /opt/airflow/dags/local_to_GCS.py for tasks to queue
[2023-12-06T16:03:34.430+0000] {logging_mixin.py:154} INFO - [2023-12-06T16:03:34.429+0000] {dagbag.py:536} INFO - Filling up the DagBag from /opt/airflow/dags/local_to_GCS.py
[2023-12-06T16:03:34.461+0000] {processor.py:839} INFO - DAG(s) dict_keys(['upload_local_to_gcs_python']) retrieved from /opt/airflow/dags/local_to_GCS.py
[2023-12-06T16:03:34.497+0000] {logging_mixin.py:154} INFO - [2023-12-06T16:03:34.497+0000] {dag.py:2941} INFO - Sync 1 DAGs
[2023-12-06T16:03:34.512+0000] {logging_mixin.py:154} INFO - [2023-12-06T16:03:34.511+0000] {dag.py:3722} INFO - Setting next_dagrun for upload_local_to_gcs_python to None, run_after=None
[2023-12-06T16:03:34.527+0000] {processor.py:179} INFO - Processing /opt/airflow/dags/local_to_GCS.py took 0.107 seconds
[2023-12-06T16:04:04.898+0000] {processor.py:157} INFO - Started process (PID=366) to work on /opt/airflow/dags/local_to_GCS.py
[2023-12-06T16:04:04.900+0000] {processor.py:829} INFO - Processing file /opt/airflow/dags/local_to_GCS.py for tasks to queue
[2023-12-06T16:04:04.903+0000] {logging_mixin.py:154} INFO - [2023-12-06T16:04:04.903+0000] {dagbag.py:536} INFO - Filling up the DagBag from /opt/airflow/dags/local_to_GCS.py
[2023-12-06T16:04:04.919+0000] {processor.py:839} INFO - DAG(s) dict_keys(['upload_local_to_gcs_python']) retrieved from /opt/airflow/dags/local_to_GCS.py
[2023-12-06T16:04:04.958+0000] {logging_mixin.py:154} INFO - [2023-12-06T16:04:04.958+0000] {dag.py:2941} INFO - Sync 1 DAGs
[2023-12-06T16:04:04.971+0000] {logging_mixin.py:154} INFO - [2023-12-06T16:04:04.971+0000] {dag.py:3722} INFO - Setting next_dagrun for upload_local_to_gcs_python to None, run_after=None
[2023-12-06T16:04:04.987+0000] {processor.py:179} INFO - Processing /opt/airflow/dags/local_to_GCS.py took 0.093 seconds
[2023-12-06T16:04:35.556+0000] {processor.py:157} INFO - Started process (PID=383) to work on /opt/airflow/dags/local_to_GCS.py
[2023-12-06T16:04:35.558+0000] {processor.py:829} INFO - Processing file /opt/airflow/dags/local_to_GCS.py for tasks to queue
[2023-12-06T16:04:35.562+0000] {logging_mixin.py:154} INFO - [2023-12-06T16:04:35.562+0000] {dagbag.py:536} INFO - Filling up the DagBag from /opt/airflow/dags/local_to_GCS.py
[2023-12-06T16:04:35.579+0000] {processor.py:839} INFO - DAG(s) dict_keys(['upload_local_to_gcs_python']) retrieved from /opt/airflow/dags/local_to_GCS.py
[2023-12-06T16:04:35.656+0000] {logging_mixin.py:154} INFO - [2023-12-06T16:04:35.656+0000] {dag.py:2941} INFO - Sync 1 DAGs
[2023-12-06T16:04:35.673+0000] {logging_mixin.py:154} INFO - [2023-12-06T16:04:35.673+0000] {dag.py:3722} INFO - Setting next_dagrun for upload_local_to_gcs_python to None, run_after=None
[2023-12-06T16:04:35.694+0000] {processor.py:179} INFO - Processing /opt/airflow/dags/local_to_GCS.py took 0.142 seconds
[2023-12-06T16:05:06.062+0000] {processor.py:157} INFO - Started process (PID=400) to work on /opt/airflow/dags/local_to_GCS.py
[2023-12-06T16:05:06.064+0000] {processor.py:829} INFO - Processing file /opt/airflow/dags/local_to_GCS.py for tasks to queue
[2023-12-06T16:05:06.069+0000] {logging_mixin.py:154} INFO - [2023-12-06T16:05:06.069+0000] {dagbag.py:536} INFO - Filling up the DagBag from /opt/airflow/dags/local_to_GCS.py
[2023-12-06T16:05:06.090+0000] {processor.py:839} INFO - DAG(s) dict_keys(['upload_local_to_gcs_python']) retrieved from /opt/airflow/dags/local_to_GCS.py
[2023-12-06T16:05:06.140+0000] {logging_mixin.py:154} INFO - [2023-12-06T16:05:06.140+0000] {dag.py:2941} INFO - Sync 1 DAGs
[2023-12-06T16:05:06.155+0000] {logging_mixin.py:154} INFO - [2023-12-06T16:05:06.155+0000] {dag.py:3722} INFO - Setting next_dagrun for upload_local_to_gcs_python to None, run_after=None
[2023-12-06T16:05:06.171+0000] {processor.py:179} INFO - Processing /opt/airflow/dags/local_to_GCS.py took 0.119 seconds
[2023-12-06T16:05:36.659+0000] {processor.py:157} INFO - Started process (PID=417) to work on /opt/airflow/dags/local_to_GCS.py
[2023-12-06T16:05:36.661+0000] {processor.py:829} INFO - Processing file /opt/airflow/dags/local_to_GCS.py for tasks to queue
[2023-12-06T16:05:36.664+0000] {logging_mixin.py:154} INFO - [2023-12-06T16:05:36.664+0000] {dagbag.py:536} INFO - Filling up the DagBag from /opt/airflow/dags/local_to_GCS.py
[2023-12-06T16:05:36.685+0000] {processor.py:839} INFO - DAG(s) dict_keys(['upload_local_to_gcs_python']) retrieved from /opt/airflow/dags/local_to_GCS.py
[2023-12-06T16:05:36.735+0000] {logging_mixin.py:154} INFO - [2023-12-06T16:05:36.735+0000] {dag.py:2941} INFO - Sync 1 DAGs
[2023-12-06T16:05:36.754+0000] {logging_mixin.py:154} INFO - [2023-12-06T16:05:36.754+0000] {dag.py:3722} INFO - Setting next_dagrun for upload_local_to_gcs_python to None, run_after=None
[2023-12-06T16:05:36.774+0000] {processor.py:179} INFO - Processing /opt/airflow/dags/local_to_GCS.py took 0.121 seconds
[2023-12-06T16:06:07.132+0000] {processor.py:157} INFO - Started process (PID=434) to work on /opt/airflow/dags/local_to_GCS.py
[2023-12-06T16:06:07.134+0000] {processor.py:829} INFO - Processing file /opt/airflow/dags/local_to_GCS.py for tasks to queue
[2023-12-06T16:06:07.136+0000] {logging_mixin.py:154} INFO - [2023-12-06T16:06:07.136+0000] {dagbag.py:536} INFO - Filling up the DagBag from /opt/airflow/dags/local_to_GCS.py
[2023-12-06T16:06:07.155+0000] {processor.py:839} INFO - DAG(s) dict_keys(['upload_local_to_gcs_python']) retrieved from /opt/airflow/dags/local_to_GCS.py
[2023-12-06T16:06:07.186+0000] {logging_mixin.py:154} INFO - [2023-12-06T16:06:07.186+0000] {dag.py:2941} INFO - Sync 1 DAGs
[2023-12-06T16:06:07.199+0000] {logging_mixin.py:154} INFO - [2023-12-06T16:06:07.199+0000] {dag.py:3722} INFO - Setting next_dagrun for upload_local_to_gcs_python to None, run_after=None
[2023-12-06T16:06:07.217+0000] {processor.py:179} INFO - Processing /opt/airflow/dags/local_to_GCS.py took 0.087 seconds
[2023-12-06T16:06:37.659+0000] {processor.py:157} INFO - Started process (PID=451) to work on /opt/airflow/dags/local_to_GCS.py
[2023-12-06T16:06:37.661+0000] {processor.py:829} INFO - Processing file /opt/airflow/dags/local_to_GCS.py for tasks to queue
[2023-12-06T16:06:37.663+0000] {logging_mixin.py:154} INFO - [2023-12-06T16:06:37.663+0000] {dagbag.py:536} INFO - Filling up the DagBag from /opt/airflow/dags/local_to_GCS.py
[2023-12-06T16:06:37.686+0000] {processor.py:839} INFO - DAG(s) dict_keys(['upload_local_to_gcs_python']) retrieved from /opt/airflow/dags/local_to_GCS.py
[2023-12-06T16:06:37.724+0000] {logging_mixin.py:154} INFO - [2023-12-06T16:06:37.723+0000] {dag.py:2941} INFO - Sync 1 DAGs
[2023-12-06T16:06:37.737+0000] {logging_mixin.py:154} INFO - [2023-12-06T16:06:37.737+0000] {dag.py:3722} INFO - Setting next_dagrun for upload_local_to_gcs_python to None, run_after=None
[2023-12-06T16:06:37.753+0000] {processor.py:179} INFO - Processing /opt/airflow/dags/local_to_GCS.py took 0.097 seconds
[2023-12-06T16:07:08.101+0000] {processor.py:157} INFO - Started process (PID=468) to work on /opt/airflow/dags/local_to_GCS.py
[2023-12-06T16:07:08.102+0000] {processor.py:829} INFO - Processing file /opt/airflow/dags/local_to_GCS.py for tasks to queue
[2023-12-06T16:07:08.105+0000] {logging_mixin.py:154} INFO - [2023-12-06T16:07:08.105+0000] {dagbag.py:536} INFO - Filling up the DagBag from /opt/airflow/dags/local_to_GCS.py
[2023-12-06T16:07:08.120+0000] {processor.py:839} INFO - DAG(s) dict_keys(['upload_local_to_gcs_python']) retrieved from /opt/airflow/dags/local_to_GCS.py
[2023-12-06T16:07:08.183+0000] {logging_mixin.py:154} INFO - [2023-12-06T16:07:08.183+0000] {dag.py:2941} INFO - Sync 1 DAGs
[2023-12-06T16:07:08.198+0000] {logging_mixin.py:154} INFO - [2023-12-06T16:07:08.198+0000] {dag.py:3722} INFO - Setting next_dagrun for upload_local_to_gcs_python to None, run_after=None
[2023-12-06T16:07:08.214+0000] {processor.py:179} INFO - Processing /opt/airflow/dags/local_to_GCS.py took 0.118 seconds
[2023-12-06T16:07:38.679+0000] {processor.py:157} INFO - Started process (PID=485) to work on /opt/airflow/dags/local_to_GCS.py
[2023-12-06T16:07:38.682+0000] {processor.py:829} INFO - Processing file /opt/airflow/dags/local_to_GCS.py for tasks to queue
[2023-12-06T16:07:38.687+0000] {logging_mixin.py:154} INFO - [2023-12-06T16:07:38.686+0000] {dagbag.py:536} INFO - Filling up the DagBag from /opt/airflow/dags/local_to_GCS.py
[2023-12-06T16:07:38.717+0000] {processor.py:839} INFO - DAG(s) dict_keys(['upload_local_to_gcs_python']) retrieved from /opt/airflow/dags/local_to_GCS.py
[2023-12-06T16:07:38.846+0000] {logging_mixin.py:154} INFO - [2023-12-06T16:07:38.846+0000] {dag.py:2941} INFO - Sync 1 DAGs
[2023-12-06T16:07:38.889+0000] {logging_mixin.py:154} INFO - [2023-12-06T16:07:38.889+0000] {dag.py:3722} INFO - Setting next_dagrun for upload_local_to_gcs_python to None, run_after=None
[2023-12-06T16:07:38.919+0000] {processor.py:179} INFO - Processing /opt/airflow/dags/local_to_GCS.py took 0.256 seconds
[2023-12-06T16:08:09.113+0000] {processor.py:157} INFO - Started process (PID=502) to work on /opt/airflow/dags/local_to_GCS.py
[2023-12-06T16:08:09.115+0000] {processor.py:829} INFO - Processing file /opt/airflow/dags/local_to_GCS.py for tasks to queue
[2023-12-06T16:08:09.128+0000] {logging_mixin.py:154} INFO - [2023-12-06T16:08:09.123+0000] {dagbag.py:536} INFO - Filling up the DagBag from /opt/airflow/dags/local_to_GCS.py
[2023-12-06T16:08:09.151+0000] {processor.py:839} INFO - DAG(s) dict_keys(['upload_local_to_gcs_python']) retrieved from /opt/airflow/dags/local_to_GCS.py
[2023-12-06T16:08:09.205+0000] {logging_mixin.py:154} INFO - [2023-12-06T16:08:09.205+0000] {dag.py:2941} INFO - Sync 1 DAGs
[2023-12-06T16:08:09.220+0000] {logging_mixin.py:154} INFO - [2023-12-06T16:08:09.220+0000] {dag.py:3722} INFO - Setting next_dagrun for upload_local_to_gcs_python to None, run_after=None
[2023-12-06T16:08:09.236+0000] {processor.py:179} INFO - Processing /opt/airflow/dags/local_to_GCS.py took 0.135 seconds
[2023-12-06T16:08:39.714+0000] {processor.py:157} INFO - Started process (PID=519) to work on /opt/airflow/dags/local_to_GCS.py
[2023-12-06T16:08:39.716+0000] {processor.py:829} INFO - Processing file /opt/airflow/dags/local_to_GCS.py for tasks to queue
[2023-12-06T16:08:39.720+0000] {logging_mixin.py:154} INFO - [2023-12-06T16:08:39.720+0000] {dagbag.py:536} INFO - Filling up the DagBag from /opt/airflow/dags/local_to_GCS.py
[2023-12-06T16:08:39.745+0000] {processor.py:839} INFO - DAG(s) dict_keys(['upload_local_to_gcs_python']) retrieved from /opt/airflow/dags/local_to_GCS.py
[2023-12-06T16:08:39.797+0000] {logging_mixin.py:154} INFO - [2023-12-06T16:08:39.797+0000] {dag.py:2941} INFO - Sync 1 DAGs
[2023-12-06T16:08:39.811+0000] {logging_mixin.py:154} INFO - [2023-12-06T16:08:39.811+0000] {dag.py:3722} INFO - Setting next_dagrun for upload_local_to_gcs_python to None, run_after=None
[2023-12-06T16:08:39.827+0000] {processor.py:179} INFO - Processing /opt/airflow/dags/local_to_GCS.py took 0.118 seconds
[2023-12-06T16:09:10.350+0000] {processor.py:157} INFO - Started process (PID=546) to work on /opt/airflow/dags/local_to_GCS.py
[2023-12-06T16:09:10.352+0000] {processor.py:829} INFO - Processing file /opt/airflow/dags/local_to_GCS.py for tasks to queue
[2023-12-06T16:09:10.355+0000] {logging_mixin.py:154} INFO - [2023-12-06T16:09:10.355+0000] {dagbag.py:536} INFO - Filling up the DagBag from /opt/airflow/dags/local_to_GCS.py
[2023-12-06T16:09:10.387+0000] {processor.py:839} INFO - DAG(s) dict_keys(['upload_local_to_gcs_python']) retrieved from /opt/airflow/dags/local_to_GCS.py
[2023-12-06T16:09:10.440+0000] {logging_mixin.py:154} INFO - [2023-12-06T16:09:10.439+0000] {dag.py:2941} INFO - Sync 1 DAGs
[2023-12-06T16:09:10.453+0000] {logging_mixin.py:154} INFO - [2023-12-06T16:09:10.453+0000] {dag.py:3722} INFO - Setting next_dagrun for upload_local_to_gcs_python to None, run_after=None
[2023-12-06T16:09:10.468+0000] {processor.py:179} INFO - Processing /opt/airflow/dags/local_to_GCS.py took 0.124 seconds
[2023-12-06T16:09:40.770+0000] {processor.py:157} INFO - Started process (PID=575) to work on /opt/airflow/dags/local_to_GCS.py
[2023-12-06T16:09:40.772+0000] {processor.py:829} INFO - Processing file /opt/airflow/dags/local_to_GCS.py for tasks to queue
[2023-12-06T16:09:40.777+0000] {logging_mixin.py:154} INFO - [2023-12-06T16:09:40.777+0000] {dagbag.py:536} INFO - Filling up the DagBag from /opt/airflow/dags/local_to_GCS.py
[2023-12-06T16:09:40.820+0000] {processor.py:839} INFO - DAG(s) dict_keys(['upload_local_to_gcs_python']) retrieved from /opt/airflow/dags/local_to_GCS.py
[2023-12-06T16:09:40.864+0000] {logging_mixin.py:154} INFO - [2023-12-06T16:09:40.864+0000] {dag.py:2941} INFO - Sync 1 DAGs
[2023-12-06T16:09:40.887+0000] {logging_mixin.py:154} INFO - [2023-12-06T16:09:40.887+0000] {dag.py:3722} INFO - Setting next_dagrun for upload_local_to_gcs_python to None, run_after=None
[2023-12-06T16:09:40.905+0000] {processor.py:179} INFO - Processing /opt/airflow/dags/local_to_GCS.py took 0.142 seconds
[2023-12-06T16:10:11.392+0000] {processor.py:157} INFO - Started process (PID=592) to work on /opt/airflow/dags/local_to_GCS.py
[2023-12-06T16:10:11.396+0000] {processor.py:829} INFO - Processing file /opt/airflow/dags/local_to_GCS.py for tasks to queue
[2023-12-06T16:10:11.409+0000] {logging_mixin.py:154} INFO - [2023-12-06T16:10:11.408+0000] {dagbag.py:536} INFO - Filling up the DagBag from /opt/airflow/dags/local_to_GCS.py
[2023-12-06T16:10:11.432+0000] {processor.py:839} INFO - DAG(s) dict_keys(['upload_local_to_gcs_python']) retrieved from /opt/airflow/dags/local_to_GCS.py
[2023-12-06T16:10:11.478+0000] {logging_mixin.py:154} INFO - [2023-12-06T16:10:11.478+0000] {dag.py:2941} INFO - Sync 1 DAGs
[2023-12-06T16:10:11.504+0000] {logging_mixin.py:154} INFO - [2023-12-06T16:10:11.504+0000] {dag.py:3722} INFO - Setting next_dagrun for upload_local_to_gcs_python to None, run_after=None
[2023-12-06T16:10:11.522+0000] {processor.py:179} INFO - Processing /opt/airflow/dags/local_to_GCS.py took 0.150 seconds
[2023-12-06T16:10:41.910+0000] {processor.py:157} INFO - Started process (PID=609) to work on /opt/airflow/dags/local_to_GCS.py
[2023-12-06T16:10:41.912+0000] {processor.py:829} INFO - Processing file /opt/airflow/dags/local_to_GCS.py for tasks to queue
[2023-12-06T16:10:41.931+0000] {logging_mixin.py:154} INFO - [2023-12-06T16:10:41.930+0000] {dagbag.py:536} INFO - Filling up the DagBag from /opt/airflow/dags/local_to_GCS.py
[2023-12-06T16:10:41.965+0000] {processor.py:839} INFO - DAG(s) dict_keys(['upload_local_to_gcs_python']) retrieved from /opt/airflow/dags/local_to_GCS.py
[2023-12-06T16:10:42.012+0000] {logging_mixin.py:154} INFO - [2023-12-06T16:10:42.011+0000] {dag.py:2941} INFO - Sync 1 DAGs
[2023-12-06T16:10:42.027+0000] {logging_mixin.py:154} INFO - [2023-12-06T16:10:42.027+0000] {dag.py:3722} INFO - Setting next_dagrun for upload_local_to_gcs_python to None, run_after=None
[2023-12-06T16:10:42.045+0000] {processor.py:179} INFO - Processing /opt/airflow/dags/local_to_GCS.py took 0.144 seconds
[2023-12-06T16:11:12.867+0000] {processor.py:157} INFO - Started process (PID=652) to work on /opt/airflow/dags/local_to_GCS.py
[2023-12-06T16:11:12.872+0000] {processor.py:829} INFO - Processing file /opt/airflow/dags/local_to_GCS.py for tasks to queue
[2023-12-06T16:11:12.882+0000] {logging_mixin.py:154} INFO - [2023-12-06T16:11:12.881+0000] {dagbag.py:536} INFO - Filling up the DagBag from /opt/airflow/dags/local_to_GCS.py
[2023-12-06T16:11:12.918+0000] {processor.py:839} INFO - DAG(s) dict_keys(['upload_local_to_gcs_python']) retrieved from /opt/airflow/dags/local_to_GCS.py
[2023-12-06T16:11:12.974+0000] {logging_mixin.py:154} INFO - [2023-12-06T16:11:12.974+0000] {dag.py:2941} INFO - Sync 1 DAGs
[2023-12-06T16:11:12.990+0000] {logging_mixin.py:154} INFO - [2023-12-06T16:11:12.990+0000] {dag.py:3722} INFO - Setting next_dagrun for upload_local_to_gcs_python to None, run_after=None
[2023-12-06T16:11:13.007+0000] {processor.py:179} INFO - Processing /opt/airflow/dags/local_to_GCS.py took 0.161 seconds
[2023-12-06T16:11:43.909+0000] {processor.py:157} INFO - Started process (PID=669) to work on /opt/airflow/dags/local_to_GCS.py
[2023-12-06T16:11:43.912+0000] {processor.py:829} INFO - Processing file /opt/airflow/dags/local_to_GCS.py for tasks to queue
[2023-12-06T16:11:43.929+0000] {logging_mixin.py:154} INFO - [2023-12-06T16:11:43.926+0000] {dagbag.py:536} INFO - Filling up the DagBag from /opt/airflow/dags/local_to_GCS.py
[2023-12-06T16:11:43.956+0000] {processor.py:839} INFO - DAG(s) dict_keys(['upload_local_to_gcs_python']) retrieved from /opt/airflow/dags/local_to_GCS.py
[2023-12-06T16:11:44.015+0000] {logging_mixin.py:154} INFO - [2023-12-06T16:11:44.015+0000] {dag.py:2941} INFO - Sync 1 DAGs
[2023-12-06T16:11:44.035+0000] {logging_mixin.py:154} INFO - [2023-12-06T16:11:44.035+0000] {dag.py:3722} INFO - Setting next_dagrun for upload_local_to_gcs_python to None, run_after=None
[2023-12-06T16:11:44.058+0000] {processor.py:179} INFO - Processing /opt/airflow/dags/local_to_GCS.py took 0.157 seconds
[2023-12-06T16:12:14.212+0000] {processor.py:157} INFO - Started process (PID=686) to work on /opt/airflow/dags/local_to_GCS.py
[2023-12-06T16:12:14.215+0000] {processor.py:829} INFO - Processing file /opt/airflow/dags/local_to_GCS.py for tasks to queue
[2023-12-06T16:12:14.221+0000] {logging_mixin.py:154} INFO - [2023-12-06T16:12:14.220+0000] {dagbag.py:536} INFO - Filling up the DagBag from /opt/airflow/dags/local_to_GCS.py
[2023-12-06T16:12:14.245+0000] {processor.py:839} INFO - DAG(s) dict_keys(['upload_local_to_gcs_python']) retrieved from /opt/airflow/dags/local_to_GCS.py
[2023-12-06T16:12:14.308+0000] {logging_mixin.py:154} INFO - [2023-12-06T16:12:14.308+0000] {dag.py:2941} INFO - Sync 1 DAGs
[2023-12-06T16:12:14.324+0000] {logging_mixin.py:154} INFO - [2023-12-06T16:12:14.324+0000] {dag.py:3722} INFO - Setting next_dagrun for upload_local_to_gcs_python to None, run_after=None
[2023-12-06T16:12:14.344+0000] {processor.py:179} INFO - Processing /opt/airflow/dags/local_to_GCS.py took 0.144 seconds
[2023-12-06T16:12:44.964+0000] {processor.py:157} INFO - Started process (PID=713) to work on /opt/airflow/dags/local_to_GCS.py
[2023-12-06T16:12:44.970+0000] {processor.py:829} INFO - Processing file /opt/airflow/dags/local_to_GCS.py for tasks to queue
[2023-12-06T16:12:44.989+0000] {logging_mixin.py:154} INFO - [2023-12-06T16:12:44.987+0000] {dagbag.py:536} INFO - Filling up the DagBag from /opt/airflow/dags/local_to_GCS.py
[2023-12-06T16:12:45.024+0000] {processor.py:839} INFO - DAG(s) dict_keys(['upload_local_to_gcs_python']) retrieved from /opt/airflow/dags/local_to_GCS.py
[2023-12-06T16:12:45.067+0000] {logging_mixin.py:154} INFO - [2023-12-06T16:12:45.066+0000] {dag.py:2941} INFO - Sync 1 DAGs
[2023-12-06T16:12:45.106+0000] {logging_mixin.py:154} INFO - [2023-12-06T16:12:45.106+0000] {dag.py:3722} INFO - Setting next_dagrun for upload_local_to_gcs_python to None, run_after=None
[2023-12-06T16:12:45.134+0000] {processor.py:179} INFO - Processing /opt/airflow/dags/local_to_GCS.py took 0.186 seconds
[2023-12-06T16:13:15.867+0000] {processor.py:157} INFO - Started process (PID=734) to work on /opt/airflow/dags/local_to_GCS.py
[2023-12-06T16:13:15.869+0000] {processor.py:829} INFO - Processing file /opt/airflow/dags/local_to_GCS.py for tasks to queue
[2023-12-06T16:13:15.875+0000] {logging_mixin.py:154} INFO - [2023-12-06T16:13:15.874+0000] {dagbag.py:536} INFO - Filling up the DagBag from /opt/airflow/dags/local_to_GCS.py
[2023-12-06T16:13:15.899+0000] {processor.py:839} INFO - DAG(s) dict_keys(['upload_local_to_gcs_python']) retrieved from /opt/airflow/dags/local_to_GCS.py
[2023-12-06T16:13:15.939+0000] {logging_mixin.py:154} INFO - [2023-12-06T16:13:15.939+0000] {dag.py:2941} INFO - Sync 1 DAGs
[2023-12-06T16:13:15.955+0000] {logging_mixin.py:154} INFO - [2023-12-06T16:13:15.955+0000] {dag.py:3722} INFO - Setting next_dagrun for upload_local_to_gcs_python to None, run_after=None
[2023-12-06T16:13:15.972+0000] {processor.py:179} INFO - Processing /opt/airflow/dags/local_to_GCS.py took 0.115 seconds
[2023-12-06T16:13:46.539+0000] {processor.py:157} INFO - Started process (PID=751) to work on /opt/airflow/dags/local_to_GCS.py
[2023-12-06T16:13:46.541+0000] {processor.py:829} INFO - Processing file /opt/airflow/dags/local_to_GCS.py for tasks to queue
[2023-12-06T16:13:46.547+0000] {logging_mixin.py:154} INFO - [2023-12-06T16:13:46.547+0000] {dagbag.py:536} INFO - Filling up the DagBag from /opt/airflow/dags/local_to_GCS.py
[2023-12-06T16:13:46.568+0000] {processor.py:839} INFO - DAG(s) dict_keys(['upload_local_to_gcs_python']) retrieved from /opt/airflow/dags/local_to_GCS.py
[2023-12-06T16:13:46.623+0000] {logging_mixin.py:154} INFO - [2023-12-06T16:13:46.623+0000] {dag.py:2941} INFO - Sync 1 DAGs
[2023-12-06T16:13:46.640+0000] {logging_mixin.py:154} INFO - [2023-12-06T16:13:46.640+0000] {dag.py:3722} INFO - Setting next_dagrun for upload_local_to_gcs_python to None, run_after=None
[2023-12-06T16:13:46.658+0000] {processor.py:179} INFO - Processing /opt/airflow/dags/local_to_GCS.py took 0.126 seconds
[2023-12-06T16:14:17.078+0000] {processor.py:157} INFO - Started process (PID=768) to work on /opt/airflow/dags/local_to_GCS.py
[2023-12-06T16:14:17.081+0000] {processor.py:829} INFO - Processing file /opt/airflow/dags/local_to_GCS.py for tasks to queue
[2023-12-06T16:14:17.087+0000] {logging_mixin.py:154} INFO - [2023-12-06T16:14:17.086+0000] {dagbag.py:536} INFO - Filling up the DagBag from /opt/airflow/dags/local_to_GCS.py
[2023-12-06T16:14:17.109+0000] {processor.py:839} INFO - DAG(s) dict_keys(['upload_local_to_gcs_python']) retrieved from /opt/airflow/dags/local_to_GCS.py
[2023-12-06T16:14:17.167+0000] {logging_mixin.py:154} INFO - [2023-12-06T16:14:17.166+0000] {dag.py:2941} INFO - Sync 1 DAGs
[2023-12-06T16:14:17.183+0000] {logging_mixin.py:154} INFO - [2023-12-06T16:14:17.183+0000] {dag.py:3722} INFO - Setting next_dagrun for upload_local_to_gcs_python to None, run_after=None
[2023-12-06T16:14:17.200+0000] {processor.py:179} INFO - Processing /opt/airflow/dags/local_to_GCS.py took 0.128 seconds
[2023-12-06T16:14:47.646+0000] {processor.py:157} INFO - Started process (PID=785) to work on /opt/airflow/dags/local_to_GCS.py
[2023-12-06T16:14:47.648+0000] {processor.py:829} INFO - Processing file /opt/airflow/dags/local_to_GCS.py for tasks to queue
[2023-12-06T16:14:47.653+0000] {logging_mixin.py:154} INFO - [2023-12-06T16:14:47.652+0000] {dagbag.py:536} INFO - Filling up the DagBag from /opt/airflow/dags/local_to_GCS.py
[2023-12-06T16:14:47.685+0000] {processor.py:839} INFO - DAG(s) dict_keys(['upload_local_to_gcs_python']) retrieved from /opt/airflow/dags/local_to_GCS.py
[2023-12-06T16:14:47.725+0000] {logging_mixin.py:154} INFO - [2023-12-06T16:14:47.725+0000] {dag.py:2941} INFO - Sync 1 DAGs
[2023-12-06T16:14:47.739+0000] {logging_mixin.py:154} INFO - [2023-12-06T16:14:47.739+0000] {dag.py:3722} INFO - Setting next_dagrun for upload_local_to_gcs_python to None, run_after=None
[2023-12-06T16:14:47.755+0000] {processor.py:179} INFO - Processing /opt/airflow/dags/local_to_GCS.py took 0.113 seconds
[2023-12-06T16:15:18.113+0000] {processor.py:157} INFO - Started process (PID=802) to work on /opt/airflow/dags/local_to_GCS.py
[2023-12-06T16:15:18.115+0000] {processor.py:829} INFO - Processing file /opt/airflow/dags/local_to_GCS.py for tasks to queue
[2023-12-06T16:15:18.122+0000] {logging_mixin.py:154} INFO - [2023-12-06T16:15:18.121+0000] {dagbag.py:536} INFO - Filling up the DagBag from /opt/airflow/dags/local_to_GCS.py
[2023-12-06T16:15:18.154+0000] {processor.py:839} INFO - DAG(s) dict_keys(['upload_local_to_gcs_python']) retrieved from /opt/airflow/dags/local_to_GCS.py
[2023-12-06T16:15:18.203+0000] {logging_mixin.py:154} INFO - [2023-12-06T16:15:18.203+0000] {dag.py:2941} INFO - Sync 1 DAGs
[2023-12-06T16:15:18.222+0000] {logging_mixin.py:154} INFO - [2023-12-06T16:15:18.222+0000] {dag.py:3722} INFO - Setting next_dagrun for upload_local_to_gcs_python to None, run_after=None
[2023-12-06T16:15:18.237+0000] {processor.py:179} INFO - Processing /opt/airflow/dags/local_to_GCS.py took 0.130 seconds
[2023-12-06T16:15:48.741+0000] {processor.py:157} INFO - Started process (PID=819) to work on /opt/airflow/dags/local_to_GCS.py
[2023-12-06T16:15:48.743+0000] {processor.py:829} INFO - Processing file /opt/airflow/dags/local_to_GCS.py for tasks to queue
[2023-12-06T16:15:48.747+0000] {logging_mixin.py:154} INFO - [2023-12-06T16:15:48.747+0000] {dagbag.py:536} INFO - Filling up the DagBag from /opt/airflow/dags/local_to_GCS.py
[2023-12-06T16:15:48.793+0000] {processor.py:839} INFO - DAG(s) dict_keys(['upload_local_to_gcs_python']) retrieved from /opt/airflow/dags/local_to_GCS.py
[2023-12-06T16:15:48.832+0000] {logging_mixin.py:154} INFO - [2023-12-06T16:15:48.831+0000] {dag.py:2941} INFO - Sync 1 DAGs
[2023-12-06T16:15:48.848+0000] {logging_mixin.py:154} INFO - [2023-12-06T16:15:48.848+0000] {dag.py:3722} INFO - Setting next_dagrun for upload_local_to_gcs_python to None, run_after=None
[2023-12-06T16:15:48.867+0000] {processor.py:179} INFO - Processing /opt/airflow/dags/local_to_GCS.py took 0.131 seconds
[2023-12-06T16:16:19.679+0000] {processor.py:157} INFO - Started process (PID=836) to work on /opt/airflow/dags/local_to_GCS.py
[2023-12-06T16:16:19.683+0000] {processor.py:829} INFO - Processing file /opt/airflow/dags/local_to_GCS.py for tasks to queue
[2023-12-06T16:16:19.690+0000] {logging_mixin.py:154} INFO - [2023-12-06T16:16:19.690+0000] {dagbag.py:536} INFO - Filling up the DagBag from /opt/airflow/dags/local_to_GCS.py
[2023-12-06T16:16:19.749+0000] {processor.py:839} INFO - DAG(s) dict_keys(['upload_local_to_gcs_python']) retrieved from /opt/airflow/dags/local_to_GCS.py
[2023-12-06T16:16:19.900+0000] {logging_mixin.py:154} INFO - [2023-12-06T16:16:19.899+0000] {dag.py:2941} INFO - Sync 1 DAGs
[2023-12-06T16:16:19.932+0000] {logging_mixin.py:154} INFO - [2023-12-06T16:16:19.932+0000] {dag.py:3722} INFO - Setting next_dagrun for upload_local_to_gcs_python to None, run_after=None
[2023-12-06T16:16:19.962+0000] {processor.py:179} INFO - Processing /opt/airflow/dags/local_to_GCS.py took 0.303 seconds
[2023-12-06T16:16:50.451+0000] {processor.py:157} INFO - Started process (PID=853) to work on /opt/airflow/dags/local_to_GCS.py
[2023-12-06T16:16:50.459+0000] {processor.py:829} INFO - Processing file /opt/airflow/dags/local_to_GCS.py for tasks to queue
[2023-12-06T16:16:50.466+0000] {logging_mixin.py:154} INFO - [2023-12-06T16:16:50.465+0000] {dagbag.py:536} INFO - Filling up the DagBag from /opt/airflow/dags/local_to_GCS.py
[2023-12-06T16:16:50.490+0000] {processor.py:839} INFO - DAG(s) dict_keys(['upload_local_to_gcs_python']) retrieved from /opt/airflow/dags/local_to_GCS.py
[2023-12-06T16:16:50.540+0000] {logging_mixin.py:154} INFO - [2023-12-06T16:16:50.540+0000] {dag.py:2941} INFO - Sync 1 DAGs
[2023-12-06T16:16:50.558+0000] {logging_mixin.py:154} INFO - [2023-12-06T16:16:50.558+0000] {dag.py:3722} INFO - Setting next_dagrun for upload_local_to_gcs_python to None, run_after=None
[2023-12-06T16:16:50.578+0000] {processor.py:179} INFO - Processing /opt/airflow/dags/local_to_GCS.py took 0.138 seconds
[2023-12-06T16:17:21.103+0000] {processor.py:157} INFO - Started process (PID=870) to work on /opt/airflow/dags/local_to_GCS.py
[2023-12-06T16:17:21.105+0000] {processor.py:829} INFO - Processing file /opt/airflow/dags/local_to_GCS.py for tasks to queue
[2023-12-06T16:17:21.110+0000] {logging_mixin.py:154} INFO - [2023-12-06T16:17:21.110+0000] {dagbag.py:536} INFO - Filling up the DagBag from /opt/airflow/dags/local_to_GCS.py
[2023-12-06T16:17:21.131+0000] {processor.py:839} INFO - DAG(s) dict_keys(['upload_local_to_gcs_python']) retrieved from /opt/airflow/dags/local_to_GCS.py
[2023-12-06T16:17:21.187+0000] {logging_mixin.py:154} INFO - [2023-12-06T16:17:21.187+0000] {dag.py:2941} INFO - Sync 1 DAGs
[2023-12-06T16:17:21.204+0000] {logging_mixin.py:154} INFO - [2023-12-06T16:17:21.204+0000] {dag.py:3722} INFO - Setting next_dagrun for upload_local_to_gcs_python to None, run_after=None
[2023-12-06T16:17:21.220+0000] {processor.py:179} INFO - Processing /opt/airflow/dags/local_to_GCS.py took 0.124 seconds
[2023-12-06T16:17:51.758+0000] {processor.py:157} INFO - Started process (PID=887) to work on /opt/airflow/dags/local_to_GCS.py
[2023-12-06T16:17:51.760+0000] {processor.py:829} INFO - Processing file /opt/airflow/dags/local_to_GCS.py for tasks to queue
[2023-12-06T16:17:51.766+0000] {logging_mixin.py:154} INFO - [2023-12-06T16:17:51.765+0000] {dagbag.py:536} INFO - Filling up the DagBag from /opt/airflow/dags/local_to_GCS.py
[2023-12-06T16:17:51.787+0000] {processor.py:839} INFO - DAG(s) dict_keys(['upload_local_to_gcs_python']) retrieved from /opt/airflow/dags/local_to_GCS.py
[2023-12-06T16:17:51.826+0000] {logging_mixin.py:154} INFO - [2023-12-06T16:17:51.826+0000] {dag.py:2941} INFO - Sync 1 DAGs
[2023-12-06T16:17:51.853+0000] {logging_mixin.py:154} INFO - [2023-12-06T16:17:51.853+0000] {dag.py:3722} INFO - Setting next_dagrun for upload_local_to_gcs_python to None, run_after=None
[2023-12-06T16:17:51.869+0000] {processor.py:179} INFO - Processing /opt/airflow/dags/local_to_GCS.py took 0.131 seconds
[2023-12-06T16:18:22.361+0000] {processor.py:157} INFO - Started process (PID=904) to work on /opt/airflow/dags/local_to_GCS.py
[2023-12-06T16:18:22.366+0000] {processor.py:829} INFO - Processing file /opt/airflow/dags/local_to_GCS.py for tasks to queue
[2023-12-06T16:18:22.378+0000] {logging_mixin.py:154} INFO - [2023-12-06T16:18:22.378+0000] {dagbag.py:536} INFO - Filling up the DagBag from /opt/airflow/dags/local_to_GCS.py
[2023-12-06T16:18:22.400+0000] {processor.py:839} INFO - DAG(s) dict_keys(['upload_local_to_gcs_python']) retrieved from /opt/airflow/dags/local_to_GCS.py
[2023-12-06T16:18:22.438+0000] {logging_mixin.py:154} INFO - [2023-12-06T16:18:22.438+0000] {dag.py:2941} INFO - Sync 1 DAGs
[2023-12-06T16:18:22.453+0000] {logging_mixin.py:154} INFO - [2023-12-06T16:18:22.453+0000] {dag.py:3722} INFO - Setting next_dagrun for upload_local_to_gcs_python to None, run_after=None
[2023-12-06T16:18:22.468+0000] {processor.py:179} INFO - Processing /opt/airflow/dags/local_to_GCS.py took 0.130 seconds
[2023-12-06T16:18:53.006+0000] {processor.py:157} INFO - Started process (PID=921) to work on /opt/airflow/dags/local_to_GCS.py
[2023-12-06T16:18:53.009+0000] {processor.py:829} INFO - Processing file /opt/airflow/dags/local_to_GCS.py for tasks to queue
[2023-12-06T16:18:53.014+0000] {logging_mixin.py:154} INFO - [2023-12-06T16:18:53.013+0000] {dagbag.py:536} INFO - Filling up the DagBag from /opt/airflow/dags/local_to_GCS.py
[2023-12-06T16:18:53.036+0000] {processor.py:839} INFO - DAG(s) dict_keys(['upload_local_to_gcs_python']) retrieved from /opt/airflow/dags/local_to_GCS.py
[2023-12-06T16:18:53.079+0000] {logging_mixin.py:154} INFO - [2023-12-06T16:18:53.079+0000] {dag.py:2941} INFO - Sync 1 DAGs
[2023-12-06T16:18:53.094+0000] {logging_mixin.py:154} INFO - [2023-12-06T16:18:53.094+0000] {dag.py:3722} INFO - Setting next_dagrun for upload_local_to_gcs_python to None, run_after=None
[2023-12-06T16:18:53.114+0000] {processor.py:179} INFO - Processing /opt/airflow/dags/local_to_GCS.py took 0.120 seconds
[2023-12-06T16:19:23.956+0000] {processor.py:157} INFO - Started process (PID=938) to work on /opt/airflow/dags/local_to_GCS.py
[2023-12-06T16:19:23.958+0000] {processor.py:829} INFO - Processing file /opt/airflow/dags/local_to_GCS.py for tasks to queue
[2023-12-06T16:19:23.978+0000] {logging_mixin.py:154} INFO - [2023-12-06T16:19:23.976+0000] {dagbag.py:536} INFO - Filling up the DagBag from /opt/airflow/dags/local_to_GCS.py
[2023-12-06T16:19:24.011+0000] {processor.py:839} INFO - DAG(s) dict_keys(['upload_local_to_gcs_python']) retrieved from /opt/airflow/dags/local_to_GCS.py
[2023-12-06T16:19:24.054+0000] {logging_mixin.py:154} INFO - [2023-12-06T16:19:24.054+0000] {dag.py:2941} INFO - Sync 1 DAGs
[2023-12-06T16:19:24.070+0000] {logging_mixin.py:154} INFO - [2023-12-06T16:19:24.070+0000] {dag.py:3722} INFO - Setting next_dagrun for upload_local_to_gcs_python to None, run_after=None
[2023-12-06T16:19:24.086+0000] {processor.py:179} INFO - Processing /opt/airflow/dags/local_to_GCS.py took 0.137 seconds
[2023-12-06T16:19:54.617+0000] {processor.py:157} INFO - Started process (PID=955) to work on /opt/airflow/dags/local_to_GCS.py
[2023-12-06T16:19:54.619+0000] {processor.py:829} INFO - Processing file /opt/airflow/dags/local_to_GCS.py for tasks to queue
[2023-12-06T16:19:54.625+0000] {logging_mixin.py:154} INFO - [2023-12-06T16:19:54.625+0000] {dagbag.py:536} INFO - Filling up the DagBag from /opt/airflow/dags/local_to_GCS.py
[2023-12-06T16:19:54.658+0000] {processor.py:839} INFO - DAG(s) dict_keys(['upload_local_to_gcs_python']) retrieved from /opt/airflow/dags/local_to_GCS.py
[2023-12-06T16:19:54.726+0000] {logging_mixin.py:154} INFO - [2023-12-06T16:19:54.726+0000] {dag.py:2941} INFO - Sync 1 DAGs
[2023-12-06T16:19:54.742+0000] {logging_mixin.py:154} INFO - [2023-12-06T16:19:54.742+0000] {dag.py:3722} INFO - Setting next_dagrun for upload_local_to_gcs_python to None, run_after=None
[2023-12-06T16:19:54.758+0000] {processor.py:179} INFO - Processing /opt/airflow/dags/local_to_GCS.py took 0.148 seconds
[2023-12-06T16:20:25.191+0000] {processor.py:157} INFO - Started process (PID=972) to work on /opt/airflow/dags/local_to_GCS.py
[2023-12-06T16:20:25.194+0000] {processor.py:829} INFO - Processing file /opt/airflow/dags/local_to_GCS.py for tasks to queue
[2023-12-06T16:20:25.202+0000] {logging_mixin.py:154} INFO - [2023-12-06T16:20:25.201+0000] {dagbag.py:536} INFO - Filling up the DagBag from /opt/airflow/dags/local_to_GCS.py
[2023-12-06T16:20:25.225+0000] {processor.py:839} INFO - DAG(s) dict_keys(['upload_local_to_gcs_python']) retrieved from /opt/airflow/dags/local_to_GCS.py
[2023-12-06T16:20:25.268+0000] {logging_mixin.py:154} INFO - [2023-12-06T16:20:25.268+0000] {dag.py:2941} INFO - Sync 1 DAGs
[2023-12-06T16:20:25.284+0000] {logging_mixin.py:154} INFO - [2023-12-06T16:20:25.284+0000] {dag.py:3722} INFO - Setting next_dagrun for upload_local_to_gcs_python to None, run_after=None
[2023-12-06T16:20:25.302+0000] {processor.py:179} INFO - Processing /opt/airflow/dags/local_to_GCS.py took 0.124 seconds
[2023-12-06T16:20:55.650+0000] {processor.py:157} INFO - Started process (PID=989) to work on /opt/airflow/dags/local_to_GCS.py
[2023-12-06T16:20:55.652+0000] {processor.py:829} INFO - Processing file /opt/airflow/dags/local_to_GCS.py for tasks to queue
[2023-12-06T16:20:55.709+0000] {logging_mixin.py:154} INFO - [2023-12-06T16:20:55.658+0000] {dagbag.py:536} INFO - Filling up the DagBag from /opt/airflow/dags/local_to_GCS.py
[2023-12-06T16:20:55.752+0000] {processor.py:839} INFO - DAG(s) dict_keys(['upload_local_to_gcs_python']) retrieved from /opt/airflow/dags/local_to_GCS.py
[2023-12-06T16:20:55.815+0000] {logging_mixin.py:154} INFO - [2023-12-06T16:20:55.815+0000] {dag.py:2941} INFO - Sync 1 DAGs
[2023-12-06T16:20:55.832+0000] {logging_mixin.py:154} INFO - [2023-12-06T16:20:55.832+0000] {dag.py:3722} INFO - Setting next_dagrun for upload_local_to_gcs_python to None, run_after=None
[2023-12-06T16:20:55.852+0000] {processor.py:179} INFO - Processing /opt/airflow/dags/local_to_GCS.py took 0.208 seconds
[2023-12-06T16:21:26.319+0000] {processor.py:157} INFO - Started process (PID=1006) to work on /opt/airflow/dags/local_to_GCS.py
[2023-12-06T16:21:26.322+0000] {processor.py:829} INFO - Processing file /opt/airflow/dags/local_to_GCS.py for tasks to queue
[2023-12-06T16:21:26.327+0000] {logging_mixin.py:154} INFO - [2023-12-06T16:21:26.327+0000] {dagbag.py:536} INFO - Filling up the DagBag from /opt/airflow/dags/local_to_GCS.py
[2023-12-06T16:21:26.348+0000] {processor.py:839} INFO - DAG(s) dict_keys(['upload_local_to_gcs_python']) retrieved from /opt/airflow/dags/local_to_GCS.py
[2023-12-06T16:21:26.405+0000] {logging_mixin.py:154} INFO - [2023-12-06T16:21:26.405+0000] {dag.py:2941} INFO - Sync 1 DAGs
[2023-12-06T16:21:26.422+0000] {logging_mixin.py:154} INFO - [2023-12-06T16:21:26.422+0000] {dag.py:3722} INFO - Setting next_dagrun for upload_local_to_gcs_python to None, run_after=None
[2023-12-06T16:21:26.439+0000] {processor.py:179} INFO - Processing /opt/airflow/dags/local_to_GCS.py took 0.127 seconds
[2023-12-06T16:21:56.806+0000] {processor.py:157} INFO - Started process (PID=1023) to work on /opt/airflow/dags/local_to_GCS.py
[2023-12-06T16:21:56.807+0000] {processor.py:829} INFO - Processing file /opt/airflow/dags/local_to_GCS.py for tasks to queue
[2023-12-06T16:21:56.813+0000] {logging_mixin.py:154} INFO - [2023-12-06T16:21:56.812+0000] {dagbag.py:536} INFO - Filling up the DagBag from /opt/airflow/dags/local_to_GCS.py
[2023-12-06T16:21:56.832+0000] {processor.py:839} INFO - DAG(s) dict_keys(['upload_local_to_gcs_python']) retrieved from /opt/airflow/dags/local_to_GCS.py
[2023-12-06T16:21:56.873+0000] {logging_mixin.py:154} INFO - [2023-12-06T16:21:56.873+0000] {dag.py:2941} INFO - Sync 1 DAGs
[2023-12-06T16:21:56.888+0000] {logging_mixin.py:154} INFO - [2023-12-06T16:21:56.888+0000] {dag.py:3722} INFO - Setting next_dagrun for upload_local_to_gcs_python to None, run_after=None
[2023-12-06T16:21:56.903+0000] {processor.py:179} INFO - Processing /opt/airflow/dags/local_to_GCS.py took 0.104 seconds
[2023-12-06T16:22:27.314+0000] {processor.py:157} INFO - Started process (PID=1040) to work on /opt/airflow/dags/local_to_GCS.py
[2023-12-06T16:22:27.316+0000] {processor.py:829} INFO - Processing file /opt/airflow/dags/local_to_GCS.py for tasks to queue
[2023-12-06T16:22:27.322+0000] {logging_mixin.py:154} INFO - [2023-12-06T16:22:27.321+0000] {dagbag.py:536} INFO - Filling up the DagBag from /opt/airflow/dags/local_to_GCS.py
[2023-12-06T16:22:27.342+0000] {processor.py:839} INFO - DAG(s) dict_keys(['upload_local_to_gcs_python']) retrieved from /opt/airflow/dags/local_to_GCS.py
[2023-12-06T16:22:27.378+0000] {logging_mixin.py:154} INFO - [2023-12-06T16:22:27.377+0000] {dag.py:2941} INFO - Sync 1 DAGs
[2023-12-06T16:22:27.393+0000] {logging_mixin.py:154} INFO - [2023-12-06T16:22:27.392+0000] {dag.py:3722} INFO - Setting next_dagrun for upload_local_to_gcs_python to None, run_after=None
[2023-12-06T16:22:27.408+0000] {processor.py:179} INFO - Processing /opt/airflow/dags/local_to_GCS.py took 0.100 seconds
[2023-12-06T16:22:57.744+0000] {processor.py:157} INFO - Started process (PID=1057) to work on /opt/airflow/dags/local_to_GCS.py
[2023-12-06T16:22:57.746+0000] {processor.py:829} INFO - Processing file /opt/airflow/dags/local_to_GCS.py for tasks to queue
[2023-12-06T16:22:57.751+0000] {logging_mixin.py:154} INFO - [2023-12-06T16:22:57.751+0000] {dagbag.py:536} INFO - Filling up the DagBag from /opt/airflow/dags/local_to_GCS.py
[2023-12-06T16:22:57.768+0000] {processor.py:839} INFO - DAG(s) dict_keys(['upload_local_to_gcs_python']) retrieved from /opt/airflow/dags/local_to_GCS.py
[2023-12-06T16:22:57.796+0000] {logging_mixin.py:154} INFO - [2023-12-06T16:22:57.795+0000] {dag.py:2941} INFO - Sync 1 DAGs
[2023-12-06T16:22:57.808+0000] {logging_mixin.py:154} INFO - [2023-12-06T16:22:57.808+0000] {dag.py:3722} INFO - Setting next_dagrun for upload_local_to_gcs_python to None, run_after=None
[2023-12-06T16:22:57.835+0000] {processor.py:179} INFO - Processing /opt/airflow/dags/local_to_GCS.py took 0.097 seconds
[2023-12-06T16:23:28.310+0000] {processor.py:157} INFO - Started process (PID=1074) to work on /opt/airflow/dags/local_to_GCS.py
[2023-12-06T16:23:28.312+0000] {processor.py:829} INFO - Processing file /opt/airflow/dags/local_to_GCS.py for tasks to queue
[2023-12-06T16:23:28.317+0000] {logging_mixin.py:154} INFO - [2023-12-06T16:23:28.316+0000] {dagbag.py:536} INFO - Filling up the DagBag from /opt/airflow/dags/local_to_GCS.py
[2023-12-06T16:23:28.337+0000] {processor.py:839} INFO - DAG(s) dict_keys(['upload_local_to_gcs_python']) retrieved from /opt/airflow/dags/local_to_GCS.py
[2023-12-06T16:23:28.367+0000] {logging_mixin.py:154} INFO - [2023-12-06T16:23:28.367+0000] {dag.py:2941} INFO - Sync 1 DAGs
[2023-12-06T16:23:28.381+0000] {logging_mixin.py:154} INFO - [2023-12-06T16:23:28.381+0000] {dag.py:3722} INFO - Setting next_dagrun for upload_local_to_gcs_python to None, run_after=None
[2023-12-06T16:23:28.411+0000] {processor.py:179} INFO - Processing /opt/airflow/dags/local_to_GCS.py took 0.106 seconds
[2023-12-06T16:23:58.913+0000] {processor.py:157} INFO - Started process (PID=1091) to work on /opt/airflow/dags/local_to_GCS.py
[2023-12-06T16:23:58.916+0000] {processor.py:829} INFO - Processing file /opt/airflow/dags/local_to_GCS.py for tasks to queue
[2023-12-06T16:23:58.922+0000] {logging_mixin.py:154} INFO - [2023-12-06T16:23:58.921+0000] {dagbag.py:536} INFO - Filling up the DagBag from /opt/airflow/dags/local_to_GCS.py
[2023-12-06T16:23:58.979+0000] {processor.py:839} INFO - DAG(s) dict_keys(['upload_local_to_gcs_python']) retrieved from /opt/airflow/dags/local_to_GCS.py
[2023-12-06T16:23:59.017+0000] {logging_mixin.py:154} INFO - [2023-12-06T16:23:59.017+0000] {dag.py:2941} INFO - Sync 1 DAGs
[2023-12-06T16:23:59.033+0000] {logging_mixin.py:154} INFO - [2023-12-06T16:23:59.032+0000] {dag.py:3722} INFO - Setting next_dagrun for upload_local_to_gcs_python to None, run_after=None
[2023-12-06T16:23:59.048+0000] {processor.py:179} INFO - Processing /opt/airflow/dags/local_to_GCS.py took 0.142 seconds
[2023-12-06T16:24:29.461+0000] {processor.py:157} INFO - Started process (PID=1108) to work on /opt/airflow/dags/local_to_GCS.py
[2023-12-06T16:24:29.462+0000] {processor.py:829} INFO - Processing file /opt/airflow/dags/local_to_GCS.py for tasks to queue
[2023-12-06T16:24:29.467+0000] {logging_mixin.py:154} INFO - [2023-12-06T16:24:29.466+0000] {dagbag.py:536} INFO - Filling up the DagBag from /opt/airflow/dags/local_to_GCS.py
[2023-12-06T16:24:29.503+0000] {processor.py:839} INFO - DAG(s) dict_keys(['upload_local_to_gcs_python']) retrieved from /opt/airflow/dags/local_to_GCS.py
[2023-12-06T16:24:29.535+0000] {logging_mixin.py:154} INFO - [2023-12-06T16:24:29.534+0000] {dag.py:2941} INFO - Sync 1 DAGs
[2023-12-06T16:24:29.548+0000] {logging_mixin.py:154} INFO - [2023-12-06T16:24:29.548+0000] {dag.py:3722} INFO - Setting next_dagrun for upload_local_to_gcs_python to None, run_after=None
[2023-12-06T16:24:29.563+0000] {processor.py:179} INFO - Processing /opt/airflow/dags/local_to_GCS.py took 0.108 seconds
[2023-12-06T16:24:59.969+0000] {processor.py:157} INFO - Started process (PID=1125) to work on /opt/airflow/dags/local_to_GCS.py
[2023-12-06T16:24:59.971+0000] {processor.py:829} INFO - Processing file /opt/airflow/dags/local_to_GCS.py for tasks to queue
[2023-12-06T16:24:59.994+0000] {logging_mixin.py:154} INFO - [2023-12-06T16:24:59.992+0000] {dagbag.py:536} INFO - Filling up the DagBag from /opt/airflow/dags/local_to_GCS.py
[2023-12-06T16:25:00.014+0000] {processor.py:839} INFO - DAG(s) dict_keys(['upload_local_to_gcs_python']) retrieved from /opt/airflow/dags/local_to_GCS.py
[2023-12-06T16:25:00.049+0000] {logging_mixin.py:154} INFO - [2023-12-06T16:25:00.048+0000] {dag.py:2941} INFO - Sync 1 DAGs
[2023-12-06T16:25:00.064+0000] {logging_mixin.py:154} INFO - [2023-12-06T16:25:00.064+0000] {dag.py:3722} INFO - Setting next_dagrun for upload_local_to_gcs_python to None, run_after=None
[2023-12-06T16:25:00.090+0000] {processor.py:179} INFO - Processing /opt/airflow/dags/local_to_GCS.py took 0.126 seconds
[2023-12-06T16:25:30.528+0000] {processor.py:157} INFO - Started process (PID=1142) to work on /opt/airflow/dags/local_to_GCS.py
[2023-12-06T16:25:30.530+0000] {processor.py:829} INFO - Processing file /opt/airflow/dags/local_to_GCS.py for tasks to queue
[2023-12-06T16:25:30.535+0000] {logging_mixin.py:154} INFO - [2023-12-06T16:25:30.535+0000] {dagbag.py:536} INFO - Filling up the DagBag from /opt/airflow/dags/local_to_GCS.py
[2023-12-06T16:25:30.572+0000] {processor.py:839} INFO - DAG(s) dict_keys(['upload_local_to_gcs_python']) retrieved from /opt/airflow/dags/local_to_GCS.py
[2023-12-06T16:25:30.606+0000] {logging_mixin.py:154} INFO - [2023-12-06T16:25:30.606+0000] {dag.py:2941} INFO - Sync 1 DAGs
[2023-12-06T16:25:30.621+0000] {logging_mixin.py:154} INFO - [2023-12-06T16:25:30.621+0000] {dag.py:3722} INFO - Setting next_dagrun for upload_local_to_gcs_python to None, run_after=None
[2023-12-06T16:25:30.638+0000] {processor.py:179} INFO - Processing /opt/airflow/dags/local_to_GCS.py took 0.117 seconds
[2023-12-06T16:26:01.051+0000] {processor.py:157} INFO - Started process (PID=1159) to work on /opt/airflow/dags/local_to_GCS.py
[2023-12-06T16:26:01.054+0000] {processor.py:829} INFO - Processing file /opt/airflow/dags/local_to_GCS.py for tasks to queue
[2023-12-06T16:26:01.059+0000] {logging_mixin.py:154} INFO - [2023-12-06T16:26:01.059+0000] {dagbag.py:536} INFO - Filling up the DagBag from /opt/airflow/dags/local_to_GCS.py
[2023-12-06T16:26:01.089+0000] {processor.py:839} INFO - DAG(s) dict_keys(['upload_local_to_gcs_python']) retrieved from /opt/airflow/dags/local_to_GCS.py
[2023-12-06T16:26:01.119+0000] {logging_mixin.py:154} INFO - [2023-12-06T16:26:01.119+0000] {dag.py:2941} INFO - Sync 1 DAGs
[2023-12-06T16:26:01.132+0000] {logging_mixin.py:154} INFO - [2023-12-06T16:26:01.132+0000] {dag.py:3722} INFO - Setting next_dagrun for upload_local_to_gcs_python to None, run_after=None
[2023-12-06T16:26:01.150+0000] {processor.py:179} INFO - Processing /opt/airflow/dags/local_to_GCS.py took 0.104 seconds
[2023-12-06T16:26:31.603+0000] {processor.py:157} INFO - Started process (PID=1176) to work on /opt/airflow/dags/local_to_GCS.py
[2023-12-06T16:26:31.606+0000] {processor.py:829} INFO - Processing file /opt/airflow/dags/local_to_GCS.py for tasks to queue
[2023-12-06T16:26:31.623+0000] {logging_mixin.py:154} INFO - [2023-12-06T16:26:31.616+0000] {dagbag.py:536} INFO - Filling up the DagBag from /opt/airflow/dags/local_to_GCS.py
[2023-12-06T16:26:31.648+0000] {processor.py:839} INFO - DAG(s) dict_keys(['upload_local_to_gcs_python']) retrieved from /opt/airflow/dags/local_to_GCS.py
[2023-12-06T16:26:31.685+0000] {logging_mixin.py:154} INFO - [2023-12-06T16:26:31.685+0000] {dag.py:2941} INFO - Sync 1 DAGs
[2023-12-06T16:26:31.714+0000] {logging_mixin.py:154} INFO - [2023-12-06T16:26:31.714+0000] {dag.py:3722} INFO - Setting next_dagrun for upload_local_to_gcs_python to None, run_after=None
[2023-12-06T16:26:31.732+0000] {processor.py:179} INFO - Processing /opt/airflow/dags/local_to_GCS.py took 0.135 seconds
[2023-12-06T16:27:02.532+0000] {processor.py:157} INFO - Started process (PID=1193) to work on /opt/airflow/dags/local_to_GCS.py
[2023-12-06T16:27:02.535+0000] {processor.py:829} INFO - Processing file /opt/airflow/dags/local_to_GCS.py for tasks to queue
[2023-12-06T16:27:02.544+0000] {logging_mixin.py:154} INFO - [2023-12-06T16:27:02.543+0000] {dagbag.py:536} INFO - Filling up the DagBag from /opt/airflow/dags/local_to_GCS.py
[2023-12-06T16:27:02.576+0000] {processor.py:839} INFO - DAG(s) dict_keys(['upload_local_to_gcs_python']) retrieved from /opt/airflow/dags/local_to_GCS.py
[2023-12-06T16:27:02.641+0000] {logging_mixin.py:154} INFO - [2023-12-06T16:27:02.640+0000] {dag.py:2941} INFO - Sync 1 DAGs
[2023-12-06T16:27:02.662+0000] {logging_mixin.py:154} INFO - [2023-12-06T16:27:02.661+0000] {dag.py:3722} INFO - Setting next_dagrun for upload_local_to_gcs_python to None, run_after=None
[2023-12-06T16:27:02.678+0000] {processor.py:179} INFO - Processing /opt/airflow/dags/local_to_GCS.py took 0.153 seconds
[2023-12-06T16:34:06.740+0000] {processor.py:157} INFO - Started process (PID=1213) to work on /opt/airflow/dags/local_to_GCS.py
[2023-12-06T16:34:06.741+0000] {processor.py:829} INFO - Processing file /opt/airflow/dags/local_to_GCS.py for tasks to queue
[2023-12-06T16:34:06.744+0000] {logging_mixin.py:154} INFO - [2023-12-06T16:34:06.743+0000] {dagbag.py:536} INFO - Filling up the DagBag from /opt/airflow/dags/local_to_GCS.py
[2023-12-06T16:34:06.755+0000] {processor.py:839} INFO - DAG(s) dict_keys(['upload_local_to_gcs_python']) retrieved from /opt/airflow/dags/local_to_GCS.py
[2023-12-06T16:34:06.778+0000] {logging_mixin.py:154} INFO - [2023-12-06T16:34:06.778+0000] {dag.py:2941} INFO - Sync 1 DAGs
[2023-12-06T16:34:06.789+0000] {logging_mixin.py:154} INFO - [2023-12-06T16:34:06.789+0000] {dag.py:3722} INFO - Setting next_dagrun for upload_local_to_gcs_python to None, run_after=None
[2023-12-06T16:34:06.803+0000] {processor.py:179} INFO - Processing /opt/airflow/dags/local_to_GCS.py took 0.068 seconds
[2023-12-06T16:54:18.963+0000] {processor.py:157} INFO - Started process (PID=1231) to work on /opt/airflow/dags/local_to_GCS.py
[2023-12-06T16:54:18.964+0000] {processor.py:829} INFO - Processing file /opt/airflow/dags/local_to_GCS.py for tasks to queue
[2023-12-06T16:54:18.969+0000] {logging_mixin.py:154} INFO - [2023-12-06T16:54:18.968+0000] {dagbag.py:536} INFO - Filling up the DagBag from /opt/airflow/dags/local_to_GCS.py
[2023-12-06T16:54:18.996+0000] {processor.py:839} INFO - DAG(s) dict_keys(['upload_local_to_gcs_python']) retrieved from /opt/airflow/dags/local_to_GCS.py
[2023-12-06T16:54:19.036+0000] {logging_mixin.py:154} INFO - [2023-12-06T16:54:19.036+0000] {dag.py:2941} INFO - Sync 1 DAGs
[2023-12-06T16:54:19.064+0000] {logging_mixin.py:154} INFO - [2023-12-06T16:54:19.064+0000] {dag.py:3722} INFO - Setting next_dagrun for upload_local_to_gcs_python to None, run_after=None
[2023-12-06T16:54:19.082+0000] {processor.py:179} INFO - Processing /opt/airflow/dags/local_to_GCS.py took 0.123 seconds
[2023-12-06T16:54:49.530+0000] {processor.py:157} INFO - Started process (PID=1250) to work on /opt/airflow/dags/local_to_GCS.py
[2023-12-06T16:54:49.532+0000] {processor.py:829} INFO - Processing file /opt/airflow/dags/local_to_GCS.py for tasks to queue
[2023-12-06T16:54:49.542+0000] {logging_mixin.py:154} INFO - [2023-12-06T16:54:49.540+0000] {dagbag.py:536} INFO - Filling up the DagBag from /opt/airflow/dags/local_to_GCS.py
[2023-12-06T16:54:49.581+0000] {processor.py:839} INFO - DAG(s) dict_keys(['upload_local_to_gcs_python']) retrieved from /opt/airflow/dags/local_to_GCS.py
[2023-12-06T16:54:49.637+0000] {logging_mixin.py:154} INFO - [2023-12-06T16:54:49.637+0000] {dag.py:2941} INFO - Sync 1 DAGs
[2023-12-06T16:54:49.658+0000] {logging_mixin.py:154} INFO - [2023-12-06T16:54:49.657+0000] {dag.py:3722} INFO - Setting next_dagrun for upload_local_to_gcs_python to None, run_after=None
[2023-12-06T16:54:49.692+0000] {processor.py:179} INFO - Processing /opt/airflow/dags/local_to_GCS.py took 0.170 seconds
[2023-12-06T17:10:56.054+0000] {processor.py:157} INFO - Started process (PID=1269) to work on /opt/airflow/dags/local_to_GCS.py
[2023-12-06T17:10:56.081+0000] {processor.py:829} INFO - Processing file /opt/airflow/dags/local_to_GCS.py for tasks to queue
[2023-12-06T17:10:56.129+0000] {logging_mixin.py:154} INFO - [2023-12-06T17:10:56.127+0000] {dagbag.py:536} INFO - Filling up the DagBag from /opt/airflow/dags/local_to_GCS.py
[2023-12-06T17:10:56.370+0000] {processor.py:839} INFO - DAG(s) dict_keys(['upload_local_to_gcs_python']) retrieved from /opt/airflow/dags/local_to_GCS.py
[2023-12-06T17:10:56.581+0000] {logging_mixin.py:154} INFO - [2023-12-06T17:10:56.581+0000] {dag.py:2941} INFO - Sync 1 DAGs
[2023-12-06T17:10:56.623+0000] {logging_mixin.py:154} INFO - [2023-12-06T17:10:56.623+0000] {dag.py:3722} INFO - Setting next_dagrun for upload_local_to_gcs_python to None, run_after=None
[2023-12-06T17:10:56.675+0000] {processor.py:179} INFO - Processing /opt/airflow/dags/local_to_GCS.py took 0.680 seconds
[2023-12-06T17:32:33.055+0000] {processor.py:157} INFO - Started process (PID=1287) to work on /opt/airflow/dags/local_to_GCS.py
[2023-12-06T17:32:33.100+0000] {processor.py:829} INFO - Processing file /opt/airflow/dags/local_to_GCS.py for tasks to queue
[2023-12-06T17:32:33.143+0000] {logging_mixin.py:154} INFO - [2023-12-06T17:32:33.136+0000] {dagbag.py:536} INFO - Filling up the DagBag from /opt/airflow/dags/local_to_GCS.py
[2023-12-06T17:32:33.240+0000] {processor.py:839} INFO - DAG(s) dict_keys(['upload_local_to_gcs_python']) retrieved from /opt/airflow/dags/local_to_GCS.py
[2023-12-06T17:32:33.366+0000] {logging_mixin.py:154} INFO - [2023-12-06T17:32:33.366+0000] {dag.py:2941} INFO - Sync 1 DAGs
[2023-12-06T17:32:33.404+0000] {logging_mixin.py:154} INFO - [2023-12-06T17:32:33.404+0000] {dag.py:3722} INFO - Setting next_dagrun for upload_local_to_gcs_python to None, run_after=None
[2023-12-06T17:32:33.444+0000] {processor.py:179} INFO - Processing /opt/airflow/dags/local_to_GCS.py took 0.414 seconds
[2023-12-06T17:33:03.694+0000] {processor.py:157} INFO - Started process (PID=1304) to work on /opt/airflow/dags/local_to_GCS.py
[2023-12-06T17:33:03.695+0000] {processor.py:829} INFO - Processing file /opt/airflow/dags/local_to_GCS.py for tasks to queue
[2023-12-06T17:33:03.699+0000] {logging_mixin.py:154} INFO - [2023-12-06T17:33:03.698+0000] {dagbag.py:536} INFO - Filling up the DagBag from /opt/airflow/dags/local_to_GCS.py
[2023-12-06T17:33:03.727+0000] {processor.py:839} INFO - DAG(s) dict_keys(['upload_local_to_gcs_python']) retrieved from /opt/airflow/dags/local_to_GCS.py
[2023-12-06T17:33:03.778+0000] {logging_mixin.py:154} INFO - [2023-12-06T17:33:03.778+0000] {dag.py:2941} INFO - Sync 1 DAGs
[2023-12-06T17:33:03.815+0000] {logging_mixin.py:154} INFO - [2023-12-06T17:33:03.815+0000] {dag.py:3722} INFO - Setting next_dagrun for upload_local_to_gcs_python to None, run_after=None
[2023-12-06T17:33:03.836+0000] {processor.py:179} INFO - Processing /opt/airflow/dags/local_to_GCS.py took 0.147 seconds
[2023-12-06T17:33:34.290+0000] {processor.py:157} INFO - Started process (PID=1321) to work on /opt/airflow/dags/local_to_GCS.py
[2023-12-06T17:33:34.292+0000] {processor.py:829} INFO - Processing file /opt/airflow/dags/local_to_GCS.py for tasks to queue
[2023-12-06T17:33:34.306+0000] {logging_mixin.py:154} INFO - [2023-12-06T17:33:34.304+0000] {dagbag.py:536} INFO - Filling up the DagBag from /opt/airflow/dags/local_to_GCS.py
[2023-12-06T17:33:34.337+0000] {processor.py:839} INFO - DAG(s) dict_keys(['upload_local_to_gcs_python']) retrieved from /opt/airflow/dags/local_to_GCS.py
[2023-12-06T17:33:34.402+0000] {logging_mixin.py:154} INFO - [2023-12-06T17:33:34.402+0000] {dag.py:2941} INFO - Sync 1 DAGs
[2023-12-06T17:33:34.422+0000] {logging_mixin.py:154} INFO - [2023-12-06T17:33:34.422+0000] {dag.py:3722} INFO - Setting next_dagrun for upload_local_to_gcs_python to None, run_after=None
[2023-12-06T17:33:34.453+0000] {processor.py:179} INFO - Processing /opt/airflow/dags/local_to_GCS.py took 0.170 seconds
