[2024-01-17T13:59:19.788+0000] {taskinstance.py:1957} INFO - Dependencies all met for dep_context=non-requeueable deps ti=<TaskInstance: sql_example.create_update_product_agg manual__2024-01-17T13:58:37.009006+00:00 [queued]>
[2024-01-17T13:59:19.799+0000] {taskinstance.py:1957} INFO - Dependencies all met for dep_context=requeueable deps ti=<TaskInstance: sql_example.create_update_product_agg manual__2024-01-17T13:58:37.009006+00:00 [queued]>
[2024-01-17T13:59:19.800+0000] {taskinstance.py:2171} INFO - Starting attempt 1 of 0
[2024-01-17T13:59:19.835+0000] {taskinstance.py:2192} INFO - Executing <Task(BigQueryExecuteQueryOperator): create_update_product_agg> on 2024-01-17 13:58:37.009006+00:00
[2024-01-17T13:59:19.892+0000] {standard_task_runner.py:60} INFO - Started process 7664 to run task
[2024-01-17T13:59:19.919+0000] {standard_task_runner.py:87} INFO - Running: ['***', 'tasks', 'run', 'sql_example', 'create_update_product_agg', 'manual__2024-01-17T13:58:37.009006+00:00', '--job-id', '48', '--raw', '--subdir', 'DAGS_FOLDER/data_transform_BQ.py', '--cfg-path', '/tmp/tmp4w96rzdi']
[2024-01-17T13:59:19.934+0000] {standard_task_runner.py:88} INFO - Job 48: Subtask create_update_product_agg
[2024-01-17T13:59:20.302+0000] {task_command.py:423} INFO - Running <TaskInstance: sql_example.create_update_product_agg manual__2024-01-17T13:58:37.009006+00:00 [running]> on host fafdf46f827b
[2024-01-17T13:59:20.586+0000] {taskinstance.py:2481} INFO - Exporting env vars: AIRFLOW_CTX_DAG_OWNER='phungquan' AIRFLOW_CTX_DAG_ID='sql_example' AIRFLOW_CTX_TASK_ID='create_update_product_agg' AIRFLOW_CTX_EXECUTION_DATE='2024-01-17T13:58:37.009006+00:00' AIRFLOW_CTX_TRY_NUMBER='1' AIRFLOW_CTX_DAG_RUN_ID='manual__2024-01-17T13:58:37.009006+00:00'
[2024-01-17T13:59:20.591+0000] {bigquery.py:1245} INFO - Executing: -- Step 1: Create the Product_Aggregation table
CREATE OR REPLACE TABLE `OLAP.Product_Aggregation` AS
  SELECT
    order_details.ProductID,
    0 as High_productive_product,
    0.0 As Total_sale_by_product
  FROM
    `OLAP.Dim_Order_details` order_details 
  GROUP BY
    order_details.ProductID
;


UPDATE `OLAP.Product_Aggregation` AS dim
SET Total_sale_by_product = (
    SELECT SUM(UnitPrice*Quantity*(1-Discount))
    FROM `OLAP.Dim_Order_details` AS fact
    WHERE dim.ProductID = fact.ProductID
    Group by ProductID
)
WHERE dim.ProductID IS NOT NULL;

-- Step 2: Create the temporary table to store the results
CREATE OR REPLACE TABLE `OLAP.Temp_RankedProducts` AS
WITH RankedProducts AS (
    SELECT 
        ProductID,
        Total_sale_by_product AS Total_sale_by_product,
        PERCENT_RANK() OVER (ORDER BY Total_sale_by_product DESC) AS PercentRank
    FROM `OLAP.Product_Aggregation`
)
SELECT 
    ProductID,
    Total_sale_by_product,
    CASE 
        WHEN PercentRank <= 0.8 THEN 1  
        ELSE 0  
    END AS ContributesTo80Percent
FROM RankedProducts;

-- Step 3: Update the Product_Aggregation table using MERGE
MERGE `OLAP.Product_Aggregation` AS target
USING `OLAP.Temp_RankedProducts` AS source
ON target.ProductID = source.ProductID
WHEN MATCHED THEN
  UPDATE SET target.High_productive_product = source.ContributesTo80Percent;

-- Step 4: Drop the temporary table
DROP TABLE `OLAP.Temp_RankedProducts`;


[2024-01-17T13:59:20.615+0000] {connection.py:234} WARNING - Connection schemes (type: google_cloud_platform) shall not contain '_' according to RFC3986.
[2024-01-17T13:59:20.618+0000] {base.py:83} INFO - Using connection ID 'google_cloud_default' for task execution.
[2024-01-17T13:59:20.651+0000] {logging_mixin.py:188} WARNING - /home/***/.local/lib/python3.8/site-packages/***/providers/google/cloud/hooks/bigquery.py:2109 AirflowProviderDeprecationWarning: This method is deprecated. Please use `BigQueryHook.insert_job` method.
[2024-01-17T13:59:20.653+0000] {credentials_provider.py:353} INFO - Getting connection using `google.auth.default()` since no explicit credentials are provided.
[2024-01-17T13:59:20.806+0000] {bigquery.py:1596} INFO - Inserting job ***_1705499960802214_62f8103b7b97a35932b23821bbeffd77
[2024-01-17T13:59:29.665+0000] {taskinstance.py:1138} INFO - Marking task as SUCCESS. dag_id=sql_example, task_id=create_update_product_agg, execution_date=20240117T135837, start_date=20240117T135919, end_date=20240117T135929
[2024-01-17T13:59:29.772+0000] {local_task_job_runner.py:234} INFO - Task exited with return code 0
[2024-01-17T13:59:29.854+0000] {taskinstance.py:3281} INFO - 1 downstream tasks scheduled from follow-on schedule check
