[2024-01-10T11:47:36.322+0000] {taskinstance.py:1159} INFO - Dependencies all met for dep_context=non-requeueable deps ti=<TaskInstance: sql_example.create_update_dim_customer manual__2024-01-10T11:47:09.538345+00:00 [queued]>
[2024-01-10T11:47:36.330+0000] {taskinstance.py:1159} INFO - Dependencies all met for dep_context=requeueable deps ti=<TaskInstance: sql_example.create_update_dim_customer manual__2024-01-10T11:47:09.538345+00:00 [queued]>
[2024-01-10T11:47:36.331+0000] {taskinstance.py:1361} INFO - Starting attempt 1 of 0
[2024-01-10T11:47:36.341+0000] {taskinstance.py:1382} INFO - Executing <Task(BigQueryExecuteQueryOperator): create_update_dim_customer> on 2024-01-10 11:47:09.538345+00:00
[2024-01-10T11:47:36.363+0000] {standard_task_runner.py:57} INFO - Started process 45354 to run task
[2024-01-10T11:47:36.368+0000] {standard_task_runner.py:84} INFO - Running: ['***', 'tasks', 'run', 'sql_example', 'create_update_dim_customer', 'manual__2024-01-10T11:47:09.538345+00:00', '--job-id', '280', '--raw', '--subdir', 'DAGS_FOLDER/data_transform_BQ.py', '--cfg-path', '/tmp/tmpla5aeit4']
[2024-01-10T11:47:36.372+0000] {standard_task_runner.py:85} INFO - Job 280: Subtask create_update_dim_customer
[2024-01-10T11:47:36.430+0000] {task_command.py:416} INFO - Running <TaskInstance: sql_example.create_update_dim_customer manual__2024-01-10T11:47:09.538345+00:00 [running]> on host 812d78d3a260
[2024-01-10T11:47:36.499+0000] {taskinstance.py:1662} INFO - Exporting env vars: AIRFLOW_CTX_DAG_OWNER='phungquan' AIRFLOW_CTX_DAG_ID='sql_example' AIRFLOW_CTX_TASK_ID='create_update_dim_customer' AIRFLOW_CTX_EXECUTION_DATE='2024-01-10T11:47:09.538345+00:00' AIRFLOW_CTX_TRY_NUMBER='1' AIRFLOW_CTX_DAG_RUN_ID='manual__2024-01-10T11:47:09.538345+00:00'
[2024-01-10T11:47:36.500+0000] {bigquery.py:1241} INFO - Executing: -- Create Dim_Customer table
CREATE OR REPLACE TABLE `OLAP.Dim_Customer` AS
SELECT
  CustomerID,
  ContactName AS ContactName,
  0 AS Total_Number_of_transaction, -- Placeholder for now, will be updated later
  0.0 AS Total_discount, -- Placeholder for now, will be updated later
  0.0 AS Monetary, -- Placeholder for now, will be updated later
  0 AS Recency, -- Placeholder for now, will be updated later
  0.0 AS Frequency, -- Placeholder for now, will be updated later
  Country,
  City,
  Phone
FROM `OLTP.Customers`;

-- Update Total_Number_of_transaction
UPDATE `OLAP.Dim_Customer`
SET Total_Number_of_transaction = (
    SELECT COUNT(DISTINCT OrderID)
    FROM `OLAP.Fact_Order`
    WHERE `OLAP.Dim_Customer`.CustomerID = `OLAP.Fact_Order`.CustomerID
)
WHERE true;

-- Update Monetary
UPDATE `OLAP.Dim_Customer` AS dim
SET Monetary = (
  SELECT COALESCE(SUM(Revenue), 0)
  FROM `OLAP.Fact_Order` AS fact
  WHERE dim.CustomerID = fact.CustomerID
)
WHERE dim.CustomerID IS NOT NULL;

-- Update Frequency
UPDATE `OLAP.Dim_Customer`
SET Frequency = (
    SELECT `OLAP.Dim_Customer`.Total_Number_of_transaction / COUNT(DISTINCT CONCAT(CAST(`OLAP.Dim_Date`.Year AS STRING), '-', CAST(`OLAP.Dim_Date`.Month AS STRING)))
    FROM `OLAP.Dim_Date`
)
WHERE `OLAP.Dim_Customer`.CustomerID IS NOT NULL;

-- Update Recency
UPDATE `OLAP.Dim_Customer`
SET Recency = (
    SELECT DATE_DIFF(
            (SELECT MAX(Date) FROM `OLAP.Dim_Date`),
            CAST(MAX(OrderDate) AS DATE),
            DAY
        ) AS Recency
    FROM `OLAP.Fact_Order`
    WHERE `OLAP.Dim_Customer`.CustomerID = `OLAP.Fact_Order`.CustomerID
)
WHERE EXISTS (
    SELECT 1
    FROM `OLAP.Fact_Order`
    WHERE `OLAP.Dim_Customer`.CustomerID = `OLAP.Fact_Order`.CustomerID
);

-- Update Total_discount
UPDATE `OLAP.Dim_Customer` AS dim
SET Total_discount = (
  SELECT COALESCE(SUM(Discount_Money), 0)
  FROM `OLAP.Fact_Order` AS fact
  WHERE dim.CustomerID = fact.CustomerID
)
WHERE dim.CustomerID IS NOT NULL;
[2024-01-10T11:47:36.507+0000] {connection.py:232} WARNING - Connection schemes (type: google_cloud_platform) shall not contain '_' according to RFC3986.
[2024-01-10T11:47:36.508+0000] {base.py:73} INFO - Using connection ID 'google_cloud_default' for task execution.
[2024-01-10T11:47:36.513+0000] {logging_mixin.py:154} WARNING - /home/***/.local/lib/python3.8/site-packages/***/providers/google/cloud/hooks/bigquery.py:2108 AirflowProviderDeprecationWarning: This method is deprecated. Please use `BigQueryHook.insert_job` method.
[2024-01-10T11:47:36.514+0000] {credentials_provider.py:353} INFO - Getting connection using `google.auth.default()` since no explicit credentials are provided.
[2024-01-10T11:47:36.582+0000] {bigquery.py:1595} INFO - Inserting job ***_1704887256581699_7b134e14cf3cdbfd25a843f515d9c7c7
[2024-01-10T11:47:48.226+0000] {taskinstance.py:1400} INFO - Marking task as SUCCESS. dag_id=sql_example, task_id=create_update_dim_customer, execution_date=20240110T114709, start_date=20240110T114736, end_date=20240110T114748
[2024-01-10T11:47:48.279+0000] {local_task_job_runner.py:228} INFO - Task exited with return code 0
[2024-01-10T11:47:48.305+0000] {taskinstance.py:2778} INFO - 1 downstream tasks scheduled from follow-on schedule check
