[2023-12-09T16:44:43.885+0000] {taskinstance.py:1159} INFO - Dependencies all met for dep_context=non-requeueable deps ti=<TaskInstance: taskflow.upload_to_gcs manual__2023-12-09T16:44:37.367121+00:00 [queued]>
[2023-12-09T16:44:43.894+0000] {taskinstance.py:1159} INFO - Dependencies all met for dep_context=requeueable deps ti=<TaskInstance: taskflow.upload_to_gcs manual__2023-12-09T16:44:37.367121+00:00 [queued]>
[2023-12-09T16:44:43.894+0000] {taskinstance.py:1361} INFO - Starting attempt 1 of 1
[2023-12-09T16:44:43.904+0000] {taskinstance.py:1382} INFO - Executing <Task(LocalFilesystemToGCSOperator): upload_to_gcs> on 2023-12-09 16:44:37.367121+00:00
[2023-12-09T16:44:43.918+0000] {standard_task_runner.py:57} INFO - Started process 25380 to run task
[2023-12-09T16:44:43.924+0000] {standard_task_runner.py:84} INFO - Running: ['***', 'tasks', 'run', 'taskflow', 'upload_to_gcs', 'manual__2023-12-09T16:44:37.367121+00:00', '--job-id', '94', '--raw', '--subdir', 'DAGS_FOLDER/test_decorator.py', '--cfg-path', '/tmp/tmp633n6k6p']
[2023-12-09T16:44:43.930+0000] {standard_task_runner.py:85} INFO - Job 94: Subtask upload_to_gcs
[2023-12-09T16:44:43.984+0000] {task_command.py:416} INFO - Running <TaskInstance: taskflow.upload_to_gcs manual__2023-12-09T16:44:37.367121+00:00 [running]> on host 3de6e37e1218
[2023-12-09T16:44:44.063+0000] {taskinstance.py:1662} INFO - Exporting env vars: AIRFLOW_CTX_DAG_OWNER='***' AIRFLOW_CTX_DAG_ID='taskflow' AIRFLOW_CTX_TASK_ID='upload_to_gcs' AIRFLOW_CTX_EXECUTION_DATE='2023-12-09T16:44:37.367121+00:00' AIRFLOW_CTX_TRY_NUMBER='1' AIRFLOW_CTX_DAG_RUN_ID='manual__2023-12-09T16:44:37.367121+00:00'
[2023-12-09T16:44:44.073+0000] {connection.py:232} WARNING - Connection schemes (type: google_cloud_platform) shall not contain '_' according to RFC3986.
[2023-12-09T16:44:44.074+0000] {base.py:73} INFO - Using connection ID 'google_cloud_datastore_default' for task execution.
[2023-12-09T16:44:44.075+0000] {credentials_provider.py:353} INFO - Getting connection using `google.auth.default()` since no explicit credentials are provided.
[2023-12-09T16:44:46.099+0000] {gcs.py:562} INFO - File /opt/***/data/northwind_gitRepo/northwind_gitRepo/tables/Customers.csv uploaded to data/Customers.csv in us-central1-test-env-b4f32c38-bucket bucket
[2023-12-09T16:44:46.424+0000] {gcs.py:562} INFO - File /opt/***/data/northwind_gitRepo/northwind_gitRepo/tables/Categories.csv uploaded to data/Categories.csv in us-central1-test-env-b4f32c38-bucket bucket
[2023-12-09T16:44:47.230+0000] {gcs.py:562} INFO - File /opt/***/data/northwind_gitRepo/northwind_gitRepo/tables/Products.csv uploaded to data/Products.csv in us-central1-test-env-b4f32c38-bucket bucket
[2023-12-09T16:44:47.936+0000] {gcs.py:562} INFO - File /opt/***/data/northwind_gitRepo/northwind_gitRepo/tables/Orders.csv uploaded to data/Orders.csv in us-central1-test-env-b4f32c38-bucket bucket
[2023-12-09T16:44:48.449+0000] {gcs.py:562} INFO - File /opt/***/data/northwind_gitRepo/northwind_gitRepo/tables/Suppliers.csv uploaded to data/Suppliers.csv in us-central1-test-env-b4f32c38-bucket bucket
[2023-12-09T16:44:49.077+0000] {gcs.py:562} INFO - File /opt/***/data/northwind_gitRepo/northwind_gitRepo/tables/CustomerCustomerDemo.csv uploaded to data/CustomerCustomerDemo.csv in us-central1-test-env-b4f32c38-bucket bucket
[2023-12-09T16:44:49.572+0000] {gcs.py:562} INFO - File /opt/***/data/northwind_gitRepo/northwind_gitRepo/tables/Shippers.csv uploaded to data/Shippers.csv in us-central1-test-env-b4f32c38-bucket bucket
[2023-12-09T16:44:50.318+0000] {gcs.py:562} INFO - File /opt/***/data/northwind_gitRepo/northwind_gitRepo/tables/Territories.csv uploaded to data/Territories.csv in us-central1-test-env-b4f32c38-bucket bucket
[2023-12-09T16:44:50.682+0000] {gcs.py:562} INFO - File /opt/***/data/northwind_gitRepo/northwind_gitRepo/tables/Employees.csv uploaded to data/Employees.csv in us-central1-test-env-b4f32c38-bucket bucket
[2023-12-09T16:44:51.517+0000] {gcs.py:562} INFO - File /opt/***/data/northwind_gitRepo/northwind_gitRepo/tables/Region.csv uploaded to data/Region.csv in us-central1-test-env-b4f32c38-bucket bucket
[2023-12-09T16:44:51.928+0000] {gcs.py:562} INFO - File /opt/***/data/northwind_gitRepo/northwind_gitRepo/tables/EmployeeTerritories.csv uploaded to data/EmployeeTerritories.csv in us-central1-test-env-b4f32c38-bucket bucket
[2023-12-09T16:44:52.750+0000] {gcs.py:562} INFO - File /opt/***/data/northwind_gitRepo/northwind_gitRepo/tables/CustomerDemographics.csv uploaded to data/CustomerDemographics.csv in us-central1-test-env-b4f32c38-bucket bucket
[2023-12-09T16:44:53.156+0000] {gcs.py:562} INFO - File /opt/***/data/northwind_gitRepo/northwind_gitRepo/tables/Order_details.csv uploaded to data/Order_details.csv in us-central1-test-env-b4f32c38-bucket bucket
[2023-12-09T16:44:53.186+0000] {taskinstance.py:1400} INFO - Marking task as SUCCESS. dag_id=taskflow, task_id=upload_to_gcs, execution_date=20231209T164437, start_date=20231209T164443, end_date=20231209T164453
[2023-12-09T16:44:53.271+0000] {local_task_job_runner.py:228} INFO - Task exited with return code 0
[2023-12-09T16:44:53.299+0000] {taskinstance.py:2778} INFO - 1 downstream tasks scheduled from follow-on schedule check
