[2024-01-17T13:59:11.881+0000] {taskinstance.py:1957} INFO - Dependencies all met for dep_context=non-requeueable deps ti=<TaskInstance: sql_example.create_update_fact_table_temp manual__2024-01-17T13:58:37.009006+00:00 [queued]>
[2024-01-17T13:59:11.888+0000] {taskinstance.py:1957} INFO - Dependencies all met for dep_context=requeueable deps ti=<TaskInstance: sql_example.create_update_fact_table_temp manual__2024-01-17T13:58:37.009006+00:00 [queued]>
[2024-01-17T13:59:11.888+0000] {taskinstance.py:2171} INFO - Starting attempt 1 of 0
[2024-01-17T13:59:11.899+0000] {taskinstance.py:2192} INFO - Executing <Task(BigQueryExecuteQueryOperator): create_update_fact_table_temp> on 2024-01-17 13:58:37.009006+00:00
[2024-01-17T13:59:11.938+0000] {standard_task_runner.py:60} INFO - Started process 7635 to run task
[2024-01-17T13:59:11.943+0000] {standard_task_runner.py:87} INFO - Running: ['***', 'tasks', 'run', 'sql_example', 'create_update_fact_table_temp', 'manual__2024-01-17T13:58:37.009006+00:00', '--job-id', '47', '--raw', '--subdir', 'DAGS_FOLDER/data_transform_BQ.py', '--cfg-path', '/tmp/tmpqzrjxfo7']
[2024-01-17T13:59:11.949+0000] {standard_task_runner.py:88} INFO - Job 47: Subtask create_update_fact_table_temp
[2024-01-17T13:59:12.012+0000] {task_command.py:423} INFO - Running <TaskInstance: sql_example.create_update_fact_table_temp manual__2024-01-17T13:58:37.009006+00:00 [running]> on host fafdf46f827b
[2024-01-17T13:59:12.087+0000] {taskinstance.py:2481} INFO - Exporting env vars: AIRFLOW_CTX_DAG_OWNER='phungquan' AIRFLOW_CTX_DAG_ID='sql_example' AIRFLOW_CTX_TASK_ID='create_update_fact_table_temp' AIRFLOW_CTX_EXECUTION_DATE='2024-01-17T13:58:37.009006+00:00' AIRFLOW_CTX_TRY_NUMBER='1' AIRFLOW_CTX_DAG_RUN_ID='manual__2024-01-17T13:58:37.009006+00:00'
[2024-01-17T13:59:12.090+0000] {bigquery.py:1245} INFO - Executing: DECLARE today_date DATE DEFAULT '1998-05-06';
DECLARE frequencyRange INT64 DEFAULT 180; # chỉnh tùy ý muốn
CREATE OR REPLACE TABLE 
  `OLAP.Fact_Table_temp` AS
SELECT
  orders.OrderID,
  orders.CustomerID,
  orders.OrderDate,
  order_details.ProductID,
FROM
  `OLTP.Orders` AS orders
JOIN 
  `OLAP.Dim_Order_details` AS order_details
ON
  orders.OrderID = order_details.OrderID
JOIN
  `OLAP.Dim_Products` AS products
ON
  order_details.ProductID = products.ProductID;
[2024-01-17T13:59:12.097+0000] {connection.py:234} WARNING - Connection schemes (type: google_cloud_platform) shall not contain '_' according to RFC3986.
[2024-01-17T13:59:12.098+0000] {base.py:83} INFO - Using connection ID 'google_cloud_default' for task execution.
[2024-01-17T13:59:12.107+0000] {logging_mixin.py:188} WARNING - /home/***/.local/lib/python3.8/site-packages/***/providers/google/cloud/hooks/bigquery.py:2109 AirflowProviderDeprecationWarning: This method is deprecated. Please use `BigQueryHook.insert_job` method.
[2024-01-17T13:59:12.108+0000] {credentials_provider.py:353} INFO - Getting connection using `google.auth.default()` since no explicit credentials are provided.
[2024-01-17T13:59:12.191+0000] {bigquery.py:1596} INFO - Inserting job ***_1705499952190162_0b43d0b00fa7ebdeb6c8ddef443a589f
[2024-01-17T13:59:15.123+0000] {taskinstance.py:1138} INFO - Marking task as SUCCESS. dag_id=sql_example, task_id=create_update_fact_table_temp, execution_date=20240117T135837, start_date=20240117T135911, end_date=20240117T135915
[2024-01-17T13:59:15.215+0000] {local_task_job_runner.py:234} INFO - Task exited with return code 0
[2024-01-17T13:59:15.313+0000] {taskinstance.py:3281} INFO - 0 downstream tasks scheduled from follow-on schedule check
