[2023-12-09T19:17:43.119+0000] {taskinstance.py:1159} INFO - Dependencies all met for dep_context=non-requeueable deps ti=<TaskInstance: taskflow.upload_to_gcs manual__2023-12-09T19:17:38.591155+00:00 [queued]>
[2023-12-09T19:17:43.128+0000] {taskinstance.py:1159} INFO - Dependencies all met for dep_context=requeueable deps ti=<TaskInstance: taskflow.upload_to_gcs manual__2023-12-09T19:17:38.591155+00:00 [queued]>
[2023-12-09T19:17:43.129+0000] {taskinstance.py:1361} INFO - Starting attempt 1 of 1
[2023-12-09T19:17:43.142+0000] {taskinstance.py:1382} INFO - Executing <Task(LocalFilesystemToGCSOperator): upload_to_gcs> on 2023-12-09 19:17:38.591155+00:00
[2023-12-09T19:17:43.156+0000] {standard_task_runner.py:57} INFO - Started process 33551 to run task
[2023-12-09T19:17:43.163+0000] {standard_task_runner.py:84} INFO - Running: ['***', 'tasks', 'run', 'taskflow', 'upload_to_gcs', 'manual__2023-12-09T19:17:38.591155+00:00', '--job-id', '108', '--raw', '--subdir', 'DAGS_FOLDER/test_decorator.py', '--cfg-path', '/tmp/tmps9a0dl75']
[2023-12-09T19:17:43.168+0000] {standard_task_runner.py:85} INFO - Job 108: Subtask upload_to_gcs
[2023-12-09T19:17:43.243+0000] {task_command.py:416} INFO - Running <TaskInstance: taskflow.upload_to_gcs manual__2023-12-09T19:17:38.591155+00:00 [running]> on host 3de6e37e1218
[2023-12-09T19:17:43.333+0000] {taskinstance.py:1662} INFO - Exporting env vars: AIRFLOW_CTX_DAG_OWNER='***' AIRFLOW_CTX_DAG_ID='taskflow' AIRFLOW_CTX_TASK_ID='upload_to_gcs' AIRFLOW_CTX_EXECUTION_DATE='2023-12-09T19:17:38.591155+00:00' AIRFLOW_CTX_TRY_NUMBER='1' AIRFLOW_CTX_DAG_RUN_ID='manual__2023-12-09T19:17:38.591155+00:00'
[2023-12-09T19:17:43.343+0000] {connection.py:232} WARNING - Connection schemes (type: google_cloud_platform) shall not contain '_' according to RFC3986.
[2023-12-09T19:17:43.345+0000] {base.py:73} INFO - Using connection ID 'google_cloud_datastore_default' for task execution.
[2023-12-09T19:17:43.347+0000] {credentials_provider.py:353} INFO - Getting connection using `google.auth.default()` since no explicit credentials are provided.
[2023-12-09T19:17:44.333+0000] {gcs.py:562} INFO - File /opt/***/data/northwind_gitRepo/northwind_gitRepo/tables/Customers.csv uploaded to data/Customers.csv in us-central1-test-env-b4f32c38-bucket bucket
[2023-12-09T19:17:45.259+0000] {gcs.py:562} INFO - File /opt/***/data/northwind_gitRepo/northwind_gitRepo/tables/Categories.csv uploaded to data/Categories.csv in us-central1-test-env-b4f32c38-bucket bucket
[2023-12-09T19:17:45.560+0000] {gcs.py:562} INFO - File /opt/***/data/northwind_gitRepo/northwind_gitRepo/tables/Products.csv uploaded to data/Products.csv in us-central1-test-env-b4f32c38-bucket bucket
[2023-12-09T19:17:46.700+0000] {gcs.py:562} INFO - File /opt/***/data/northwind_gitRepo/northwind_gitRepo/tables/Orders.csv uploaded to data/Orders.csv in us-central1-test-env-b4f32c38-bucket bucket
[2023-12-09T19:17:46.996+0000] {gcs.py:562} INFO - File /opt/***/data/northwind_gitRepo/northwind_gitRepo/tables/Suppliers.csv uploaded to data/Suppliers.csv in us-central1-test-env-b4f32c38-bucket bucket
[2023-12-09T19:17:47.805+0000] {gcs.py:562} INFO - File /opt/***/data/northwind_gitRepo/northwind_gitRepo/tables/CustomerCustomerDemo.csv uploaded to data/CustomerCustomerDemo.csv in us-central1-test-env-b4f32c38-bucket bucket
[2023-12-09T19:17:48.105+0000] {gcs.py:562} INFO - File /opt/***/data/northwind_gitRepo/northwind_gitRepo/tables/Shippers.csv uploaded to data/Shippers.csv in us-central1-test-env-b4f32c38-bucket bucket
[2023-12-09T19:17:48.929+0000] {gcs.py:562} INFO - File /opt/***/data/northwind_gitRepo/northwind_gitRepo/tables/Territories.csv uploaded to data/Territories.csv in us-central1-test-env-b4f32c38-bucket bucket
[2023-12-09T19:17:49.214+0000] {gcs.py:562} INFO - File /opt/***/data/northwind_gitRepo/northwind_gitRepo/tables/Employees.csv uploaded to data/Employees.csv in us-central1-test-env-b4f32c38-bucket bucket
[2023-12-09T19:17:50.058+0000] {gcs.py:562} INFO - File /opt/***/data/northwind_gitRepo/northwind_gitRepo/tables/Region.csv uploaded to data/Region.csv in us-central1-test-env-b4f32c38-bucket bucket
[2023-12-09T19:17:50.349+0000] {gcs.py:562} INFO - File /opt/***/data/northwind_gitRepo/northwind_gitRepo/tables/EmployeeTerritories.csv uploaded to data/EmployeeTerritories.csv in us-central1-test-env-b4f32c38-bucket bucket
[2023-12-09T19:17:51.163+0000] {gcs.py:562} INFO - File /opt/***/data/northwind_gitRepo/northwind_gitRepo/tables/CustomerDemographics.csv uploaded to data/CustomerDemographics.csv in us-central1-test-env-b4f32c38-bucket bucket
[2023-12-09T19:17:51.516+0000] {gcs.py:562} INFO - File /opt/***/data/northwind_gitRepo/northwind_gitRepo/tables/Order_details.csv uploaded to data/Order_details.csv in us-central1-test-env-b4f32c38-bucket bucket
[2023-12-09T19:17:51.558+0000] {taskinstance.py:1400} INFO - Marking task as SUCCESS. dag_id=taskflow, task_id=upload_to_gcs, execution_date=20231209T191738, start_date=20231209T191743, end_date=20231209T191751
[2023-12-09T19:17:51.617+0000] {local_task_job_runner.py:228} INFO - Task exited with return code 0
[2023-12-09T19:17:51.654+0000] {taskinstance.py:2778} INFO - 1 downstream tasks scheduled from follow-on schedule check
