[2024-01-18T01:26:07.824+0000] {taskinstance.py:1957} INFO - Dependencies all met for dep_context=non-requeueable deps ti=<TaskInstance: OLTP_to_OLAP.create_update_rfm_agg manual__2024-01-18T01:25:32.082473+00:00 [queued]>
[2024-01-18T01:26:07.832+0000] {taskinstance.py:1957} INFO - Dependencies all met for dep_context=requeueable deps ti=<TaskInstance: OLTP_to_OLAP.create_update_rfm_agg manual__2024-01-18T01:25:32.082473+00:00 [queued]>
[2024-01-18T01:26:07.832+0000] {taskinstance.py:2171} INFO - Starting attempt 1 of 0
[2024-01-18T01:26:07.851+0000] {taskinstance.py:2192} INFO - Executing <Task(BigQueryExecuteQueryOperator): create_update_rfm_agg> on 2024-01-18 01:25:32.082473+00:00
[2024-01-18T01:26:07.873+0000] {standard_task_runner.py:60} INFO - Started process 12060 to run task
[2024-01-18T01:26:07.882+0000] {standard_task_runner.py:87} INFO - Running: ['***', 'tasks', 'run', 'OLTP_to_OLAP', 'create_update_rfm_agg', 'manual__2024-01-18T01:25:32.082473+00:00', '--job-id', '111', '--raw', '--subdir', 'DAGS_FOLDER/data_transform_BQ.py', '--cfg-path', '/tmp/tmpvc04b_84']
[2024-01-18T01:26:07.888+0000] {standard_task_runner.py:88} INFO - Job 111: Subtask create_update_rfm_agg
[2024-01-18T01:26:07.952+0000] {task_command.py:423} INFO - Running <TaskInstance: OLTP_to_OLAP.create_update_rfm_agg manual__2024-01-18T01:25:32.082473+00:00 [running]> on host 0d972f4a0fb8
[2024-01-18T01:26:08.040+0000] {taskinstance.py:2481} INFO - Exporting env vars: AIRFLOW_CTX_DAG_OWNER='phungquan' AIRFLOW_CTX_DAG_ID='OLTP_to_OLAP' AIRFLOW_CTX_TASK_ID='create_update_rfm_agg' AIRFLOW_CTX_EXECUTION_DATE='2024-01-18T01:25:32.082473+00:00' AIRFLOW_CTX_TRY_NUMBER='1' AIRFLOW_CTX_DAG_RUN_ID='manual__2024-01-18T01:25:32.082473+00:00'
[2024-01-18T01:26:08.045+0000] {bigquery.py:1245} INFO - Executing: DECLARE today_date DATE DEFAULT '1998-05-06';
DECLARE frequencyRange INT64 DEFAULT 180; # tùy chỉnh 

CREATE OR REPLACE TABLE `OLAP.CustomerRFM_Aggregation` AS
WITH CustomerRFM_Aggregation AS (
  SELECT
    orders.CustomerID,
    MAX(CAST(orders.OrderDate AS DATE)) AS Recency,
    -- COUNT(DISTINCT o.OrderID) AS Frequency,
    COUNTIF(DATE_DIFF(today_date, CAST(OrderDate AS DATE), DAY) <= frequencyRange) / frequencyRange AS Frequency,
    SUM(order_details.Quantity * order_details.UnitPrice * (1 - order_details.Discount)) AS Monetary,
    COUNT(DISTINCT orders.OrderID) AS Total_Transaction,
    SUM(order_details.Discount) AS Total_Discount
  FROM
    `OLTP.Orders` orders
  JOIN
    `OLAP.Dim_Order_details` order_details 
  ON 
    orders.OrderID = order_details.OrderID
  GROUP BY
    orders.CustomerID
)

SELECT
  CustomerID,
  DATE_DIFF(today_date, Recency, DAY) AS Recency,
  Frequency,
  Monetary,
  Total_Transaction,
  Total_Discount
FROM
  CustomerRFM_Aggregation;

[2024-01-18T01:26:08.057+0000] {connection.py:234} WARNING - Connection schemes (type: google_cloud_platform) shall not contain '_' according to RFC3986.
[2024-01-18T01:26:08.059+0000] {base.py:83} INFO - Using connection ID 'google_cloud_default' for task execution.
[2024-01-18T01:26:08.067+0000] {logging_mixin.py:188} WARNING - /home/***/.local/lib/python3.8/site-packages/***/providers/google/cloud/hooks/bigquery.py:2109 AirflowProviderDeprecationWarning: This method is deprecated. Please use `BigQueryHook.insert_job` method.
[2024-01-18T01:26:08.068+0000] {credentials_provider.py:353} INFO - Getting connection using `google.auth.default()` since no explicit credentials are provided.
[2024-01-18T01:26:08.154+0000] {bigquery.py:1596} INFO - Inserting job ***_1705541168150055_dc3361f59e74ecefdfbdf9b7bdbe50ac
[2024-01-18T01:26:12.064+0000] {taskinstance.py:1138} INFO - Marking task as SUCCESS. dag_id=OLTP_to_OLAP, task_id=create_update_rfm_agg, execution_date=20240118T012532, start_date=20240118T012607, end_date=20240118T012612
[2024-01-18T01:26:12.163+0000] {local_task_job_runner.py:234} INFO - Task exited with return code 0
[2024-01-18T01:26:12.220+0000] {taskinstance.py:3281} INFO - 0 downstream tasks scheduled from follow-on schedule check
