[2024-01-06T04:26:29.951+0000] {processor.py:157} INFO - Started process (PID=30236) to work on /opt/airflow/dags/GCS_to_BQ.py
[2024-01-06T04:26:29.957+0000] {processor.py:829} INFO - Processing file /opt/airflow/dags/GCS_to_BQ.py for tasks to queue
[2024-01-06T04:26:29.964+0000] {logging_mixin.py:154} INFO - [2024-01-06T04:26:29.964+0000] {dagbag.py:536} INFO - Filling up the DagBag from /opt/airflow/dags/GCS_to_BQ.py
[2024-01-06T04:26:29.970+0000] {processor.py:841} WARNING - No viable dags retrieved from /opt/airflow/dags/GCS_to_BQ.py
[2024-01-06T04:26:30.006+0000] {processor.py:179} INFO - Processing /opt/airflow/dags/GCS_to_BQ.py took 0.069 seconds
[2024-01-06T06:24:18.474+0000] {processor.py:157} INFO - Started process (PID=30295) to work on /opt/airflow/dags/GCS_to_BQ.py
[2024-01-06T06:24:18.478+0000] {processor.py:829} INFO - Processing file /opt/airflow/dags/GCS_to_BQ.py for tasks to queue
[2024-01-06T06:24:18.488+0000] {logging_mixin.py:154} INFO - [2024-01-06T06:24:18.484+0000] {dagbag.py:536} INFO - Filling up the DagBag from /opt/airflow/dags/GCS_to_BQ.py
[2024-01-06T06:24:18.519+0000] {processor.py:841} WARNING - No viable dags retrieved from /opt/airflow/dags/GCS_to_BQ.py
[2024-01-06T06:24:18.623+0000] {processor.py:179} INFO - Processing /opt/airflow/dags/GCS_to_BQ.py took 0.164 seconds
[2024-01-06T06:56:56.770+0000] {processor.py:157} INFO - Started process (PID=30334) to work on /opt/airflow/dags/GCS_to_BQ.py
[2024-01-06T06:56:56.772+0000] {processor.py:829} INFO - Processing file /opt/airflow/dags/GCS_to_BQ.py for tasks to queue
[2024-01-06T06:56:56.776+0000] {logging_mixin.py:154} INFO - [2024-01-06T06:56:56.776+0000] {dagbag.py:536} INFO - Filling up the DagBag from /opt/airflow/dags/GCS_to_BQ.py
[2024-01-06T06:56:56.781+0000] {processor.py:841} WARNING - No viable dags retrieved from /opt/airflow/dags/GCS_to_BQ.py
[2024-01-06T06:56:56.825+0000] {processor.py:179} INFO - Processing /opt/airflow/dags/GCS_to_BQ.py took 0.061 seconds
[2024-01-06T06:57:27.896+0000] {processor.py:157} INFO - Started process (PID=30370) to work on /opt/airflow/dags/GCS_to_BQ.py
[2024-01-06T06:57:27.898+0000] {processor.py:829} INFO - Processing file /opt/airflow/dags/GCS_to_BQ.py for tasks to queue
[2024-01-06T06:57:27.903+0000] {logging_mixin.py:154} INFO - [2024-01-06T06:57:27.903+0000] {dagbag.py:536} INFO - Filling up the DagBag from /opt/airflow/dags/GCS_to_BQ.py
[2024-01-06T06:57:27.909+0000] {processor.py:841} WARNING - No viable dags retrieved from /opt/airflow/dags/GCS_to_BQ.py
[2024-01-06T06:57:27.944+0000] {processor.py:179} INFO - Processing /opt/airflow/dags/GCS_to_BQ.py took 0.055 seconds
[2024-01-06T06:57:58.316+0000] {processor.py:157} INFO - Started process (PID=30409) to work on /opt/airflow/dags/GCS_to_BQ.py
[2024-01-06T06:57:58.319+0000] {processor.py:829} INFO - Processing file /opt/airflow/dags/GCS_to_BQ.py for tasks to queue
[2024-01-06T06:57:58.340+0000] {logging_mixin.py:154} INFO - [2024-01-06T06:57:58.338+0000] {dagbag.py:536} INFO - Filling up the DagBag from /opt/airflow/dags/GCS_to_BQ.py
[2024-01-06T06:57:58.351+0000] {processor.py:841} WARNING - No viable dags retrieved from /opt/airflow/dags/GCS_to_BQ.py
[2024-01-06T06:57:58.385+0000] {processor.py:179} INFO - Processing /opt/airflow/dags/GCS_to_BQ.py took 0.077 seconds
[2024-01-06T06:58:28.700+0000] {processor.py:157} INFO - Started process (PID=30448) to work on /opt/airflow/dags/GCS_to_BQ.py
[2024-01-06T06:58:28.703+0000] {processor.py:829} INFO - Processing file /opt/airflow/dags/GCS_to_BQ.py for tasks to queue
[2024-01-06T06:58:28.712+0000] {logging_mixin.py:154} INFO - [2024-01-06T06:58:28.711+0000] {dagbag.py:536} INFO - Filling up the DagBag from /opt/airflow/dags/GCS_to_BQ.py
[2024-01-06T06:58:28.721+0000] {processor.py:841} WARNING - No viable dags retrieved from /opt/airflow/dags/GCS_to_BQ.py
[2024-01-06T06:58:28.757+0000] {processor.py:179} INFO - Processing /opt/airflow/dags/GCS_to_BQ.py took 0.070 seconds
[2024-01-06T06:58:59.147+0000] {processor.py:157} INFO - Started process (PID=30487) to work on /opt/airflow/dags/GCS_to_BQ.py
[2024-01-06T06:58:59.150+0000] {processor.py:829} INFO - Processing file /opt/airflow/dags/GCS_to_BQ.py for tasks to queue
[2024-01-06T06:58:59.160+0000] {logging_mixin.py:154} INFO - [2024-01-06T06:58:59.159+0000] {dagbag.py:536} INFO - Filling up the DagBag from /opt/airflow/dags/GCS_to_BQ.py
[2024-01-06T06:58:59.169+0000] {processor.py:841} WARNING - No viable dags retrieved from /opt/airflow/dags/GCS_to_BQ.py
[2024-01-06T06:58:59.243+0000] {processor.py:179} INFO - Processing /opt/airflow/dags/GCS_to_BQ.py took 0.109 seconds
[2024-01-06T06:59:29.457+0000] {processor.py:157} INFO - Started process (PID=30526) to work on /opt/airflow/dags/GCS_to_BQ.py
[2024-01-06T06:59:29.462+0000] {processor.py:829} INFO - Processing file /opt/airflow/dags/GCS_to_BQ.py for tasks to queue
[2024-01-06T06:59:29.476+0000] {logging_mixin.py:154} INFO - [2024-01-06T06:59:29.475+0000] {dagbag.py:536} INFO - Filling up the DagBag from /opt/airflow/dags/GCS_to_BQ.py
[2024-01-06T06:59:29.494+0000] {processor.py:841} WARNING - No viable dags retrieved from /opt/airflow/dags/GCS_to_BQ.py
[2024-01-06T06:59:29.530+0000] {processor.py:179} INFO - Processing /opt/airflow/dags/GCS_to_BQ.py took 0.081 seconds
[2024-01-06T06:59:59.969+0000] {processor.py:157} INFO - Started process (PID=30565) to work on /opt/airflow/dags/GCS_to_BQ.py
[2024-01-06T06:59:59.975+0000] {processor.py:829} INFO - Processing file /opt/airflow/dags/GCS_to_BQ.py for tasks to queue
[2024-01-06T06:59:59.990+0000] {logging_mixin.py:154} INFO - [2024-01-06T06:59:59.989+0000] {dagbag.py:536} INFO - Filling up the DagBag from /opt/airflow/dags/GCS_to_BQ.py
[2024-01-06T06:59:59.995+0000] {processor.py:841} WARNING - No viable dags retrieved from /opt/airflow/dags/GCS_to_BQ.py
[2024-01-06T07:00:00.035+0000] {processor.py:179} INFO - Processing /opt/airflow/dags/GCS_to_BQ.py took 0.079 seconds
[2024-01-06T07:00:30.566+0000] {processor.py:157} INFO - Started process (PID=30604) to work on /opt/airflow/dags/GCS_to_BQ.py
[2024-01-06T07:00:30.569+0000] {processor.py:829} INFO - Processing file /opt/airflow/dags/GCS_to_BQ.py for tasks to queue
[2024-01-06T07:00:30.578+0000] {logging_mixin.py:154} INFO - [2024-01-06T07:00:30.577+0000] {dagbag.py:536} INFO - Filling up the DagBag from /opt/airflow/dags/GCS_to_BQ.py
[2024-01-06T07:00:30.597+0000] {processor.py:841} WARNING - No viable dags retrieved from /opt/airflow/dags/GCS_to_BQ.py
[2024-01-06T07:00:30.632+0000] {processor.py:179} INFO - Processing /opt/airflow/dags/GCS_to_BQ.py took 0.079 seconds
[2024-01-06T07:01:00.882+0000] {processor.py:157} INFO - Started process (PID=30643) to work on /opt/airflow/dags/GCS_to_BQ.py
[2024-01-06T07:01:00.885+0000] {processor.py:829} INFO - Processing file /opt/airflow/dags/GCS_to_BQ.py for tasks to queue
[2024-01-06T07:01:00.902+0000] {logging_mixin.py:154} INFO - [2024-01-06T07:01:00.900+0000] {dagbag.py:536} INFO - Filling up the DagBag from /opt/airflow/dags/GCS_to_BQ.py
[2024-01-06T07:01:00.911+0000] {processor.py:841} WARNING - No viable dags retrieved from /opt/airflow/dags/GCS_to_BQ.py
[2024-01-06T07:01:00.950+0000] {processor.py:179} INFO - Processing /opt/airflow/dags/GCS_to_BQ.py took 0.080 seconds
[2024-01-06T07:01:31.453+0000] {processor.py:157} INFO - Started process (PID=30682) to work on /opt/airflow/dags/GCS_to_BQ.py
[2024-01-06T07:01:31.461+0000] {processor.py:829} INFO - Processing file /opt/airflow/dags/GCS_to_BQ.py for tasks to queue
[2024-01-06T07:01:31.469+0000] {logging_mixin.py:154} INFO - [2024-01-06T07:01:31.468+0000] {dagbag.py:536} INFO - Filling up the DagBag from /opt/airflow/dags/GCS_to_BQ.py
[2024-01-06T07:01:31.477+0000] {processor.py:841} WARNING - No viable dags retrieved from /opt/airflow/dags/GCS_to_BQ.py
[2024-01-06T07:01:31.516+0000] {processor.py:179} INFO - Processing /opt/airflow/dags/GCS_to_BQ.py took 0.089 seconds
[2024-01-06T07:02:01.952+0000] {processor.py:157} INFO - Started process (PID=30721) to work on /opt/airflow/dags/GCS_to_BQ.py
[2024-01-06T07:02:01.955+0000] {processor.py:829} INFO - Processing file /opt/airflow/dags/GCS_to_BQ.py for tasks to queue
[2024-01-06T07:02:01.964+0000] {logging_mixin.py:154} INFO - [2024-01-06T07:02:01.963+0000] {dagbag.py:536} INFO - Filling up the DagBag from /opt/airflow/dags/GCS_to_BQ.py
[2024-01-06T07:02:01.972+0000] {processor.py:841} WARNING - No viable dags retrieved from /opt/airflow/dags/GCS_to_BQ.py
[2024-01-06T07:02:02.009+0000] {processor.py:179} INFO - Processing /opt/airflow/dags/GCS_to_BQ.py took 0.087 seconds
[2024-01-06T07:02:32.398+0000] {processor.py:157} INFO - Started process (PID=30760) to work on /opt/airflow/dags/GCS_to_BQ.py
[2024-01-06T07:02:32.409+0000] {processor.py:829} INFO - Processing file /opt/airflow/dags/GCS_to_BQ.py for tasks to queue
[2024-01-06T07:02:32.429+0000] {logging_mixin.py:154} INFO - [2024-01-06T07:02:32.428+0000] {dagbag.py:536} INFO - Filling up the DagBag from /opt/airflow/dags/GCS_to_BQ.py
[2024-01-06T07:02:32.437+0000] {processor.py:841} WARNING - No viable dags retrieved from /opt/airflow/dags/GCS_to_BQ.py
[2024-01-06T07:02:32.470+0000] {processor.py:179} INFO - Processing /opt/airflow/dags/GCS_to_BQ.py took 0.082 seconds
[2024-01-06T07:03:02.902+0000] {processor.py:157} INFO - Started process (PID=30799) to work on /opt/airflow/dags/GCS_to_BQ.py
[2024-01-06T07:03:02.906+0000] {processor.py:829} INFO - Processing file /opt/airflow/dags/GCS_to_BQ.py for tasks to queue
[2024-01-06T07:03:02.915+0000] {logging_mixin.py:154} INFO - [2024-01-06T07:03:02.914+0000] {dagbag.py:536} INFO - Filling up the DagBag from /opt/airflow/dags/GCS_to_BQ.py
[2024-01-06T07:03:02.921+0000] {processor.py:841} WARNING - No viable dags retrieved from /opt/airflow/dags/GCS_to_BQ.py
[2024-01-06T07:03:02.949+0000] {processor.py:179} INFO - Processing /opt/airflow/dags/GCS_to_BQ.py took 0.067 seconds
[2024-01-06T07:03:33.230+0000] {processor.py:157} INFO - Started process (PID=30838) to work on /opt/airflow/dags/GCS_to_BQ.py
[2024-01-06T07:03:33.233+0000] {processor.py:829} INFO - Processing file /opt/airflow/dags/GCS_to_BQ.py for tasks to queue
[2024-01-06T07:03:33.241+0000] {logging_mixin.py:154} INFO - [2024-01-06T07:03:33.240+0000] {dagbag.py:536} INFO - Filling up the DagBag from /opt/airflow/dags/GCS_to_BQ.py
[2024-01-06T07:03:33.252+0000] {processor.py:841} WARNING - No viable dags retrieved from /opt/airflow/dags/GCS_to_BQ.py
[2024-01-06T07:03:33.300+0000] {processor.py:179} INFO - Processing /opt/airflow/dags/GCS_to_BQ.py took 0.088 seconds
[2024-01-06T07:04:03.722+0000] {processor.py:157} INFO - Started process (PID=30877) to work on /opt/airflow/dags/GCS_to_BQ.py
[2024-01-06T07:04:03.726+0000] {processor.py:829} INFO - Processing file /opt/airflow/dags/GCS_to_BQ.py for tasks to queue
[2024-01-06T07:04:03.736+0000] {logging_mixin.py:154} INFO - [2024-01-06T07:04:03.735+0000] {dagbag.py:536} INFO - Filling up the DagBag from /opt/airflow/dags/GCS_to_BQ.py
[2024-01-06T07:04:03.745+0000] {processor.py:841} WARNING - No viable dags retrieved from /opt/airflow/dags/GCS_to_BQ.py
[2024-01-06T07:04:03.809+0000] {processor.py:179} INFO - Processing /opt/airflow/dags/GCS_to_BQ.py took 0.096 seconds
[2024-01-06T07:04:34.157+0000] {processor.py:157} INFO - Started process (PID=30917) to work on /opt/airflow/dags/GCS_to_BQ.py
[2024-01-06T07:04:34.160+0000] {processor.py:829} INFO - Processing file /opt/airflow/dags/GCS_to_BQ.py for tasks to queue
[2024-01-06T07:04:34.175+0000] {logging_mixin.py:154} INFO - [2024-01-06T07:04:34.172+0000] {dagbag.py:536} INFO - Filling up the DagBag from /opt/airflow/dags/GCS_to_BQ.py
[2024-01-06T07:04:34.194+0000] {processor.py:841} WARNING - No viable dags retrieved from /opt/airflow/dags/GCS_to_BQ.py
[2024-01-06T07:04:34.229+0000] {processor.py:179} INFO - Processing /opt/airflow/dags/GCS_to_BQ.py took 0.079 seconds
[2024-01-06T07:05:04.679+0000] {processor.py:157} INFO - Started process (PID=30956) to work on /opt/airflow/dags/GCS_to_BQ.py
[2024-01-06T07:05:04.682+0000] {processor.py:829} INFO - Processing file /opt/airflow/dags/GCS_to_BQ.py for tasks to queue
[2024-01-06T07:05:04.701+0000] {logging_mixin.py:154} INFO - [2024-01-06T07:05:04.694+0000] {dagbag.py:536} INFO - Filling up the DagBag from /opt/airflow/dags/GCS_to_BQ.py
[2024-01-06T07:05:04.717+0000] {processor.py:841} WARNING - No viable dags retrieved from /opt/airflow/dags/GCS_to_BQ.py
[2024-01-06T07:05:04.777+0000] {processor.py:179} INFO - Processing /opt/airflow/dags/GCS_to_BQ.py took 0.112 seconds
[2024-01-06T07:05:35.180+0000] {processor.py:157} INFO - Started process (PID=30995) to work on /opt/airflow/dags/GCS_to_BQ.py
[2024-01-06T07:05:35.183+0000] {processor.py:829} INFO - Processing file /opt/airflow/dags/GCS_to_BQ.py for tasks to queue
[2024-01-06T07:05:35.191+0000] {logging_mixin.py:154} INFO - [2024-01-06T07:05:35.190+0000] {dagbag.py:536} INFO - Filling up the DagBag from /opt/airflow/dags/GCS_to_BQ.py
[2024-01-06T07:05:35.199+0000] {processor.py:841} WARNING - No viable dags retrieved from /opt/airflow/dags/GCS_to_BQ.py
[2024-01-06T07:05:35.239+0000] {processor.py:179} INFO - Processing /opt/airflow/dags/GCS_to_BQ.py took 0.069 seconds
[2024-01-06T07:06:05.714+0000] {processor.py:157} INFO - Started process (PID=31034) to work on /opt/airflow/dags/GCS_to_BQ.py
[2024-01-06T07:06:05.717+0000] {processor.py:829} INFO - Processing file /opt/airflow/dags/GCS_to_BQ.py for tasks to queue
[2024-01-06T07:06:05.724+0000] {logging_mixin.py:154} INFO - [2024-01-06T07:06:05.723+0000] {dagbag.py:536} INFO - Filling up the DagBag from /opt/airflow/dags/GCS_to_BQ.py
[2024-01-06T07:06:05.731+0000] {processor.py:841} WARNING - No viable dags retrieved from /opt/airflow/dags/GCS_to_BQ.py
[2024-01-06T07:06:05.776+0000] {processor.py:179} INFO - Processing /opt/airflow/dags/GCS_to_BQ.py took 0.073 seconds
[2024-01-06T07:06:36.316+0000] {processor.py:157} INFO - Started process (PID=31073) to work on /opt/airflow/dags/GCS_to_BQ.py
[2024-01-06T07:06:36.319+0000] {processor.py:829} INFO - Processing file /opt/airflow/dags/GCS_to_BQ.py for tasks to queue
[2024-01-06T07:06:36.329+0000] {logging_mixin.py:154} INFO - [2024-01-06T07:06:36.329+0000] {dagbag.py:536} INFO - Filling up the DagBag from /opt/airflow/dags/GCS_to_BQ.py
[2024-01-06T07:06:36.337+0000] {processor.py:841} WARNING - No viable dags retrieved from /opt/airflow/dags/GCS_to_BQ.py
[2024-01-06T07:06:36.409+0000] {processor.py:179} INFO - Processing /opt/airflow/dags/GCS_to_BQ.py took 0.103 seconds
[2024-01-06T07:07:06.744+0000] {processor.py:157} INFO - Started process (PID=31112) to work on /opt/airflow/dags/GCS_to_BQ.py
[2024-01-06T07:07:06.746+0000] {processor.py:829} INFO - Processing file /opt/airflow/dags/GCS_to_BQ.py for tasks to queue
[2024-01-06T07:07:06.750+0000] {logging_mixin.py:154} INFO - [2024-01-06T07:07:06.750+0000] {dagbag.py:536} INFO - Filling up the DagBag from /opt/airflow/dags/GCS_to_BQ.py
[2024-01-06T07:07:06.757+0000] {processor.py:841} WARNING - No viable dags retrieved from /opt/airflow/dags/GCS_to_BQ.py
[2024-01-06T07:07:06.799+0000] {processor.py:179} INFO - Processing /opt/airflow/dags/GCS_to_BQ.py took 0.061 seconds
[2024-01-06T07:07:37.044+0000] {processor.py:157} INFO - Started process (PID=31151) to work on /opt/airflow/dags/GCS_to_BQ.py
[2024-01-06T07:07:37.046+0000] {processor.py:829} INFO - Processing file /opt/airflow/dags/GCS_to_BQ.py for tasks to queue
[2024-01-06T07:07:37.050+0000] {logging_mixin.py:154} INFO - [2024-01-06T07:07:37.050+0000] {dagbag.py:536} INFO - Filling up the DagBag from /opt/airflow/dags/GCS_to_BQ.py
[2024-01-06T07:07:37.055+0000] {processor.py:841} WARNING - No viable dags retrieved from /opt/airflow/dags/GCS_to_BQ.py
[2024-01-06T07:07:37.072+0000] {processor.py:179} INFO - Processing /opt/airflow/dags/GCS_to_BQ.py took 0.035 seconds
[2024-01-06T07:08:07.306+0000] {processor.py:157} INFO - Started process (PID=31190) to work on /opt/airflow/dags/GCS_to_BQ.py
[2024-01-06T07:08:07.309+0000] {processor.py:829} INFO - Processing file /opt/airflow/dags/GCS_to_BQ.py for tasks to queue
[2024-01-06T07:08:07.315+0000] {logging_mixin.py:154} INFO - [2024-01-06T07:08:07.314+0000] {dagbag.py:536} INFO - Filling up the DagBag from /opt/airflow/dags/GCS_to_BQ.py
[2024-01-06T07:08:07.320+0000] {processor.py:841} WARNING - No viable dags retrieved from /opt/airflow/dags/GCS_to_BQ.py
[2024-01-06T07:08:07.353+0000] {processor.py:179} INFO - Processing /opt/airflow/dags/GCS_to_BQ.py took 0.054 seconds
[2024-01-06T07:08:37.783+0000] {processor.py:157} INFO - Started process (PID=31229) to work on /opt/airflow/dags/GCS_to_BQ.py
[2024-01-06T07:08:37.787+0000] {processor.py:829} INFO - Processing file /opt/airflow/dags/GCS_to_BQ.py for tasks to queue
[2024-01-06T07:08:37.794+0000] {logging_mixin.py:154} INFO - [2024-01-06T07:08:37.793+0000] {dagbag.py:536} INFO - Filling up the DagBag from /opt/airflow/dags/GCS_to_BQ.py
[2024-01-06T07:08:37.813+0000] {processor.py:841} WARNING - No viable dags retrieved from /opt/airflow/dags/GCS_to_BQ.py
[2024-01-06T07:08:37.847+0000] {processor.py:179} INFO - Processing /opt/airflow/dags/GCS_to_BQ.py took 0.077 seconds
[2024-01-06T07:09:08.290+0000] {processor.py:157} INFO - Started process (PID=31268) to work on /opt/airflow/dags/GCS_to_BQ.py
[2024-01-06T07:09:08.294+0000] {processor.py:829} INFO - Processing file /opt/airflow/dags/GCS_to_BQ.py for tasks to queue
[2024-01-06T07:09:08.302+0000] {logging_mixin.py:154} INFO - [2024-01-06T07:09:08.301+0000] {dagbag.py:536} INFO - Filling up the DagBag from /opt/airflow/dags/GCS_to_BQ.py
[2024-01-06T07:09:08.317+0000] {processor.py:841} WARNING - No viable dags retrieved from /opt/airflow/dags/GCS_to_BQ.py
[2024-01-06T07:09:08.355+0000] {processor.py:179} INFO - Processing /opt/airflow/dags/GCS_to_BQ.py took 0.079 seconds
[2024-01-06T07:09:38.749+0000] {processor.py:157} INFO - Started process (PID=31307) to work on /opt/airflow/dags/GCS_to_BQ.py
[2024-01-06T07:09:38.751+0000] {processor.py:829} INFO - Processing file /opt/airflow/dags/GCS_to_BQ.py for tasks to queue
[2024-01-06T07:09:38.759+0000] {logging_mixin.py:154} INFO - [2024-01-06T07:09:38.758+0000] {dagbag.py:536} INFO - Filling up the DagBag from /opt/airflow/dags/GCS_to_BQ.py
[2024-01-06T07:09:38.767+0000] {processor.py:841} WARNING - No viable dags retrieved from /opt/airflow/dags/GCS_to_BQ.py
[2024-01-06T07:09:38.797+0000] {processor.py:179} INFO - Processing /opt/airflow/dags/GCS_to_BQ.py took 0.058 seconds
[2024-01-06T07:10:09.041+0000] {processor.py:157} INFO - Started process (PID=31346) to work on /opt/airflow/dags/GCS_to_BQ.py
[2024-01-06T07:10:09.045+0000] {processor.py:829} INFO - Processing file /opt/airflow/dags/GCS_to_BQ.py for tasks to queue
[2024-01-06T07:10:09.053+0000] {logging_mixin.py:154} INFO - [2024-01-06T07:10:09.052+0000] {dagbag.py:536} INFO - Filling up the DagBag from /opt/airflow/dags/GCS_to_BQ.py
[2024-01-06T07:10:09.061+0000] {processor.py:841} WARNING - No viable dags retrieved from /opt/airflow/dags/GCS_to_BQ.py
[2024-01-06T07:10:09.117+0000] {processor.py:179} INFO - Processing /opt/airflow/dags/GCS_to_BQ.py took 0.085 seconds
[2024-01-06T07:10:39.365+0000] {processor.py:157} INFO - Started process (PID=31385) to work on /opt/airflow/dags/GCS_to_BQ.py
[2024-01-06T07:10:39.367+0000] {processor.py:829} INFO - Processing file /opt/airflow/dags/GCS_to_BQ.py for tasks to queue
[2024-01-06T07:10:39.371+0000] {logging_mixin.py:154} INFO - [2024-01-06T07:10:39.370+0000] {dagbag.py:536} INFO - Filling up the DagBag from /opt/airflow/dags/GCS_to_BQ.py
[2024-01-06T07:10:39.376+0000] {processor.py:841} WARNING - No viable dags retrieved from /opt/airflow/dags/GCS_to_BQ.py
[2024-01-06T07:10:39.389+0000] {processor.py:179} INFO - Processing /opt/airflow/dags/GCS_to_BQ.py took 0.031 seconds
[2024-01-06T07:11:09.937+0000] {processor.py:157} INFO - Started process (PID=31424) to work on /opt/airflow/dags/GCS_to_BQ.py
[2024-01-06T07:11:09.940+0000] {processor.py:829} INFO - Processing file /opt/airflow/dags/GCS_to_BQ.py for tasks to queue
[2024-01-06T07:11:09.947+0000] {logging_mixin.py:154} INFO - [2024-01-06T07:11:09.946+0000] {dagbag.py:536} INFO - Filling up the DagBag from /opt/airflow/dags/GCS_to_BQ.py
[2024-01-06T07:11:09.953+0000] {processor.py:841} WARNING - No viable dags retrieved from /opt/airflow/dags/GCS_to_BQ.py
[2024-01-06T07:11:09.974+0000] {processor.py:179} INFO - Processing /opt/airflow/dags/GCS_to_BQ.py took 0.045 seconds
[2024-01-06T07:11:40.470+0000] {processor.py:157} INFO - Started process (PID=31463) to work on /opt/airflow/dags/GCS_to_BQ.py
[2024-01-06T07:11:40.472+0000] {processor.py:829} INFO - Processing file /opt/airflow/dags/GCS_to_BQ.py for tasks to queue
[2024-01-06T07:11:40.475+0000] {logging_mixin.py:154} INFO - [2024-01-06T07:11:40.475+0000] {dagbag.py:536} INFO - Filling up the DagBag from /opt/airflow/dags/GCS_to_BQ.py
[2024-01-06T07:11:40.480+0000] {processor.py:841} WARNING - No viable dags retrieved from /opt/airflow/dags/GCS_to_BQ.py
[2024-01-06T07:11:40.500+0000] {processor.py:179} INFO - Processing /opt/airflow/dags/GCS_to_BQ.py took 0.063 seconds
[2024-01-06T07:12:10.771+0000] {processor.py:157} INFO - Started process (PID=31502) to work on /opt/airflow/dags/GCS_to_BQ.py
[2024-01-06T07:12:10.772+0000] {processor.py:829} INFO - Processing file /opt/airflow/dags/GCS_to_BQ.py for tasks to queue
[2024-01-06T07:12:10.774+0000] {logging_mixin.py:154} INFO - [2024-01-06T07:12:10.774+0000] {dagbag.py:536} INFO - Filling up the DagBag from /opt/airflow/dags/GCS_to_BQ.py
[2024-01-06T07:12:10.779+0000] {processor.py:841} WARNING - No viable dags retrieved from /opt/airflow/dags/GCS_to_BQ.py
[2024-01-06T07:12:10.793+0000] {processor.py:179} INFO - Processing /opt/airflow/dags/GCS_to_BQ.py took 0.025 seconds
[2024-01-06T07:12:41.298+0000] {processor.py:157} INFO - Started process (PID=31532) to work on /opt/airflow/dags/GCS_to_BQ.py
[2024-01-06T07:12:41.301+0000] {processor.py:829} INFO - Processing file /opt/airflow/dags/GCS_to_BQ.py for tasks to queue
[2024-01-06T07:12:41.310+0000] {logging_mixin.py:154} INFO - [2024-01-06T07:12:41.309+0000] {dagbag.py:536} INFO - Filling up the DagBag from /opt/airflow/dags/GCS_to_BQ.py
[2024-01-06T07:12:41.324+0000] {processor.py:841} WARNING - No viable dags retrieved from /opt/airflow/dags/GCS_to_BQ.py
[2024-01-06T07:12:41.365+0000] {processor.py:179} INFO - Processing /opt/airflow/dags/GCS_to_BQ.py took 0.082 seconds
[2024-01-06T07:13:12.084+0000] {processor.py:157} INFO - Started process (PID=31571) to work on /opt/airflow/dags/GCS_to_BQ.py
[2024-01-06T07:13:12.087+0000] {processor.py:829} INFO - Processing file /opt/airflow/dags/GCS_to_BQ.py for tasks to queue
[2024-01-06T07:13:12.091+0000] {logging_mixin.py:154} INFO - [2024-01-06T07:13:12.091+0000] {dagbag.py:536} INFO - Filling up the DagBag from /opt/airflow/dags/GCS_to_BQ.py
[2024-01-06T07:13:12.097+0000] {processor.py:841} WARNING - No viable dags retrieved from /opt/airflow/dags/GCS_to_BQ.py
[2024-01-06T07:13:12.143+0000] {processor.py:179} INFO - Processing /opt/airflow/dags/GCS_to_BQ.py took 0.067 seconds
[2024-01-06T07:13:42.971+0000] {processor.py:157} INFO - Started process (PID=31610) to work on /opt/airflow/dags/GCS_to_BQ.py
[2024-01-06T07:13:42.978+0000] {processor.py:829} INFO - Processing file /opt/airflow/dags/GCS_to_BQ.py for tasks to queue
[2024-01-06T07:13:42.992+0000] {logging_mixin.py:154} INFO - [2024-01-06T07:13:42.991+0000] {dagbag.py:536} INFO - Filling up the DagBag from /opt/airflow/dags/GCS_to_BQ.py
[2024-01-06T07:13:42.997+0000] {processor.py:841} WARNING - No viable dags retrieved from /opt/airflow/dags/GCS_to_BQ.py
[2024-01-06T07:13:43.042+0000] {processor.py:179} INFO - Processing /opt/airflow/dags/GCS_to_BQ.py took 0.093 seconds
[2024-01-06T07:14:13.825+0000] {processor.py:157} INFO - Started process (PID=31646) to work on /opt/airflow/dags/GCS_to_BQ.py
[2024-01-06T07:14:13.828+0000] {processor.py:829} INFO - Processing file /opt/airflow/dags/GCS_to_BQ.py for tasks to queue
[2024-01-06T07:14:13.842+0000] {logging_mixin.py:154} INFO - [2024-01-06T07:14:13.841+0000] {dagbag.py:536} INFO - Filling up the DagBag from /opt/airflow/dags/GCS_to_BQ.py
[2024-01-06T07:14:13.851+0000] {processor.py:841} WARNING - No viable dags retrieved from /opt/airflow/dags/GCS_to_BQ.py
[2024-01-06T07:14:13.901+0000] {processor.py:179} INFO - Processing /opt/airflow/dags/GCS_to_BQ.py took 0.087 seconds
[2024-01-06T07:14:44.095+0000] {processor.py:157} INFO - Started process (PID=31685) to work on /opt/airflow/dags/GCS_to_BQ.py
[2024-01-06T07:14:44.098+0000] {processor.py:829} INFO - Processing file /opt/airflow/dags/GCS_to_BQ.py for tasks to queue
[2024-01-06T07:14:44.106+0000] {logging_mixin.py:154} INFO - [2024-01-06T07:14:44.105+0000] {dagbag.py:536} INFO - Filling up the DagBag from /opt/airflow/dags/GCS_to_BQ.py
[2024-01-06T07:14:44.113+0000] {processor.py:841} WARNING - No viable dags retrieved from /opt/airflow/dags/GCS_to_BQ.py
[2024-01-06T07:14:44.141+0000] {processor.py:179} INFO - Processing /opt/airflow/dags/GCS_to_BQ.py took 0.057 seconds
[2024-01-06T07:15:14.439+0000] {processor.py:157} INFO - Started process (PID=31724) to work on /opt/airflow/dags/GCS_to_BQ.py
[2024-01-06T07:15:14.443+0000] {processor.py:829} INFO - Processing file /opt/airflow/dags/GCS_to_BQ.py for tasks to queue
[2024-01-06T07:15:14.451+0000] {logging_mixin.py:154} INFO - [2024-01-06T07:15:14.450+0000] {dagbag.py:536} INFO - Filling up the DagBag from /opt/airflow/dags/GCS_to_BQ.py
[2024-01-06T07:15:14.460+0000] {processor.py:841} WARNING - No viable dags retrieved from /opt/airflow/dags/GCS_to_BQ.py
[2024-01-06T07:15:14.513+0000] {processor.py:179} INFO - Processing /opt/airflow/dags/GCS_to_BQ.py took 0.087 seconds
[2024-01-06T07:15:44.691+0000] {processor.py:157} INFO - Started process (PID=31763) to work on /opt/airflow/dags/GCS_to_BQ.py
[2024-01-06T07:15:44.699+0000] {processor.py:829} INFO - Processing file /opt/airflow/dags/GCS_to_BQ.py for tasks to queue
[2024-01-06T07:15:44.714+0000] {logging_mixin.py:154} INFO - [2024-01-06T07:15:44.713+0000] {dagbag.py:536} INFO - Filling up the DagBag from /opt/airflow/dags/GCS_to_BQ.py
[2024-01-06T07:15:44.723+0000] {processor.py:841} WARNING - No viable dags retrieved from /opt/airflow/dags/GCS_to_BQ.py
[2024-01-06T07:15:44.760+0000] {processor.py:179} INFO - Processing /opt/airflow/dags/GCS_to_BQ.py took 0.089 seconds
[2024-01-06T07:16:14.933+0000] {processor.py:157} INFO - Started process (PID=31802) to work on /opt/airflow/dags/GCS_to_BQ.py
[2024-01-06T07:16:14.935+0000] {processor.py:829} INFO - Processing file /opt/airflow/dags/GCS_to_BQ.py for tasks to queue
[2024-01-06T07:16:14.940+0000] {logging_mixin.py:154} INFO - [2024-01-06T07:16:14.940+0000] {dagbag.py:536} INFO - Filling up the DagBag from /opt/airflow/dags/GCS_to_BQ.py
[2024-01-06T07:16:14.945+0000] {processor.py:841} WARNING - No viable dags retrieved from /opt/airflow/dags/GCS_to_BQ.py
[2024-01-06T07:16:14.965+0000] {processor.py:179} INFO - Processing /opt/airflow/dags/GCS_to_BQ.py took 0.038 seconds
[2024-01-06T07:16:45.248+0000] {processor.py:157} INFO - Started process (PID=31841) to work on /opt/airflow/dags/GCS_to_BQ.py
[2024-01-06T07:16:45.251+0000] {processor.py:829} INFO - Processing file /opt/airflow/dags/GCS_to_BQ.py for tasks to queue
[2024-01-06T07:16:45.256+0000] {logging_mixin.py:154} INFO - [2024-01-06T07:16:45.256+0000] {dagbag.py:536} INFO - Filling up the DagBag from /opt/airflow/dags/GCS_to_BQ.py
[2024-01-06T07:16:45.263+0000] {processor.py:841} WARNING - No viable dags retrieved from /opt/airflow/dags/GCS_to_BQ.py
[2024-01-06T07:16:45.283+0000] {processor.py:179} INFO - Processing /opt/airflow/dags/GCS_to_BQ.py took 0.049 seconds
[2024-01-06T07:17:15.608+0000] {processor.py:157} INFO - Started process (PID=31880) to work on /opt/airflow/dags/GCS_to_BQ.py
[2024-01-06T07:17:15.611+0000] {processor.py:829} INFO - Processing file /opt/airflow/dags/GCS_to_BQ.py for tasks to queue
[2024-01-06T07:17:15.614+0000] {logging_mixin.py:154} INFO - [2024-01-06T07:17:15.614+0000] {dagbag.py:536} INFO - Filling up the DagBag from /opt/airflow/dags/GCS_to_BQ.py
[2024-01-06T07:17:15.619+0000] {processor.py:841} WARNING - No viable dags retrieved from /opt/airflow/dags/GCS_to_BQ.py
[2024-01-06T07:17:15.636+0000] {processor.py:179} INFO - Processing /opt/airflow/dags/GCS_to_BQ.py took 0.032 seconds
[2024-01-06T07:17:45.835+0000] {processor.py:157} INFO - Started process (PID=31919) to work on /opt/airflow/dags/GCS_to_BQ.py
[2024-01-06T07:17:45.838+0000] {processor.py:829} INFO - Processing file /opt/airflow/dags/GCS_to_BQ.py for tasks to queue
[2024-01-06T07:17:45.847+0000] {logging_mixin.py:154} INFO - [2024-01-06T07:17:45.846+0000] {dagbag.py:536} INFO - Filling up the DagBag from /opt/airflow/dags/GCS_to_BQ.py
[2024-01-06T07:17:45.855+0000] {processor.py:841} WARNING - No viable dags retrieved from /opt/airflow/dags/GCS_to_BQ.py
[2024-01-06T07:17:45.885+0000] {processor.py:179} INFO - Processing /opt/airflow/dags/GCS_to_BQ.py took 0.072 seconds
[2024-01-06T07:18:15.947+0000] {processor.py:157} INFO - Started process (PID=31958) to work on /opt/airflow/dags/GCS_to_BQ.py
[2024-01-06T07:18:15.950+0000] {processor.py:829} INFO - Processing file /opt/airflow/dags/GCS_to_BQ.py for tasks to queue
[2024-01-06T07:18:15.959+0000] {logging_mixin.py:154} INFO - [2024-01-06T07:18:15.958+0000] {dagbag.py:536} INFO - Filling up the DagBag from /opt/airflow/dags/GCS_to_BQ.py
[2024-01-06T07:18:15.966+0000] {processor.py:841} WARNING - No viable dags retrieved from /opt/airflow/dags/GCS_to_BQ.py
[2024-01-06T07:18:15.995+0000] {processor.py:179} INFO - Processing /opt/airflow/dags/GCS_to_BQ.py took 0.056 seconds
