[2024-01-06T04:26:30.186+0000] {processor.py:157} INFO - Started process (PID=30241) to work on /opt/airflow/dags/local_to_GCS.py
[2024-01-06T04:26:30.192+0000] {processor.py:829} INFO - Processing file /opt/airflow/dags/local_to_GCS.py for tasks to queue
[2024-01-06T04:26:30.207+0000] {logging_mixin.py:154} INFO - [2024-01-06T04:26:30.206+0000] {dagbag.py:536} INFO - Filling up the DagBag from /opt/airflow/dags/local_to_GCS.py
[2024-01-06T04:26:30.218+0000] {processor.py:841} WARNING - No viable dags retrieved from /opt/airflow/dags/local_to_GCS.py
[2024-01-06T04:26:30.294+0000] {processor.py:179} INFO - Processing /opt/airflow/dags/local_to_GCS.py took 0.135 seconds
[2024-01-06T06:24:18.816+0000] {processor.py:157} INFO - Started process (PID=30300) to work on /opt/airflow/dags/local_to_GCS.py
[2024-01-06T06:24:18.820+0000] {processor.py:829} INFO - Processing file /opt/airflow/dags/local_to_GCS.py for tasks to queue
[2024-01-06T06:24:18.830+0000] {logging_mixin.py:154} INFO - [2024-01-06T06:24:18.829+0000] {dagbag.py:536} INFO - Filling up the DagBag from /opt/airflow/dags/local_to_GCS.py
[2024-01-06T06:24:18.870+0000] {processor.py:841} WARNING - No viable dags retrieved from /opt/airflow/dags/local_to_GCS.py
[2024-01-06T06:24:18.984+0000] {processor.py:179} INFO - Processing /opt/airflow/dags/local_to_GCS.py took 0.200 seconds
[2024-01-06T06:56:56.856+0000] {processor.py:157} INFO - Started process (PID=30339) to work on /opt/airflow/dags/local_to_GCS.py
[2024-01-06T06:56:56.857+0000] {processor.py:829} INFO - Processing file /opt/airflow/dags/local_to_GCS.py for tasks to queue
[2024-01-06T06:56:56.860+0000] {logging_mixin.py:154} INFO - [2024-01-06T06:56:56.860+0000] {dagbag.py:536} INFO - Filling up the DagBag from /opt/airflow/dags/local_to_GCS.py
[2024-01-06T06:56:56.866+0000] {processor.py:841} WARNING - No viable dags retrieved from /opt/airflow/dags/local_to_GCS.py
[2024-01-06T06:56:56.903+0000] {processor.py:179} INFO - Processing /opt/airflow/dags/local_to_GCS.py took 0.050 seconds
[2024-01-06T06:57:27.900+0000] {processor.py:157} INFO - Started process (PID=30373) to work on /opt/airflow/dags/local_to_GCS.py
[2024-01-06T06:57:27.902+0000] {processor.py:829} INFO - Processing file /opt/airflow/dags/local_to_GCS.py for tasks to queue
[2024-01-06T06:57:27.905+0000] {logging_mixin.py:154} INFO - [2024-01-06T06:57:27.904+0000] {dagbag.py:536} INFO - Filling up the DagBag from /opt/airflow/dags/local_to_GCS.py
[2024-01-06T06:57:27.909+0000] {processor.py:841} WARNING - No viable dags retrieved from /opt/airflow/dags/local_to_GCS.py
[2024-01-06T06:57:27.944+0000] {processor.py:179} INFO - Processing /opt/airflow/dags/local_to_GCS.py took 0.047 seconds
[2024-01-06T06:57:58.321+0000] {processor.py:157} INFO - Started process (PID=30412) to work on /opt/airflow/dags/local_to_GCS.py
[2024-01-06T06:57:58.325+0000] {processor.py:829} INFO - Processing file /opt/airflow/dags/local_to_GCS.py for tasks to queue
[2024-01-06T06:57:58.340+0000] {logging_mixin.py:154} INFO - [2024-01-06T06:57:58.338+0000] {dagbag.py:536} INFO - Filling up the DagBag from /opt/airflow/dags/local_to_GCS.py
[2024-01-06T06:57:58.351+0000] {processor.py:841} WARNING - No viable dags retrieved from /opt/airflow/dags/local_to_GCS.py
[2024-01-06T06:57:58.385+0000] {processor.py:179} INFO - Processing /opt/airflow/dags/local_to_GCS.py took 0.071 seconds
[2024-01-06T06:58:28.708+0000] {processor.py:157} INFO - Started process (PID=30451) to work on /opt/airflow/dags/local_to_GCS.py
[2024-01-06T06:58:28.711+0000] {processor.py:829} INFO - Processing file /opt/airflow/dags/local_to_GCS.py for tasks to queue
[2024-01-06T06:58:28.716+0000] {logging_mixin.py:154} INFO - [2024-01-06T06:58:28.716+0000] {dagbag.py:536} INFO - Filling up the DagBag from /opt/airflow/dags/local_to_GCS.py
[2024-01-06T06:58:28.722+0000] {processor.py:841} WARNING - No viable dags retrieved from /opt/airflow/dags/local_to_GCS.py
[2024-01-06T06:58:28.757+0000] {processor.py:179} INFO - Processing /opt/airflow/dags/local_to_GCS.py took 0.058 seconds
[2024-01-06T06:58:59.160+0000] {processor.py:157} INFO - Started process (PID=30490) to work on /opt/airflow/dags/local_to_GCS.py
[2024-01-06T06:58:59.162+0000] {processor.py:829} INFO - Processing file /opt/airflow/dags/local_to_GCS.py for tasks to queue
[2024-01-06T06:58:59.169+0000] {logging_mixin.py:154} INFO - [2024-01-06T06:58:59.169+0000] {dagbag.py:536} INFO - Filling up the DagBag from /opt/airflow/dags/local_to_GCS.py
[2024-01-06T06:58:59.185+0000] {processor.py:841} WARNING - No viable dags retrieved from /opt/airflow/dags/local_to_GCS.py
[2024-01-06T06:58:59.243+0000] {processor.py:179} INFO - Processing /opt/airflow/dags/local_to_GCS.py took 0.093 seconds
[2024-01-06T06:59:29.463+0000] {processor.py:157} INFO - Started process (PID=30529) to work on /opt/airflow/dags/local_to_GCS.py
[2024-01-06T06:59:29.466+0000] {processor.py:829} INFO - Processing file /opt/airflow/dags/local_to_GCS.py for tasks to queue
[2024-01-06T06:59:29.476+0000] {logging_mixin.py:154} INFO - [2024-01-06T06:59:29.475+0000] {dagbag.py:536} INFO - Filling up the DagBag from /opt/airflow/dags/local_to_GCS.py
[2024-01-06T06:59:29.494+0000] {processor.py:841} WARNING - No viable dags retrieved from /opt/airflow/dags/local_to_GCS.py
[2024-01-06T06:59:29.530+0000] {processor.py:179} INFO - Processing /opt/airflow/dags/local_to_GCS.py took 0.076 seconds
[2024-01-06T06:59:59.978+0000] {processor.py:157} INFO - Started process (PID=30568) to work on /opt/airflow/dags/local_to_GCS.py
[2024-01-06T06:59:59.982+0000] {processor.py:829} INFO - Processing file /opt/airflow/dags/local_to_GCS.py for tasks to queue
[2024-01-06T06:59:59.990+0000] {logging_mixin.py:154} INFO - [2024-01-06T06:59:59.989+0000] {dagbag.py:536} INFO - Filling up the DagBag from /opt/airflow/dags/local_to_GCS.py
[2024-01-06T06:59:59.995+0000] {processor.py:841} WARNING - No viable dags retrieved from /opt/airflow/dags/local_to_GCS.py
[2024-01-06T07:00:00.035+0000] {processor.py:179} INFO - Processing /opt/airflow/dags/local_to_GCS.py took 0.066 seconds
[2024-01-06T07:00:30.568+0000] {processor.py:157} INFO - Started process (PID=30606) to work on /opt/airflow/dags/local_to_GCS.py
[2024-01-06T07:00:30.570+0000] {processor.py:829} INFO - Processing file /opt/airflow/dags/local_to_GCS.py for tasks to queue
[2024-01-06T07:00:30.578+0000] {logging_mixin.py:154} INFO - [2024-01-06T07:00:30.577+0000] {dagbag.py:536} INFO - Filling up the DagBag from /opt/airflow/dags/local_to_GCS.py
[2024-01-06T07:00:30.597+0000] {processor.py:841} WARNING - No viable dags retrieved from /opt/airflow/dags/local_to_GCS.py
[2024-01-06T07:00:30.632+0000] {processor.py:179} INFO - Processing /opt/airflow/dags/local_to_GCS.py took 0.071 seconds
[2024-01-06T07:01:00.890+0000] {processor.py:157} INFO - Started process (PID=30646) to work on /opt/airflow/dags/local_to_GCS.py
[2024-01-06T07:01:00.897+0000] {processor.py:829} INFO - Processing file /opt/airflow/dags/local_to_GCS.py for tasks to queue
[2024-01-06T07:01:00.906+0000] {logging_mixin.py:154} INFO - [2024-01-06T07:01:00.906+0000] {dagbag.py:536} INFO - Filling up the DagBag from /opt/airflow/dags/local_to_GCS.py
[2024-01-06T07:01:00.914+0000] {processor.py:841} WARNING - No viable dags retrieved from /opt/airflow/dags/local_to_GCS.py
[2024-01-06T07:01:00.950+0000] {processor.py:179} INFO - Processing /opt/airflow/dags/local_to_GCS.py took 0.070 seconds
[2024-01-06T07:01:31.460+0000] {processor.py:157} INFO - Started process (PID=30685) to work on /opt/airflow/dags/local_to_GCS.py
[2024-01-06T07:01:31.463+0000] {processor.py:829} INFO - Processing file /opt/airflow/dags/local_to_GCS.py for tasks to queue
[2024-01-06T07:01:31.469+0000] {logging_mixin.py:154} INFO - [2024-01-06T07:01:31.468+0000] {dagbag.py:536} INFO - Filling up the DagBag from /opt/airflow/dags/local_to_GCS.py
[2024-01-06T07:01:31.477+0000] {processor.py:841} WARNING - No viable dags retrieved from /opt/airflow/dags/local_to_GCS.py
[2024-01-06T07:01:31.516+0000] {processor.py:179} INFO - Processing /opt/airflow/dags/local_to_GCS.py took 0.071 seconds
[2024-01-06T07:02:01.960+0000] {processor.py:157} INFO - Started process (PID=30724) to work on /opt/airflow/dags/local_to_GCS.py
[2024-01-06T07:02:01.963+0000] {processor.py:829} INFO - Processing file /opt/airflow/dags/local_to_GCS.py for tasks to queue
[2024-01-06T07:02:01.968+0000] {logging_mixin.py:154} INFO - [2024-01-06T07:02:01.967+0000] {dagbag.py:536} INFO - Filling up the DagBag from /opt/airflow/dags/local_to_GCS.py
[2024-01-06T07:02:01.973+0000] {processor.py:841} WARNING - No viable dags retrieved from /opt/airflow/dags/local_to_GCS.py
[2024-01-06T07:02:02.009+0000] {processor.py:179} INFO - Processing /opt/airflow/dags/local_to_GCS.py took 0.061 seconds
[2024-01-06T07:02:32.415+0000] {processor.py:157} INFO - Started process (PID=30763) to work on /opt/airflow/dags/local_to_GCS.py
[2024-01-06T07:02:32.422+0000] {processor.py:829} INFO - Processing file /opt/airflow/dags/local_to_GCS.py for tasks to queue
[2024-01-06T07:02:32.432+0000] {logging_mixin.py:154} INFO - [2024-01-06T07:02:32.431+0000] {dagbag.py:536} INFO - Filling up the DagBag from /opt/airflow/dags/local_to_GCS.py
[2024-01-06T07:02:32.437+0000] {processor.py:841} WARNING - No viable dags retrieved from /opt/airflow/dags/local_to_GCS.py
[2024-01-06T07:02:32.470+0000] {processor.py:179} INFO - Processing /opt/airflow/dags/local_to_GCS.py took 0.075 seconds
[2024-01-06T07:03:02.910+0000] {processor.py:157} INFO - Started process (PID=30802) to work on /opt/airflow/dags/local_to_GCS.py
[2024-01-06T07:03:02.912+0000] {processor.py:829} INFO - Processing file /opt/airflow/dags/local_to_GCS.py for tasks to queue
[2024-01-06T07:03:02.917+0000] {logging_mixin.py:154} INFO - [2024-01-06T07:03:02.917+0000] {dagbag.py:536} INFO - Filling up the DagBag from /opt/airflow/dags/local_to_GCS.py
[2024-01-06T07:03:02.921+0000] {processor.py:841} WARNING - No viable dags retrieved from /opt/airflow/dags/local_to_GCS.py
[2024-01-06T07:03:02.949+0000] {processor.py:179} INFO - Processing /opt/airflow/dags/local_to_GCS.py took 0.048 seconds
[2024-01-06T07:03:33.233+0000] {processor.py:157} INFO - Started process (PID=30841) to work on /opt/airflow/dags/local_to_GCS.py
[2024-01-06T07:03:33.236+0000] {processor.py:829} INFO - Processing file /opt/airflow/dags/local_to_GCS.py for tasks to queue
[2024-01-06T07:03:33.241+0000] {logging_mixin.py:154} INFO - [2024-01-06T07:03:33.241+0000] {dagbag.py:536} INFO - Filling up the DagBag from /opt/airflow/dags/local_to_GCS.py
[2024-01-06T07:03:33.252+0000] {processor.py:841} WARNING - No viable dags retrieved from /opt/airflow/dags/local_to_GCS.py
[2024-01-06T07:03:33.300+0000] {processor.py:179} INFO - Processing /opt/airflow/dags/local_to_GCS.py took 0.072 seconds
[2024-01-06T07:04:03.733+0000] {processor.py:157} INFO - Started process (PID=30880) to work on /opt/airflow/dags/local_to_GCS.py
[2024-01-06T07:04:03.736+0000] {processor.py:829} INFO - Processing file /opt/airflow/dags/local_to_GCS.py for tasks to queue
[2024-01-06T07:04:03.742+0000] {logging_mixin.py:154} INFO - [2024-01-06T07:04:03.742+0000] {dagbag.py:536} INFO - Filling up the DagBag from /opt/airflow/dags/local_to_GCS.py
[2024-01-06T07:04:03.749+0000] {processor.py:841} WARNING - No viable dags retrieved from /opt/airflow/dags/local_to_GCS.py
[2024-01-06T07:04:03.809+0000] {processor.py:179} INFO - Processing /opt/airflow/dags/local_to_GCS.py took 0.086 seconds
[2024-01-06T07:04:34.165+0000] {processor.py:157} INFO - Started process (PID=30920) to work on /opt/airflow/dags/local_to_GCS.py
[2024-01-06T07:04:34.171+0000] {processor.py:829} INFO - Processing file /opt/airflow/dags/local_to_GCS.py for tasks to queue
[2024-01-06T07:04:34.185+0000] {logging_mixin.py:154} INFO - [2024-01-06T07:04:34.184+0000] {dagbag.py:536} INFO - Filling up the DagBag from /opt/airflow/dags/local_to_GCS.py
[2024-01-06T07:04:34.195+0000] {processor.py:841} WARNING - No viable dags retrieved from /opt/airflow/dags/local_to_GCS.py
[2024-01-06T07:04:34.229+0000] {processor.py:179} INFO - Processing /opt/airflow/dags/local_to_GCS.py took 0.072 seconds
[2024-01-06T07:05:04.687+0000] {processor.py:157} INFO - Started process (PID=30959) to work on /opt/airflow/dags/local_to_GCS.py
[2024-01-06T07:05:04.692+0000] {processor.py:829} INFO - Processing file /opt/airflow/dags/local_to_GCS.py for tasks to queue
[2024-01-06T07:05:04.712+0000] {logging_mixin.py:154} INFO - [2024-01-06T07:05:04.712+0000] {dagbag.py:536} INFO - Filling up the DagBag from /opt/airflow/dags/local_to_GCS.py
[2024-01-06T07:05:04.720+0000] {processor.py:841} WARNING - No viable dags retrieved from /opt/airflow/dags/local_to_GCS.py
[2024-01-06T07:05:04.777+0000] {processor.py:179} INFO - Processing /opt/airflow/dags/local_to_GCS.py took 0.099 seconds
[2024-01-06T07:05:35.190+0000] {processor.py:157} INFO - Started process (PID=30998) to work on /opt/airflow/dags/local_to_GCS.py
[2024-01-06T07:05:35.193+0000] {processor.py:829} INFO - Processing file /opt/airflow/dags/local_to_GCS.py for tasks to queue
[2024-01-06T07:05:35.198+0000] {logging_mixin.py:154} INFO - [2024-01-06T07:05:35.197+0000] {dagbag.py:536} INFO - Filling up the DagBag from /opt/airflow/dags/local_to_GCS.py
[2024-01-06T07:05:35.203+0000] {processor.py:841} WARNING - No viable dags retrieved from /opt/airflow/dags/local_to_GCS.py
[2024-01-06T07:05:35.239+0000] {processor.py:179} INFO - Processing /opt/airflow/dags/local_to_GCS.py took 0.057 seconds
[2024-01-06T07:06:05.717+0000] {processor.py:157} INFO - Started process (PID=31037) to work on /opt/airflow/dags/local_to_GCS.py
[2024-01-06T07:06:05.719+0000] {processor.py:829} INFO - Processing file /opt/airflow/dags/local_to_GCS.py for tasks to queue
[2024-01-06T07:06:05.724+0000] {logging_mixin.py:154} INFO - [2024-01-06T07:06:05.723+0000] {dagbag.py:536} INFO - Filling up the DagBag from /opt/airflow/dags/local_to_GCS.py
[2024-01-06T07:06:05.731+0000] {processor.py:841} WARNING - No viable dags retrieved from /opt/airflow/dags/local_to_GCS.py
[2024-01-06T07:06:05.776+0000] {processor.py:179} INFO - Processing /opt/airflow/dags/local_to_GCS.py took 0.066 seconds
[2024-01-06T07:06:36.320+0000] {processor.py:157} INFO - Started process (PID=31076) to work on /opt/airflow/dags/local_to_GCS.py
[2024-01-06T07:06:36.322+0000] {processor.py:829} INFO - Processing file /opt/airflow/dags/local_to_GCS.py for tasks to queue
[2024-01-06T07:06:36.329+0000] {logging_mixin.py:154} INFO - [2024-01-06T07:06:36.329+0000] {dagbag.py:536} INFO - Filling up the DagBag from /opt/airflow/dags/local_to_GCS.py
[2024-01-06T07:06:36.337+0000] {processor.py:841} WARNING - No viable dags retrieved from /opt/airflow/dags/local_to_GCS.py
[2024-01-06T07:06:36.409+0000] {processor.py:179} INFO - Processing /opt/airflow/dags/local_to_GCS.py took 0.096 seconds
[2024-01-06T07:07:06.748+0000] {processor.py:157} INFO - Started process (PID=31115) to work on /opt/airflow/dags/local_to_GCS.py
[2024-01-06T07:07:06.750+0000] {processor.py:829} INFO - Processing file /opt/airflow/dags/local_to_GCS.py for tasks to queue
[2024-01-06T07:07:06.752+0000] {logging_mixin.py:154} INFO - [2024-01-06T07:07:06.752+0000] {dagbag.py:536} INFO - Filling up the DagBag from /opt/airflow/dags/local_to_GCS.py
[2024-01-06T07:07:06.757+0000] {processor.py:841} WARNING - No viable dags retrieved from /opt/airflow/dags/local_to_GCS.py
[2024-01-06T07:07:06.799+0000] {processor.py:179} INFO - Processing /opt/airflow/dags/local_to_GCS.py took 0.054 seconds
[2024-01-06T07:07:37.048+0000] {processor.py:157} INFO - Started process (PID=31154) to work on /opt/airflow/dags/local_to_GCS.py
[2024-01-06T07:07:37.049+0000] {processor.py:829} INFO - Processing file /opt/airflow/dags/local_to_GCS.py for tasks to queue
[2024-01-06T07:07:37.052+0000] {logging_mixin.py:154} INFO - [2024-01-06T07:07:37.051+0000] {dagbag.py:536} INFO - Filling up the DagBag from /opt/airflow/dags/local_to_GCS.py
[2024-01-06T07:07:37.055+0000] {processor.py:841} WARNING - No viable dags retrieved from /opt/airflow/dags/local_to_GCS.py
[2024-01-06T07:07:37.072+0000] {processor.py:179} INFO - Processing /opt/airflow/dags/local_to_GCS.py took 0.028 seconds
[2024-01-06T07:08:07.311+0000] {processor.py:157} INFO - Started process (PID=31193) to work on /opt/airflow/dags/local_to_GCS.py
[2024-01-06T07:08:07.313+0000] {processor.py:829} INFO - Processing file /opt/airflow/dags/local_to_GCS.py for tasks to queue
[2024-01-06T07:08:07.317+0000] {logging_mixin.py:154} INFO - [2024-01-06T07:08:07.316+0000] {dagbag.py:536} INFO - Filling up the DagBag from /opt/airflow/dags/local_to_GCS.py
[2024-01-06T07:08:07.320+0000] {processor.py:841} WARNING - No viable dags retrieved from /opt/airflow/dags/local_to_GCS.py
[2024-01-06T07:08:07.353+0000] {processor.py:179} INFO - Processing /opt/airflow/dags/local_to_GCS.py took 0.047 seconds
[2024-01-06T07:08:37.790+0000] {processor.py:157} INFO - Started process (PID=31232) to work on /opt/airflow/dags/local_to_GCS.py
[2024-01-06T07:08:37.792+0000] {processor.py:829} INFO - Processing file /opt/airflow/dags/local_to_GCS.py for tasks to queue
[2024-01-06T07:08:37.802+0000] {logging_mixin.py:154} INFO - [2024-01-06T07:08:37.801+0000] {dagbag.py:536} INFO - Filling up the DagBag from /opt/airflow/dags/local_to_GCS.py
[2024-01-06T07:08:37.815+0000] {processor.py:841} WARNING - No viable dags retrieved from /opt/airflow/dags/local_to_GCS.py
[2024-01-06T07:08:37.847+0000] {processor.py:179} INFO - Processing /opt/airflow/dags/local_to_GCS.py took 0.067 seconds
[2024-01-06T07:09:08.295+0000] {processor.py:157} INFO - Started process (PID=31271) to work on /opt/airflow/dags/local_to_GCS.py
[2024-01-06T07:09:08.297+0000] {processor.py:829} INFO - Processing file /opt/airflow/dags/local_to_GCS.py for tasks to queue
[2024-01-06T07:09:08.303+0000] {logging_mixin.py:154} INFO - [2024-01-06T07:09:08.303+0000] {dagbag.py:536} INFO - Filling up the DagBag from /opt/airflow/dags/local_to_GCS.py
[2024-01-06T07:09:08.317+0000] {processor.py:841} WARNING - No viable dags retrieved from /opt/airflow/dags/local_to_GCS.py
[2024-01-06T07:09:08.355+0000] {processor.py:179} INFO - Processing /opt/airflow/dags/local_to_GCS.py took 0.069 seconds
[2024-01-06T07:09:38.759+0000] {processor.py:157} INFO - Started process (PID=31310) to work on /opt/airflow/dags/local_to_GCS.py
[2024-01-06T07:09:38.761+0000] {processor.py:829} INFO - Processing file /opt/airflow/dags/local_to_GCS.py for tasks to queue
[2024-01-06T07:09:38.768+0000] {logging_mixin.py:154} INFO - [2024-01-06T07:09:38.767+0000] {dagbag.py:536} INFO - Filling up the DagBag from /opt/airflow/dags/local_to_GCS.py
[2024-01-06T07:09:38.774+0000] {processor.py:841} WARNING - No viable dags retrieved from /opt/airflow/dags/local_to_GCS.py
[2024-01-06T07:09:38.797+0000] {processor.py:179} INFO - Processing /opt/airflow/dags/local_to_GCS.py took 0.047 seconds
[2024-01-06T07:10:09.050+0000] {processor.py:157} INFO - Started process (PID=31349) to work on /opt/airflow/dags/local_to_GCS.py
[2024-01-06T07:10:09.052+0000] {processor.py:829} INFO - Processing file /opt/airflow/dags/local_to_GCS.py for tasks to queue
[2024-01-06T07:10:09.057+0000] {logging_mixin.py:154} INFO - [2024-01-06T07:10:09.057+0000] {dagbag.py:536} INFO - Filling up the DagBag from /opt/airflow/dags/local_to_GCS.py
[2024-01-06T07:10:09.065+0000] {processor.py:841} WARNING - No viable dags retrieved from /opt/airflow/dags/local_to_GCS.py
[2024-01-06T07:10:09.117+0000] {processor.py:179} INFO - Processing /opt/airflow/dags/local_to_GCS.py took 0.075 seconds
[2024-01-06T07:10:39.374+0000] {processor.py:157} INFO - Started process (PID=31388) to work on /opt/airflow/dags/local_to_GCS.py
[2024-01-06T07:10:39.376+0000] {processor.py:829} INFO - Processing file /opt/airflow/dags/local_to_GCS.py for tasks to queue
[2024-01-06T07:10:39.379+0000] {logging_mixin.py:154} INFO - [2024-01-06T07:10:39.379+0000] {dagbag.py:536} INFO - Filling up the DagBag from /opt/airflow/dags/local_to_GCS.py
[2024-01-06T07:10:39.382+0000] {processor.py:841} WARNING - No viable dags retrieved from /opt/airflow/dags/local_to_GCS.py
[2024-01-06T07:10:39.395+0000] {processor.py:179} INFO - Processing /opt/airflow/dags/local_to_GCS.py took 0.026 seconds
[2024-01-06T07:11:09.949+0000] {processor.py:157} INFO - Started process (PID=31427) to work on /opt/airflow/dags/local_to_GCS.py
[2024-01-06T07:11:09.952+0000] {processor.py:829} INFO - Processing file /opt/airflow/dags/local_to_GCS.py for tasks to queue
[2024-01-06T07:11:09.958+0000] {logging_mixin.py:154} INFO - [2024-01-06T07:11:09.957+0000] {dagbag.py:536} INFO - Filling up the DagBag from /opt/airflow/dags/local_to_GCS.py
[2024-01-06T07:11:09.963+0000] {processor.py:841} WARNING - No viable dags retrieved from /opt/airflow/dags/local_to_GCS.py
[2024-01-06T07:11:09.979+0000] {processor.py:179} INFO - Processing /opt/airflow/dags/local_to_GCS.py took 0.037 seconds
[2024-01-06T07:11:40.467+0000] {processor.py:157} INFO - Started process (PID=31466) to work on /opt/airflow/dags/local_to_GCS.py
[2024-01-06T07:11:40.470+0000] {processor.py:829} INFO - Processing file /opt/airflow/dags/local_to_GCS.py for tasks to queue
[2024-01-06T07:11:40.474+0000] {logging_mixin.py:154} INFO - [2024-01-06T07:11:40.474+0000] {dagbag.py:536} INFO - Filling up the DagBag from /opt/airflow/dags/local_to_GCS.py
[2024-01-06T07:11:40.480+0000] {processor.py:841} WARNING - No viable dags retrieved from /opt/airflow/dags/local_to_GCS.py
[2024-01-06T07:11:40.500+0000] {processor.py:179} INFO - Processing /opt/airflow/dags/local_to_GCS.py took 0.045 seconds
[2024-01-06T07:12:10.780+0000] {processor.py:157} INFO - Started process (PID=31505) to work on /opt/airflow/dags/local_to_GCS.py
[2024-01-06T07:12:10.780+0000] {processor.py:829} INFO - Processing file /opt/airflow/dags/local_to_GCS.py for tasks to queue
[2024-01-06T07:12:10.783+0000] {logging_mixin.py:154} INFO - [2024-01-06T07:12:10.783+0000] {dagbag.py:536} INFO - Filling up the DagBag from /opt/airflow/dags/local_to_GCS.py
[2024-01-06T07:12:10.786+0000] {processor.py:841} WARNING - No viable dags retrieved from /opt/airflow/dags/local_to_GCS.py
[2024-01-06T07:12:10.800+0000] {processor.py:179} INFO - Processing /opt/airflow/dags/local_to_GCS.py took 0.026 seconds
[2024-01-06T07:12:41.401+0000] {processor.py:157} INFO - Started process (PID=31537) to work on /opt/airflow/dags/local_to_GCS.py
[2024-01-06T07:12:41.405+0000] {processor.py:829} INFO - Processing file /opt/airflow/dags/local_to_GCS.py for tasks to queue
[2024-01-06T07:12:41.415+0000] {logging_mixin.py:154} INFO - [2024-01-06T07:12:41.413+0000] {dagbag.py:536} INFO - Filling up the DagBag from /opt/airflow/dags/local_to_GCS.py
[2024-01-06T07:12:41.419+0000] {processor.py:841} WARNING - No viable dags retrieved from /opt/airflow/dags/local_to_GCS.py
[2024-01-06T07:12:41.436+0000] {processor.py:179} INFO - Processing /opt/airflow/dags/local_to_GCS.py took 0.043 seconds
[2024-01-06T07:13:12.180+0000] {processor.py:157} INFO - Started process (PID=31576) to work on /opt/airflow/dags/local_to_GCS.py
[2024-01-06T07:13:12.182+0000] {processor.py:829} INFO - Processing file /opt/airflow/dags/local_to_GCS.py for tasks to queue
[2024-01-06T07:13:12.188+0000] {logging_mixin.py:154} INFO - [2024-01-06T07:13:12.188+0000] {dagbag.py:536} INFO - Filling up the DagBag from /opt/airflow/dags/local_to_GCS.py
[2024-01-06T07:13:12.194+0000] {processor.py:841} WARNING - No viable dags retrieved from /opt/airflow/dags/local_to_GCS.py
[2024-01-06T07:13:12.222+0000] {processor.py:179} INFO - Processing /opt/airflow/dags/local_to_GCS.py took 0.047 seconds
[2024-01-06T07:13:43.097+0000] {processor.py:157} INFO - Started process (PID=31615) to work on /opt/airflow/dags/local_to_GCS.py
[2024-01-06T07:13:43.100+0000] {processor.py:829} INFO - Processing file /opt/airflow/dags/local_to_GCS.py for tasks to queue
[2024-01-06T07:13:43.106+0000] {logging_mixin.py:154} INFO - [2024-01-06T07:13:43.105+0000] {dagbag.py:536} INFO - Filling up the DagBag from /opt/airflow/dags/local_to_GCS.py
[2024-01-06T07:13:43.112+0000] {processor.py:841} WARNING - No viable dags retrieved from /opt/airflow/dags/local_to_GCS.py
[2024-01-06T07:13:43.170+0000] {processor.py:179} INFO - Processing /opt/airflow/dags/local_to_GCS.py took 0.078 seconds
[2024-01-06T07:14:13.832+0000] {processor.py:157} INFO - Started process (PID=31649) to work on /opt/airflow/dags/local_to_GCS.py
[2024-01-06T07:14:13.840+0000] {processor.py:829} INFO - Processing file /opt/airflow/dags/local_to_GCS.py for tasks to queue
[2024-01-06T07:14:13.847+0000] {logging_mixin.py:154} INFO - [2024-01-06T07:14:13.845+0000] {dagbag.py:536} INFO - Filling up the DagBag from /opt/airflow/dags/local_to_GCS.py
[2024-01-06T07:14:13.852+0000] {processor.py:841} WARNING - No viable dags retrieved from /opt/airflow/dags/local_to_GCS.py
[2024-01-06T07:14:13.901+0000] {processor.py:179} INFO - Processing /opt/airflow/dags/local_to_GCS.py took 0.077 seconds
[2024-01-06T07:14:44.103+0000] {processor.py:157} INFO - Started process (PID=31688) to work on /opt/airflow/dags/local_to_GCS.py
[2024-01-06T07:14:44.106+0000] {processor.py:829} INFO - Processing file /opt/airflow/dags/local_to_GCS.py for tasks to queue
[2024-01-06T07:14:44.110+0000] {logging_mixin.py:154} INFO - [2024-01-06T07:14:44.110+0000] {dagbag.py:536} INFO - Filling up the DagBag from /opt/airflow/dags/local_to_GCS.py
[2024-01-06T07:14:44.116+0000] {processor.py:841} WARNING - No viable dags retrieved from /opt/airflow/dags/local_to_GCS.py
[2024-01-06T07:14:44.141+0000] {processor.py:179} INFO - Processing /opt/airflow/dags/local_to_GCS.py took 0.046 seconds
[2024-01-06T07:15:14.444+0000] {processor.py:157} INFO - Started process (PID=31727) to work on /opt/airflow/dags/local_to_GCS.py
[2024-01-06T07:15:14.447+0000] {processor.py:829} INFO - Processing file /opt/airflow/dags/local_to_GCS.py for tasks to queue
[2024-01-06T07:15:14.452+0000] {logging_mixin.py:154} INFO - [2024-01-06T07:15:14.452+0000] {dagbag.py:536} INFO - Filling up the DagBag from /opt/airflow/dags/local_to_GCS.py
[2024-01-06T07:15:14.460+0000] {processor.py:841} WARNING - No viable dags retrieved from /opt/airflow/dags/local_to_GCS.py
[2024-01-06T07:15:14.513+0000] {processor.py:179} INFO - Processing /opt/airflow/dags/local_to_GCS.py took 0.079 seconds
[2024-01-06T07:15:44.692+0000] {processor.py:157} INFO - Started process (PID=31766) to work on /opt/airflow/dags/local_to_GCS.py
[2024-01-06T07:15:44.699+0000] {processor.py:829} INFO - Processing file /opt/airflow/dags/local_to_GCS.py for tasks to queue
[2024-01-06T07:15:44.714+0000] {logging_mixin.py:154} INFO - [2024-01-06T07:15:44.713+0000] {dagbag.py:536} INFO - Filling up the DagBag from /opt/airflow/dags/local_to_GCS.py
[2024-01-06T07:15:44.723+0000] {processor.py:841} WARNING - No viable dags retrieved from /opt/airflow/dags/local_to_GCS.py
[2024-01-06T07:15:44.760+0000] {processor.py:179} INFO - Processing /opt/airflow/dags/local_to_GCS.py took 0.078 seconds
[2024-01-06T07:16:14.938+0000] {processor.py:157} INFO - Started process (PID=31805) to work on /opt/airflow/dags/local_to_GCS.py
[2024-01-06T07:16:14.939+0000] {processor.py:829} INFO - Processing file /opt/airflow/dags/local_to_GCS.py for tasks to queue
[2024-01-06T07:16:14.941+0000] {logging_mixin.py:154} INFO - [2024-01-06T07:16:14.941+0000] {dagbag.py:536} INFO - Filling up the DagBag from /opt/airflow/dags/local_to_GCS.py
[2024-01-06T07:16:14.945+0000] {processor.py:841} WARNING - No viable dags retrieved from /opt/airflow/dags/local_to_GCS.py
[2024-01-06T07:16:14.965+0000] {processor.py:179} INFO - Processing /opt/airflow/dags/local_to_GCS.py took 0.031 seconds
[2024-01-06T07:16:45.248+0000] {processor.py:157} INFO - Started process (PID=31843) to work on /opt/airflow/dags/local_to_GCS.py
[2024-01-06T07:16:45.251+0000] {processor.py:829} INFO - Processing file /opt/airflow/dags/local_to_GCS.py for tasks to queue
[2024-01-06T07:16:45.256+0000] {logging_mixin.py:154} INFO - [2024-01-06T07:16:45.256+0000] {dagbag.py:536} INFO - Filling up the DagBag from /opt/airflow/dags/local_to_GCS.py
[2024-01-06T07:16:45.263+0000] {processor.py:841} WARNING - No viable dags retrieved from /opt/airflow/dags/local_to_GCS.py
[2024-01-06T07:16:45.283+0000] {processor.py:179} INFO - Processing /opt/airflow/dags/local_to_GCS.py took 0.046 seconds
[2024-01-06T07:17:15.612+0000] {processor.py:157} INFO - Started process (PID=31883) to work on /opt/airflow/dags/local_to_GCS.py
[2024-01-06T07:17:15.613+0000] {processor.py:829} INFO - Processing file /opt/airflow/dags/local_to_GCS.py for tasks to queue
[2024-01-06T07:17:15.616+0000] {logging_mixin.py:154} INFO - [2024-01-06T07:17:15.615+0000] {dagbag.py:536} INFO - Filling up the DagBag from /opt/airflow/dags/local_to_GCS.py
[2024-01-06T07:17:15.619+0000] {processor.py:841} WARNING - No viable dags retrieved from /opt/airflow/dags/local_to_GCS.py
[2024-01-06T07:17:15.636+0000] {processor.py:179} INFO - Processing /opt/airflow/dags/local_to_GCS.py took 0.027 seconds
[2024-01-06T07:17:45.844+0000] {processor.py:157} INFO - Started process (PID=31922) to work on /opt/airflow/dags/local_to_GCS.py
[2024-01-06T07:17:45.846+0000] {processor.py:829} INFO - Processing file /opt/airflow/dags/local_to_GCS.py for tasks to queue
[2024-01-06T07:17:45.853+0000] {logging_mixin.py:154} INFO - [2024-01-06T07:17:45.852+0000] {dagbag.py:536} INFO - Filling up the DagBag from /opt/airflow/dags/local_to_GCS.py
[2024-01-06T07:17:45.859+0000] {processor.py:841} WARNING - No viable dags retrieved from /opt/airflow/dags/local_to_GCS.py
[2024-01-06T07:17:45.885+0000] {processor.py:179} INFO - Processing /opt/airflow/dags/local_to_GCS.py took 0.051 seconds
[2024-01-06T07:18:15.955+0000] {processor.py:157} INFO - Started process (PID=31961) to work on /opt/airflow/dags/local_to_GCS.py
[2024-01-06T07:18:15.958+0000] {processor.py:829} INFO - Processing file /opt/airflow/dags/local_to_GCS.py for tasks to queue
[2024-01-06T07:18:15.964+0000] {logging_mixin.py:154} INFO - [2024-01-06T07:18:15.963+0000] {dagbag.py:536} INFO - Filling up the DagBag from /opt/airflow/dags/local_to_GCS.py
[2024-01-06T07:18:15.969+0000] {processor.py:841} WARNING - No viable dags retrieved from /opt/airflow/dags/local_to_GCS.py
[2024-01-06T07:18:15.995+0000] {processor.py:179} INFO - Processing /opt/airflow/dags/local_to_GCS.py took 0.048 seconds
