[2023-12-09T12:30:51.904+0000] {taskinstance.py:1159} INFO - Dependencies all met for dep_context=non-requeueable deps ti=<TaskInstance: taskflow.upload_to_gcs manual__2023-12-09T12:30:50.026724+00:00 [queued]>
[2023-12-09T12:30:51.910+0000] {taskinstance.py:1159} INFO - Dependencies all met for dep_context=requeueable deps ti=<TaskInstance: taskflow.upload_to_gcs manual__2023-12-09T12:30:50.026724+00:00 [queued]>
[2023-12-09T12:30:51.910+0000] {taskinstance.py:1361} INFO - Starting attempt 1 of 1
[2023-12-09T12:30:51.918+0000] {taskinstance.py:1382} INFO - Executing <Task(LocalFilesystemToGCSOperator): upload_to_gcs> on 2023-12-09 12:30:50.026724+00:00
[2023-12-09T12:30:51.923+0000] {standard_task_runner.py:57} INFO - Started process 14182 to run task
[2023-12-09T12:30:51.926+0000] {standard_task_runner.py:84} INFO - Running: ['***', 'tasks', 'run', 'taskflow', 'upload_to_gcs', 'manual__2023-12-09T12:30:50.026724+00:00', '--job-id', '82', '--raw', '--subdir', 'DAGS_FOLDER/test_decorator.py', '--cfg-path', '/tmp/tmpzpsknx8j']
[2023-12-09T12:30:51.928+0000] {standard_task_runner.py:85} INFO - Job 82: Subtask upload_to_gcs
[2023-12-09T12:30:51.963+0000] {task_command.py:416} INFO - Running <TaskInstance: taskflow.upload_to_gcs manual__2023-12-09T12:30:50.026724+00:00 [running]> on host 3de6e37e1218
[2023-12-09T12:30:52.030+0000] {taskinstance.py:1662} INFO - Exporting env vars: AIRFLOW_CTX_DAG_OWNER='***' AIRFLOW_CTX_DAG_ID='taskflow' AIRFLOW_CTX_TASK_ID='upload_to_gcs' AIRFLOW_CTX_EXECUTION_DATE='2023-12-09T12:30:50.026724+00:00' AIRFLOW_CTX_TRY_NUMBER='1' AIRFLOW_CTX_DAG_RUN_ID='manual__2023-12-09T12:30:50.026724+00:00'
[2023-12-09T12:30:52.037+0000] {connection.py:232} WARNING - Connection schemes (type: google_cloud_platform) shall not contain '_' according to RFC3986.
[2023-12-09T12:30:52.038+0000] {base.py:73} INFO - Using connection ID 'google_cloud_datastore_default' for task execution.
[2023-12-09T12:30:52.038+0000] {credentials_provider.py:353} INFO - Getting connection using `google.auth.default()` since no explicit credentials are provided.
[2023-12-09T12:30:52.906+0000] {gcs.py:562} INFO - File /opt/***/data/northwind_gitRepo/northwind_gitRepo/tables/Customers.csv uploaded to data/Customers.csv in us-central1-test-env-b4f32c38-bucket bucket
[2023-12-09T12:30:53.296+0000] {gcs.py:562} INFO - File /opt/***/data/northwind_gitRepo/northwind_gitRepo/tables/Categories.csv uploaded to data/Categories.csv in us-central1-test-env-b4f32c38-bucket bucket
[2023-12-09T12:30:53.717+0000] {gcs.py:562} INFO - File /opt/***/data/northwind_gitRepo/northwind_gitRepo/tables/Products.csv uploaded to data/Products.csv in us-central1-test-env-b4f32c38-bucket bucket
[2023-12-09T12:30:54.436+0000] {gcs.py:562} INFO - File /opt/***/data/northwind_gitRepo/northwind_gitRepo/tables/Orders.csv uploaded to data/Orders.csv in us-central1-test-env-b4f32c38-bucket bucket
[2023-12-09T12:30:54.845+0000] {gcs.py:562} INFO - File /opt/***/data/northwind_gitRepo/northwind_gitRepo/tables/Suppliers.csv uploaded to data/Suppliers.csv in us-central1-test-env-b4f32c38-bucket bucket
[2023-12-09T12:30:55.253+0000] {gcs.py:562} INFO - File /opt/***/data/northwind_gitRepo/northwind_gitRepo/tables/CustomerCustomerDemo.csv uploaded to data/CustomerCustomerDemo.csv in us-central1-test-env-b4f32c38-bucket bucket
[2023-12-09T12:30:55.873+0000] {gcs.py:562} INFO - File /opt/***/data/northwind_gitRepo/northwind_gitRepo/tables/Shippers.csv uploaded to data/Shippers.csv in us-central1-test-env-b4f32c38-bucket bucket
[2023-12-09T12:30:56.232+0000] {gcs.py:562} INFO - File /opt/***/data/northwind_gitRepo/northwind_gitRepo/tables/Territories.csv uploaded to data/Territories.csv in us-central1-test-env-b4f32c38-bucket bucket
[2023-12-09T12:30:56.618+0000] {gcs.py:562} INFO - File /opt/***/data/northwind_gitRepo/northwind_gitRepo/tables/Employees.csv uploaded to data/Employees.csv in us-central1-test-env-b4f32c38-bucket bucket
[2023-12-09T12:30:57.102+0000] {gcs.py:562} INFO - File /opt/***/data/northwind_gitRepo/northwind_gitRepo/tables/Region.csv uploaded to data/Region.csv in us-central1-test-env-b4f32c38-bucket bucket
[2023-12-09T12:30:57.508+0000] {gcs.py:562} INFO - File /opt/***/data/northwind_gitRepo/northwind_gitRepo/tables/EmployeeTerritories.csv uploaded to data/EmployeeTerritories.csv in us-central1-test-env-b4f32c38-bucket bucket
[2023-12-09T12:30:58.019+0000] {gcs.py:562} INFO - File /opt/***/data/northwind_gitRepo/northwind_gitRepo/tables/CustomerDemographics.csv uploaded to data/CustomerDemographics.csv in us-central1-test-env-b4f32c38-bucket bucket
[2023-12-09T12:30:58.428+0000] {gcs.py:562} INFO - File /opt/***/data/northwind_gitRepo/northwind_gitRepo/tables/Order_details.csv uploaded to data/Order_details.csv in us-central1-test-env-b4f32c38-bucket bucket
[2023-12-09T12:30:58.467+0000] {taskinstance.py:1400} INFO - Marking task as SUCCESS. dag_id=taskflow, task_id=upload_to_gcs, execution_date=20231209T123050, start_date=20231209T123051, end_date=20231209T123058
[2023-12-09T12:30:58.510+0000] {local_task_job_runner.py:228} INFO - Task exited with return code 0
[2023-12-09T12:30:58.537+0000] {taskinstance.py:2778} INFO - 0 downstream tasks scheduled from follow-on schedule check
