[2023-12-03T19:23:54.976+0000] {processor.py:157} INFO - Started process (PID=193) to work on /home/airflow/.local/lib/python3.8/site-packages/airflow/example_dags/example_setup_teardown.py
[2023-12-03T19:23:54.978+0000] {processor.py:829} INFO - Processing file /home/airflow/.local/lib/python3.8/site-packages/airflow/example_dags/example_setup_teardown.py for tasks to queue
[2023-12-03T19:23:54.978+0000] {logging_mixin.py:154} INFO - [2023-12-03T19:23:54.978+0000] {dagbag.py:536} INFO - Filling up the DagBag from /home/airflow/.local/lib/python3.8/site-packages/airflow/example_dags/example_setup_teardown.py
[2023-12-03T19:23:54.993+0000] {processor.py:839} INFO - DAG(s) dict_keys(['example_setup_teardown']) retrieved from /home/airflow/.local/lib/python3.8/site-packages/airflow/example_dags/example_setup_teardown.py
[2023-12-03T19:23:55.059+0000] {logging_mixin.py:154} INFO - [2023-12-03T19:23:55.059+0000] {dag.py:2941} INFO - Sync 1 DAGs
[2023-12-03T19:23:55.111+0000] {logging_mixin.py:154} INFO - [2023-12-03T19:23:55.111+0000] {dag.py:3722} INFO - Setting next_dagrun for example_setup_teardown to 2023-12-02T19:23:55.110773+00:00, run_after=2023-12-03T19:23:55.110773+00:00
[2023-12-03T19:23:55.144+0000] {processor.py:179} INFO - Processing /home/airflow/.local/lib/python3.8/site-packages/airflow/example_dags/example_setup_teardown.py took 0.171 seconds
[2023-12-03T19:24:25.948+0000] {processor.py:157} INFO - Started process (PID=433) to work on /home/airflow/.local/lib/python3.8/site-packages/airflow/example_dags/example_setup_teardown.py
[2023-12-03T19:24:25.949+0000] {processor.py:829} INFO - Processing file /home/airflow/.local/lib/python3.8/site-packages/airflow/example_dags/example_setup_teardown.py for tasks to queue
[2023-12-03T19:24:25.949+0000] {logging_mixin.py:154} INFO - [2023-12-03T19:24:25.949+0000] {dagbag.py:536} INFO - Filling up the DagBag from /home/airflow/.local/lib/python3.8/site-packages/airflow/example_dags/example_setup_teardown.py
[2023-12-03T19:24:25.958+0000] {processor.py:839} INFO - DAG(s) dict_keys(['example_setup_teardown']) retrieved from /home/airflow/.local/lib/python3.8/site-packages/airflow/example_dags/example_setup_teardown.py
[2023-12-03T19:24:25.983+0000] {logging_mixin.py:154} INFO - [2023-12-03T19:24:25.983+0000] {dag.py:2941} INFO - Sync 1 DAGs
[2023-12-03T19:24:26.002+0000] {logging_mixin.py:154} INFO - [2023-12-03T19:24:26.002+0000] {dag.py:3722} INFO - Setting next_dagrun for example_setup_teardown to 2023-12-02T19:24:26.002385+00:00, run_after=2023-12-03T19:24:26.002385+00:00
[2023-12-03T19:24:26.018+0000] {processor.py:179} INFO - Processing /home/airflow/.local/lib/python3.8/site-packages/airflow/example_dags/example_setup_teardown.py took 0.074 seconds
[2023-12-03T19:24:56.991+0000] {processor.py:157} INFO - Started process (PID=669) to work on /home/airflow/.local/lib/python3.8/site-packages/airflow/example_dags/example_setup_teardown.py
[2023-12-03T19:24:56.993+0000] {processor.py:829} INFO - Processing file /home/airflow/.local/lib/python3.8/site-packages/airflow/example_dags/example_setup_teardown.py for tasks to queue
[2023-12-03T19:24:56.993+0000] {logging_mixin.py:154} INFO - [2023-12-03T19:24:56.993+0000] {dagbag.py:536} INFO - Filling up the DagBag from /home/airflow/.local/lib/python3.8/site-packages/airflow/example_dags/example_setup_teardown.py
[2023-12-03T19:24:57.001+0000] {processor.py:839} INFO - DAG(s) dict_keys(['example_setup_teardown']) retrieved from /home/airflow/.local/lib/python3.8/site-packages/airflow/example_dags/example_setup_teardown.py
[2023-12-03T19:24:57.022+0000] {logging_mixin.py:154} INFO - [2023-12-03T19:24:57.022+0000] {dag.py:2941} INFO - Sync 1 DAGs
[2023-12-03T19:24:57.043+0000] {logging_mixin.py:154} INFO - [2023-12-03T19:24:57.043+0000] {dag.py:3722} INFO - Setting next_dagrun for example_setup_teardown to 2023-12-02T19:24:57.042964+00:00, run_after=2023-12-03T19:24:57.042964+00:00
[2023-12-03T19:24:57.061+0000] {processor.py:179} INFO - Processing /home/airflow/.local/lib/python3.8/site-packages/airflow/example_dags/example_setup_teardown.py took 0.073 seconds
[2023-12-03T19:25:27.179+0000] {processor.py:157} INFO - Started process (PID=909) to work on /home/airflow/.local/lib/python3.8/site-packages/airflow/example_dags/example_setup_teardown.py
[2023-12-03T19:25:27.180+0000] {processor.py:829} INFO - Processing file /home/airflow/.local/lib/python3.8/site-packages/airflow/example_dags/example_setup_teardown.py for tasks to queue
[2023-12-03T19:25:27.181+0000] {logging_mixin.py:154} INFO - [2023-12-03T19:25:27.181+0000] {dagbag.py:536} INFO - Filling up the DagBag from /home/airflow/.local/lib/python3.8/site-packages/airflow/example_dags/example_setup_teardown.py
[2023-12-03T19:25:27.188+0000] {processor.py:839} INFO - DAG(s) dict_keys(['example_setup_teardown']) retrieved from /home/airflow/.local/lib/python3.8/site-packages/airflow/example_dags/example_setup_teardown.py
[2023-12-03T19:25:27.205+0000] {logging_mixin.py:154} INFO - [2023-12-03T19:25:27.205+0000] {dag.py:2941} INFO - Sync 1 DAGs
[2023-12-03T19:25:27.221+0000] {logging_mixin.py:154} INFO - [2023-12-03T19:25:27.221+0000] {dag.py:3722} INFO - Setting next_dagrun for example_setup_teardown to 2023-12-02T19:25:27.221450+00:00, run_after=2023-12-03T19:25:27.221450+00:00
[2023-12-03T19:25:27.234+0000] {processor.py:179} INFO - Processing /home/airflow/.local/lib/python3.8/site-packages/airflow/example_dags/example_setup_teardown.py took 0.058 seconds
[2023-12-03T19:25:58.240+0000] {processor.py:157} INFO - Started process (PID=1147) to work on /home/airflow/.local/lib/python3.8/site-packages/airflow/example_dags/example_setup_teardown.py
[2023-12-03T19:25:58.243+0000] {processor.py:829} INFO - Processing file /home/airflow/.local/lib/python3.8/site-packages/airflow/example_dags/example_setup_teardown.py for tasks to queue
[2023-12-03T19:25:58.245+0000] {logging_mixin.py:154} INFO - [2023-12-03T19:25:58.245+0000] {dagbag.py:536} INFO - Filling up the DagBag from /home/airflow/.local/lib/python3.8/site-packages/airflow/example_dags/example_setup_teardown.py
[2023-12-03T19:25:58.259+0000] {processor.py:839} INFO - DAG(s) dict_keys(['example_setup_teardown']) retrieved from /home/airflow/.local/lib/python3.8/site-packages/airflow/example_dags/example_setup_teardown.py
[2023-12-03T19:25:58.288+0000] {logging_mixin.py:154} INFO - [2023-12-03T19:25:58.288+0000] {dag.py:2941} INFO - Sync 1 DAGs
[2023-12-03T19:25:58.316+0000] {logging_mixin.py:154} INFO - [2023-12-03T19:25:58.316+0000] {dag.py:3722} INFO - Setting next_dagrun for example_setup_teardown to 2023-12-02T19:25:58.316171+00:00, run_after=2023-12-03T19:25:58.316171+00:00
[2023-12-03T19:25:58.348+0000] {processor.py:179} INFO - Processing /home/airflow/.local/lib/python3.8/site-packages/airflow/example_dags/example_setup_teardown.py took 0.115 seconds
[2023-12-03T19:26:29.102+0000] {processor.py:157} INFO - Started process (PID=1385) to work on /home/airflow/.local/lib/python3.8/site-packages/airflow/example_dags/example_setup_teardown.py
[2023-12-03T19:26:29.104+0000] {processor.py:829} INFO - Processing file /home/airflow/.local/lib/python3.8/site-packages/airflow/example_dags/example_setup_teardown.py for tasks to queue
[2023-12-03T19:26:29.104+0000] {logging_mixin.py:154} INFO - [2023-12-03T19:26:29.104+0000] {dagbag.py:536} INFO - Filling up the DagBag from /home/airflow/.local/lib/python3.8/site-packages/airflow/example_dags/example_setup_teardown.py
[2023-12-03T19:26:29.112+0000] {processor.py:839} INFO - DAG(s) dict_keys(['example_setup_teardown']) retrieved from /home/airflow/.local/lib/python3.8/site-packages/airflow/example_dags/example_setup_teardown.py
[2023-12-03T19:26:29.132+0000] {logging_mixin.py:154} INFO - [2023-12-03T19:26:29.132+0000] {dag.py:2941} INFO - Sync 1 DAGs
[2023-12-03T19:26:29.150+0000] {logging_mixin.py:154} INFO - [2023-12-03T19:26:29.150+0000] {dag.py:3722} INFO - Setting next_dagrun for example_setup_teardown to 2023-12-02T19:26:29.150419+00:00, run_after=2023-12-03T19:26:29.150419+00:00
[2023-12-03T19:26:29.167+0000] {processor.py:179} INFO - Processing /home/airflow/.local/lib/python3.8/site-packages/airflow/example_dags/example_setup_teardown.py took 0.067 seconds
[2023-12-03T19:26:59.635+0000] {processor.py:157} INFO - Started process (PID=1623) to work on /home/airflow/.local/lib/python3.8/site-packages/airflow/example_dags/example_setup_teardown.py
[2023-12-03T19:26:59.636+0000] {processor.py:829} INFO - Processing file /home/airflow/.local/lib/python3.8/site-packages/airflow/example_dags/example_setup_teardown.py for tasks to queue
[2023-12-03T19:26:59.636+0000] {logging_mixin.py:154} INFO - [2023-12-03T19:26:59.636+0000] {dagbag.py:536} INFO - Filling up the DagBag from /home/airflow/.local/lib/python3.8/site-packages/airflow/example_dags/example_setup_teardown.py
[2023-12-03T19:26:59.643+0000] {processor.py:839} INFO - DAG(s) dict_keys(['example_setup_teardown']) retrieved from /home/airflow/.local/lib/python3.8/site-packages/airflow/example_dags/example_setup_teardown.py
[2023-12-03T19:26:59.663+0000] {logging_mixin.py:154} INFO - [2023-12-03T19:26:59.663+0000] {dag.py:2941} INFO - Sync 1 DAGs
[2023-12-03T19:26:59.679+0000] {logging_mixin.py:154} INFO - [2023-12-03T19:26:59.679+0000] {dag.py:3722} INFO - Setting next_dagrun for example_setup_teardown to 2023-12-02T19:26:59.679249+00:00, run_after=2023-12-03T19:26:59.679249+00:00
[2023-12-03T19:26:59.691+0000] {processor.py:179} INFO - Processing /home/airflow/.local/lib/python3.8/site-packages/airflow/example_dags/example_setup_teardown.py took 0.061 seconds
[2023-12-03T19:27:30.194+0000] {processor.py:157} INFO - Started process (PID=1862) to work on /home/airflow/.local/lib/python3.8/site-packages/airflow/example_dags/example_setup_teardown.py
[2023-12-03T19:27:30.195+0000] {processor.py:829} INFO - Processing file /home/airflow/.local/lib/python3.8/site-packages/airflow/example_dags/example_setup_teardown.py for tasks to queue
[2023-12-03T19:27:30.196+0000] {logging_mixin.py:154} INFO - [2023-12-03T19:27:30.196+0000] {dagbag.py:536} INFO - Filling up the DagBag from /home/airflow/.local/lib/python3.8/site-packages/airflow/example_dags/example_setup_teardown.py
[2023-12-03T19:27:30.203+0000] {processor.py:839} INFO - DAG(s) dict_keys(['example_setup_teardown']) retrieved from /home/airflow/.local/lib/python3.8/site-packages/airflow/example_dags/example_setup_teardown.py
[2023-12-03T19:27:30.222+0000] {logging_mixin.py:154} INFO - [2023-12-03T19:27:30.222+0000] {dag.py:2941} INFO - Sync 1 DAGs
[2023-12-03T19:27:30.240+0000] {logging_mixin.py:154} INFO - [2023-12-03T19:27:30.240+0000] {dag.py:3722} INFO - Setting next_dagrun for example_setup_teardown to 2023-12-02T19:27:30.240234+00:00, run_after=2023-12-03T19:27:30.240234+00:00
[2023-12-03T19:27:30.253+0000] {processor.py:179} INFO - Processing /home/airflow/.local/lib/python3.8/site-packages/airflow/example_dags/example_setup_teardown.py took 0.062 seconds
[2023-12-03T19:28:00.495+0000] {processor.py:157} INFO - Started process (PID=2103) to work on /home/airflow/.local/lib/python3.8/site-packages/airflow/example_dags/example_setup_teardown.py
[2023-12-03T19:28:00.496+0000] {processor.py:829} INFO - Processing file /home/airflow/.local/lib/python3.8/site-packages/airflow/example_dags/example_setup_teardown.py for tasks to queue
[2023-12-03T19:28:00.496+0000] {logging_mixin.py:154} INFO - [2023-12-03T19:28:00.496+0000] {dagbag.py:536} INFO - Filling up the DagBag from /home/airflow/.local/lib/python3.8/site-packages/airflow/example_dags/example_setup_teardown.py
[2023-12-03T19:28:00.504+0000] {processor.py:839} INFO - DAG(s) dict_keys(['example_setup_teardown']) retrieved from /home/airflow/.local/lib/python3.8/site-packages/airflow/example_dags/example_setup_teardown.py
[2023-12-03T19:28:00.522+0000] {logging_mixin.py:154} INFO - [2023-12-03T19:28:00.522+0000] {dag.py:2941} INFO - Sync 1 DAGs
[2023-12-03T19:28:00.541+0000] {logging_mixin.py:154} INFO - [2023-12-03T19:28:00.540+0000] {dag.py:3722} INFO - Setting next_dagrun for example_setup_teardown to 2023-12-02T19:28:00.540600+00:00, run_after=2023-12-03T19:28:00.540600+00:00
[2023-12-03T19:28:00.554+0000] {processor.py:179} INFO - Processing /home/airflow/.local/lib/python3.8/site-packages/airflow/example_dags/example_setup_teardown.py took 0.062 seconds
[2023-12-03T19:28:31.551+0000] {processor.py:157} INFO - Started process (PID=2345) to work on /home/airflow/.local/lib/python3.8/site-packages/airflow/example_dags/example_setup_teardown.py
[2023-12-03T19:28:31.554+0000] {processor.py:829} INFO - Processing file /home/airflow/.local/lib/python3.8/site-packages/airflow/example_dags/example_setup_teardown.py for tasks to queue
[2023-12-03T19:28:31.557+0000] {logging_mixin.py:154} INFO - [2023-12-03T19:28:31.556+0000] {dagbag.py:536} INFO - Filling up the DagBag from /home/airflow/.local/lib/python3.8/site-packages/airflow/example_dags/example_setup_teardown.py
[2023-12-03T19:28:31.579+0000] {processor.py:839} INFO - DAG(s) dict_keys(['example_setup_teardown']) retrieved from /home/airflow/.local/lib/python3.8/site-packages/airflow/example_dags/example_setup_teardown.py
[2023-12-03T19:28:31.644+0000] {logging_mixin.py:154} INFO - [2023-12-03T19:28:31.643+0000] {dag.py:2941} INFO - Sync 1 DAGs
[2023-12-03T19:28:31.740+0000] {logging_mixin.py:154} INFO - [2023-12-03T19:28:31.740+0000] {dag.py:3722} INFO - Setting next_dagrun for example_setup_teardown to 2023-12-02T19:28:31.740099+00:00, run_after=2023-12-03T19:28:31.740099+00:00
[2023-12-03T19:28:31.778+0000] {processor.py:179} INFO - Processing /home/airflow/.local/lib/python3.8/site-packages/airflow/example_dags/example_setup_teardown.py took 0.237 seconds
[2023-12-03T19:29:01.960+0000] {processor.py:157} INFO - Started process (PID=2583) to work on /home/airflow/.local/lib/python3.8/site-packages/airflow/example_dags/example_setup_teardown.py
[2023-12-03T19:29:01.962+0000] {processor.py:829} INFO - Processing file /home/airflow/.local/lib/python3.8/site-packages/airflow/example_dags/example_setup_teardown.py for tasks to queue
[2023-12-03T19:29:01.963+0000] {logging_mixin.py:154} INFO - [2023-12-03T19:29:01.962+0000] {dagbag.py:536} INFO - Filling up the DagBag from /home/airflow/.local/lib/python3.8/site-packages/airflow/example_dags/example_setup_teardown.py
[2023-12-03T19:29:01.973+0000] {processor.py:839} INFO - DAG(s) dict_keys(['example_setup_teardown']) retrieved from /home/airflow/.local/lib/python3.8/site-packages/airflow/example_dags/example_setup_teardown.py
[2023-12-03T19:29:02.003+0000] {logging_mixin.py:154} INFO - [2023-12-03T19:29:02.003+0000] {dag.py:2941} INFO - Sync 1 DAGs
[2023-12-03T19:29:02.036+0000] {logging_mixin.py:154} INFO - [2023-12-03T19:29:02.035+0000] {dag.py:3722} INFO - Setting next_dagrun for example_setup_teardown to 2023-12-02T19:29:02.035618+00:00, run_after=2023-12-03T19:29:02.035618+00:00
[2023-12-03T19:29:02.065+0000] {processor.py:179} INFO - Processing /home/airflow/.local/lib/python3.8/site-packages/airflow/example_dags/example_setup_teardown.py took 0.111 seconds
[2023-12-03T19:29:33.079+0000] {processor.py:157} INFO - Started process (PID=2821) to work on /home/airflow/.local/lib/python3.8/site-packages/airflow/example_dags/example_setup_teardown.py
[2023-12-03T19:29:33.081+0000] {processor.py:829} INFO - Processing file /home/airflow/.local/lib/python3.8/site-packages/airflow/example_dags/example_setup_teardown.py for tasks to queue
[2023-12-03T19:29:33.082+0000] {logging_mixin.py:154} INFO - [2023-12-03T19:29:33.082+0000] {dagbag.py:536} INFO - Filling up the DagBag from /home/airflow/.local/lib/python3.8/site-packages/airflow/example_dags/example_setup_teardown.py
[2023-12-03T19:29:33.092+0000] {processor.py:839} INFO - DAG(s) dict_keys(['example_setup_teardown']) retrieved from /home/airflow/.local/lib/python3.8/site-packages/airflow/example_dags/example_setup_teardown.py
[2023-12-03T19:29:33.116+0000] {logging_mixin.py:154} INFO - [2023-12-03T19:29:33.116+0000] {dag.py:2941} INFO - Sync 1 DAGs
[2023-12-03T19:29:33.140+0000] {logging_mixin.py:154} INFO - [2023-12-03T19:29:33.140+0000] {dag.py:3722} INFO - Setting next_dagrun for example_setup_teardown to 2023-12-02T19:29:33.139790+00:00, run_after=2023-12-03T19:29:33.139790+00:00
[2023-12-03T19:29:33.161+0000] {processor.py:179} INFO - Processing /home/airflow/.local/lib/python3.8/site-packages/airflow/example_dags/example_setup_teardown.py took 0.085 seconds
[2023-12-03T19:30:03.621+0000] {processor.py:157} INFO - Started process (PID=3059) to work on /home/airflow/.local/lib/python3.8/site-packages/airflow/example_dags/example_setup_teardown.py
[2023-12-03T19:30:03.623+0000] {processor.py:829} INFO - Processing file /home/airflow/.local/lib/python3.8/site-packages/airflow/example_dags/example_setup_teardown.py for tasks to queue
[2023-12-03T19:30:03.623+0000] {logging_mixin.py:154} INFO - [2023-12-03T19:30:03.623+0000] {dagbag.py:536} INFO - Filling up the DagBag from /home/airflow/.local/lib/python3.8/site-packages/airflow/example_dags/example_setup_teardown.py
[2023-12-03T19:30:03.630+0000] {processor.py:839} INFO - DAG(s) dict_keys(['example_setup_teardown']) retrieved from /home/airflow/.local/lib/python3.8/site-packages/airflow/example_dags/example_setup_teardown.py
[2023-12-03T19:30:03.652+0000] {logging_mixin.py:154} INFO - [2023-12-03T19:30:03.652+0000] {dag.py:2941} INFO - Sync 1 DAGs
[2023-12-03T19:30:03.669+0000] {logging_mixin.py:154} INFO - [2023-12-03T19:30:03.669+0000] {dag.py:3722} INFO - Setting next_dagrun for example_setup_teardown to 2023-12-02T19:30:03.669104+00:00, run_after=2023-12-03T19:30:03.669104+00:00
[2023-12-03T19:30:03.684+0000] {processor.py:179} INFO - Processing /home/airflow/.local/lib/python3.8/site-packages/airflow/example_dags/example_setup_teardown.py took 0.066 seconds
