[2023-12-03T19:23:55.405+0000] {processor.py:157} INFO - Started process (PID=213) to work on /home/airflow/.local/lib/python3.8/site-packages/airflow/example_dags/example_branch_python_dop_operator_3.py
[2023-12-03T19:23:55.407+0000] {processor.py:829} INFO - Processing file /home/airflow/.local/lib/python3.8/site-packages/airflow/example_dags/example_branch_python_dop_operator_3.py for tasks to queue
[2023-12-03T19:23:55.409+0000] {logging_mixin.py:154} INFO - [2023-12-03T19:23:55.408+0000] {dagbag.py:536} INFO - Filling up the DagBag from /home/airflow/.local/lib/python3.8/site-packages/airflow/example_dags/example_branch_python_dop_operator_3.py
[2023-12-03T19:23:55.427+0000] {processor.py:839} INFO - DAG(s) dict_keys(['example_branch_dop_operator_v3']) retrieved from /home/airflow/.local/lib/python3.8/site-packages/airflow/example_dags/example_branch_python_dop_operator_3.py
[2023-12-03T19:23:55.465+0000] {logging_mixin.py:154} INFO - [2023-12-03T19:23:55.464+0000] {dag.py:2941} INFO - Sync 1 DAGs
[2023-12-03T19:23:55.501+0000] {logging_mixin.py:154} INFO - [2023-12-03T19:23:55.501+0000] {dag.py:3722} INFO - Setting next_dagrun for example_branch_dop_operator_v3 to 2023-12-03T19:22:00+00:00, run_after=2023-12-03T19:23:00+00:00
[2023-12-03T19:23:55.517+0000] {processor.py:179} INFO - Processing /home/airflow/.local/lib/python3.8/site-packages/airflow/example_dags/example_branch_python_dop_operator_3.py took 0.122 seconds
[2023-12-03T19:24:26.702+0000] {processor.py:157} INFO - Started process (PID=451) to work on /home/airflow/.local/lib/python3.8/site-packages/airflow/example_dags/example_branch_python_dop_operator_3.py
[2023-12-03T19:24:26.705+0000] {processor.py:829} INFO - Processing file /home/airflow/.local/lib/python3.8/site-packages/airflow/example_dags/example_branch_python_dop_operator_3.py for tasks to queue
[2023-12-03T19:24:26.706+0000] {logging_mixin.py:154} INFO - [2023-12-03T19:24:26.706+0000] {dagbag.py:536} INFO - Filling up the DagBag from /home/airflow/.local/lib/python3.8/site-packages/airflow/example_dags/example_branch_python_dop_operator_3.py
[2023-12-03T19:24:26.722+0000] {processor.py:839} INFO - DAG(s) dict_keys(['example_branch_dop_operator_v3']) retrieved from /home/airflow/.local/lib/python3.8/site-packages/airflow/example_dags/example_branch_python_dop_operator_3.py
[2023-12-03T19:24:26.761+0000] {logging_mixin.py:154} INFO - [2023-12-03T19:24:26.761+0000] {dag.py:2941} INFO - Sync 1 DAGs
[2023-12-03T19:24:26.807+0000] {logging_mixin.py:154} INFO - [2023-12-03T19:24:26.807+0000] {dag.py:3722} INFO - Setting next_dagrun for example_branch_dop_operator_v3 to 2023-12-03T19:23:00+00:00, run_after=2023-12-03T19:24:00+00:00
[2023-12-03T19:24:26.833+0000] {processor.py:179} INFO - Processing /home/airflow/.local/lib/python3.8/site-packages/airflow/example_dags/example_branch_python_dop_operator_3.py took 0.137 seconds
[2023-12-03T19:24:57.297+0000] {processor.py:157} INFO - Started process (PID=689) to work on /home/airflow/.local/lib/python3.8/site-packages/airflow/example_dags/example_branch_python_dop_operator_3.py
[2023-12-03T19:24:57.299+0000] {processor.py:829} INFO - Processing file /home/airflow/.local/lib/python3.8/site-packages/airflow/example_dags/example_branch_python_dop_operator_3.py for tasks to queue
[2023-12-03T19:24:57.300+0000] {logging_mixin.py:154} INFO - [2023-12-03T19:24:57.300+0000] {dagbag.py:536} INFO - Filling up the DagBag from /home/airflow/.local/lib/python3.8/site-packages/airflow/example_dags/example_branch_python_dop_operator_3.py
[2023-12-03T19:24:57.315+0000] {processor.py:839} INFO - DAG(s) dict_keys(['example_branch_dop_operator_v3']) retrieved from /home/airflow/.local/lib/python3.8/site-packages/airflow/example_dags/example_branch_python_dop_operator_3.py
[2023-12-03T19:24:57.350+0000] {logging_mixin.py:154} INFO - [2023-12-03T19:24:57.350+0000] {dag.py:2941} INFO - Sync 1 DAGs
[2023-12-03T19:24:57.402+0000] {logging_mixin.py:154} INFO - [2023-12-03T19:24:57.402+0000] {dag.py:3722} INFO - Setting next_dagrun for example_branch_dop_operator_v3 to 2023-12-03T19:23:00+00:00, run_after=2023-12-03T19:24:00+00:00
[2023-12-03T19:24:57.443+0000] {processor.py:179} INFO - Processing /home/airflow/.local/lib/python3.8/site-packages/airflow/example_dags/example_branch_python_dop_operator_3.py took 0.152 seconds
[2023-12-03T19:25:28.393+0000] {processor.py:157} INFO - Started process (PID=928) to work on /home/airflow/.local/lib/python3.8/site-packages/airflow/example_dags/example_branch_python_dop_operator_3.py
[2023-12-03T19:25:28.394+0000] {processor.py:829} INFO - Processing file /home/airflow/.local/lib/python3.8/site-packages/airflow/example_dags/example_branch_python_dop_operator_3.py for tasks to queue
[2023-12-03T19:25:28.395+0000] {logging_mixin.py:154} INFO - [2023-12-03T19:25:28.395+0000] {dagbag.py:536} INFO - Filling up the DagBag from /home/airflow/.local/lib/python3.8/site-packages/airflow/example_dags/example_branch_python_dop_operator_3.py
[2023-12-03T19:25:28.404+0000] {processor.py:839} INFO - DAG(s) dict_keys(['example_branch_dop_operator_v3']) retrieved from /home/airflow/.local/lib/python3.8/site-packages/airflow/example_dags/example_branch_python_dop_operator_3.py
[2023-12-03T19:25:28.437+0000] {logging_mixin.py:154} INFO - [2023-12-03T19:25:28.437+0000] {dag.py:2941} INFO - Sync 1 DAGs
[2023-12-03T19:25:28.460+0000] {logging_mixin.py:154} INFO - [2023-12-03T19:25:28.460+0000] {dag.py:3722} INFO - Setting next_dagrun for example_branch_dop_operator_v3 to 2023-12-03T19:24:00+00:00, run_after=2023-12-03T19:25:00+00:00
[2023-12-03T19:25:28.477+0000] {processor.py:179} INFO - Processing /home/airflow/.local/lib/python3.8/site-packages/airflow/example_dags/example_branch_python_dop_operator_3.py took 0.088 seconds
[2023-12-03T19:25:59.732+0000] {processor.py:157} INFO - Started process (PID=1165) to work on /home/airflow/.local/lib/python3.8/site-packages/airflow/example_dags/example_branch_python_dop_operator_3.py
[2023-12-03T19:25:59.737+0000] {processor.py:829} INFO - Processing file /home/airflow/.local/lib/python3.8/site-packages/airflow/example_dags/example_branch_python_dop_operator_3.py for tasks to queue
[2023-12-03T19:25:59.740+0000] {logging_mixin.py:154} INFO - [2023-12-03T19:25:59.739+0000] {dagbag.py:536} INFO - Filling up the DagBag from /home/airflow/.local/lib/python3.8/site-packages/airflow/example_dags/example_branch_python_dop_operator_3.py
[2023-12-03T19:25:59.758+0000] {processor.py:839} INFO - DAG(s) dict_keys(['example_branch_dop_operator_v3']) retrieved from /home/airflow/.local/lib/python3.8/site-packages/airflow/example_dags/example_branch_python_dop_operator_3.py
[2023-12-03T19:25:59.792+0000] {logging_mixin.py:154} INFO - [2023-12-03T19:25:59.792+0000] {dag.py:2941} INFO - Sync 1 DAGs
[2023-12-03T19:25:59.824+0000] {logging_mixin.py:154} INFO - [2023-12-03T19:25:59.824+0000] {dag.py:3722} INFO - Setting next_dagrun for example_branch_dop_operator_v3 to 2023-12-03T19:24:00+00:00, run_after=2023-12-03T19:25:00+00:00
[2023-12-03T19:25:59.847+0000] {processor.py:179} INFO - Processing /home/airflow/.local/lib/python3.8/site-packages/airflow/example_dags/example_branch_python_dop_operator_3.py took 0.131 seconds
[2023-12-03T19:26:30.287+0000] {processor.py:157} INFO - Started process (PID=1403) to work on /home/airflow/.local/lib/python3.8/site-packages/airflow/example_dags/example_branch_python_dop_operator_3.py
[2023-12-03T19:26:30.288+0000] {processor.py:829} INFO - Processing file /home/airflow/.local/lib/python3.8/site-packages/airflow/example_dags/example_branch_python_dop_operator_3.py for tasks to queue
[2023-12-03T19:26:30.290+0000] {logging_mixin.py:154} INFO - [2023-12-03T19:26:30.290+0000] {dagbag.py:536} INFO - Filling up the DagBag from /home/airflow/.local/lib/python3.8/site-packages/airflow/example_dags/example_branch_python_dop_operator_3.py
[2023-12-03T19:26:30.302+0000] {processor.py:839} INFO - DAG(s) dict_keys(['example_branch_dop_operator_v3']) retrieved from /home/airflow/.local/lib/python3.8/site-packages/airflow/example_dags/example_branch_python_dop_operator_3.py
[2023-12-03T19:26:30.330+0000] {logging_mixin.py:154} INFO - [2023-12-03T19:26:30.330+0000] {dag.py:2941} INFO - Sync 1 DAGs
[2023-12-03T19:26:30.354+0000] {logging_mixin.py:154} INFO - [2023-12-03T19:26:30.354+0000] {dag.py:3722} INFO - Setting next_dagrun for example_branch_dop_operator_v3 to 2023-12-03T19:25:00+00:00, run_after=2023-12-03T19:26:00+00:00
[2023-12-03T19:26:30.372+0000] {processor.py:179} INFO - Processing /home/airflow/.local/lib/python3.8/site-packages/airflow/example_dags/example_branch_python_dop_operator_3.py took 0.089 seconds
[2023-12-03T19:27:00.938+0000] {processor.py:157} INFO - Started process (PID=1641) to work on /home/airflow/.local/lib/python3.8/site-packages/airflow/example_dags/example_branch_python_dop_operator_3.py
[2023-12-03T19:27:00.942+0000] {processor.py:829} INFO - Processing file /home/airflow/.local/lib/python3.8/site-packages/airflow/example_dags/example_branch_python_dop_operator_3.py for tasks to queue
[2023-12-03T19:27:00.945+0000] {logging_mixin.py:154} INFO - [2023-12-03T19:27:00.945+0000] {dagbag.py:536} INFO - Filling up the DagBag from /home/airflow/.local/lib/python3.8/site-packages/airflow/example_dags/example_branch_python_dop_operator_3.py
[2023-12-03T19:27:00.961+0000] {processor.py:839} INFO - DAG(s) dict_keys(['example_branch_dop_operator_v3']) retrieved from /home/airflow/.local/lib/python3.8/site-packages/airflow/example_dags/example_branch_python_dop_operator_3.py
[2023-12-03T19:27:00.987+0000] {logging_mixin.py:154} INFO - [2023-12-03T19:27:00.987+0000] {dag.py:2941} INFO - Sync 1 DAGs
[2023-12-03T19:27:01.010+0000] {logging_mixin.py:154} INFO - [2023-12-03T19:27:01.010+0000] {dag.py:3722} INFO - Setting next_dagrun for example_branch_dop_operator_v3 to 2023-12-03T19:26:00+00:00, run_after=2023-12-03T19:27:00+00:00
[2023-12-03T19:27:01.026+0000] {processor.py:179} INFO - Processing /home/airflow/.local/lib/python3.8/site-packages/airflow/example_dags/example_branch_python_dop_operator_3.py took 0.096 seconds
[2023-12-03T19:27:31.353+0000] {processor.py:157} INFO - Started process (PID=1880) to work on /home/airflow/.local/lib/python3.8/site-packages/airflow/example_dags/example_branch_python_dop_operator_3.py
[2023-12-03T19:27:31.354+0000] {processor.py:829} INFO - Processing file /home/airflow/.local/lib/python3.8/site-packages/airflow/example_dags/example_branch_python_dop_operator_3.py for tasks to queue
[2023-12-03T19:27:31.356+0000] {logging_mixin.py:154} INFO - [2023-12-03T19:27:31.355+0000] {dagbag.py:536} INFO - Filling up the DagBag from /home/airflow/.local/lib/python3.8/site-packages/airflow/example_dags/example_branch_python_dop_operator_3.py
[2023-12-03T19:27:31.369+0000] {processor.py:839} INFO - DAG(s) dict_keys(['example_branch_dop_operator_v3']) retrieved from /home/airflow/.local/lib/python3.8/site-packages/airflow/example_dags/example_branch_python_dop_operator_3.py
[2023-12-03T19:27:31.391+0000] {logging_mixin.py:154} INFO - [2023-12-03T19:27:31.391+0000] {dag.py:2941} INFO - Sync 1 DAGs
[2023-12-03T19:27:31.413+0000] {logging_mixin.py:154} INFO - [2023-12-03T19:27:31.413+0000] {dag.py:3722} INFO - Setting next_dagrun for example_branch_dop_operator_v3 to 2023-12-03T19:26:00+00:00, run_after=2023-12-03T19:27:00+00:00
[2023-12-03T19:27:31.428+0000] {processor.py:179} INFO - Processing /home/airflow/.local/lib/python3.8/site-packages/airflow/example_dags/example_branch_python_dop_operator_3.py took 0.079 seconds
[2023-12-03T19:28:01.720+0000] {processor.py:157} INFO - Started process (PID=2121) to work on /home/airflow/.local/lib/python3.8/site-packages/airflow/example_dags/example_branch_python_dop_operator_3.py
[2023-12-03T19:28:01.721+0000] {processor.py:829} INFO - Processing file /home/airflow/.local/lib/python3.8/site-packages/airflow/example_dags/example_branch_python_dop_operator_3.py for tasks to queue
[2023-12-03T19:28:01.722+0000] {logging_mixin.py:154} INFO - [2023-12-03T19:28:01.722+0000] {dagbag.py:536} INFO - Filling up the DagBag from /home/airflow/.local/lib/python3.8/site-packages/airflow/example_dags/example_branch_python_dop_operator_3.py
[2023-12-03T19:28:01.730+0000] {processor.py:839} INFO - DAG(s) dict_keys(['example_branch_dop_operator_v3']) retrieved from /home/airflow/.local/lib/python3.8/site-packages/airflow/example_dags/example_branch_python_dop_operator_3.py
[2023-12-03T19:28:01.752+0000] {logging_mixin.py:154} INFO - [2023-12-03T19:28:01.752+0000] {dag.py:2941} INFO - Sync 1 DAGs
[2023-12-03T19:28:01.774+0000] {logging_mixin.py:154} INFO - [2023-12-03T19:28:01.774+0000] {dag.py:3722} INFO - Setting next_dagrun for example_branch_dop_operator_v3 to 2023-12-03T19:27:00+00:00, run_after=2023-12-03T19:28:00+00:00
[2023-12-03T19:28:01.788+0000] {processor.py:179} INFO - Processing /home/airflow/.local/lib/python3.8/site-packages/airflow/example_dags/example_branch_python_dop_operator_3.py took 0.072 seconds
[2023-12-03T19:28:32.135+0000] {processor.py:157} INFO - Started process (PID=2363) to work on /home/airflow/.local/lib/python3.8/site-packages/airflow/example_dags/example_branch_python_dop_operator_3.py
[2023-12-03T19:28:32.137+0000] {processor.py:829} INFO - Processing file /home/airflow/.local/lib/python3.8/site-packages/airflow/example_dags/example_branch_python_dop_operator_3.py for tasks to queue
[2023-12-03T19:28:32.138+0000] {logging_mixin.py:154} INFO - [2023-12-03T19:28:32.138+0000] {dagbag.py:536} INFO - Filling up the DagBag from /home/airflow/.local/lib/python3.8/site-packages/airflow/example_dags/example_branch_python_dop_operator_3.py
[2023-12-03T19:28:32.152+0000] {processor.py:839} INFO - DAG(s) dict_keys(['example_branch_dop_operator_v3']) retrieved from /home/airflow/.local/lib/python3.8/site-packages/airflow/example_dags/example_branch_python_dop_operator_3.py
[2023-12-03T19:28:32.189+0000] {logging_mixin.py:154} INFO - [2023-12-03T19:28:32.188+0000] {dag.py:2941} INFO - Sync 1 DAGs
[2023-12-03T19:28:32.321+0000] {logging_mixin.py:154} INFO - [2023-12-03T19:28:32.320+0000] {dag.py:3722} INFO - Setting next_dagrun for example_branch_dop_operator_v3 to 2023-12-03T19:27:00+00:00, run_after=2023-12-03T19:28:00+00:00
[2023-12-03T19:28:32.382+0000] {processor.py:179} INFO - Processing /home/airflow/.local/lib/python3.8/site-packages/airflow/example_dags/example_branch_python_dop_operator_3.py took 0.252 seconds
[2023-12-03T19:29:03.131+0000] {processor.py:157} INFO - Started process (PID=2601) to work on /home/airflow/.local/lib/python3.8/site-packages/airflow/example_dags/example_branch_python_dop_operator_3.py
[2023-12-03T19:29:03.133+0000] {processor.py:829} INFO - Processing file /home/airflow/.local/lib/python3.8/site-packages/airflow/example_dags/example_branch_python_dop_operator_3.py for tasks to queue
[2023-12-03T19:29:03.134+0000] {logging_mixin.py:154} INFO - [2023-12-03T19:29:03.134+0000] {dagbag.py:536} INFO - Filling up the DagBag from /home/airflow/.local/lib/python3.8/site-packages/airflow/example_dags/example_branch_python_dop_operator_3.py
[2023-12-03T19:29:03.149+0000] {processor.py:839} INFO - DAG(s) dict_keys(['example_branch_dop_operator_v3']) retrieved from /home/airflow/.local/lib/python3.8/site-packages/airflow/example_dags/example_branch_python_dop_operator_3.py
[2023-12-03T19:29:03.180+0000] {logging_mixin.py:154} INFO - [2023-12-03T19:29:03.179+0000] {dag.py:2941} INFO - Sync 1 DAGs
[2023-12-03T19:29:03.216+0000] {logging_mixin.py:154} INFO - [2023-12-03T19:29:03.215+0000] {dag.py:3722} INFO - Setting next_dagrun for example_branch_dop_operator_v3 to 2023-12-03T19:28:00+00:00, run_after=2023-12-03T19:29:00+00:00
[2023-12-03T19:29:03.243+0000] {processor.py:179} INFO - Processing /home/airflow/.local/lib/python3.8/site-packages/airflow/example_dags/example_branch_python_dop_operator_3.py took 0.118 seconds
[2023-12-03T19:29:33.593+0000] {processor.py:157} INFO - Started process (PID=2841) to work on /home/airflow/.local/lib/python3.8/site-packages/airflow/example_dags/example_branch_python_dop_operator_3.py
[2023-12-03T19:29:33.594+0000] {processor.py:829} INFO - Processing file /home/airflow/.local/lib/python3.8/site-packages/airflow/example_dags/example_branch_python_dop_operator_3.py for tasks to queue
[2023-12-03T19:29:33.595+0000] {logging_mixin.py:154} INFO - [2023-12-03T19:29:33.594+0000] {dagbag.py:536} INFO - Filling up the DagBag from /home/airflow/.local/lib/python3.8/site-packages/airflow/example_dags/example_branch_python_dop_operator_3.py
[2023-12-03T19:29:33.604+0000] {processor.py:839} INFO - DAG(s) dict_keys(['example_branch_dop_operator_v3']) retrieved from /home/airflow/.local/lib/python3.8/site-packages/airflow/example_dags/example_branch_python_dop_operator_3.py
[2023-12-03T19:29:33.628+0000] {logging_mixin.py:154} INFO - [2023-12-03T19:29:33.628+0000] {dag.py:2941} INFO - Sync 1 DAGs
[2023-12-03T19:29:33.653+0000] {logging_mixin.py:154} INFO - [2023-12-03T19:29:33.653+0000] {dag.py:3722} INFO - Setting next_dagrun for example_branch_dop_operator_v3 to 2023-12-03T19:28:00+00:00, run_after=2023-12-03T19:29:00+00:00
[2023-12-03T19:29:33.669+0000] {processor.py:179} INFO - Processing /home/airflow/.local/lib/python3.8/site-packages/airflow/example_dags/example_branch_python_dop_operator_3.py took 0.080 seconds
[2023-12-03T19:30:03.913+0000] {processor.py:157} INFO - Started process (PID=3079) to work on /home/airflow/.local/lib/python3.8/site-packages/airflow/example_dags/example_branch_python_dop_operator_3.py
[2023-12-03T19:30:03.914+0000] {processor.py:829} INFO - Processing file /home/airflow/.local/lib/python3.8/site-packages/airflow/example_dags/example_branch_python_dop_operator_3.py for tasks to queue
[2023-12-03T19:30:03.915+0000] {logging_mixin.py:154} INFO - [2023-12-03T19:30:03.914+0000] {dagbag.py:536} INFO - Filling up the DagBag from /home/airflow/.local/lib/python3.8/site-packages/airflow/example_dags/example_branch_python_dop_operator_3.py
[2023-12-03T19:30:03.922+0000] {processor.py:839} INFO - DAG(s) dict_keys(['example_branch_dop_operator_v3']) retrieved from /home/airflow/.local/lib/python3.8/site-packages/airflow/example_dags/example_branch_python_dop_operator_3.py
[2023-12-03T19:30:03.944+0000] {logging_mixin.py:154} INFO - [2023-12-03T19:30:03.944+0000] {dag.py:2941} INFO - Sync 1 DAGs
[2023-12-03T19:30:03.969+0000] {logging_mixin.py:154} INFO - [2023-12-03T19:30:03.969+0000] {dag.py:3722} INFO - Setting next_dagrun for example_branch_dop_operator_v3 to 2023-12-03T19:29:00+00:00, run_after=2023-12-03T19:30:00+00:00
[2023-12-03T19:30:04.010+0000] {processor.py:179} INFO - Processing /home/airflow/.local/lib/python3.8/site-packages/airflow/example_dags/example_branch_python_dop_operator_3.py took 0.101 seconds
