[2023-12-03T19:23:59.283+0000] {processor.py:157} INFO - Started process (PID=370) to work on /home/airflow/.local/lib/python3.8/site-packages/airflow/example_dags/example_branch_operator.py
[2023-12-03T19:23:59.285+0000] {processor.py:829} INFO - Processing file /home/airflow/.local/lib/python3.8/site-packages/airflow/example_dags/example_branch_operator.py for tasks to queue
[2023-12-03T19:23:59.286+0000] {logging_mixin.py:154} INFO - [2023-12-03T19:23:59.286+0000] {dagbag.py:536} INFO - Filling up the DagBag from /home/airflow/.local/lib/python3.8/site-packages/airflow/example_dags/example_branch_operator.py
[2023-12-03T19:23:59.302+0000] {processor.py:839} INFO - DAG(s) dict_keys(['example_branch_operator']) retrieved from /home/airflow/.local/lib/python3.8/site-packages/airflow/example_dags/example_branch_operator.py
[2023-12-03T19:23:59.336+0000] {logging_mixin.py:154} INFO - [2023-12-03T19:23:59.336+0000] {dag.py:2941} INFO - Sync 1 DAGs
[2023-12-03T19:23:59.389+0000] {logging_mixin.py:154} INFO - [2023-12-03T19:23:59.388+0000] {dag.py:3722} INFO - Setting next_dagrun for example_branch_operator to 2023-12-02T00:00:00+00:00, run_after=2023-12-03T00:00:00+00:00
[2023-12-03T19:23:59.417+0000] {processor.py:179} INFO - Processing /home/airflow/.local/lib/python3.8/site-packages/airflow/example_dags/example_branch_operator.py took 0.138 seconds
[2023-12-03T19:24:30.485+0000] {processor.py:157} INFO - Started process (PID=607) to work on /home/airflow/.local/lib/python3.8/site-packages/airflow/example_dags/example_branch_operator.py
[2023-12-03T19:24:30.486+0000] {processor.py:829} INFO - Processing file /home/airflow/.local/lib/python3.8/site-packages/airflow/example_dags/example_branch_operator.py for tasks to queue
[2023-12-03T19:24:30.487+0000] {logging_mixin.py:154} INFO - [2023-12-03T19:24:30.487+0000] {dagbag.py:536} INFO - Filling up the DagBag from /home/airflow/.local/lib/python3.8/site-packages/airflow/example_dags/example_branch_operator.py
[2023-12-03T19:24:30.497+0000] {processor.py:839} INFO - DAG(s) dict_keys(['example_branch_operator']) retrieved from /home/airflow/.local/lib/python3.8/site-packages/airflow/example_dags/example_branch_operator.py
[2023-12-03T19:24:30.523+0000] {logging_mixin.py:154} INFO - [2023-12-03T19:24:30.522+0000] {dag.py:2941} INFO - Sync 1 DAGs
[2023-12-03T19:24:30.546+0000] {logging_mixin.py:154} INFO - [2023-12-03T19:24:30.546+0000] {dag.py:3722} INFO - Setting next_dagrun for example_branch_operator to 2023-12-02T00:00:00+00:00, run_after=2023-12-03T00:00:00+00:00
[2023-12-03T19:24:30.563+0000] {processor.py:179} INFO - Processing /home/airflow/.local/lib/python3.8/site-packages/airflow/example_dags/example_branch_operator.py took 0.081 seconds
[2023-12-03T19:25:01.518+0000] {processor.py:157} INFO - Started process (PID=844) to work on /home/airflow/.local/lib/python3.8/site-packages/airflow/example_dags/example_branch_operator.py
[2023-12-03T19:25:01.519+0000] {processor.py:829} INFO - Processing file /home/airflow/.local/lib/python3.8/site-packages/airflow/example_dags/example_branch_operator.py for tasks to queue
[2023-12-03T19:25:01.521+0000] {logging_mixin.py:154} INFO - [2023-12-03T19:25:01.521+0000] {dagbag.py:536} INFO - Filling up the DagBag from /home/airflow/.local/lib/python3.8/site-packages/airflow/example_dags/example_branch_operator.py
[2023-12-03T19:25:01.534+0000] {processor.py:839} INFO - DAG(s) dict_keys(['example_branch_operator']) retrieved from /home/airflow/.local/lib/python3.8/site-packages/airflow/example_dags/example_branch_operator.py
[2023-12-03T19:25:01.571+0000] {logging_mixin.py:154} INFO - [2023-12-03T19:25:01.571+0000] {dag.py:2941} INFO - Sync 1 DAGs
[2023-12-03T19:25:01.608+0000] {logging_mixin.py:154} INFO - [2023-12-03T19:25:01.608+0000] {dag.py:3722} INFO - Setting next_dagrun for example_branch_operator to 2023-12-02T00:00:00+00:00, run_after=2023-12-03T00:00:00+00:00
[2023-12-03T19:25:01.650+0000] {processor.py:179} INFO - Processing /home/airflow/.local/lib/python3.8/site-packages/airflow/example_dags/example_branch_operator.py took 0.137 seconds
[2023-12-03T19:25:32.131+0000] {processor.py:157} INFO - Started process (PID=1082) to work on /home/airflow/.local/lib/python3.8/site-packages/airflow/example_dags/example_branch_operator.py
[2023-12-03T19:25:32.132+0000] {processor.py:829} INFO - Processing file /home/airflow/.local/lib/python3.8/site-packages/airflow/example_dags/example_branch_operator.py for tasks to queue
[2023-12-03T19:25:32.132+0000] {logging_mixin.py:154} INFO - [2023-12-03T19:25:32.132+0000] {dagbag.py:536} INFO - Filling up the DagBag from /home/airflow/.local/lib/python3.8/site-packages/airflow/example_dags/example_branch_operator.py
[2023-12-03T19:25:32.141+0000] {processor.py:839} INFO - DAG(s) dict_keys(['example_branch_operator']) retrieved from /home/airflow/.local/lib/python3.8/site-packages/airflow/example_dags/example_branch_operator.py
[2023-12-03T19:25:32.160+0000] {logging_mixin.py:154} INFO - [2023-12-03T19:25:32.160+0000] {dag.py:2941} INFO - Sync 1 DAGs
[2023-12-03T19:25:32.179+0000] {logging_mixin.py:154} INFO - [2023-12-03T19:25:32.178+0000] {dag.py:3722} INFO - Setting next_dagrun for example_branch_operator to 2023-12-02T00:00:00+00:00, run_after=2023-12-03T00:00:00+00:00
[2023-12-03T19:25:32.192+0000] {processor.py:179} INFO - Processing /home/airflow/.local/lib/python3.8/site-packages/airflow/example_dags/example_branch_operator.py took 0.064 seconds
[2023-12-03T19:26:03.295+0000] {processor.py:157} INFO - Started process (PID=1320) to work on /home/airflow/.local/lib/python3.8/site-packages/airflow/example_dags/example_branch_operator.py
[2023-12-03T19:26:03.297+0000] {processor.py:829} INFO - Processing file /home/airflow/.local/lib/python3.8/site-packages/airflow/example_dags/example_branch_operator.py for tasks to queue
[2023-12-03T19:26:03.298+0000] {logging_mixin.py:154} INFO - [2023-12-03T19:26:03.297+0000] {dagbag.py:536} INFO - Filling up the DagBag from /home/airflow/.local/lib/python3.8/site-packages/airflow/example_dags/example_branch_operator.py
[2023-12-03T19:26:03.310+0000] {processor.py:839} INFO - DAG(s) dict_keys(['example_branch_operator']) retrieved from /home/airflow/.local/lib/python3.8/site-packages/airflow/example_dags/example_branch_operator.py
[2023-12-03T19:26:03.342+0000] {logging_mixin.py:154} INFO - [2023-12-03T19:26:03.342+0000] {dag.py:2941} INFO - Sync 1 DAGs
[2023-12-03T19:26:03.367+0000] {logging_mixin.py:154} INFO - [2023-12-03T19:26:03.367+0000] {dag.py:3722} INFO - Setting next_dagrun for example_branch_operator to 2023-12-02T00:00:00+00:00, run_after=2023-12-03T00:00:00+00:00
[2023-12-03T19:26:03.386+0000] {processor.py:179} INFO - Processing /home/airflow/.local/lib/python3.8/site-packages/airflow/example_dags/example_branch_operator.py took 0.094 seconds
[2023-12-03T19:26:33.660+0000] {processor.py:157} INFO - Started process (PID=1560) to work on /home/airflow/.local/lib/python3.8/site-packages/airflow/example_dags/example_branch_operator.py
[2023-12-03T19:26:33.662+0000] {processor.py:829} INFO - Processing file /home/airflow/.local/lib/python3.8/site-packages/airflow/example_dags/example_branch_operator.py for tasks to queue
[2023-12-03T19:26:33.664+0000] {logging_mixin.py:154} INFO - [2023-12-03T19:26:33.663+0000] {dagbag.py:536} INFO - Filling up the DagBag from /home/airflow/.local/lib/python3.8/site-packages/airflow/example_dags/example_branch_operator.py
[2023-12-03T19:26:33.679+0000] {processor.py:839} INFO - DAG(s) dict_keys(['example_branch_operator']) retrieved from /home/airflow/.local/lib/python3.8/site-packages/airflow/example_dags/example_branch_operator.py
[2023-12-03T19:26:33.720+0000] {logging_mixin.py:154} INFO - [2023-12-03T19:26:33.719+0000] {dag.py:2941} INFO - Sync 1 DAGs
[2023-12-03T19:26:33.784+0000] {logging_mixin.py:154} INFO - [2023-12-03T19:26:33.784+0000] {dag.py:3722} INFO - Setting next_dagrun for example_branch_operator to 2023-12-02T00:00:00+00:00, run_after=2023-12-03T00:00:00+00:00
[2023-12-03T19:26:33.817+0000] {processor.py:179} INFO - Processing /home/airflow/.local/lib/python3.8/site-packages/airflow/example_dags/example_branch_operator.py took 0.165 seconds
[2023-12-03T19:27:03.961+0000] {processor.py:157} INFO - Started process (PID=1796) to work on /home/airflow/.local/lib/python3.8/site-packages/airflow/example_dags/example_branch_operator.py
[2023-12-03T19:27:03.965+0000] {processor.py:829} INFO - Processing file /home/airflow/.local/lib/python3.8/site-packages/airflow/example_dags/example_branch_operator.py for tasks to queue
[2023-12-03T19:27:03.967+0000] {logging_mixin.py:154} INFO - [2023-12-03T19:27:03.967+0000] {dagbag.py:536} INFO - Filling up the DagBag from /home/airflow/.local/lib/python3.8/site-packages/airflow/example_dags/example_branch_operator.py
[2023-12-03T19:27:03.983+0000] {processor.py:839} INFO - DAG(s) dict_keys(['example_branch_operator']) retrieved from /home/airflow/.local/lib/python3.8/site-packages/airflow/example_dags/example_branch_operator.py
[2023-12-03T19:27:04.026+0000] {logging_mixin.py:154} INFO - [2023-12-03T19:27:04.026+0000] {dag.py:2941} INFO - Sync 1 DAGs
[2023-12-03T19:27:04.101+0000] {logging_mixin.py:154} INFO - [2023-12-03T19:27:04.101+0000] {dag.py:3722} INFO - Setting next_dagrun for example_branch_operator to 2023-12-02T00:00:00+00:00, run_after=2023-12-03T00:00:00+00:00
[2023-12-03T19:27:04.156+0000] {processor.py:179} INFO - Processing /home/airflow/.local/lib/python3.8/site-packages/airflow/example_dags/example_branch_operator.py took 0.201 seconds
[2023-12-03T19:27:34.287+0000] {processor.py:157} INFO - Started process (PID=2035) to work on /home/airflow/.local/lib/python3.8/site-packages/airflow/example_dags/example_branch_operator.py
[2023-12-03T19:27:34.288+0000] {processor.py:829} INFO - Processing file /home/airflow/.local/lib/python3.8/site-packages/airflow/example_dags/example_branch_operator.py for tasks to queue
[2023-12-03T19:27:34.289+0000] {logging_mixin.py:154} INFO - [2023-12-03T19:27:34.289+0000] {dagbag.py:536} INFO - Filling up the DagBag from /home/airflow/.local/lib/python3.8/site-packages/airflow/example_dags/example_branch_operator.py
[2023-12-03T19:27:34.299+0000] {processor.py:839} INFO - DAG(s) dict_keys(['example_branch_operator']) retrieved from /home/airflow/.local/lib/python3.8/site-packages/airflow/example_dags/example_branch_operator.py
[2023-12-03T19:27:34.323+0000] {logging_mixin.py:154} INFO - [2023-12-03T19:27:34.323+0000] {dag.py:2941} INFO - Sync 1 DAGs
[2023-12-03T19:27:34.346+0000] {logging_mixin.py:154} INFO - [2023-12-03T19:27:34.346+0000] {dag.py:3722} INFO - Setting next_dagrun for example_branch_operator to 2023-12-02T00:00:00+00:00, run_after=2023-12-03T00:00:00+00:00
[2023-12-03T19:27:34.362+0000] {processor.py:179} INFO - Processing /home/airflow/.local/lib/python3.8/site-packages/airflow/example_dags/example_branch_operator.py took 0.078 seconds
[2023-12-03T19:28:04.571+0000] {processor.py:157} INFO - Started process (PID=2276) to work on /home/airflow/.local/lib/python3.8/site-packages/airflow/example_dags/example_branch_operator.py
[2023-12-03T19:28:04.572+0000] {processor.py:829} INFO - Processing file /home/airflow/.local/lib/python3.8/site-packages/airflow/example_dags/example_branch_operator.py for tasks to queue
[2023-12-03T19:28:04.573+0000] {logging_mixin.py:154} INFO - [2023-12-03T19:28:04.573+0000] {dagbag.py:536} INFO - Filling up the DagBag from /home/airflow/.local/lib/python3.8/site-packages/airflow/example_dags/example_branch_operator.py
[2023-12-03T19:28:04.581+0000] {processor.py:839} INFO - DAG(s) dict_keys(['example_branch_operator']) retrieved from /home/airflow/.local/lib/python3.8/site-packages/airflow/example_dags/example_branch_operator.py
[2023-12-03T19:28:04.602+0000] {logging_mixin.py:154} INFO - [2023-12-03T19:28:04.601+0000] {dag.py:2941} INFO - Sync 1 DAGs
[2023-12-03T19:28:04.620+0000] {logging_mixin.py:154} INFO - [2023-12-03T19:28:04.620+0000] {dag.py:3722} INFO - Setting next_dagrun for example_branch_operator to 2023-12-03T00:00:00+00:00, run_after=2023-12-04T00:00:00+00:00
[2023-12-03T19:28:04.633+0000] {processor.py:179} INFO - Processing /home/airflow/.local/lib/python3.8/site-packages/airflow/example_dags/example_branch_operator.py took 0.066 seconds
[2023-12-03T19:28:35.802+0000] {processor.py:157} INFO - Started process (PID=2518) to work on /home/airflow/.local/lib/python3.8/site-packages/airflow/example_dags/example_branch_operator.py
[2023-12-03T19:28:35.803+0000] {processor.py:829} INFO - Processing file /home/airflow/.local/lib/python3.8/site-packages/airflow/example_dags/example_branch_operator.py for tasks to queue
[2023-12-03T19:28:35.804+0000] {logging_mixin.py:154} INFO - [2023-12-03T19:28:35.804+0000] {dagbag.py:536} INFO - Filling up the DagBag from /home/airflow/.local/lib/python3.8/site-packages/airflow/example_dags/example_branch_operator.py
[2023-12-03T19:28:35.813+0000] {processor.py:839} INFO - DAG(s) dict_keys(['example_branch_operator']) retrieved from /home/airflow/.local/lib/python3.8/site-packages/airflow/example_dags/example_branch_operator.py
[2023-12-03T19:28:35.833+0000] {logging_mixin.py:154} INFO - [2023-12-03T19:28:35.832+0000] {dag.py:2941} INFO - Sync 1 DAGs
[2023-12-03T19:28:35.852+0000] {logging_mixin.py:154} INFO - [2023-12-03T19:28:35.852+0000] {dag.py:3722} INFO - Setting next_dagrun for example_branch_operator to 2023-12-03T00:00:00+00:00, run_after=2023-12-04T00:00:00+00:00
[2023-12-03T19:28:35.865+0000] {processor.py:179} INFO - Processing /home/airflow/.local/lib/python3.8/site-packages/airflow/example_dags/example_branch_operator.py took 0.066 seconds
[2023-12-03T19:29:06.153+0000] {processor.py:157} INFO - Started process (PID=2758) to work on /home/airflow/.local/lib/python3.8/site-packages/airflow/example_dags/example_branch_operator.py
[2023-12-03T19:29:06.155+0000] {processor.py:829} INFO - Processing file /home/airflow/.local/lib/python3.8/site-packages/airflow/example_dags/example_branch_operator.py for tasks to queue
[2023-12-03T19:29:06.156+0000] {logging_mixin.py:154} INFO - [2023-12-03T19:29:06.155+0000] {dagbag.py:536} INFO - Filling up the DagBag from /home/airflow/.local/lib/python3.8/site-packages/airflow/example_dags/example_branch_operator.py
[2023-12-03T19:29:06.166+0000] {processor.py:839} INFO - DAG(s) dict_keys(['example_branch_operator']) retrieved from /home/airflow/.local/lib/python3.8/site-packages/airflow/example_dags/example_branch_operator.py
[2023-12-03T19:29:06.192+0000] {logging_mixin.py:154} INFO - [2023-12-03T19:29:06.191+0000] {dag.py:2941} INFO - Sync 1 DAGs
[2023-12-03T19:29:06.212+0000] {logging_mixin.py:154} INFO - [2023-12-03T19:29:06.212+0000] {dag.py:3722} INFO - Setting next_dagrun for example_branch_operator to 2023-12-03T00:00:00+00:00, run_after=2023-12-04T00:00:00+00:00
[2023-12-03T19:29:06.229+0000] {processor.py:179} INFO - Processing /home/airflow/.local/lib/python3.8/site-packages/airflow/example_dags/example_branch_operator.py took 0.080 seconds
[2023-12-03T19:29:38.541+0000] {processor.py:157} INFO - Started process (PID=2996) to work on /home/airflow/.local/lib/python3.8/site-packages/airflow/example_dags/example_branch_operator.py
[2023-12-03T19:29:38.542+0000] {processor.py:829} INFO - Processing file /home/airflow/.local/lib/python3.8/site-packages/airflow/example_dags/example_branch_operator.py for tasks to queue
[2023-12-03T19:29:38.543+0000] {logging_mixin.py:154} INFO - [2023-12-03T19:29:38.543+0000] {dagbag.py:536} INFO - Filling up the DagBag from /home/airflow/.local/lib/python3.8/site-packages/airflow/example_dags/example_branch_operator.py
[2023-12-03T19:29:38.555+0000] {processor.py:839} INFO - DAG(s) dict_keys(['example_branch_operator']) retrieved from /home/airflow/.local/lib/python3.8/site-packages/airflow/example_dags/example_branch_operator.py
[2023-12-03T19:29:38.579+0000] {logging_mixin.py:154} INFO - [2023-12-03T19:29:38.579+0000] {dag.py:2941} INFO - Sync 1 DAGs
[2023-12-03T19:29:38.604+0000] {logging_mixin.py:154} INFO - [2023-12-03T19:29:38.603+0000] {dag.py:3722} INFO - Setting next_dagrun for example_branch_operator to 2023-12-03T00:00:00+00:00, run_after=2023-12-04T00:00:00+00:00
[2023-12-03T19:29:38.618+0000] {processor.py:179} INFO - Processing /home/airflow/.local/lib/python3.8/site-packages/airflow/example_dags/example_branch_operator.py took 0.085 seconds
[2023-12-03T19:30:08.968+0000] {processor.py:157} INFO - Started process (PID=3232) to work on /home/airflow/.local/lib/python3.8/site-packages/airflow/example_dags/example_branch_operator.py
[2023-12-03T19:30:08.970+0000] {processor.py:829} INFO - Processing file /home/airflow/.local/lib/python3.8/site-packages/airflow/example_dags/example_branch_operator.py for tasks to queue
[2023-12-03T19:30:08.971+0000] {logging_mixin.py:154} INFO - [2023-12-03T19:30:08.971+0000] {dagbag.py:536} INFO - Filling up the DagBag from /home/airflow/.local/lib/python3.8/site-packages/airflow/example_dags/example_branch_operator.py
[2023-12-03T19:30:08.981+0000] {processor.py:839} INFO - DAG(s) dict_keys(['example_branch_operator']) retrieved from /home/airflow/.local/lib/python3.8/site-packages/airflow/example_dags/example_branch_operator.py
[2023-12-03T19:30:09.012+0000] {logging_mixin.py:154} INFO - [2023-12-03T19:30:09.012+0000] {dag.py:2941} INFO - Sync 1 DAGs
[2023-12-03T19:30:09.033+0000] {logging_mixin.py:154} INFO - [2023-12-03T19:30:09.033+0000] {dag.py:3722} INFO - Setting next_dagrun for example_branch_operator to 2023-12-03T00:00:00+00:00, run_after=2023-12-04T00:00:00+00:00
[2023-12-03T19:30:09.048+0000] {processor.py:179} INFO - Processing /home/airflow/.local/lib/python3.8/site-packages/airflow/example_dags/example_branch_operator.py took 0.083 seconds
