[2023-12-03T19:23:57.655+0000] {processor.py:157} INFO - Started process (PID=298) to work on /home/airflow/.local/lib/python3.8/site-packages/airflow/example_dags/example_latest_only_with_trigger.py
[2023-12-03T19:23:57.657+0000] {processor.py:829} INFO - Processing file /home/airflow/.local/lib/python3.8/site-packages/airflow/example_dags/example_latest_only_with_trigger.py for tasks to queue
[2023-12-03T19:23:57.658+0000] {logging_mixin.py:154} INFO - [2023-12-03T19:23:57.658+0000] {dagbag.py:536} INFO - Filling up the DagBag from /home/airflow/.local/lib/python3.8/site-packages/airflow/example_dags/example_latest_only_with_trigger.py
[2023-12-03T19:23:57.667+0000] {processor.py:839} INFO - DAG(s) dict_keys(['latest_only_with_trigger']) retrieved from /home/airflow/.local/lib/python3.8/site-packages/airflow/example_dags/example_latest_only_with_trigger.py
[2023-12-03T19:23:57.696+0000] {logging_mixin.py:154} INFO - [2023-12-03T19:23:57.696+0000] {dag.py:2941} INFO - Sync 1 DAGs
[2023-12-03T19:23:57.727+0000] {logging_mixin.py:154} INFO - [2023-12-03T19:23:57.727+0000] {dag.py:3722} INFO - Setting next_dagrun for latest_only_with_trigger to 2023-12-03T15:23:57.726693+00:00, run_after=2023-12-03T19:23:57.726693+00:00
[2023-12-03T19:23:57.746+0000] {processor.py:179} INFO - Processing /home/airflow/.local/lib/python3.8/site-packages/airflow/example_dags/example_latest_only_with_trigger.py took 0.095 seconds
[2023-12-03T19:24:27.976+0000] {processor.py:157} INFO - Started process (PID=538) to work on /home/airflow/.local/lib/python3.8/site-packages/airflow/example_dags/example_latest_only_with_trigger.py
[2023-12-03T19:24:27.977+0000] {processor.py:829} INFO - Processing file /home/airflow/.local/lib/python3.8/site-packages/airflow/example_dags/example_latest_only_with_trigger.py for tasks to queue
[2023-12-03T19:24:27.978+0000] {logging_mixin.py:154} INFO - [2023-12-03T19:24:27.978+0000] {dagbag.py:536} INFO - Filling up the DagBag from /home/airflow/.local/lib/python3.8/site-packages/airflow/example_dags/example_latest_only_with_trigger.py
[2023-12-03T19:24:27.987+0000] {processor.py:839} INFO - DAG(s) dict_keys(['latest_only_with_trigger']) retrieved from /home/airflow/.local/lib/python3.8/site-packages/airflow/example_dags/example_latest_only_with_trigger.py
[2023-12-03T19:24:28.007+0000] {logging_mixin.py:154} INFO - [2023-12-03T19:24:28.007+0000] {dag.py:2941} INFO - Sync 1 DAGs
[2023-12-03T19:24:28.026+0000] {logging_mixin.py:154} INFO - [2023-12-03T19:24:28.026+0000] {dag.py:3722} INFO - Setting next_dagrun for latest_only_with_trigger to 2023-12-03T15:24:28.025832+00:00, run_after=2023-12-03T19:24:28.025832+00:00
[2023-12-03T19:24:28.040+0000] {processor.py:179} INFO - Processing /home/airflow/.local/lib/python3.8/site-packages/airflow/example_dags/example_latest_only_with_trigger.py took 0.068 seconds
[2023-12-03T19:24:58.585+0000] {processor.py:157} INFO - Started process (PID=774) to work on /home/airflow/.local/lib/python3.8/site-packages/airflow/example_dags/example_latest_only_with_trigger.py
[2023-12-03T19:24:58.588+0000] {processor.py:829} INFO - Processing file /home/airflow/.local/lib/python3.8/site-packages/airflow/example_dags/example_latest_only_with_trigger.py for tasks to queue
[2023-12-03T19:24:58.590+0000] {logging_mixin.py:154} INFO - [2023-12-03T19:24:58.589+0000] {dagbag.py:536} INFO - Filling up the DagBag from /home/airflow/.local/lib/python3.8/site-packages/airflow/example_dags/example_latest_only_with_trigger.py
[2023-12-03T19:24:58.601+0000] {processor.py:839} INFO - DAG(s) dict_keys(['latest_only_with_trigger']) retrieved from /home/airflow/.local/lib/python3.8/site-packages/airflow/example_dags/example_latest_only_with_trigger.py
[2023-12-03T19:24:58.637+0000] {logging_mixin.py:154} INFO - [2023-12-03T19:24:58.637+0000] {dag.py:2941} INFO - Sync 1 DAGs
[2023-12-03T19:24:58.671+0000] {logging_mixin.py:154} INFO - [2023-12-03T19:24:58.671+0000] {dag.py:3722} INFO - Setting next_dagrun for latest_only_with_trigger to 2023-12-03T15:24:58.670915+00:00, run_after=2023-12-03T19:24:58.670915+00:00
[2023-12-03T19:24:58.697+0000] {processor.py:179} INFO - Processing /home/airflow/.local/lib/python3.8/site-packages/airflow/example_dags/example_latest_only_with_trigger.py took 0.117 seconds
[2023-12-03T19:25:29.442+0000] {processor.py:157} INFO - Started process (PID=1014) to work on /home/airflow/.local/lib/python3.8/site-packages/airflow/example_dags/example_latest_only_with_trigger.py
[2023-12-03T19:25:29.443+0000] {processor.py:829} INFO - Processing file /home/airflow/.local/lib/python3.8/site-packages/airflow/example_dags/example_latest_only_with_trigger.py for tasks to queue
[2023-12-03T19:25:29.444+0000] {logging_mixin.py:154} INFO - [2023-12-03T19:25:29.444+0000] {dagbag.py:536} INFO - Filling up the DagBag from /home/airflow/.local/lib/python3.8/site-packages/airflow/example_dags/example_latest_only_with_trigger.py
[2023-12-03T19:25:29.451+0000] {processor.py:839} INFO - DAG(s) dict_keys(['latest_only_with_trigger']) retrieved from /home/airflow/.local/lib/python3.8/site-packages/airflow/example_dags/example_latest_only_with_trigger.py
[2023-12-03T19:25:29.470+0000] {logging_mixin.py:154} INFO - [2023-12-03T19:25:29.469+0000] {dag.py:2941} INFO - Sync 1 DAGs
[2023-12-03T19:25:29.486+0000] {logging_mixin.py:154} INFO - [2023-12-03T19:25:29.486+0000] {dag.py:3722} INFO - Setting next_dagrun for latest_only_with_trigger to 2023-12-03T15:25:29.486392+00:00, run_after=2023-12-03T19:25:29.486392+00:00
[2023-12-03T19:25:29.500+0000] {processor.py:179} INFO - Processing /home/airflow/.local/lib/python3.8/site-packages/airflow/example_dags/example_latest_only_with_trigger.py took 0.061 seconds
[2023-12-03T19:26:01.168+0000] {processor.py:157} INFO - Started process (PID=1252) to work on /home/airflow/.local/lib/python3.8/site-packages/airflow/example_dags/example_latest_only_with_trigger.py
[2023-12-03T19:26:01.169+0000] {processor.py:829} INFO - Processing file /home/airflow/.local/lib/python3.8/site-packages/airflow/example_dags/example_latest_only_with_trigger.py for tasks to queue
[2023-12-03T19:26:01.170+0000] {logging_mixin.py:154} INFO - [2023-12-03T19:26:01.170+0000] {dagbag.py:536} INFO - Filling up the DagBag from /home/airflow/.local/lib/python3.8/site-packages/airflow/example_dags/example_latest_only_with_trigger.py
[2023-12-03T19:26:01.177+0000] {processor.py:839} INFO - DAG(s) dict_keys(['latest_only_with_trigger']) retrieved from /home/airflow/.local/lib/python3.8/site-packages/airflow/example_dags/example_latest_only_with_trigger.py
[2023-12-03T19:26:01.195+0000] {logging_mixin.py:154} INFO - [2023-12-03T19:26:01.195+0000] {dag.py:2941} INFO - Sync 1 DAGs
[2023-12-03T19:26:01.213+0000] {logging_mixin.py:154} INFO - [2023-12-03T19:26:01.212+0000] {dag.py:3722} INFO - Setting next_dagrun for latest_only_with_trigger to 2023-12-03T15:26:01.212751+00:00, run_after=2023-12-03T19:26:01.212751+00:00
[2023-12-03T19:26:01.225+0000] {processor.py:179} INFO - Processing /home/airflow/.local/lib/python3.8/site-packages/airflow/example_dags/example_latest_only_with_trigger.py took 0.060 seconds
[2023-12-03T19:26:31.945+0000] {processor.py:157} INFO - Started process (PID=1488) to work on /home/airflow/.local/lib/python3.8/site-packages/airflow/example_dags/example_latest_only_with_trigger.py
[2023-12-03T19:26:31.948+0000] {processor.py:829} INFO - Processing file /home/airflow/.local/lib/python3.8/site-packages/airflow/example_dags/example_latest_only_with_trigger.py for tasks to queue
[2023-12-03T19:26:31.950+0000] {logging_mixin.py:154} INFO - [2023-12-03T19:26:31.950+0000] {dagbag.py:536} INFO - Filling up the DagBag from /home/airflow/.local/lib/python3.8/site-packages/airflow/example_dags/example_latest_only_with_trigger.py
[2023-12-03T19:26:31.964+0000] {processor.py:839} INFO - DAG(s) dict_keys(['latest_only_with_trigger']) retrieved from /home/airflow/.local/lib/python3.8/site-packages/airflow/example_dags/example_latest_only_with_trigger.py
[2023-12-03T19:26:32.006+0000] {logging_mixin.py:154} INFO - [2023-12-03T19:26:32.006+0000] {dag.py:2941} INFO - Sync 1 DAGs
[2023-12-03T19:26:32.044+0000] {logging_mixin.py:154} INFO - [2023-12-03T19:26:32.043+0000] {dag.py:3722} INFO - Setting next_dagrun for latest_only_with_trigger to 2023-12-03T15:26:32.043502+00:00, run_after=2023-12-03T19:26:32.043502+00:00
[2023-12-03T19:26:32.073+0000] {processor.py:179} INFO - Processing /home/airflow/.local/lib/python3.8/site-packages/airflow/example_dags/example_latest_only_with_trigger.py took 0.135 seconds
[2023-12-03T19:27:03.077+0000] {processor.py:157} INFO - Started process (PID=1726) to work on /home/airflow/.local/lib/python3.8/site-packages/airflow/example_dags/example_latest_only_with_trigger.py
[2023-12-03T19:27:03.082+0000] {processor.py:829} INFO - Processing file /home/airflow/.local/lib/python3.8/site-packages/airflow/example_dags/example_latest_only_with_trigger.py for tasks to queue
[2023-12-03T19:27:03.086+0000] {logging_mixin.py:154} INFO - [2023-12-03T19:27:03.085+0000] {dagbag.py:536} INFO - Filling up the DagBag from /home/airflow/.local/lib/python3.8/site-packages/airflow/example_dags/example_latest_only_with_trigger.py
[2023-12-03T19:27:03.108+0000] {processor.py:839} INFO - DAG(s) dict_keys(['latest_only_with_trigger']) retrieved from /home/airflow/.local/lib/python3.8/site-packages/airflow/example_dags/example_latest_only_with_trigger.py
[2023-12-03T19:27:03.136+0000] {logging_mixin.py:154} INFO - [2023-12-03T19:27:03.136+0000] {dag.py:2941} INFO - Sync 1 DAGs
[2023-12-03T19:27:03.169+0000] {logging_mixin.py:154} INFO - [2023-12-03T19:27:03.169+0000] {dag.py:3722} INFO - Setting next_dagrun for latest_only_with_trigger to 2023-12-03T15:27:03.168839+00:00, run_after=2023-12-03T19:27:03.168839+00:00
[2023-12-03T19:27:03.192+0000] {processor.py:179} INFO - Processing /home/airflow/.local/lib/python3.8/site-packages/airflow/example_dags/example_latest_only_with_trigger.py took 0.131 seconds
[2023-12-03T19:27:33.396+0000] {processor.py:157} INFO - Started process (PID=1967) to work on /home/airflow/.local/lib/python3.8/site-packages/airflow/example_dags/example_latest_only_with_trigger.py
[2023-12-03T19:27:33.397+0000] {processor.py:829} INFO - Processing file /home/airflow/.local/lib/python3.8/site-packages/airflow/example_dags/example_latest_only_with_trigger.py for tasks to queue
[2023-12-03T19:27:33.398+0000] {logging_mixin.py:154} INFO - [2023-12-03T19:27:33.398+0000] {dagbag.py:536} INFO - Filling up the DagBag from /home/airflow/.local/lib/python3.8/site-packages/airflow/example_dags/example_latest_only_with_trigger.py
[2023-12-03T19:27:33.410+0000] {processor.py:839} INFO - DAG(s) dict_keys(['latest_only_with_trigger']) retrieved from /home/airflow/.local/lib/python3.8/site-packages/airflow/example_dags/example_latest_only_with_trigger.py
[2023-12-03T19:27:33.430+0000] {logging_mixin.py:154} INFO - [2023-12-03T19:27:33.429+0000] {dag.py:2941} INFO - Sync 1 DAGs
[2023-12-03T19:27:33.448+0000] {logging_mixin.py:154} INFO - [2023-12-03T19:27:33.448+0000] {dag.py:3722} INFO - Setting next_dagrun for latest_only_with_trigger to 2023-12-03T15:27:33.448467+00:00, run_after=2023-12-03T19:27:33.448467+00:00
[2023-12-03T19:27:33.463+0000] {processor.py:179} INFO - Processing /home/airflow/.local/lib/python3.8/site-packages/airflow/example_dags/example_latest_only_with_trigger.py took 0.073 seconds
[2023-12-03T19:28:03.730+0000] {processor.py:157} INFO - Started process (PID=2206) to work on /home/airflow/.local/lib/python3.8/site-packages/airflow/example_dags/example_latest_only_with_trigger.py
[2023-12-03T19:28:03.731+0000] {processor.py:829} INFO - Processing file /home/airflow/.local/lib/python3.8/site-packages/airflow/example_dags/example_latest_only_with_trigger.py for tasks to queue
[2023-12-03T19:28:03.732+0000] {logging_mixin.py:154} INFO - [2023-12-03T19:28:03.732+0000] {dagbag.py:536} INFO - Filling up the DagBag from /home/airflow/.local/lib/python3.8/site-packages/airflow/example_dags/example_latest_only_with_trigger.py
[2023-12-03T19:28:03.744+0000] {processor.py:839} INFO - DAG(s) dict_keys(['latest_only_with_trigger']) retrieved from /home/airflow/.local/lib/python3.8/site-packages/airflow/example_dags/example_latest_only_with_trigger.py
[2023-12-03T19:28:03.767+0000] {logging_mixin.py:154} INFO - [2023-12-03T19:28:03.767+0000] {dag.py:2941} INFO - Sync 1 DAGs
[2023-12-03T19:28:03.786+0000] {logging_mixin.py:154} INFO - [2023-12-03T19:28:03.785+0000] {dag.py:3722} INFO - Setting next_dagrun for latest_only_with_trigger to 2023-12-03T15:28:03.785646+00:00, run_after=2023-12-03T19:28:03.785646+00:00
[2023-12-03T19:28:03.800+0000] {processor.py:179} INFO - Processing /home/airflow/.local/lib/python3.8/site-packages/airflow/example_dags/example_latest_only_with_trigger.py took 0.075 seconds
[2023-12-03T19:28:34.565+0000] {processor.py:157} INFO - Started process (PID=2448) to work on /home/airflow/.local/lib/python3.8/site-packages/airflow/example_dags/example_latest_only_with_trigger.py
[2023-12-03T19:28:34.566+0000] {processor.py:829} INFO - Processing file /home/airflow/.local/lib/python3.8/site-packages/airflow/example_dags/example_latest_only_with_trigger.py for tasks to queue
[2023-12-03T19:28:34.566+0000] {logging_mixin.py:154} INFO - [2023-12-03T19:28:34.566+0000] {dagbag.py:536} INFO - Filling up the DagBag from /home/airflow/.local/lib/python3.8/site-packages/airflow/example_dags/example_latest_only_with_trigger.py
[2023-12-03T19:28:34.573+0000] {processor.py:839} INFO - DAG(s) dict_keys(['latest_only_with_trigger']) retrieved from /home/airflow/.local/lib/python3.8/site-packages/airflow/example_dags/example_latest_only_with_trigger.py
[2023-12-03T19:28:34.592+0000] {logging_mixin.py:154} INFO - [2023-12-03T19:28:34.592+0000] {dag.py:2941} INFO - Sync 1 DAGs
[2023-12-03T19:28:34.610+0000] {logging_mixin.py:154} INFO - [2023-12-03T19:28:34.610+0000] {dag.py:3722} INFO - Setting next_dagrun for latest_only_with_trigger to 2023-12-03T15:28:34.610016+00:00, run_after=2023-12-03T19:28:34.610016+00:00
[2023-12-03T19:28:34.624+0000] {processor.py:179} INFO - Processing /home/airflow/.local/lib/python3.8/site-packages/airflow/example_dags/example_latest_only_with_trigger.py took 0.063 seconds
[2023-12-03T19:29:04.815+0000] {processor.py:157} INFO - Started process (PID=2686) to work on /home/airflow/.local/lib/python3.8/site-packages/airflow/example_dags/example_latest_only_with_trigger.py
[2023-12-03T19:29:04.816+0000] {processor.py:829} INFO - Processing file /home/airflow/.local/lib/python3.8/site-packages/airflow/example_dags/example_latest_only_with_trigger.py for tasks to queue
[2023-12-03T19:29:04.818+0000] {logging_mixin.py:154} INFO - [2023-12-03T19:29:04.817+0000] {dagbag.py:536} INFO - Filling up the DagBag from /home/airflow/.local/lib/python3.8/site-packages/airflow/example_dags/example_latest_only_with_trigger.py
[2023-12-03T19:29:04.828+0000] {processor.py:839} INFO - DAG(s) dict_keys(['latest_only_with_trigger']) retrieved from /home/airflow/.local/lib/python3.8/site-packages/airflow/example_dags/example_latest_only_with_trigger.py
[2023-12-03T19:29:04.859+0000] {logging_mixin.py:154} INFO - [2023-12-03T19:29:04.858+0000] {dag.py:2941} INFO - Sync 1 DAGs
[2023-12-03T19:29:04.881+0000] {logging_mixin.py:154} INFO - [2023-12-03T19:29:04.881+0000] {dag.py:3722} INFO - Setting next_dagrun for latest_only_with_trigger to 2023-12-03T15:29:04.881001+00:00, run_after=2023-12-03T19:29:04.881001+00:00
[2023-12-03T19:29:04.902+0000] {processor.py:179} INFO - Processing /home/airflow/.local/lib/python3.8/site-packages/airflow/example_dags/example_latest_only_with_trigger.py took 0.092 seconds
[2023-12-03T19:29:36.692+0000] {processor.py:157} INFO - Started process (PID=2924) to work on /home/airflow/.local/lib/python3.8/site-packages/airflow/example_dags/example_latest_only_with_trigger.py
[2023-12-03T19:29:36.694+0000] {processor.py:829} INFO - Processing file /home/airflow/.local/lib/python3.8/site-packages/airflow/example_dags/example_latest_only_with_trigger.py for tasks to queue
[2023-12-03T19:29:36.695+0000] {logging_mixin.py:154} INFO - [2023-12-03T19:29:36.694+0000] {dagbag.py:536} INFO - Filling up the DagBag from /home/airflow/.local/lib/python3.8/site-packages/airflow/example_dags/example_latest_only_with_trigger.py
[2023-12-03T19:29:36.702+0000] {processor.py:839} INFO - DAG(s) dict_keys(['latest_only_with_trigger']) retrieved from /home/airflow/.local/lib/python3.8/site-packages/airflow/example_dags/example_latest_only_with_trigger.py
[2023-12-03T19:29:36.724+0000] {logging_mixin.py:154} INFO - [2023-12-03T19:29:36.724+0000] {dag.py:2941} INFO - Sync 1 DAGs
[2023-12-03T19:29:36.745+0000] {logging_mixin.py:154} INFO - [2023-12-03T19:29:36.745+0000] {dag.py:3722} INFO - Setting next_dagrun for latest_only_with_trigger to 2023-12-03T15:29:36.745283+00:00, run_after=2023-12-03T19:29:36.745283+00:00
[2023-12-03T19:29:36.762+0000] {processor.py:179} INFO - Processing /home/airflow/.local/lib/python3.8/site-packages/airflow/example_dags/example_latest_only_with_trigger.py took 0.073 seconds
[2023-12-03T19:30:07.076+0000] {processor.py:157} INFO - Started process (PID=3164) to work on /home/airflow/.local/lib/python3.8/site-packages/airflow/example_dags/example_latest_only_with_trigger.py
[2023-12-03T19:30:07.077+0000] {processor.py:829} INFO - Processing file /home/airflow/.local/lib/python3.8/site-packages/airflow/example_dags/example_latest_only_with_trigger.py for tasks to queue
[2023-12-03T19:30:07.078+0000] {logging_mixin.py:154} INFO - [2023-12-03T19:30:07.078+0000] {dagbag.py:536} INFO - Filling up the DagBag from /home/airflow/.local/lib/python3.8/site-packages/airflow/example_dags/example_latest_only_with_trigger.py
[2023-12-03T19:30:07.084+0000] {processor.py:839} INFO - DAG(s) dict_keys(['latest_only_with_trigger']) retrieved from /home/airflow/.local/lib/python3.8/site-packages/airflow/example_dags/example_latest_only_with_trigger.py
[2023-12-03T19:30:07.103+0000] {logging_mixin.py:154} INFO - [2023-12-03T19:30:07.103+0000] {dag.py:2941} INFO - Sync 1 DAGs
[2023-12-03T19:30:07.120+0000] {logging_mixin.py:154} INFO - [2023-12-03T19:30:07.120+0000] {dag.py:3722} INFO - Setting next_dagrun for latest_only_with_trigger to 2023-12-03T15:30:07.120374+00:00, run_after=2023-12-03T19:30:07.120374+00:00
[2023-12-03T19:30:07.137+0000] {processor.py:179} INFO - Processing /home/airflow/.local/lib/python3.8/site-packages/airflow/example_dags/example_latest_only_with_trigger.py took 0.064 seconds
