[2023-12-03T19:23:57.456+0000] {processor.py:157} INFO - Started process (PID=288) to work on /home/airflow/.local/lib/python3.8/site-packages/airflow/example_dags/example_skip_dag.py
[2023-12-03T19:23:57.458+0000] {processor.py:829} INFO - Processing file /home/airflow/.local/lib/python3.8/site-packages/airflow/example_dags/example_skip_dag.py for tasks to queue
[2023-12-03T19:23:57.460+0000] {logging_mixin.py:154} INFO - [2023-12-03T19:23:57.460+0000] {dagbag.py:536} INFO - Filling up the DagBag from /home/airflow/.local/lib/python3.8/site-packages/airflow/example_dags/example_skip_dag.py
[2023-12-03T19:23:57.474+0000] {processor.py:839} INFO - DAG(s) dict_keys(['example_skip_dag']) retrieved from /home/airflow/.local/lib/python3.8/site-packages/airflow/example_dags/example_skip_dag.py
[2023-12-03T19:23:57.517+0000] {logging_mixin.py:154} INFO - [2023-12-03T19:23:57.517+0000] {dag.py:2941} INFO - Sync 1 DAGs
[2023-12-03T19:23:57.576+0000] {logging_mixin.py:154} INFO - [2023-12-03T19:23:57.575+0000] {dag.py:3722} INFO - Setting next_dagrun for example_skip_dag to 2023-12-02T19:23:57.575503+00:00, run_after=2023-12-03T19:23:57.575503+00:00
[2023-12-03T19:23:57.620+0000] {processor.py:179} INFO - Processing /home/airflow/.local/lib/python3.8/site-packages/airflow/example_dags/example_skip_dag.py took 0.170 seconds
[2023-12-03T19:24:27.777+0000] {processor.py:157} INFO - Started process (PID=526) to work on /home/airflow/.local/lib/python3.8/site-packages/airflow/example_dags/example_skip_dag.py
[2023-12-03T19:24:27.779+0000] {processor.py:829} INFO - Processing file /home/airflow/.local/lib/python3.8/site-packages/airflow/example_dags/example_skip_dag.py for tasks to queue
[2023-12-03T19:24:27.780+0000] {logging_mixin.py:154} INFO - [2023-12-03T19:24:27.780+0000] {dagbag.py:536} INFO - Filling up the DagBag from /home/airflow/.local/lib/python3.8/site-packages/airflow/example_dags/example_skip_dag.py
[2023-12-03T19:24:27.790+0000] {processor.py:839} INFO - DAG(s) dict_keys(['example_skip_dag']) retrieved from /home/airflow/.local/lib/python3.8/site-packages/airflow/example_dags/example_skip_dag.py
[2023-12-03T19:24:27.812+0000] {logging_mixin.py:154} INFO - [2023-12-03T19:24:27.812+0000] {dag.py:2941} INFO - Sync 1 DAGs
[2023-12-03T19:24:27.832+0000] {logging_mixin.py:154} INFO - [2023-12-03T19:24:27.832+0000] {dag.py:3722} INFO - Setting next_dagrun for example_skip_dag to 2023-12-02T19:24:27.832397+00:00, run_after=2023-12-03T19:24:27.832397+00:00
[2023-12-03T19:24:27.849+0000] {processor.py:179} INFO - Processing /home/airflow/.local/lib/python3.8/site-packages/airflow/example_dags/example_skip_dag.py took 0.076 seconds
[2023-12-03T19:24:58.420+0000] {processor.py:157} INFO - Started process (PID=764) to work on /home/airflow/.local/lib/python3.8/site-packages/airflow/example_dags/example_skip_dag.py
[2023-12-03T19:24:58.424+0000] {processor.py:829} INFO - Processing file /home/airflow/.local/lib/python3.8/site-packages/airflow/example_dags/example_skip_dag.py for tasks to queue
[2023-12-03T19:24:58.425+0000] {logging_mixin.py:154} INFO - [2023-12-03T19:24:58.425+0000] {dagbag.py:536} INFO - Filling up the DagBag from /home/airflow/.local/lib/python3.8/site-packages/airflow/example_dags/example_skip_dag.py
[2023-12-03T19:24:58.436+0000] {processor.py:839} INFO - DAG(s) dict_keys(['example_skip_dag']) retrieved from /home/airflow/.local/lib/python3.8/site-packages/airflow/example_dags/example_skip_dag.py
[2023-12-03T19:24:58.469+0000] {logging_mixin.py:154} INFO - [2023-12-03T19:24:58.469+0000] {dag.py:2941} INFO - Sync 1 DAGs
[2023-12-03T19:24:58.504+0000] {logging_mixin.py:154} INFO - [2023-12-03T19:24:58.503+0000] {dag.py:3722} INFO - Setting next_dagrun for example_skip_dag to 2023-12-02T19:24:58.503382+00:00, run_after=2023-12-03T19:24:58.503382+00:00
[2023-12-03T19:24:58.532+0000] {processor.py:179} INFO - Processing /home/airflow/.local/lib/python3.8/site-packages/airflow/example_dags/example_skip_dag.py took 0.116 seconds
[2023-12-03T19:25:29.339+0000] {processor.py:157} INFO - Started process (PID=1004) to work on /home/airflow/.local/lib/python3.8/site-packages/airflow/example_dags/example_skip_dag.py
[2023-12-03T19:25:29.340+0000] {processor.py:829} INFO - Processing file /home/airflow/.local/lib/python3.8/site-packages/airflow/example_dags/example_skip_dag.py for tasks to queue
[2023-12-03T19:25:29.341+0000] {logging_mixin.py:154} INFO - [2023-12-03T19:25:29.341+0000] {dagbag.py:536} INFO - Filling up the DagBag from /home/airflow/.local/lib/python3.8/site-packages/airflow/example_dags/example_skip_dag.py
[2023-12-03T19:25:29.355+0000] {processor.py:839} INFO - DAG(s) dict_keys(['example_skip_dag']) retrieved from /home/airflow/.local/lib/python3.8/site-packages/airflow/example_dags/example_skip_dag.py
[2023-12-03T19:25:29.378+0000] {logging_mixin.py:154} INFO - [2023-12-03T19:25:29.378+0000] {dag.py:2941} INFO - Sync 1 DAGs
[2023-12-03T19:25:29.398+0000] {logging_mixin.py:154} INFO - [2023-12-03T19:25:29.398+0000] {dag.py:3722} INFO - Setting next_dagrun for example_skip_dag to 2023-12-02T19:25:29.398087+00:00, run_after=2023-12-03T19:25:29.398087+00:00
[2023-12-03T19:25:29.413+0000] {processor.py:179} INFO - Processing /home/airflow/.local/lib/python3.8/site-packages/airflow/example_dags/example_skip_dag.py took 0.079 seconds
[2023-12-03T19:26:01.084+0000] {processor.py:157} INFO - Started process (PID=1242) to work on /home/airflow/.local/lib/python3.8/site-packages/airflow/example_dags/example_skip_dag.py
[2023-12-03T19:26:01.085+0000] {processor.py:829} INFO - Processing file /home/airflow/.local/lib/python3.8/site-packages/airflow/example_dags/example_skip_dag.py for tasks to queue
[2023-12-03T19:26:01.085+0000] {logging_mixin.py:154} INFO - [2023-12-03T19:26:01.085+0000] {dagbag.py:536} INFO - Filling up the DagBag from /home/airflow/.local/lib/python3.8/site-packages/airflow/example_dags/example_skip_dag.py
[2023-12-03T19:26:01.093+0000] {processor.py:839} INFO - DAG(s) dict_keys(['example_skip_dag']) retrieved from /home/airflow/.local/lib/python3.8/site-packages/airflow/example_dags/example_skip_dag.py
[2023-12-03T19:26:01.111+0000] {logging_mixin.py:154} INFO - [2023-12-03T19:26:01.111+0000] {dag.py:2941} INFO - Sync 1 DAGs
[2023-12-03T19:26:01.128+0000] {logging_mixin.py:154} INFO - [2023-12-03T19:26:01.128+0000] {dag.py:3722} INFO - Setting next_dagrun for example_skip_dag to 2023-12-02T19:26:01.128454+00:00, run_after=2023-12-03T19:26:01.128454+00:00
[2023-12-03T19:26:01.143+0000] {processor.py:179} INFO - Processing /home/airflow/.local/lib/python3.8/site-packages/airflow/example_dags/example_skip_dag.py took 0.063 seconds
[2023-12-03T19:26:31.624+0000] {processor.py:157} INFO - Started process (PID=1478) to work on /home/airflow/.local/lib/python3.8/site-packages/airflow/example_dags/example_skip_dag.py
[2023-12-03T19:26:31.629+0000] {processor.py:829} INFO - Processing file /home/airflow/.local/lib/python3.8/site-packages/airflow/example_dags/example_skip_dag.py for tasks to queue
[2023-12-03T19:26:31.632+0000] {logging_mixin.py:154} INFO - [2023-12-03T19:26:31.632+0000] {dagbag.py:536} INFO - Filling up the DagBag from /home/airflow/.local/lib/python3.8/site-packages/airflow/example_dags/example_skip_dag.py
[2023-12-03T19:26:31.647+0000] {processor.py:839} INFO - DAG(s) dict_keys(['example_skip_dag']) retrieved from /home/airflow/.local/lib/python3.8/site-packages/airflow/example_dags/example_skip_dag.py
[2023-12-03T19:26:31.720+0000] {logging_mixin.py:154} INFO - [2023-12-03T19:26:31.720+0000] {dag.py:2941} INFO - Sync 1 DAGs
[2023-12-03T19:26:31.778+0000] {logging_mixin.py:154} INFO - [2023-12-03T19:26:31.778+0000] {dag.py:3722} INFO - Setting next_dagrun for example_skip_dag to 2023-12-02T19:26:31.777696+00:00, run_after=2023-12-03T19:26:31.777696+00:00
[2023-12-03T19:26:31.829+0000] {processor.py:179} INFO - Processing /home/airflow/.local/lib/python3.8/site-packages/airflow/example_dags/example_skip_dag.py took 0.211 seconds
[2023-12-03T19:27:02.832+0000] {processor.py:157} INFO - Started process (PID=1716) to work on /home/airflow/.local/lib/python3.8/site-packages/airflow/example_dags/example_skip_dag.py
[2023-12-03T19:27:02.834+0000] {processor.py:829} INFO - Processing file /home/airflow/.local/lib/python3.8/site-packages/airflow/example_dags/example_skip_dag.py for tasks to queue
[2023-12-03T19:27:02.835+0000] {logging_mixin.py:154} INFO - [2023-12-03T19:27:02.835+0000] {dagbag.py:536} INFO - Filling up the DagBag from /home/airflow/.local/lib/python3.8/site-packages/airflow/example_dags/example_skip_dag.py
[2023-12-03T19:27:02.848+0000] {processor.py:839} INFO - DAG(s) dict_keys(['example_skip_dag']) retrieved from /home/airflow/.local/lib/python3.8/site-packages/airflow/example_dags/example_skip_dag.py
[2023-12-03T19:27:02.881+0000] {logging_mixin.py:154} INFO - [2023-12-03T19:27:02.881+0000] {dag.py:2941} INFO - Sync 1 DAGs
[2023-12-03T19:27:02.911+0000] {logging_mixin.py:154} INFO - [2023-12-03T19:27:02.911+0000] {dag.py:3722} INFO - Setting next_dagrun for example_skip_dag to 2023-12-02T19:27:02.911046+00:00, run_after=2023-12-03T19:27:02.911046+00:00
[2023-12-03T19:27:02.935+0000] {processor.py:179} INFO - Processing /home/airflow/.local/lib/python3.8/site-packages/airflow/example_dags/example_skip_dag.py took 0.108 seconds
[2023-12-03T19:27:33.149+0000] {processor.py:157} INFO - Started process (PID=1955) to work on /home/airflow/.local/lib/python3.8/site-packages/airflow/example_dags/example_skip_dag.py
[2023-12-03T19:27:33.151+0000] {processor.py:829} INFO - Processing file /home/airflow/.local/lib/python3.8/site-packages/airflow/example_dags/example_skip_dag.py for tasks to queue
[2023-12-03T19:27:33.158+0000] {logging_mixin.py:154} INFO - [2023-12-03T19:27:33.153+0000] {dagbag.py:536} INFO - Filling up the DagBag from /home/airflow/.local/lib/python3.8/site-packages/airflow/example_dags/example_skip_dag.py
[2023-12-03T19:27:33.176+0000] {processor.py:839} INFO - DAG(s) dict_keys(['example_skip_dag']) retrieved from /home/airflow/.local/lib/python3.8/site-packages/airflow/example_dags/example_skip_dag.py
[2023-12-03T19:27:33.216+0000] {logging_mixin.py:154} INFO - [2023-12-03T19:27:33.216+0000] {dag.py:2941} INFO - Sync 1 DAGs
[2023-12-03T19:27:33.259+0000] {logging_mixin.py:154} INFO - [2023-12-03T19:27:33.259+0000] {dag.py:3722} INFO - Setting next_dagrun for example_skip_dag to 2023-12-02T19:27:33.258756+00:00, run_after=2023-12-03T19:27:33.258756+00:00
[2023-12-03T19:27:33.278+0000] {processor.py:179} INFO - Processing /home/airflow/.local/lib/python3.8/site-packages/airflow/example_dags/example_skip_dag.py took 0.140 seconds
[2023-12-03T19:28:03.561+0000] {processor.py:157} INFO - Started process (PID=2196) to work on /home/airflow/.local/lib/python3.8/site-packages/airflow/example_dags/example_skip_dag.py
[2023-12-03T19:28:03.563+0000] {processor.py:829} INFO - Processing file /home/airflow/.local/lib/python3.8/site-packages/airflow/example_dags/example_skip_dag.py for tasks to queue
[2023-12-03T19:28:03.565+0000] {logging_mixin.py:154} INFO - [2023-12-03T19:28:03.564+0000] {dagbag.py:536} INFO - Filling up the DagBag from /home/airflow/.local/lib/python3.8/site-packages/airflow/example_dags/example_skip_dag.py
[2023-12-03T19:28:03.580+0000] {processor.py:839} INFO - DAG(s) dict_keys(['example_skip_dag']) retrieved from /home/airflow/.local/lib/python3.8/site-packages/airflow/example_dags/example_skip_dag.py
[2023-12-03T19:28:03.642+0000] {logging_mixin.py:154} INFO - [2023-12-03T19:28:03.642+0000] {dag.py:2941} INFO - Sync 1 DAGs
[2023-12-03T19:28:03.667+0000] {logging_mixin.py:154} INFO - [2023-12-03T19:28:03.667+0000] {dag.py:3722} INFO - Setting next_dagrun for example_skip_dag to 2023-12-02T19:28:03.667268+00:00, run_after=2023-12-03T19:28:03.667268+00:00
[2023-12-03T19:28:03.684+0000] {processor.py:179} INFO - Processing /home/airflow/.local/lib/python3.8/site-packages/airflow/example_dags/example_skip_dag.py took 0.127 seconds
[2023-12-03T19:28:34.437+0000] {processor.py:157} INFO - Started process (PID=2438) to work on /home/airflow/.local/lib/python3.8/site-packages/airflow/example_dags/example_skip_dag.py
[2023-12-03T19:28:34.438+0000] {processor.py:829} INFO - Processing file /home/airflow/.local/lib/python3.8/site-packages/airflow/example_dags/example_skip_dag.py for tasks to queue
[2023-12-03T19:28:34.440+0000] {logging_mixin.py:154} INFO - [2023-12-03T19:28:34.439+0000] {dagbag.py:536} INFO - Filling up the DagBag from /home/airflow/.local/lib/python3.8/site-packages/airflow/example_dags/example_skip_dag.py
[2023-12-03T19:28:34.450+0000] {processor.py:839} INFO - DAG(s) dict_keys(['example_skip_dag']) retrieved from /home/airflow/.local/lib/python3.8/site-packages/airflow/example_dags/example_skip_dag.py
[2023-12-03T19:28:34.480+0000] {logging_mixin.py:154} INFO - [2023-12-03T19:28:34.480+0000] {dag.py:2941} INFO - Sync 1 DAGs
[2023-12-03T19:28:34.504+0000] {logging_mixin.py:154} INFO - [2023-12-03T19:28:34.504+0000] {dag.py:3722} INFO - Setting next_dagrun for example_skip_dag to 2023-12-02T19:28:34.504259+00:00, run_after=2023-12-03T19:28:34.504259+00:00
[2023-12-03T19:28:34.520+0000] {processor.py:179} INFO - Processing /home/airflow/.local/lib/python3.8/site-packages/airflow/example_dags/example_skip_dag.py took 0.088 seconds
[2023-12-03T19:29:04.677+0000] {processor.py:157} INFO - Started process (PID=2676) to work on /home/airflow/.local/lib/python3.8/site-packages/airflow/example_dags/example_skip_dag.py
[2023-12-03T19:29:04.678+0000] {processor.py:829} INFO - Processing file /home/airflow/.local/lib/python3.8/site-packages/airflow/example_dags/example_skip_dag.py for tasks to queue
[2023-12-03T19:29:04.679+0000] {logging_mixin.py:154} INFO - [2023-12-03T19:29:04.679+0000] {dagbag.py:536} INFO - Filling up the DagBag from /home/airflow/.local/lib/python3.8/site-packages/airflow/example_dags/example_skip_dag.py
[2023-12-03T19:29:04.687+0000] {processor.py:839} INFO - DAG(s) dict_keys(['example_skip_dag']) retrieved from /home/airflow/.local/lib/python3.8/site-packages/airflow/example_dags/example_skip_dag.py
[2023-12-03T19:29:04.715+0000] {logging_mixin.py:154} INFO - [2023-12-03T19:29:04.715+0000] {dag.py:2941} INFO - Sync 1 DAGs
[2023-12-03T19:29:04.739+0000] {logging_mixin.py:154} INFO - [2023-12-03T19:29:04.739+0000] {dag.py:3722} INFO - Setting next_dagrun for example_skip_dag to 2023-12-02T19:29:04.738697+00:00, run_after=2023-12-03T19:29:04.738697+00:00
[2023-12-03T19:29:04.761+0000] {processor.py:179} INFO - Processing /home/airflow/.local/lib/python3.8/site-packages/airflow/example_dags/example_skip_dag.py took 0.088 seconds
[2023-12-03T19:29:36.581+0000] {processor.py:157} INFO - Started process (PID=2914) to work on /home/airflow/.local/lib/python3.8/site-packages/airflow/example_dags/example_skip_dag.py
[2023-12-03T19:29:36.582+0000] {processor.py:829} INFO - Processing file /home/airflow/.local/lib/python3.8/site-packages/airflow/example_dags/example_skip_dag.py for tasks to queue
[2023-12-03T19:29:36.583+0000] {logging_mixin.py:154} INFO - [2023-12-03T19:29:36.583+0000] {dagbag.py:536} INFO - Filling up the DagBag from /home/airflow/.local/lib/python3.8/site-packages/airflow/example_dags/example_skip_dag.py
[2023-12-03T19:29:36.593+0000] {processor.py:839} INFO - DAG(s) dict_keys(['example_skip_dag']) retrieved from /home/airflow/.local/lib/python3.8/site-packages/airflow/example_dags/example_skip_dag.py
[2023-12-03T19:29:36.623+0000] {logging_mixin.py:154} INFO - [2023-12-03T19:29:36.622+0000] {dag.py:2941} INFO - Sync 1 DAGs
[2023-12-03T19:29:36.646+0000] {logging_mixin.py:154} INFO - [2023-12-03T19:29:36.645+0000] {dag.py:3722} INFO - Setting next_dagrun for example_skip_dag to 2023-12-02T19:29:36.645665+00:00, run_after=2023-12-03T19:29:36.645665+00:00
[2023-12-03T19:29:36.663+0000] {processor.py:179} INFO - Processing /home/airflow/.local/lib/python3.8/site-packages/airflow/example_dags/example_skip_dag.py took 0.086 seconds
[2023-12-03T19:30:06.992+0000] {processor.py:157} INFO - Started process (PID=3154) to work on /home/airflow/.local/lib/python3.8/site-packages/airflow/example_dags/example_skip_dag.py
[2023-12-03T19:30:06.994+0000] {processor.py:829} INFO - Processing file /home/airflow/.local/lib/python3.8/site-packages/airflow/example_dags/example_skip_dag.py for tasks to queue
[2023-12-03T19:30:06.995+0000] {logging_mixin.py:154} INFO - [2023-12-03T19:30:06.995+0000] {dagbag.py:536} INFO - Filling up the DagBag from /home/airflow/.local/lib/python3.8/site-packages/airflow/example_dags/example_skip_dag.py
[2023-12-03T19:30:07.002+0000] {processor.py:839} INFO - DAG(s) dict_keys(['example_skip_dag']) retrieved from /home/airflow/.local/lib/python3.8/site-packages/airflow/example_dags/example_skip_dag.py
[2023-12-03T19:30:07.022+0000] {logging_mixin.py:154} INFO - [2023-12-03T19:30:07.022+0000] {dag.py:2941} INFO - Sync 1 DAGs
[2023-12-03T19:30:07.039+0000] {logging_mixin.py:154} INFO - [2023-12-03T19:30:07.039+0000] {dag.py:3722} INFO - Setting next_dagrun for example_skip_dag to 2023-12-02T19:30:07.039229+00:00, run_after=2023-12-03T19:30:07.039229+00:00
[2023-12-03T19:30:07.052+0000] {processor.py:179} INFO - Processing /home/airflow/.local/lib/python3.8/site-packages/airflow/example_dags/example_skip_dag.py took 0.063 seconds
