[2023-12-03T19:23:58.626+0000] {processor.py:157} INFO - Started process (PID=343) to work on /home/airflow/.local/lib/python3.8/site-packages/airflow/example_dags/example_task_group_decorator.py
[2023-12-03T19:23:58.627+0000] {processor.py:829} INFO - Processing file /home/airflow/.local/lib/python3.8/site-packages/airflow/example_dags/example_task_group_decorator.py for tasks to queue
[2023-12-03T19:23:58.628+0000] {logging_mixin.py:154} INFO - [2023-12-03T19:23:58.628+0000] {dagbag.py:536} INFO - Filling up the DagBag from /home/airflow/.local/lib/python3.8/site-packages/airflow/example_dags/example_task_group_decorator.py
[2023-12-03T19:23:58.656+0000] {processor.py:839} INFO - DAG(s) dict_keys(['example_task_group_decorator']) retrieved from /home/airflow/.local/lib/python3.8/site-packages/airflow/example_dags/example_task_group_decorator.py
[2023-12-03T19:23:58.700+0000] {logging_mixin.py:154} INFO - [2023-12-03T19:23:58.700+0000] {dag.py:2941} INFO - Sync 1 DAGs
[2023-12-03T19:23:58.726+0000] {logging_mixin.py:154} INFO - [2023-12-03T19:23:58.725+0000] {dag.py:3722} INFO - Setting next_dagrun for example_task_group_decorator to 2023-12-02T19:23:58.725708+00:00, run_after=2023-12-03T19:23:58.725708+00:00
[2023-12-03T19:23:58.745+0000] {processor.py:179} INFO - Processing /home/airflow/.local/lib/python3.8/site-packages/airflow/example_dags/example_task_group_decorator.py took 0.124 seconds
[2023-12-03T19:24:29.929+0000] {processor.py:157} INFO - Started process (PID=581) to work on /home/airflow/.local/lib/python3.8/site-packages/airflow/example_dags/example_task_group_decorator.py
[2023-12-03T19:24:29.932+0000] {processor.py:829} INFO - Processing file /home/airflow/.local/lib/python3.8/site-packages/airflow/example_dags/example_task_group_decorator.py for tasks to queue
[2023-12-03T19:24:29.935+0000] {logging_mixin.py:154} INFO - [2023-12-03T19:24:29.934+0000] {dagbag.py:536} INFO - Filling up the DagBag from /home/airflow/.local/lib/python3.8/site-packages/airflow/example_dags/example_task_group_decorator.py
[2023-12-03T19:24:29.983+0000] {processor.py:839} INFO - DAG(s) dict_keys(['example_task_group_decorator']) retrieved from /home/airflow/.local/lib/python3.8/site-packages/airflow/example_dags/example_task_group_decorator.py
[2023-12-03T19:24:30.040+0000] {logging_mixin.py:154} INFO - [2023-12-03T19:24:30.039+0000] {dag.py:2941} INFO - Sync 1 DAGs
[2023-12-03T19:24:30.070+0000] {logging_mixin.py:154} INFO - [2023-12-03T19:24:30.070+0000] {dag.py:3722} INFO - Setting next_dagrun for example_task_group_decorator to 2023-12-02T19:24:30.069855+00:00, run_after=2023-12-03T19:24:30.069855+00:00
[2023-12-03T19:24:30.117+0000] {processor.py:179} INFO - Processing /home/airflow/.local/lib/python3.8/site-packages/airflow/example_dags/example_task_group_decorator.py took 0.199 seconds
[2023-12-03T19:25:00.189+0000] {processor.py:157} INFO - Started process (PID=816) to work on /home/airflow/.local/lib/python3.8/site-packages/airflow/example_dags/example_task_group_decorator.py
[2023-12-03T19:25:00.190+0000] {processor.py:829} INFO - Processing file /home/airflow/.local/lib/python3.8/site-packages/airflow/example_dags/example_task_group_decorator.py for tasks to queue
[2023-12-03T19:25:00.191+0000] {logging_mixin.py:154} INFO - [2023-12-03T19:25:00.191+0000] {dagbag.py:536} INFO - Filling up the DagBag from /home/airflow/.local/lib/python3.8/site-packages/airflow/example_dags/example_task_group_decorator.py
[2023-12-03T19:25:00.205+0000] {processor.py:839} INFO - DAG(s) dict_keys(['example_task_group_decorator']) retrieved from /home/airflow/.local/lib/python3.8/site-packages/airflow/example_dags/example_task_group_decorator.py
[2023-12-03T19:25:00.226+0000] {logging_mixin.py:154} INFO - [2023-12-03T19:25:00.226+0000] {dag.py:2941} INFO - Sync 1 DAGs
[2023-12-03T19:25:00.245+0000] {logging_mixin.py:154} INFO - [2023-12-03T19:25:00.245+0000] {dag.py:3722} INFO - Setting next_dagrun for example_task_group_decorator to 2023-12-02T19:25:00.245311+00:00, run_after=2023-12-03T19:25:00.245311+00:00
[2023-12-03T19:25:00.260+0000] {processor.py:179} INFO - Processing /home/airflow/.local/lib/python3.8/site-packages/airflow/example_dags/example_task_group_decorator.py took 0.074 seconds
[2023-12-03T19:25:30.833+0000] {processor.py:157} INFO - Started process (PID=1054) to work on /home/airflow/.local/lib/python3.8/site-packages/airflow/example_dags/example_task_group_decorator.py
[2023-12-03T19:25:30.834+0000] {processor.py:829} INFO - Processing file /home/airflow/.local/lib/python3.8/site-packages/airflow/example_dags/example_task_group_decorator.py for tasks to queue
[2023-12-03T19:25:30.835+0000] {logging_mixin.py:154} INFO - [2023-12-03T19:25:30.835+0000] {dagbag.py:536} INFO - Filling up the DagBag from /home/airflow/.local/lib/python3.8/site-packages/airflow/example_dags/example_task_group_decorator.py
[2023-12-03T19:25:30.847+0000] {processor.py:839} INFO - DAG(s) dict_keys(['example_task_group_decorator']) retrieved from /home/airflow/.local/lib/python3.8/site-packages/airflow/example_dags/example_task_group_decorator.py
[2023-12-03T19:25:30.866+0000] {logging_mixin.py:154} INFO - [2023-12-03T19:25:30.866+0000] {dag.py:2941} INFO - Sync 1 DAGs
[2023-12-03T19:25:30.883+0000] {logging_mixin.py:154} INFO - [2023-12-03T19:25:30.883+0000] {dag.py:3722} INFO - Setting next_dagrun for example_task_group_decorator to 2023-12-02T19:25:30.882919+00:00, run_after=2023-12-03T19:25:30.882919+00:00
[2023-12-03T19:25:30.896+0000] {processor.py:179} INFO - Processing /home/airflow/.local/lib/python3.8/site-packages/airflow/example_dags/example_task_group_decorator.py took 0.065 seconds
[2023-12-03T19:26:01.771+0000] {processor.py:157} INFO - Started process (PID=1292) to work on /home/airflow/.local/lib/python3.8/site-packages/airflow/example_dags/example_task_group_decorator.py
[2023-12-03T19:26:01.780+0000] {processor.py:829} INFO - Processing file /home/airflow/.local/lib/python3.8/site-packages/airflow/example_dags/example_task_group_decorator.py for tasks to queue
[2023-12-03T19:26:01.784+0000] {logging_mixin.py:154} INFO - [2023-12-03T19:26:01.783+0000] {dagbag.py:536} INFO - Filling up the DagBag from /home/airflow/.local/lib/python3.8/site-packages/airflow/example_dags/example_task_group_decorator.py
[2023-12-03T19:26:02.209+0000] {processor.py:839} INFO - DAG(s) dict_keys(['example_task_group_decorator']) retrieved from /home/airflow/.local/lib/python3.8/site-packages/airflow/example_dags/example_task_group_decorator.py
[2023-12-03T19:26:02.333+0000] {logging_mixin.py:154} INFO - [2023-12-03T19:26:02.333+0000] {dag.py:2941} INFO - Sync 1 DAGs
[2023-12-03T19:26:02.387+0000] {logging_mixin.py:154} INFO - [2023-12-03T19:26:02.387+0000] {dag.py:3722} INFO - Setting next_dagrun for example_task_group_decorator to 2023-12-02T19:26:02.386237+00:00, run_after=2023-12-03T19:26:02.386237+00:00
[2023-12-03T19:26:02.414+0000] {processor.py:179} INFO - Processing /home/airflow/.local/lib/python3.8/site-packages/airflow/example_dags/example_task_group_decorator.py took 0.666 seconds
[2023-12-03T19:26:32.728+0000] {processor.py:157} INFO - Started process (PID=1528) to work on /home/airflow/.local/lib/python3.8/site-packages/airflow/example_dags/example_task_group_decorator.py
[2023-12-03T19:26:32.731+0000] {processor.py:829} INFO - Processing file /home/airflow/.local/lib/python3.8/site-packages/airflow/example_dags/example_task_group_decorator.py for tasks to queue
[2023-12-03T19:26:32.733+0000] {logging_mixin.py:154} INFO - [2023-12-03T19:26:32.732+0000] {dagbag.py:536} INFO - Filling up the DagBag from /home/airflow/.local/lib/python3.8/site-packages/airflow/example_dags/example_task_group_decorator.py
[2023-12-03T19:26:32.776+0000] {processor.py:839} INFO - DAG(s) dict_keys(['example_task_group_decorator']) retrieved from /home/airflow/.local/lib/python3.8/site-packages/airflow/example_dags/example_task_group_decorator.py
[2023-12-03T19:26:32.835+0000] {logging_mixin.py:154} INFO - [2023-12-03T19:26:32.834+0000] {dag.py:2941} INFO - Sync 1 DAGs
[2023-12-03T19:26:32.907+0000] {logging_mixin.py:154} INFO - [2023-12-03T19:26:32.906+0000] {dag.py:3722} INFO - Setting next_dagrun for example_task_group_decorator to 2023-12-02T19:26:32.905485+00:00, run_after=2023-12-03T19:26:32.905485+00:00
[2023-12-03T19:26:32.998+0000] {processor.py:179} INFO - Processing /home/airflow/.local/lib/python3.8/site-packages/airflow/example_dags/example_task_group_decorator.py took 0.279 seconds
[2023-12-03T19:27:03.616+0000] {processor.py:157} INFO - Started process (PID=1771) to work on /home/airflow/.local/lib/python3.8/site-packages/airflow/example_dags/example_task_group_decorator.py
[2023-12-03T19:27:03.618+0000] {processor.py:829} INFO - Processing file /home/airflow/.local/lib/python3.8/site-packages/airflow/example_dags/example_task_group_decorator.py for tasks to queue
[2023-12-03T19:27:03.619+0000] {logging_mixin.py:154} INFO - [2023-12-03T19:27:03.618+0000] {dagbag.py:536} INFO - Filling up the DagBag from /home/airflow/.local/lib/python3.8/site-packages/airflow/example_dags/example_task_group_decorator.py
[2023-12-03T19:27:03.634+0000] {processor.py:839} INFO - DAG(s) dict_keys(['example_task_group_decorator']) retrieved from /home/airflow/.local/lib/python3.8/site-packages/airflow/example_dags/example_task_group_decorator.py
[2023-12-03T19:27:03.659+0000] {logging_mixin.py:154} INFO - [2023-12-03T19:27:03.658+0000] {dag.py:2941} INFO - Sync 1 DAGs
[2023-12-03T19:27:03.681+0000] {logging_mixin.py:154} INFO - [2023-12-03T19:27:03.681+0000] {dag.py:3722} INFO - Setting next_dagrun for example_task_group_decorator to 2023-12-02T19:27:03.681252+00:00, run_after=2023-12-03T19:27:03.681252+00:00
[2023-12-03T19:27:03.697+0000] {processor.py:179} INFO - Processing /home/airflow/.local/lib/python3.8/site-packages/airflow/example_dags/example_task_group_decorator.py took 0.084 seconds
[2023-12-03T19:27:33.846+0000] {processor.py:157} INFO - Started process (PID=2010) to work on /home/airflow/.local/lib/python3.8/site-packages/airflow/example_dags/example_task_group_decorator.py
[2023-12-03T19:27:33.847+0000] {processor.py:829} INFO - Processing file /home/airflow/.local/lib/python3.8/site-packages/airflow/example_dags/example_task_group_decorator.py for tasks to queue
[2023-12-03T19:27:33.848+0000] {logging_mixin.py:154} INFO - [2023-12-03T19:27:33.848+0000] {dagbag.py:536} INFO - Filling up the DagBag from /home/airflow/.local/lib/python3.8/site-packages/airflow/example_dags/example_task_group_decorator.py
[2023-12-03T19:27:33.866+0000] {processor.py:839} INFO - DAG(s) dict_keys(['example_task_group_decorator']) retrieved from /home/airflow/.local/lib/python3.8/site-packages/airflow/example_dags/example_task_group_decorator.py
[2023-12-03T19:27:33.901+0000] {logging_mixin.py:154} INFO - [2023-12-03T19:27:33.901+0000] {dag.py:2941} INFO - Sync 1 DAGs
[2023-12-03T19:27:33.932+0000] {logging_mixin.py:154} INFO - [2023-12-03T19:27:33.931+0000] {dag.py:3722} INFO - Setting next_dagrun for example_task_group_decorator to 2023-12-02T19:27:33.931389+00:00, run_after=2023-12-03T19:27:33.931389+00:00
[2023-12-03T19:27:33.958+0000] {processor.py:179} INFO - Processing /home/airflow/.local/lib/python3.8/site-packages/airflow/example_dags/example_task_group_decorator.py took 0.116 seconds
[2023-12-03T19:28:04.222+0000] {processor.py:157} INFO - Started process (PID=2251) to work on /home/airflow/.local/lib/python3.8/site-packages/airflow/example_dags/example_task_group_decorator.py
[2023-12-03T19:28:04.224+0000] {processor.py:829} INFO - Processing file /home/airflow/.local/lib/python3.8/site-packages/airflow/example_dags/example_task_group_decorator.py for tasks to queue
[2023-12-03T19:28:04.224+0000] {logging_mixin.py:154} INFO - [2023-12-03T19:28:04.224+0000] {dagbag.py:536} INFO - Filling up the DagBag from /home/airflow/.local/lib/python3.8/site-packages/airflow/example_dags/example_task_group_decorator.py
[2023-12-03T19:28:04.237+0000] {processor.py:839} INFO - DAG(s) dict_keys(['example_task_group_decorator']) retrieved from /home/airflow/.local/lib/python3.8/site-packages/airflow/example_dags/example_task_group_decorator.py
[2023-12-03T19:28:04.258+0000] {logging_mixin.py:154} INFO - [2023-12-03T19:28:04.258+0000] {dag.py:2941} INFO - Sync 1 DAGs
[2023-12-03T19:28:04.279+0000] {logging_mixin.py:154} INFO - [2023-12-03T19:28:04.279+0000] {dag.py:3722} INFO - Setting next_dagrun for example_task_group_decorator to 2023-12-02T19:28:04.278799+00:00, run_after=2023-12-03T19:28:04.278799+00:00
[2023-12-03T19:28:04.295+0000] {processor.py:179} INFO - Processing /home/airflow/.local/lib/python3.8/site-packages/airflow/example_dags/example_task_group_decorator.py took 0.076 seconds
[2023-12-03T19:28:35.338+0000] {processor.py:157} INFO - Started process (PID=2490) to work on /home/airflow/.local/lib/python3.8/site-packages/airflow/example_dags/example_task_group_decorator.py
[2023-12-03T19:28:35.340+0000] {processor.py:829} INFO - Processing file /home/airflow/.local/lib/python3.8/site-packages/airflow/example_dags/example_task_group_decorator.py for tasks to queue
[2023-12-03T19:28:35.341+0000] {logging_mixin.py:154} INFO - [2023-12-03T19:28:35.341+0000] {dagbag.py:536} INFO - Filling up the DagBag from /home/airflow/.local/lib/python3.8/site-packages/airflow/example_dags/example_task_group_decorator.py
[2023-12-03T19:28:35.397+0000] {processor.py:839} INFO - DAG(s) dict_keys(['example_task_group_decorator']) retrieved from /home/airflow/.local/lib/python3.8/site-packages/airflow/example_dags/example_task_group_decorator.py
[2023-12-03T19:28:35.440+0000] {logging_mixin.py:154} INFO - [2023-12-03T19:28:35.440+0000] {dag.py:2941} INFO - Sync 1 DAGs
[2023-12-03T19:28:35.464+0000] {logging_mixin.py:154} INFO - [2023-12-03T19:28:35.464+0000] {dag.py:3722} INFO - Setting next_dagrun for example_task_group_decorator to 2023-12-02T19:28:35.463998+00:00, run_after=2023-12-03T19:28:35.463998+00:00
[2023-12-03T19:28:35.480+0000] {processor.py:179} INFO - Processing /home/airflow/.local/lib/python3.8/site-packages/airflow/example_dags/example_task_group_decorator.py took 0.148 seconds
[2023-12-03T19:29:05.572+0000] {processor.py:157} INFO - Started process (PID=2726) to work on /home/airflow/.local/lib/python3.8/site-packages/airflow/example_dags/example_task_group_decorator.py
[2023-12-03T19:29:05.576+0000] {processor.py:829} INFO - Processing file /home/airflow/.local/lib/python3.8/site-packages/airflow/example_dags/example_task_group_decorator.py for tasks to queue
[2023-12-03T19:29:05.579+0000] {logging_mixin.py:154} INFO - [2023-12-03T19:29:05.579+0000] {dagbag.py:536} INFO - Filling up the DagBag from /home/airflow/.local/lib/python3.8/site-packages/airflow/example_dags/example_task_group_decorator.py
[2023-12-03T19:29:05.625+0000] {processor.py:839} INFO - DAG(s) dict_keys(['example_task_group_decorator']) retrieved from /home/airflow/.local/lib/python3.8/site-packages/airflow/example_dags/example_task_group_decorator.py
[2023-12-03T19:29:05.668+0000] {logging_mixin.py:154} INFO - [2023-12-03T19:29:05.668+0000] {dag.py:2941} INFO - Sync 1 DAGs
[2023-12-03T19:29:05.708+0000] {logging_mixin.py:154} INFO - [2023-12-03T19:29:05.708+0000] {dag.py:3722} INFO - Setting next_dagrun for example_task_group_decorator to 2023-12-02T19:29:05.708273+00:00, run_after=2023-12-03T19:29:05.708273+00:00
[2023-12-03T19:29:05.732+0000] {processor.py:179} INFO - Processing /home/airflow/.local/lib/python3.8/site-packages/airflow/example_dags/example_task_group_decorator.py took 0.168 seconds
[2023-12-03T19:29:37.473+0000] {processor.py:157} INFO - Started process (PID=2969) to work on /home/airflow/.local/lib/python3.8/site-packages/airflow/example_dags/example_task_group_decorator.py
[2023-12-03T19:29:37.476+0000] {processor.py:829} INFO - Processing file /home/airflow/.local/lib/python3.8/site-packages/airflow/example_dags/example_task_group_decorator.py for tasks to queue
[2023-12-03T19:29:37.478+0000] {logging_mixin.py:154} INFO - [2023-12-03T19:29:37.477+0000] {dagbag.py:536} INFO - Filling up the DagBag from /home/airflow/.local/lib/python3.8/site-packages/airflow/example_dags/example_task_group_decorator.py
[2023-12-03T19:29:37.507+0000] {processor.py:839} INFO - DAG(s) dict_keys(['example_task_group_decorator']) retrieved from /home/airflow/.local/lib/python3.8/site-packages/airflow/example_dags/example_task_group_decorator.py
[2023-12-03T19:29:37.546+0000] {logging_mixin.py:154} INFO - [2023-12-03T19:29:37.545+0000] {dag.py:2941} INFO - Sync 1 DAGs
[2023-12-03T19:29:37.580+0000] {logging_mixin.py:154} INFO - [2023-12-03T19:29:37.580+0000] {dag.py:3722} INFO - Setting next_dagrun for example_task_group_decorator to 2023-12-02T19:29:37.580138+00:00, run_after=2023-12-03T19:29:37.580138+00:00
[2023-12-03T19:29:37.611+0000] {processor.py:179} INFO - Processing /home/airflow/.local/lib/python3.8/site-packages/airflow/example_dags/example_task_group_decorator.py took 0.145 seconds
[2023-12-03T19:30:08.571+0000] {processor.py:157} INFO - Started process (PID=3207) to work on /home/airflow/.local/lib/python3.8/site-packages/airflow/example_dags/example_task_group_decorator.py
[2023-12-03T19:30:08.573+0000] {processor.py:829} INFO - Processing file /home/airflow/.local/lib/python3.8/site-packages/airflow/example_dags/example_task_group_decorator.py for tasks to queue
[2023-12-03T19:30:08.574+0000] {logging_mixin.py:154} INFO - [2023-12-03T19:30:08.574+0000] {dagbag.py:536} INFO - Filling up the DagBag from /home/airflow/.local/lib/python3.8/site-packages/airflow/example_dags/example_task_group_decorator.py
[2023-12-03T19:30:08.590+0000] {processor.py:839} INFO - DAG(s) dict_keys(['example_task_group_decorator']) retrieved from /home/airflow/.local/lib/python3.8/site-packages/airflow/example_dags/example_task_group_decorator.py
[2023-12-03T19:30:08.617+0000] {logging_mixin.py:154} INFO - [2023-12-03T19:30:08.617+0000] {dag.py:2941} INFO - Sync 1 DAGs
[2023-12-03T19:30:08.643+0000] {logging_mixin.py:154} INFO - [2023-12-03T19:30:08.642+0000] {dag.py:3722} INFO - Setting next_dagrun for example_task_group_decorator to 2023-12-02T19:30:08.642351+00:00, run_after=2023-12-03T19:30:08.642351+00:00
[2023-12-03T19:30:08.662+0000] {processor.py:179} INFO - Processing /home/airflow/.local/lib/python3.8/site-packages/airflow/example_dags/example_task_group_decorator.py took 0.095 seconds
