[2023-12-03T19:23:54.965+0000] {processor.py:157} INFO - Started process (PID=190) to work on /home/airflow/.local/lib/python3.8/site-packages/airflow/example_dags/example_setup_teardown_taskflow.py
[2023-12-03T19:23:54.966+0000] {processor.py:829} INFO - Processing file /home/airflow/.local/lib/python3.8/site-packages/airflow/example_dags/example_setup_teardown_taskflow.py for tasks to queue
[2023-12-03T19:23:54.967+0000] {logging_mixin.py:154} INFO - [2023-12-03T19:23:54.967+0000] {dagbag.py:536} INFO - Filling up the DagBag from /home/airflow/.local/lib/python3.8/site-packages/airflow/example_dags/example_setup_teardown_taskflow.py
[2023-12-03T19:23:54.984+0000] {processor.py:839} INFO - DAG(s) dict_keys(['example_setup_teardown_taskflow']) retrieved from /home/airflow/.local/lib/python3.8/site-packages/airflow/example_dags/example_setup_teardown_taskflow.py
[2023-12-03T19:23:55.029+0000] {logging_mixin.py:154} INFO - [2023-12-03T19:23:55.029+0000] {dag.py:2941} INFO - Sync 1 DAGs
[2023-12-03T19:23:55.079+0000] {logging_mixin.py:154} INFO - [2023-12-03T19:23:55.079+0000] {dag.py:3722} INFO - Setting next_dagrun for example_setup_teardown_taskflow to 2023-12-02T19:23:55.077979+00:00, run_after=2023-12-03T19:23:55.077979+00:00
[2023-12-03T19:23:55.121+0000] {processor.py:179} INFO - Processing /home/airflow/.local/lib/python3.8/site-packages/airflow/example_dags/example_setup_teardown_taskflow.py took 0.161 seconds
[2023-12-03T19:24:25.836+0000] {processor.py:157} INFO - Started process (PID=426) to work on /home/airflow/.local/lib/python3.8/site-packages/airflow/example_dags/example_setup_teardown_taskflow.py
[2023-12-03T19:24:25.838+0000] {processor.py:829} INFO - Processing file /home/airflow/.local/lib/python3.8/site-packages/airflow/example_dags/example_setup_teardown_taskflow.py for tasks to queue
[2023-12-03T19:24:25.839+0000] {logging_mixin.py:154} INFO - [2023-12-03T19:24:25.839+0000] {dagbag.py:536} INFO - Filling up the DagBag from /home/airflow/.local/lib/python3.8/site-packages/airflow/example_dags/example_setup_teardown_taskflow.py
[2023-12-03T19:24:25.854+0000] {processor.py:839} INFO - DAG(s) dict_keys(['example_setup_teardown_taskflow']) retrieved from /home/airflow/.local/lib/python3.8/site-packages/airflow/example_dags/example_setup_teardown_taskflow.py
[2023-12-03T19:24:25.882+0000] {logging_mixin.py:154} INFO - [2023-12-03T19:24:25.881+0000] {dag.py:2941} INFO - Sync 1 DAGs
[2023-12-03T19:24:25.908+0000] {logging_mixin.py:154} INFO - [2023-12-03T19:24:25.908+0000] {dag.py:3722} INFO - Setting next_dagrun for example_setup_teardown_taskflow to 2023-12-02T19:24:25.908332+00:00, run_after=2023-12-03T19:24:25.908332+00:00
[2023-12-03T19:24:25.928+0000] {processor.py:179} INFO - Processing /home/airflow/.local/lib/python3.8/site-packages/airflow/example_dags/example_setup_teardown_taskflow.py took 0.097 seconds
[2023-12-03T19:24:56.984+0000] {processor.py:157} INFO - Started process (PID=666) to work on /home/airflow/.local/lib/python3.8/site-packages/airflow/example_dags/example_setup_teardown_taskflow.py
[2023-12-03T19:24:56.985+0000] {processor.py:829} INFO - Processing file /home/airflow/.local/lib/python3.8/site-packages/airflow/example_dags/example_setup_teardown_taskflow.py for tasks to queue
[2023-12-03T19:24:56.986+0000] {logging_mixin.py:154} INFO - [2023-12-03T19:24:56.986+0000] {dagbag.py:536} INFO - Filling up the DagBag from /home/airflow/.local/lib/python3.8/site-packages/airflow/example_dags/example_setup_teardown_taskflow.py
[2023-12-03T19:24:56.996+0000] {processor.py:839} INFO - DAG(s) dict_keys(['example_setup_teardown_taskflow']) retrieved from /home/airflow/.local/lib/python3.8/site-packages/airflow/example_dags/example_setup_teardown_taskflow.py
[2023-12-03T19:24:57.020+0000] {logging_mixin.py:154} INFO - [2023-12-03T19:24:57.020+0000] {dag.py:2941} INFO - Sync 1 DAGs
[2023-12-03T19:24:57.042+0000] {logging_mixin.py:154} INFO - [2023-12-03T19:24:57.042+0000] {dag.py:3722} INFO - Setting next_dagrun for example_setup_teardown_taskflow to 2023-12-02T19:24:57.042347+00:00, run_after=2023-12-03T19:24:57.042347+00:00
[2023-12-03T19:24:57.061+0000] {processor.py:179} INFO - Processing /home/airflow/.local/lib/python3.8/site-packages/airflow/example_dags/example_setup_teardown_taskflow.py took 0.081 seconds
[2023-12-03T19:25:27.102+0000] {processor.py:157} INFO - Started process (PID=902) to work on /home/airflow/.local/lib/python3.8/site-packages/airflow/example_dags/example_setup_teardown_taskflow.py
[2023-12-03T19:25:27.103+0000] {processor.py:829} INFO - Processing file /home/airflow/.local/lib/python3.8/site-packages/airflow/example_dags/example_setup_teardown_taskflow.py for tasks to queue
[2023-12-03T19:25:27.104+0000] {logging_mixin.py:154} INFO - [2023-12-03T19:25:27.103+0000] {dagbag.py:536} INFO - Filling up the DagBag from /home/airflow/.local/lib/python3.8/site-packages/airflow/example_dags/example_setup_teardown_taskflow.py
[2023-12-03T19:25:27.114+0000] {processor.py:839} INFO - DAG(s) dict_keys(['example_setup_teardown_taskflow']) retrieved from /home/airflow/.local/lib/python3.8/site-packages/airflow/example_dags/example_setup_teardown_taskflow.py
[2023-12-03T19:25:27.133+0000] {logging_mixin.py:154} INFO - [2023-12-03T19:25:27.133+0000] {dag.py:2941} INFO - Sync 1 DAGs
[2023-12-03T19:25:27.149+0000] {logging_mixin.py:154} INFO - [2023-12-03T19:25:27.149+0000] {dag.py:3722} INFO - Setting next_dagrun for example_setup_teardown_taskflow to 2023-12-02T19:25:27.149366+00:00, run_after=2023-12-03T19:25:27.149366+00:00
[2023-12-03T19:25:27.162+0000] {processor.py:179} INFO - Processing /home/airflow/.local/lib/python3.8/site-packages/airflow/example_dags/example_setup_teardown_taskflow.py took 0.064 seconds
[2023-12-03T19:25:57.937+0000] {processor.py:157} INFO - Started process (PID=1140) to work on /home/airflow/.local/lib/python3.8/site-packages/airflow/example_dags/example_setup_teardown_taskflow.py
[2023-12-03T19:25:57.948+0000] {processor.py:829} INFO - Processing file /home/airflow/.local/lib/python3.8/site-packages/airflow/example_dags/example_setup_teardown_taskflow.py for tasks to queue
[2023-12-03T19:25:57.956+0000] {logging_mixin.py:154} INFO - [2023-12-03T19:25:57.953+0000] {dagbag.py:536} INFO - Filling up the DagBag from /home/airflow/.local/lib/python3.8/site-packages/airflow/example_dags/example_setup_teardown_taskflow.py
[2023-12-03T19:25:57.991+0000] {processor.py:839} INFO - DAG(s) dict_keys(['example_setup_teardown_taskflow']) retrieved from /home/airflow/.local/lib/python3.8/site-packages/airflow/example_dags/example_setup_teardown_taskflow.py
[2023-12-03T19:25:58.064+0000] {logging_mixin.py:154} INFO - [2023-12-03T19:25:58.064+0000] {dag.py:2941} INFO - Sync 1 DAGs
[2023-12-03T19:25:58.160+0000] {logging_mixin.py:154} INFO - [2023-12-03T19:25:58.160+0000] {dag.py:3722} INFO - Setting next_dagrun for example_setup_teardown_taskflow to 2023-12-02T19:25:58.159543+00:00, run_after=2023-12-03T19:25:58.159543+00:00
[2023-12-03T19:25:58.210+0000] {processor.py:179} INFO - Processing /home/airflow/.local/lib/python3.8/site-packages/airflow/example_dags/example_setup_teardown_taskflow.py took 0.290 seconds
[2023-12-03T19:26:29.001+0000] {processor.py:157} INFO - Started process (PID=1378) to work on /home/airflow/.local/lib/python3.8/site-packages/airflow/example_dags/example_setup_teardown_taskflow.py
[2023-12-03T19:26:29.003+0000] {processor.py:829} INFO - Processing file /home/airflow/.local/lib/python3.8/site-packages/airflow/example_dags/example_setup_teardown_taskflow.py for tasks to queue
[2023-12-03T19:26:29.004+0000] {logging_mixin.py:154} INFO - [2023-12-03T19:26:29.004+0000] {dagbag.py:536} INFO - Filling up the DagBag from /home/airflow/.local/lib/python3.8/site-packages/airflow/example_dags/example_setup_teardown_taskflow.py
[2023-12-03T19:26:29.016+0000] {processor.py:839} INFO - DAG(s) dict_keys(['example_setup_teardown_taskflow']) retrieved from /home/airflow/.local/lib/python3.8/site-packages/airflow/example_dags/example_setup_teardown_taskflow.py
[2023-12-03T19:26:29.038+0000] {logging_mixin.py:154} INFO - [2023-12-03T19:26:29.038+0000] {dag.py:2941} INFO - Sync 1 DAGs
[2023-12-03T19:26:29.057+0000] {logging_mixin.py:154} INFO - [2023-12-03T19:26:29.057+0000] {dag.py:3722} INFO - Setting next_dagrun for example_setup_teardown_taskflow to 2023-12-02T19:26:29.056689+00:00, run_after=2023-12-03T19:26:29.056689+00:00
[2023-12-03T19:26:29.075+0000] {processor.py:179} INFO - Processing /home/airflow/.local/lib/python3.8/site-packages/airflow/example_dags/example_setup_teardown_taskflow.py took 0.078 seconds
[2023-12-03T19:26:59.532+0000] {processor.py:157} INFO - Started process (PID=1616) to work on /home/airflow/.local/lib/python3.8/site-packages/airflow/example_dags/example_setup_teardown_taskflow.py
[2023-12-03T19:26:59.534+0000] {processor.py:829} INFO - Processing file /home/airflow/.local/lib/python3.8/site-packages/airflow/example_dags/example_setup_teardown_taskflow.py for tasks to queue
[2023-12-03T19:26:59.534+0000] {logging_mixin.py:154} INFO - [2023-12-03T19:26:59.534+0000] {dagbag.py:536} INFO - Filling up the DagBag from /home/airflow/.local/lib/python3.8/site-packages/airflow/example_dags/example_setup_teardown_taskflow.py
[2023-12-03T19:26:59.547+0000] {processor.py:839} INFO - DAG(s) dict_keys(['example_setup_teardown_taskflow']) retrieved from /home/airflow/.local/lib/python3.8/site-packages/airflow/example_dags/example_setup_teardown_taskflow.py
[2023-12-03T19:26:59.574+0000] {logging_mixin.py:154} INFO - [2023-12-03T19:26:59.574+0000] {dag.py:2941} INFO - Sync 1 DAGs
[2023-12-03T19:26:59.594+0000] {logging_mixin.py:154} INFO - [2023-12-03T19:26:59.594+0000] {dag.py:3722} INFO - Setting next_dagrun for example_setup_teardown_taskflow to 2023-12-02T19:26:59.594205+00:00, run_after=2023-12-03T19:26:59.594205+00:00
[2023-12-03T19:26:59.609+0000] {processor.py:179} INFO - Processing /home/airflow/.local/lib/python3.8/site-packages/airflow/example_dags/example_setup_teardown_taskflow.py took 0.081 seconds
[2023-12-03T19:27:30.106+0000] {processor.py:157} INFO - Started process (PID=1855) to work on /home/airflow/.local/lib/python3.8/site-packages/airflow/example_dags/example_setup_teardown_taskflow.py
[2023-12-03T19:27:30.108+0000] {processor.py:829} INFO - Processing file /home/airflow/.local/lib/python3.8/site-packages/airflow/example_dags/example_setup_teardown_taskflow.py for tasks to queue
[2023-12-03T19:27:30.109+0000] {logging_mixin.py:154} INFO - [2023-12-03T19:27:30.109+0000] {dagbag.py:536} INFO - Filling up the DagBag from /home/airflow/.local/lib/python3.8/site-packages/airflow/example_dags/example_setup_teardown_taskflow.py
[2023-12-03T19:27:30.120+0000] {processor.py:839} INFO - DAG(s) dict_keys(['example_setup_teardown_taskflow']) retrieved from /home/airflow/.local/lib/python3.8/site-packages/airflow/example_dags/example_setup_teardown_taskflow.py
[2023-12-03T19:27:30.142+0000] {logging_mixin.py:154} INFO - [2023-12-03T19:27:30.141+0000] {dag.py:2941} INFO - Sync 1 DAGs
[2023-12-03T19:27:30.161+0000] {logging_mixin.py:154} INFO - [2023-12-03T19:27:30.161+0000] {dag.py:3722} INFO - Setting next_dagrun for example_setup_teardown_taskflow to 2023-12-02T19:27:30.161043+00:00, run_after=2023-12-03T19:27:30.161043+00:00
[2023-12-03T19:27:30.177+0000] {processor.py:179} INFO - Processing /home/airflow/.local/lib/python3.8/site-packages/airflow/example_dags/example_setup_teardown_taskflow.py took 0.075 seconds
[2023-12-03T19:28:00.409+0000] {processor.py:157} INFO - Started process (PID=2096) to work on /home/airflow/.local/lib/python3.8/site-packages/airflow/example_dags/example_setup_teardown_taskflow.py
[2023-12-03T19:28:00.411+0000] {processor.py:829} INFO - Processing file /home/airflow/.local/lib/python3.8/site-packages/airflow/example_dags/example_setup_teardown_taskflow.py for tasks to queue
[2023-12-03T19:28:00.412+0000] {logging_mixin.py:154} INFO - [2023-12-03T19:28:00.412+0000] {dagbag.py:536} INFO - Filling up the DagBag from /home/airflow/.local/lib/python3.8/site-packages/airflow/example_dags/example_setup_teardown_taskflow.py
[2023-12-03T19:28:00.424+0000] {processor.py:839} INFO - DAG(s) dict_keys(['example_setup_teardown_taskflow']) retrieved from /home/airflow/.local/lib/python3.8/site-packages/airflow/example_dags/example_setup_teardown_taskflow.py
[2023-12-03T19:28:00.449+0000] {logging_mixin.py:154} INFO - [2023-12-03T19:28:00.449+0000] {dag.py:2941} INFO - Sync 1 DAGs
[2023-12-03T19:28:00.467+0000] {logging_mixin.py:154} INFO - [2023-12-03T19:28:00.467+0000] {dag.py:3722} INFO - Setting next_dagrun for example_setup_teardown_taskflow to 2023-12-02T19:28:00.467432+00:00, run_after=2023-12-03T19:28:00.467432+00:00
[2023-12-03T19:28:00.482+0000] {processor.py:179} INFO - Processing /home/airflow/.local/lib/python3.8/site-packages/airflow/example_dags/example_setup_teardown_taskflow.py took 0.078 seconds
[2023-12-03T19:28:31.415+0000] {processor.py:157} INFO - Started process (PID=2338) to work on /home/airflow/.local/lib/python3.8/site-packages/airflow/example_dags/example_setup_teardown_taskflow.py
[2023-12-03T19:28:31.416+0000] {processor.py:829} INFO - Processing file /home/airflow/.local/lib/python3.8/site-packages/airflow/example_dags/example_setup_teardown_taskflow.py for tasks to queue
[2023-12-03T19:28:31.418+0000] {logging_mixin.py:154} INFO - [2023-12-03T19:28:31.418+0000] {dagbag.py:536} INFO - Filling up the DagBag from /home/airflow/.local/lib/python3.8/site-packages/airflow/example_dags/example_setup_teardown_taskflow.py
[2023-12-03T19:28:31.431+0000] {processor.py:839} INFO - DAG(s) dict_keys(['example_setup_teardown_taskflow']) retrieved from /home/airflow/.local/lib/python3.8/site-packages/airflow/example_dags/example_setup_teardown_taskflow.py
[2023-12-03T19:28:31.464+0000] {logging_mixin.py:154} INFO - [2023-12-03T19:28:31.463+0000] {dag.py:2941} INFO - Sync 1 DAGs
[2023-12-03T19:28:31.488+0000] {logging_mixin.py:154} INFO - [2023-12-03T19:28:31.488+0000] {dag.py:3722} INFO - Setting next_dagrun for example_setup_teardown_taskflow to 2023-12-02T19:28:31.488144+00:00, run_after=2023-12-03T19:28:31.488144+00:00
[2023-12-03T19:28:31.523+0000] {processor.py:179} INFO - Processing /home/airflow/.local/lib/python3.8/site-packages/airflow/example_dags/example_setup_teardown_taskflow.py took 0.113 seconds
[2023-12-03T19:29:01.818+0000] {processor.py:157} INFO - Started process (PID=2576) to work on /home/airflow/.local/lib/python3.8/site-packages/airflow/example_dags/example_setup_teardown_taskflow.py
[2023-12-03T19:29:01.819+0000] {processor.py:829} INFO - Processing file /home/airflow/.local/lib/python3.8/site-packages/airflow/example_dags/example_setup_teardown_taskflow.py for tasks to queue
[2023-12-03T19:29:01.820+0000] {logging_mixin.py:154} INFO - [2023-12-03T19:29:01.820+0000] {dagbag.py:536} INFO - Filling up the DagBag from /home/airflow/.local/lib/python3.8/site-packages/airflow/example_dags/example_setup_teardown_taskflow.py
[2023-12-03T19:29:01.833+0000] {processor.py:839} INFO - DAG(s) dict_keys(['example_setup_teardown_taskflow']) retrieved from /home/airflow/.local/lib/python3.8/site-packages/airflow/example_dags/example_setup_teardown_taskflow.py
[2023-12-03T19:29:01.855+0000] {logging_mixin.py:154} INFO - [2023-12-03T19:29:01.855+0000] {dag.py:2941} INFO - Sync 1 DAGs
[2023-12-03T19:29:01.893+0000] {logging_mixin.py:154} INFO - [2023-12-03T19:29:01.892+0000] {dag.py:3722} INFO - Setting next_dagrun for example_setup_teardown_taskflow to 2023-12-02T19:29:01.892241+00:00, run_after=2023-12-03T19:29:01.892241+00:00
[2023-12-03T19:29:01.923+0000] {processor.py:179} INFO - Processing /home/airflow/.local/lib/python3.8/site-packages/airflow/example_dags/example_setup_teardown_taskflow.py took 0.108 seconds
[2023-12-03T19:29:32.965+0000] {processor.py:157} INFO - Started process (PID=2814) to work on /home/airflow/.local/lib/python3.8/site-packages/airflow/example_dags/example_setup_teardown_taskflow.py
[2023-12-03T19:29:32.966+0000] {processor.py:829} INFO - Processing file /home/airflow/.local/lib/python3.8/site-packages/airflow/example_dags/example_setup_teardown_taskflow.py for tasks to queue
[2023-12-03T19:29:32.967+0000] {logging_mixin.py:154} INFO - [2023-12-03T19:29:32.967+0000] {dagbag.py:536} INFO - Filling up the DagBag from /home/airflow/.local/lib/python3.8/site-packages/airflow/example_dags/example_setup_teardown_taskflow.py
[2023-12-03T19:29:32.979+0000] {processor.py:839} INFO - DAG(s) dict_keys(['example_setup_teardown_taskflow']) retrieved from /home/airflow/.local/lib/python3.8/site-packages/airflow/example_dags/example_setup_teardown_taskflow.py
[2023-12-03T19:29:33.002+0000] {logging_mixin.py:154} INFO - [2023-12-03T19:29:33.001+0000] {dag.py:2941} INFO - Sync 1 DAGs
[2023-12-03T19:29:33.032+0000] {logging_mixin.py:154} INFO - [2023-12-03T19:29:33.032+0000] {dag.py:3722} INFO - Setting next_dagrun for example_setup_teardown_taskflow to 2023-12-02T19:29:33.032291+00:00, run_after=2023-12-03T19:29:33.032291+00:00
[2023-12-03T19:29:33.062+0000] {processor.py:179} INFO - Processing /home/airflow/.local/lib/python3.8/site-packages/airflow/example_dags/example_setup_teardown_taskflow.py took 0.101 seconds
[2023-12-03T19:30:03.538+0000] {processor.py:157} INFO - Started process (PID=3054) to work on /home/airflow/.local/lib/python3.8/site-packages/airflow/example_dags/example_setup_teardown_taskflow.py
[2023-12-03T19:30:03.539+0000] {processor.py:829} INFO - Processing file /home/airflow/.local/lib/python3.8/site-packages/airflow/example_dags/example_setup_teardown_taskflow.py for tasks to queue
[2023-12-03T19:30:03.540+0000] {logging_mixin.py:154} INFO - [2023-12-03T19:30:03.540+0000] {dagbag.py:536} INFO - Filling up the DagBag from /home/airflow/.local/lib/python3.8/site-packages/airflow/example_dags/example_setup_teardown_taskflow.py
[2023-12-03T19:30:03.549+0000] {processor.py:839} INFO - DAG(s) dict_keys(['example_setup_teardown_taskflow']) retrieved from /home/airflow/.local/lib/python3.8/site-packages/airflow/example_dags/example_setup_teardown_taskflow.py
[2023-12-03T19:30:03.567+0000] {logging_mixin.py:154} INFO - [2023-12-03T19:30:03.567+0000] {dag.py:2941} INFO - Sync 1 DAGs
[2023-12-03T19:30:03.583+0000] {logging_mixin.py:154} INFO - [2023-12-03T19:30:03.583+0000] {dag.py:3722} INFO - Setting next_dagrun for example_setup_teardown_taskflow to 2023-12-02T19:30:03.583390+00:00, run_after=2023-12-03T19:30:03.583390+00:00
[2023-12-03T19:30:03.596+0000] {processor.py:179} INFO - Processing /home/airflow/.local/lib/python3.8/site-packages/airflow/example_dags/example_setup_teardown_taskflow.py took 0.062 seconds
