[2023-12-03T19:23:58.488+0000] {processor.py:157} INFO - Started process (PID=335) to work on /home/airflow/.local/lib/python3.8/site-packages/airflow/example_dags/example_dynamic_task_mapping_with_no_taskflow_operators.py
[2023-12-03T19:23:58.489+0000] {processor.py:829} INFO - Processing file /home/airflow/.local/lib/python3.8/site-packages/airflow/example_dags/example_dynamic_task_mapping_with_no_taskflow_operators.py for tasks to queue
[2023-12-03T19:23:58.490+0000] {logging_mixin.py:154} INFO - [2023-12-03T19:23:58.490+0000] {dagbag.py:536} INFO - Filling up the DagBag from /home/airflow/.local/lib/python3.8/site-packages/airflow/example_dags/example_dynamic_task_mapping_with_no_taskflow_operators.py
[2023-12-03T19:23:58.500+0000] {processor.py:839} INFO - DAG(s) dict_keys(['example_dynamic_task_mapping_with_no_taskflow_operators']) retrieved from /home/airflow/.local/lib/python3.8/site-packages/airflow/example_dags/example_dynamic_task_mapping_with_no_taskflow_operators.py
[2023-12-03T19:23:58.526+0000] {logging_mixin.py:154} INFO - [2023-12-03T19:23:58.525+0000] {dag.py:2941} INFO - Sync 1 DAGs
[2023-12-03T19:23:58.564+0000] {logging_mixin.py:154} INFO - [2023-12-03T19:23:58.564+0000] {dag.py:3722} INFO - Setting next_dagrun for example_dynamic_task_mapping_with_no_taskflow_operators to 2023-12-02T19:23:58.564142+00:00, run_after=2023-12-03T19:23:58.564142+00:00
[2023-12-03T19:23:58.586+0000] {processor.py:179} INFO - Processing /home/airflow/.local/lib/python3.8/site-packages/airflow/example_dags/example_dynamic_task_mapping_with_no_taskflow_operators.py took 0.102 seconds
[2023-12-03T19:24:29.506+0000] {processor.py:157} INFO - Started process (PID=571) to work on /home/airflow/.local/lib/python3.8/site-packages/airflow/example_dags/example_dynamic_task_mapping_with_no_taskflow_operators.py
[2023-12-03T19:24:29.509+0000] {processor.py:829} INFO - Processing file /home/airflow/.local/lib/python3.8/site-packages/airflow/example_dags/example_dynamic_task_mapping_with_no_taskflow_operators.py for tasks to queue
[2023-12-03T19:24:29.510+0000] {logging_mixin.py:154} INFO - [2023-12-03T19:24:29.510+0000] {dagbag.py:536} INFO - Filling up the DagBag from /home/airflow/.local/lib/python3.8/site-packages/airflow/example_dags/example_dynamic_task_mapping_with_no_taskflow_operators.py
[2023-12-03T19:24:29.525+0000] {processor.py:839} INFO - DAG(s) dict_keys(['example_dynamic_task_mapping_with_no_taskflow_operators']) retrieved from /home/airflow/.local/lib/python3.8/site-packages/airflow/example_dags/example_dynamic_task_mapping_with_no_taskflow_operators.py
[2023-12-03T19:24:29.658+0000] {logging_mixin.py:154} INFO - [2023-12-03T19:24:29.657+0000] {dag.py:2941} INFO - Sync 1 DAGs
[2023-12-03T19:24:29.755+0000] {logging_mixin.py:154} INFO - [2023-12-03T19:24:29.754+0000] {dag.py:3722} INFO - Setting next_dagrun for example_dynamic_task_mapping_with_no_taskflow_operators to 2023-12-02T19:24:29.753912+00:00, run_after=2023-12-03T19:24:29.753912+00:00
[2023-12-03T19:24:29.827+0000] {processor.py:179} INFO - Processing /home/airflow/.local/lib/python3.8/site-packages/airflow/example_dags/example_dynamic_task_mapping_with_no_taskflow_operators.py took 0.327 seconds
[2023-12-03T19:25:00.090+0000] {processor.py:157} INFO - Started process (PID=809) to work on /home/airflow/.local/lib/python3.8/site-packages/airflow/example_dags/example_dynamic_task_mapping_with_no_taskflow_operators.py
[2023-12-03T19:25:00.091+0000] {processor.py:829} INFO - Processing file /home/airflow/.local/lib/python3.8/site-packages/airflow/example_dags/example_dynamic_task_mapping_with_no_taskflow_operators.py for tasks to queue
[2023-12-03T19:25:00.092+0000] {logging_mixin.py:154} INFO - [2023-12-03T19:25:00.092+0000] {dagbag.py:536} INFO - Filling up the DagBag from /home/airflow/.local/lib/python3.8/site-packages/airflow/example_dags/example_dynamic_task_mapping_with_no_taskflow_operators.py
[2023-12-03T19:25:00.100+0000] {processor.py:839} INFO - DAG(s) dict_keys(['example_dynamic_task_mapping_with_no_taskflow_operators']) retrieved from /home/airflow/.local/lib/python3.8/site-packages/airflow/example_dags/example_dynamic_task_mapping_with_no_taskflow_operators.py
[2023-12-03T19:25:00.129+0000] {logging_mixin.py:154} INFO - [2023-12-03T19:25:00.129+0000] {dag.py:2941} INFO - Sync 1 DAGs
[2023-12-03T19:25:00.151+0000] {logging_mixin.py:154} INFO - [2023-12-03T19:25:00.150+0000] {dag.py:3722} INFO - Setting next_dagrun for example_dynamic_task_mapping_with_no_taskflow_operators to 2023-12-02T19:25:00.150681+00:00, run_after=2023-12-03T19:25:00.150681+00:00
[2023-12-03T19:25:00.171+0000] {processor.py:179} INFO - Processing /home/airflow/.local/lib/python3.8/site-packages/airflow/example_dags/example_dynamic_task_mapping_with_no_taskflow_operators.py took 0.084 seconds
[2023-12-03T19:25:30.762+0000] {processor.py:157} INFO - Started process (PID=1047) to work on /home/airflow/.local/lib/python3.8/site-packages/airflow/example_dags/example_dynamic_task_mapping_with_no_taskflow_operators.py
[2023-12-03T19:25:30.763+0000] {processor.py:829} INFO - Processing file /home/airflow/.local/lib/python3.8/site-packages/airflow/example_dags/example_dynamic_task_mapping_with_no_taskflow_operators.py for tasks to queue
[2023-12-03T19:25:30.764+0000] {logging_mixin.py:154} INFO - [2023-12-03T19:25:30.764+0000] {dagbag.py:536} INFO - Filling up the DagBag from /home/airflow/.local/lib/python3.8/site-packages/airflow/example_dags/example_dynamic_task_mapping_with_no_taskflow_operators.py
[2023-12-03T19:25:30.771+0000] {processor.py:839} INFO - DAG(s) dict_keys(['example_dynamic_task_mapping_with_no_taskflow_operators']) retrieved from /home/airflow/.local/lib/python3.8/site-packages/airflow/example_dags/example_dynamic_task_mapping_with_no_taskflow_operators.py
[2023-12-03T19:25:30.791+0000] {logging_mixin.py:154} INFO - [2023-12-03T19:25:30.790+0000] {dag.py:2941} INFO - Sync 1 DAGs
[2023-12-03T19:25:30.808+0000] {logging_mixin.py:154} INFO - [2023-12-03T19:25:30.808+0000] {dag.py:3722} INFO - Setting next_dagrun for example_dynamic_task_mapping_with_no_taskflow_operators to 2023-12-02T19:25:30.807995+00:00, run_after=2023-12-03T19:25:30.807995+00:00
[2023-12-03T19:25:30.821+0000] {processor.py:179} INFO - Processing /home/airflow/.local/lib/python3.8/site-packages/airflow/example_dags/example_dynamic_task_mapping_with_no_taskflow_operators.py took 0.062 seconds
[2023-12-03T19:26:01.572+0000] {processor.py:157} INFO - Started process (PID=1285) to work on /home/airflow/.local/lib/python3.8/site-packages/airflow/example_dags/example_dynamic_task_mapping_with_no_taskflow_operators.py
[2023-12-03T19:26:01.573+0000] {processor.py:829} INFO - Processing file /home/airflow/.local/lib/python3.8/site-packages/airflow/example_dags/example_dynamic_task_mapping_with_no_taskflow_operators.py for tasks to queue
[2023-12-03T19:26:01.574+0000] {logging_mixin.py:154} INFO - [2023-12-03T19:26:01.574+0000] {dagbag.py:536} INFO - Filling up the DagBag from /home/airflow/.local/lib/python3.8/site-packages/airflow/example_dags/example_dynamic_task_mapping_with_no_taskflow_operators.py
[2023-12-03T19:26:01.584+0000] {processor.py:839} INFO - DAG(s) dict_keys(['example_dynamic_task_mapping_with_no_taskflow_operators']) retrieved from /home/airflow/.local/lib/python3.8/site-packages/airflow/example_dags/example_dynamic_task_mapping_with_no_taskflow_operators.py
[2023-12-03T19:26:01.611+0000] {logging_mixin.py:154} INFO - [2023-12-03T19:26:01.611+0000] {dag.py:2941} INFO - Sync 1 DAGs
[2023-12-03T19:26:01.632+0000] {logging_mixin.py:154} INFO - [2023-12-03T19:26:01.632+0000] {dag.py:3722} INFO - Setting next_dagrun for example_dynamic_task_mapping_with_no_taskflow_operators to 2023-12-02T19:26:01.632153+00:00, run_after=2023-12-03T19:26:01.632153+00:00
[2023-12-03T19:26:01.657+0000] {processor.py:179} INFO - Processing /home/airflow/.local/lib/python3.8/site-packages/airflow/example_dags/example_dynamic_task_mapping_with_no_taskflow_operators.py took 0.090 seconds
[2023-12-03T19:26:32.679+0000] {processor.py:157} INFO - Started process (PID=1523) to work on /home/airflow/.local/lib/python3.8/site-packages/airflow/example_dags/example_dynamic_task_mapping_with_no_taskflow_operators.py
[2023-12-03T19:26:32.683+0000] {processor.py:829} INFO - Processing file /home/airflow/.local/lib/python3.8/site-packages/airflow/example_dags/example_dynamic_task_mapping_with_no_taskflow_operators.py for tasks to queue
[2023-12-03T19:26:32.685+0000] {logging_mixin.py:154} INFO - [2023-12-03T19:26:32.684+0000] {dagbag.py:536} INFO - Filling up the DagBag from /home/airflow/.local/lib/python3.8/site-packages/airflow/example_dags/example_dynamic_task_mapping_with_no_taskflow_operators.py
[2023-12-03T19:26:32.715+0000] {processor.py:839} INFO - DAG(s) dict_keys(['example_dynamic_task_mapping_with_no_taskflow_operators']) retrieved from /home/airflow/.local/lib/python3.8/site-packages/airflow/example_dags/example_dynamic_task_mapping_with_no_taskflow_operators.py
[2023-12-03T19:26:32.768+0000] {logging_mixin.py:154} INFO - [2023-12-03T19:26:32.767+0000] {dag.py:2941} INFO - Sync 1 DAGs
[2023-12-03T19:26:32.821+0000] {logging_mixin.py:154} INFO - [2023-12-03T19:26:32.820+0000] {dag.py:3722} INFO - Setting next_dagrun for example_dynamic_task_mapping_with_no_taskflow_operators to 2023-12-02T19:26:32.820226+00:00, run_after=2023-12-03T19:26:32.820226+00:00
[2023-12-03T19:26:32.886+0000] {processor.py:179} INFO - Processing /home/airflow/.local/lib/python3.8/site-packages/airflow/example_dags/example_dynamic_task_mapping_with_no_taskflow_operators.py took 0.215 seconds
[2023-12-03T19:27:03.529+0000] {processor.py:157} INFO - Started process (PID=1761) to work on /home/airflow/.local/lib/python3.8/site-packages/airflow/example_dags/example_dynamic_task_mapping_with_no_taskflow_operators.py
[2023-12-03T19:27:03.530+0000] {processor.py:829} INFO - Processing file /home/airflow/.local/lib/python3.8/site-packages/airflow/example_dags/example_dynamic_task_mapping_with_no_taskflow_operators.py for tasks to queue
[2023-12-03T19:27:03.531+0000] {logging_mixin.py:154} INFO - [2023-12-03T19:27:03.530+0000] {dagbag.py:536} INFO - Filling up the DagBag from /home/airflow/.local/lib/python3.8/site-packages/airflow/example_dags/example_dynamic_task_mapping_with_no_taskflow_operators.py
[2023-12-03T19:27:03.537+0000] {processor.py:839} INFO - DAG(s) dict_keys(['example_dynamic_task_mapping_with_no_taskflow_operators']) retrieved from /home/airflow/.local/lib/python3.8/site-packages/airflow/example_dags/example_dynamic_task_mapping_with_no_taskflow_operators.py
[2023-12-03T19:27:03.555+0000] {logging_mixin.py:154} INFO - [2023-12-03T19:27:03.555+0000] {dag.py:2941} INFO - Sync 1 DAGs
[2023-12-03T19:27:03.573+0000] {logging_mixin.py:154} INFO - [2023-12-03T19:27:03.573+0000] {dag.py:3722} INFO - Setting next_dagrun for example_dynamic_task_mapping_with_no_taskflow_operators to 2023-12-02T19:27:03.573004+00:00, run_after=2023-12-03T19:27:03.573004+00:00
[2023-12-03T19:27:03.587+0000] {processor.py:179} INFO - Processing /home/airflow/.local/lib/python3.8/site-packages/airflow/example_dags/example_dynamic_task_mapping_with_no_taskflow_operators.py took 0.061 seconds
[2023-12-03T19:27:33.738+0000] {processor.py:157} INFO - Started process (PID=2000) to work on /home/airflow/.local/lib/python3.8/site-packages/airflow/example_dags/example_dynamic_task_mapping_with_no_taskflow_operators.py
[2023-12-03T19:27:33.739+0000] {processor.py:829} INFO - Processing file /home/airflow/.local/lib/python3.8/site-packages/airflow/example_dags/example_dynamic_task_mapping_with_no_taskflow_operators.py for tasks to queue
[2023-12-03T19:27:33.740+0000] {logging_mixin.py:154} INFO - [2023-12-03T19:27:33.740+0000] {dagbag.py:536} INFO - Filling up the DagBag from /home/airflow/.local/lib/python3.8/site-packages/airflow/example_dags/example_dynamic_task_mapping_with_no_taskflow_operators.py
[2023-12-03T19:27:33.748+0000] {processor.py:839} INFO - DAG(s) dict_keys(['example_dynamic_task_mapping_with_no_taskflow_operators']) retrieved from /home/airflow/.local/lib/python3.8/site-packages/airflow/example_dags/example_dynamic_task_mapping_with_no_taskflow_operators.py
[2023-12-03T19:27:33.775+0000] {logging_mixin.py:154} INFO - [2023-12-03T19:27:33.774+0000] {dag.py:2941} INFO - Sync 1 DAGs
[2023-12-03T19:27:33.795+0000] {logging_mixin.py:154} INFO - [2023-12-03T19:27:33.795+0000] {dag.py:3722} INFO - Setting next_dagrun for example_dynamic_task_mapping_with_no_taskflow_operators to 2023-12-02T19:27:33.795098+00:00, run_after=2023-12-03T19:27:33.795098+00:00
[2023-12-03T19:27:33.813+0000] {processor.py:179} INFO - Processing /home/airflow/.local/lib/python3.8/site-packages/airflow/example_dags/example_dynamic_task_mapping_with_no_taskflow_operators.py took 0.080 seconds
[2023-12-03T19:28:04.126+0000] {processor.py:157} INFO - Started process (PID=2241) to work on /home/airflow/.local/lib/python3.8/site-packages/airflow/example_dags/example_dynamic_task_mapping_with_no_taskflow_operators.py
[2023-12-03T19:28:04.127+0000] {processor.py:829} INFO - Processing file /home/airflow/.local/lib/python3.8/site-packages/airflow/example_dags/example_dynamic_task_mapping_with_no_taskflow_operators.py for tasks to queue
[2023-12-03T19:28:04.128+0000] {logging_mixin.py:154} INFO - [2023-12-03T19:28:04.127+0000] {dagbag.py:536} INFO - Filling up the DagBag from /home/airflow/.local/lib/python3.8/site-packages/airflow/example_dags/example_dynamic_task_mapping_with_no_taskflow_operators.py
[2023-12-03T19:28:04.134+0000] {processor.py:839} INFO - DAG(s) dict_keys(['example_dynamic_task_mapping_with_no_taskflow_operators']) retrieved from /home/airflow/.local/lib/python3.8/site-packages/airflow/example_dags/example_dynamic_task_mapping_with_no_taskflow_operators.py
[2023-12-03T19:28:04.158+0000] {logging_mixin.py:154} INFO - [2023-12-03T19:28:04.157+0000] {dag.py:2941} INFO - Sync 1 DAGs
[2023-12-03T19:28:04.182+0000] {logging_mixin.py:154} INFO - [2023-12-03T19:28:04.182+0000] {dag.py:3722} INFO - Setting next_dagrun for example_dynamic_task_mapping_with_no_taskflow_operators to 2023-12-02T19:28:04.182040+00:00, run_after=2023-12-03T19:28:04.182040+00:00
[2023-12-03T19:28:04.195+0000] {processor.py:179} INFO - Processing /home/airflow/.local/lib/python3.8/site-packages/airflow/example_dags/example_dynamic_task_mapping_with_no_taskflow_operators.py took 0.073 seconds
[2023-12-03T19:28:35.138+0000] {processor.py:157} INFO - Started process (PID=2485) to work on /home/airflow/.local/lib/python3.8/site-packages/airflow/example_dags/example_dynamic_task_mapping_with_no_taskflow_operators.py
[2023-12-03T19:28:35.141+0000] {processor.py:829} INFO - Processing file /home/airflow/.local/lib/python3.8/site-packages/airflow/example_dags/example_dynamic_task_mapping_with_no_taskflow_operators.py for tasks to queue
[2023-12-03T19:28:35.143+0000] {logging_mixin.py:154} INFO - [2023-12-03T19:28:35.143+0000] {dagbag.py:536} INFO - Filling up the DagBag from /home/airflow/.local/lib/python3.8/site-packages/airflow/example_dags/example_dynamic_task_mapping_with_no_taskflow_operators.py
[2023-12-03T19:28:35.160+0000] {processor.py:839} INFO - DAG(s) dict_keys(['example_dynamic_task_mapping_with_no_taskflow_operators']) retrieved from /home/airflow/.local/lib/python3.8/site-packages/airflow/example_dags/example_dynamic_task_mapping_with_no_taskflow_operators.py
[2023-12-03T19:28:35.201+0000] {logging_mixin.py:154} INFO - [2023-12-03T19:28:35.201+0000] {dag.py:2941} INFO - Sync 1 DAGs
[2023-12-03T19:28:35.245+0000] {logging_mixin.py:154} INFO - [2023-12-03T19:28:35.245+0000] {dag.py:3722} INFO - Setting next_dagrun for example_dynamic_task_mapping_with_no_taskflow_operators to 2023-12-02T19:28:35.244974+00:00, run_after=2023-12-03T19:28:35.244974+00:00
[2023-12-03T19:28:35.287+0000] {processor.py:179} INFO - Processing /home/airflow/.local/lib/python3.8/site-packages/airflow/example_dags/example_dynamic_task_mapping_with_no_taskflow_operators.py took 0.156 seconds
[2023-12-03T19:29:05.495+0000] {processor.py:157} INFO - Started process (PID=2721) to work on /home/airflow/.local/lib/python3.8/site-packages/airflow/example_dags/example_dynamic_task_mapping_with_no_taskflow_operators.py
[2023-12-03T19:29:05.497+0000] {processor.py:829} INFO - Processing file /home/airflow/.local/lib/python3.8/site-packages/airflow/example_dags/example_dynamic_task_mapping_with_no_taskflow_operators.py for tasks to queue
[2023-12-03T19:29:05.498+0000] {logging_mixin.py:154} INFO - [2023-12-03T19:29:05.497+0000] {dagbag.py:536} INFO - Filling up the DagBag from /home/airflow/.local/lib/python3.8/site-packages/airflow/example_dags/example_dynamic_task_mapping_with_no_taskflow_operators.py
[2023-12-03T19:29:05.509+0000] {processor.py:839} INFO - DAG(s) dict_keys(['example_dynamic_task_mapping_with_no_taskflow_operators']) retrieved from /home/airflow/.local/lib/python3.8/site-packages/airflow/example_dags/example_dynamic_task_mapping_with_no_taskflow_operators.py
[2023-12-03T19:29:05.598+0000] {logging_mixin.py:154} INFO - [2023-12-03T19:29:05.597+0000] {dag.py:2941} INFO - Sync 1 DAGs
[2023-12-03T19:29:05.650+0000] {logging_mixin.py:154} INFO - [2023-12-03T19:29:05.650+0000] {dag.py:3722} INFO - Setting next_dagrun for example_dynamic_task_mapping_with_no_taskflow_operators to 2023-12-02T19:29:05.649982+00:00, run_after=2023-12-03T19:29:05.649982+00:00
[2023-12-03T19:29:05.679+0000] {processor.py:179} INFO - Processing /home/airflow/.local/lib/python3.8/site-packages/airflow/example_dags/example_dynamic_task_mapping_with_no_taskflow_operators.py took 0.189 seconds
[2023-12-03T19:29:37.264+0000] {processor.py:157} INFO - Started process (PID=2959) to work on /home/airflow/.local/lib/python3.8/site-packages/airflow/example_dags/example_dynamic_task_mapping_with_no_taskflow_operators.py
[2023-12-03T19:29:37.267+0000] {processor.py:829} INFO - Processing file /home/airflow/.local/lib/python3.8/site-packages/airflow/example_dags/example_dynamic_task_mapping_with_no_taskflow_operators.py for tasks to queue
[2023-12-03T19:29:37.269+0000] {logging_mixin.py:154} INFO - [2023-12-03T19:29:37.269+0000] {dagbag.py:536} INFO - Filling up the DagBag from /home/airflow/.local/lib/python3.8/site-packages/airflow/example_dags/example_dynamic_task_mapping_with_no_taskflow_operators.py
[2023-12-03T19:29:37.287+0000] {processor.py:839} INFO - DAG(s) dict_keys(['example_dynamic_task_mapping_with_no_taskflow_operators']) retrieved from /home/airflow/.local/lib/python3.8/site-packages/airflow/example_dags/example_dynamic_task_mapping_with_no_taskflow_operators.py
[2023-12-03T19:29:37.329+0000] {logging_mixin.py:154} INFO - [2023-12-03T19:29:37.329+0000] {dag.py:2941} INFO - Sync 1 DAGs
[2023-12-03T19:29:37.377+0000] {logging_mixin.py:154} INFO - [2023-12-03T19:29:37.377+0000] {dag.py:3722} INFO - Setting next_dagrun for example_dynamic_task_mapping_with_no_taskflow_operators to 2023-12-02T19:29:37.376621+00:00, run_after=2023-12-03T19:29:37.376621+00:00
[2023-12-03T19:29:37.413+0000] {processor.py:179} INFO - Processing /home/airflow/.local/lib/python3.8/site-packages/airflow/example_dags/example_dynamic_task_mapping_with_no_taskflow_operators.py took 0.157 seconds
[2023-12-03T19:30:07.538+0000] {processor.py:157} INFO - Started process (PID=3199) to work on /home/airflow/.local/lib/python3.8/site-packages/airflow/example_dags/example_dynamic_task_mapping_with_no_taskflow_operators.py
[2023-12-03T19:30:07.539+0000] {processor.py:829} INFO - Processing file /home/airflow/.local/lib/python3.8/site-packages/airflow/example_dags/example_dynamic_task_mapping_with_no_taskflow_operators.py for tasks to queue
[2023-12-03T19:30:07.540+0000] {logging_mixin.py:154} INFO - [2023-12-03T19:30:07.540+0000] {dagbag.py:536} INFO - Filling up the DagBag from /home/airflow/.local/lib/python3.8/site-packages/airflow/example_dags/example_dynamic_task_mapping_with_no_taskflow_operators.py
[2023-12-03T19:30:07.547+0000] {processor.py:839} INFO - DAG(s) dict_keys(['example_dynamic_task_mapping_with_no_taskflow_operators']) retrieved from /home/airflow/.local/lib/python3.8/site-packages/airflow/example_dags/example_dynamic_task_mapping_with_no_taskflow_operators.py
[2023-12-03T19:30:07.564+0000] {logging_mixin.py:154} INFO - [2023-12-03T19:30:07.564+0000] {dag.py:2941} INFO - Sync 1 DAGs
[2023-12-03T19:30:07.581+0000] {logging_mixin.py:154} INFO - [2023-12-03T19:30:07.581+0000] {dag.py:3722} INFO - Setting next_dagrun for example_dynamic_task_mapping_with_no_taskflow_operators to 2023-12-02T19:30:07.581149+00:00, run_after=2023-12-03T19:30:07.581149+00:00
[2023-12-03T19:30:07.594+0000] {processor.py:179} INFO - Processing /home/airflow/.local/lib/python3.8/site-packages/airflow/example_dags/example_dynamic_task_mapping_with_no_taskflow_operators.py took 0.059 seconds
