[2023-12-03T19:23:55.286+0000] {processor.py:157} INFO - Started process (PID=208) to work on /home/airflow/.local/lib/python3.8/site-packages/airflow/example_dags/example_branch_datetime_operator.py
[2023-12-03T19:23:55.287+0000] {processor.py:829} INFO - Processing file /home/airflow/.local/lib/python3.8/site-packages/airflow/example_dags/example_branch_datetime_operator.py for tasks to queue
[2023-12-03T19:23:55.288+0000] {logging_mixin.py:154} INFO - [2023-12-03T19:23:55.288+0000] {dagbag.py:536} INFO - Filling up the DagBag from /home/airflow/.local/lib/python3.8/site-packages/airflow/example_dags/example_branch_datetime_operator.py
[2023-12-03T19:23:55.311+0000] {processor.py:839} INFO - DAG(s) dict_keys(['example_branch_datetime_operator_3', 'example_branch_datetime_operator_2', 'example_branch_datetime_operator']) retrieved from /home/airflow/.local/lib/python3.8/site-packages/airflow/example_dags/example_branch_datetime_operator.py
[2023-12-03T19:23:55.358+0000] {logging_mixin.py:154} INFO - [2023-12-03T19:23:55.357+0000] {dag.py:2941} INFO - Sync 3 DAGs
[2023-12-03T19:23:55.393+0000] {logging_mixin.py:154} INFO - [2023-12-03T19:23:55.393+0000] {dag.py:3722} INFO - Setting next_dagrun for example_branch_datetime_operator to 2023-12-02T00:00:00+00:00, run_after=2023-12-03T00:00:00+00:00
[2023-12-03T19:23:55.407+0000] {logging_mixin.py:154} INFO - [2023-12-03T19:23:55.407+0000] {dag.py:3722} INFO - Setting next_dagrun for example_branch_datetime_operator_2 to 2023-12-02T00:00:00+00:00, run_after=2023-12-03T00:00:00+00:00
[2023-12-03T19:23:55.412+0000] {logging_mixin.py:154} INFO - [2023-12-03T19:23:55.411+0000] {dag.py:3722} INFO - Setting next_dagrun for example_branch_datetime_operator_3 to 2023-12-02T00:00:00+00:00, run_after=2023-12-03T00:00:00+00:00
[2023-12-03T19:23:55.452+0000] {processor.py:179} INFO - Processing /home/airflow/.local/lib/python3.8/site-packages/airflow/example_dags/example_branch_datetime_operator.py took 0.175 seconds
[2023-12-03T19:24:26.462+0000] {processor.py:157} INFO - Started process (PID=446) to work on /home/airflow/.local/lib/python3.8/site-packages/airflow/example_dags/example_branch_datetime_operator.py
[2023-12-03T19:24:26.467+0000] {processor.py:829} INFO - Processing file /home/airflow/.local/lib/python3.8/site-packages/airflow/example_dags/example_branch_datetime_operator.py for tasks to queue
[2023-12-03T19:24:26.473+0000] {logging_mixin.py:154} INFO - [2023-12-03T19:24:26.472+0000] {dagbag.py:536} INFO - Filling up the DagBag from /home/airflow/.local/lib/python3.8/site-packages/airflow/example_dags/example_branch_datetime_operator.py
[2023-12-03T19:24:26.505+0000] {processor.py:839} INFO - DAG(s) dict_keys(['example_branch_datetime_operator_3', 'example_branch_datetime_operator', 'example_branch_datetime_operator_2']) retrieved from /home/airflow/.local/lib/python3.8/site-packages/airflow/example_dags/example_branch_datetime_operator.py
[2023-12-03T19:24:26.636+0000] {logging_mixin.py:154} INFO - [2023-12-03T19:24:26.636+0000] {dag.py:2941} INFO - Sync 3 DAGs
[2023-12-03T19:24:26.680+0000] {logging_mixin.py:154} INFO - [2023-12-03T19:24:26.679+0000] {dag.py:3722} INFO - Setting next_dagrun for example_branch_datetime_operator to 2023-12-02T00:00:00+00:00, run_after=2023-12-03T00:00:00+00:00
[2023-12-03T19:24:26.686+0000] {logging_mixin.py:154} INFO - [2023-12-03T19:24:26.686+0000] {dag.py:3722} INFO - Setting next_dagrun for example_branch_datetime_operator_2 to 2023-12-02T00:00:00+00:00, run_after=2023-12-03T00:00:00+00:00
[2023-12-03T19:24:26.691+0000] {logging_mixin.py:154} INFO - [2023-12-03T19:24:26.691+0000] {dag.py:3722} INFO - Setting next_dagrun for example_branch_datetime_operator_3 to 2023-12-02T00:00:00+00:00, run_after=2023-12-03T00:00:00+00:00
[2023-12-03T19:24:26.714+0000] {processor.py:179} INFO - Processing /home/airflow/.local/lib/python3.8/site-packages/airflow/example_dags/example_branch_datetime_operator.py took 0.273 seconds
[2023-12-03T19:24:57.199+0000] {processor.py:157} INFO - Started process (PID=684) to work on /home/airflow/.local/lib/python3.8/site-packages/airflow/example_dags/example_branch_datetime_operator.py
[2023-12-03T19:24:57.201+0000] {processor.py:829} INFO - Processing file /home/airflow/.local/lib/python3.8/site-packages/airflow/example_dags/example_branch_datetime_operator.py for tasks to queue
[2023-12-03T19:24:57.203+0000] {logging_mixin.py:154} INFO - [2023-12-03T19:24:57.203+0000] {dagbag.py:536} INFO - Filling up the DagBag from /home/airflow/.local/lib/python3.8/site-packages/airflow/example_dags/example_branch_datetime_operator.py
[2023-12-03T19:24:57.219+0000] {processor.py:839} INFO - DAG(s) dict_keys(['example_branch_datetime_operator_3', 'example_branch_datetime_operator', 'example_branch_datetime_operator_2']) retrieved from /home/airflow/.local/lib/python3.8/site-packages/airflow/example_dags/example_branch_datetime_operator.py
[2023-12-03T19:24:57.260+0000] {logging_mixin.py:154} INFO - [2023-12-03T19:24:57.260+0000] {dag.py:2941} INFO - Sync 3 DAGs
[2023-12-03T19:24:57.299+0000] {logging_mixin.py:154} INFO - [2023-12-03T19:24:57.299+0000] {dag.py:3722} INFO - Setting next_dagrun for example_branch_datetime_operator to 2023-12-02T00:00:00+00:00, run_after=2023-12-03T00:00:00+00:00
[2023-12-03T19:24:57.308+0000] {logging_mixin.py:154} INFO - [2023-12-03T19:24:57.308+0000] {dag.py:3722} INFO - Setting next_dagrun for example_branch_datetime_operator_2 to 2023-12-02T00:00:00+00:00, run_after=2023-12-03T00:00:00+00:00
[2023-12-03T19:24:57.312+0000] {logging_mixin.py:154} INFO - [2023-12-03T19:24:57.312+0000] {dag.py:3722} INFO - Setting next_dagrun for example_branch_datetime_operator_3 to 2023-12-02T00:00:00+00:00, run_after=2023-12-03T00:00:00+00:00
[2023-12-03T19:24:57.339+0000] {processor.py:179} INFO - Processing /home/airflow/.local/lib/python3.8/site-packages/airflow/example_dags/example_branch_datetime_operator.py took 0.145 seconds
[2023-12-03T19:25:28.297+0000] {processor.py:157} INFO - Started process (PID=922) to work on /home/airflow/.local/lib/python3.8/site-packages/airflow/example_dags/example_branch_datetime_operator.py
[2023-12-03T19:25:28.299+0000] {processor.py:829} INFO - Processing file /home/airflow/.local/lib/python3.8/site-packages/airflow/example_dags/example_branch_datetime_operator.py for tasks to queue
[2023-12-03T19:25:28.300+0000] {logging_mixin.py:154} INFO - [2023-12-03T19:25:28.299+0000] {dagbag.py:536} INFO - Filling up the DagBag from /home/airflow/.local/lib/python3.8/site-packages/airflow/example_dags/example_branch_datetime_operator.py
[2023-12-03T19:25:28.311+0000] {processor.py:839} INFO - DAG(s) dict_keys(['example_branch_datetime_operator_3', 'example_branch_datetime_operator_2', 'example_branch_datetime_operator']) retrieved from /home/airflow/.local/lib/python3.8/site-packages/airflow/example_dags/example_branch_datetime_operator.py
[2023-12-03T19:25:28.333+0000] {logging_mixin.py:154} INFO - [2023-12-03T19:25:28.333+0000] {dag.py:2941} INFO - Sync 3 DAGs
[2023-12-03T19:25:28.352+0000] {logging_mixin.py:154} INFO - [2023-12-03T19:25:28.352+0000] {dag.py:3722} INFO - Setting next_dagrun for example_branch_datetime_operator to 2023-12-02T00:00:00+00:00, run_after=2023-12-03T00:00:00+00:00
[2023-12-03T19:25:28.355+0000] {logging_mixin.py:154} INFO - [2023-12-03T19:25:28.355+0000] {dag.py:3722} INFO - Setting next_dagrun for example_branch_datetime_operator_2 to 2023-12-02T00:00:00+00:00, run_after=2023-12-03T00:00:00+00:00
[2023-12-03T19:25:28.358+0000] {logging_mixin.py:154} INFO - [2023-12-03T19:25:28.357+0000] {dag.py:3722} INFO - Setting next_dagrun for example_branch_datetime_operator_3 to 2023-12-02T00:00:00+00:00, run_after=2023-12-03T00:00:00+00:00
[2023-12-03T19:25:28.370+0000] {processor.py:179} INFO - Processing /home/airflow/.local/lib/python3.8/site-packages/airflow/example_dags/example_branch_datetime_operator.py took 0.077 seconds
[2023-12-03T19:25:59.424+0000] {processor.py:157} INFO - Started process (PID=1160) to work on /home/airflow/.local/lib/python3.8/site-packages/airflow/example_dags/example_branch_datetime_operator.py
[2023-12-03T19:25:59.426+0000] {processor.py:829} INFO - Processing file /home/airflow/.local/lib/python3.8/site-packages/airflow/example_dags/example_branch_datetime_operator.py for tasks to queue
[2023-12-03T19:25:59.428+0000] {logging_mixin.py:154} INFO - [2023-12-03T19:25:59.427+0000] {dagbag.py:536} INFO - Filling up the DagBag from /home/airflow/.local/lib/python3.8/site-packages/airflow/example_dags/example_branch_datetime_operator.py
[2023-12-03T19:25:59.460+0000] {processor.py:839} INFO - DAG(s) dict_keys(['example_branch_datetime_operator_2', 'example_branch_datetime_operator_3', 'example_branch_datetime_operator']) retrieved from /home/airflow/.local/lib/python3.8/site-packages/airflow/example_dags/example_branch_datetime_operator.py
[2023-12-03T19:25:59.556+0000] {logging_mixin.py:154} INFO - [2023-12-03T19:25:59.555+0000] {dag.py:2941} INFO - Sync 3 DAGs
[2023-12-03T19:25:59.623+0000] {logging_mixin.py:154} INFO - [2023-12-03T19:25:59.623+0000] {dag.py:3722} INFO - Setting next_dagrun for example_branch_datetime_operator to 2023-12-02T00:00:00+00:00, run_after=2023-12-03T00:00:00+00:00
[2023-12-03T19:25:59.630+0000] {logging_mixin.py:154} INFO - [2023-12-03T19:25:59.630+0000] {dag.py:3722} INFO - Setting next_dagrun for example_branch_datetime_operator_2 to 2023-12-02T00:00:00+00:00, run_after=2023-12-03T00:00:00+00:00
[2023-12-03T19:25:59.632+0000] {logging_mixin.py:154} INFO - [2023-12-03T19:25:59.632+0000] {dag.py:3722} INFO - Setting next_dagrun for example_branch_datetime_operator_3 to 2023-12-02T00:00:00+00:00, run_after=2023-12-03T00:00:00+00:00
[2023-12-03T19:25:59.665+0000] {processor.py:179} INFO - Processing /home/airflow/.local/lib/python3.8/site-packages/airflow/example_dags/example_branch_datetime_operator.py took 0.251 seconds
[2023-12-03T19:26:30.164+0000] {processor.py:157} INFO - Started process (PID=1398) to work on /home/airflow/.local/lib/python3.8/site-packages/airflow/example_dags/example_branch_datetime_operator.py
[2023-12-03T19:26:30.166+0000] {processor.py:829} INFO - Processing file /home/airflow/.local/lib/python3.8/site-packages/airflow/example_dags/example_branch_datetime_operator.py for tasks to queue
[2023-12-03T19:26:30.167+0000] {logging_mixin.py:154} INFO - [2023-12-03T19:26:30.167+0000] {dagbag.py:536} INFO - Filling up the DagBag from /home/airflow/.local/lib/python3.8/site-packages/airflow/example_dags/example_branch_datetime_operator.py
[2023-12-03T19:26:30.177+0000] {processor.py:839} INFO - DAG(s) dict_keys(['example_branch_datetime_operator', 'example_branch_datetime_operator_2', 'example_branch_datetime_operator_3']) retrieved from /home/airflow/.local/lib/python3.8/site-packages/airflow/example_dags/example_branch_datetime_operator.py
[2023-12-03T19:26:30.207+0000] {logging_mixin.py:154} INFO - [2023-12-03T19:26:30.207+0000] {dag.py:2941} INFO - Sync 3 DAGs
[2023-12-03T19:26:30.231+0000] {logging_mixin.py:154} INFO - [2023-12-03T19:26:30.231+0000] {dag.py:3722} INFO - Setting next_dagrun for example_branch_datetime_operator to 2023-12-02T00:00:00+00:00, run_after=2023-12-03T00:00:00+00:00
[2023-12-03T19:26:30.237+0000] {logging_mixin.py:154} INFO - [2023-12-03T19:26:30.237+0000] {dag.py:3722} INFO - Setting next_dagrun for example_branch_datetime_operator_2 to 2023-12-02T00:00:00+00:00, run_after=2023-12-03T00:00:00+00:00
[2023-12-03T19:26:30.239+0000] {logging_mixin.py:154} INFO - [2023-12-03T19:26:30.239+0000] {dag.py:3722} INFO - Setting next_dagrun for example_branch_datetime_operator_3 to 2023-12-02T00:00:00+00:00, run_after=2023-12-03T00:00:00+00:00
[2023-12-03T19:26:30.258+0000] {processor.py:179} INFO - Processing /home/airflow/.local/lib/python3.8/site-packages/airflow/example_dags/example_branch_datetime_operator.py took 0.101 seconds
[2023-12-03T19:27:00.768+0000] {processor.py:157} INFO - Started process (PID=1636) to work on /home/airflow/.local/lib/python3.8/site-packages/airflow/example_dags/example_branch_datetime_operator.py
[2023-12-03T19:27:00.770+0000] {processor.py:829} INFO - Processing file /home/airflow/.local/lib/python3.8/site-packages/airflow/example_dags/example_branch_datetime_operator.py for tasks to queue
[2023-12-03T19:27:00.771+0000] {logging_mixin.py:154} INFO - [2023-12-03T19:27:00.771+0000] {dagbag.py:536} INFO - Filling up the DagBag from /home/airflow/.local/lib/python3.8/site-packages/airflow/example_dags/example_branch_datetime_operator.py
[2023-12-03T19:27:00.788+0000] {processor.py:839} INFO - DAG(s) dict_keys(['example_branch_datetime_operator_2', 'example_branch_datetime_operator_3', 'example_branch_datetime_operator']) retrieved from /home/airflow/.local/lib/python3.8/site-packages/airflow/example_dags/example_branch_datetime_operator.py
[2023-12-03T19:27:00.841+0000] {logging_mixin.py:154} INFO - [2023-12-03T19:27:00.841+0000] {dag.py:2941} INFO - Sync 3 DAGs
[2023-12-03T19:27:00.868+0000] {logging_mixin.py:154} INFO - [2023-12-03T19:27:00.868+0000] {dag.py:3722} INFO - Setting next_dagrun for example_branch_datetime_operator to 2023-12-02T00:00:00+00:00, run_after=2023-12-03T00:00:00+00:00
[2023-12-03T19:27:00.872+0000] {logging_mixin.py:154} INFO - [2023-12-03T19:27:00.872+0000] {dag.py:3722} INFO - Setting next_dagrun for example_branch_datetime_operator_2 to 2023-12-02T00:00:00+00:00, run_after=2023-12-03T00:00:00+00:00
[2023-12-03T19:27:00.875+0000] {logging_mixin.py:154} INFO - [2023-12-03T19:27:00.875+0000] {dag.py:3722} INFO - Setting next_dagrun for example_branch_datetime_operator_3 to 2023-12-02T00:00:00+00:00, run_after=2023-12-03T00:00:00+00:00
[2023-12-03T19:27:00.893+0000] {processor.py:179} INFO - Processing /home/airflow/.local/lib/python3.8/site-packages/airflow/example_dags/example_branch_datetime_operator.py took 0.130 seconds
[2023-12-03T19:27:31.238+0000] {processor.py:157} INFO - Started process (PID=1875) to work on /home/airflow/.local/lib/python3.8/site-packages/airflow/example_dags/example_branch_datetime_operator.py
[2023-12-03T19:27:31.240+0000] {processor.py:829} INFO - Processing file /home/airflow/.local/lib/python3.8/site-packages/airflow/example_dags/example_branch_datetime_operator.py for tasks to queue
[2023-12-03T19:27:31.241+0000] {logging_mixin.py:154} INFO - [2023-12-03T19:27:31.240+0000] {dagbag.py:536} INFO - Filling up the DagBag from /home/airflow/.local/lib/python3.8/site-packages/airflow/example_dags/example_branch_datetime_operator.py
[2023-12-03T19:27:31.251+0000] {processor.py:839} INFO - DAG(s) dict_keys(['example_branch_datetime_operator_2', 'example_branch_datetime_operator_3', 'example_branch_datetime_operator']) retrieved from /home/airflow/.local/lib/python3.8/site-packages/airflow/example_dags/example_branch_datetime_operator.py
[2023-12-03T19:27:31.276+0000] {logging_mixin.py:154} INFO - [2023-12-03T19:27:31.276+0000] {dag.py:2941} INFO - Sync 3 DAGs
[2023-12-03T19:27:31.297+0000] {logging_mixin.py:154} INFO - [2023-12-03T19:27:31.297+0000] {dag.py:3722} INFO - Setting next_dagrun for example_branch_datetime_operator to 2023-12-02T00:00:00+00:00, run_after=2023-12-03T00:00:00+00:00
[2023-12-03T19:27:31.301+0000] {logging_mixin.py:154} INFO - [2023-12-03T19:27:31.301+0000] {dag.py:3722} INFO - Setting next_dagrun for example_branch_datetime_operator_2 to 2023-12-02T00:00:00+00:00, run_after=2023-12-03T00:00:00+00:00
[2023-12-03T19:27:31.303+0000] {logging_mixin.py:154} INFO - [2023-12-03T19:27:31.303+0000] {dag.py:3722} INFO - Setting next_dagrun for example_branch_datetime_operator_3 to 2023-12-02T00:00:00+00:00, run_after=2023-12-03T00:00:00+00:00
[2023-12-03T19:27:31.319+0000] {processor.py:179} INFO - Processing /home/airflow/.local/lib/python3.8/site-packages/airflow/example_dags/example_branch_datetime_operator.py took 0.084 seconds
[2023-12-03T19:28:01.624+0000] {processor.py:157} INFO - Started process (PID=2116) to work on /home/airflow/.local/lib/python3.8/site-packages/airflow/example_dags/example_branch_datetime_operator.py
[2023-12-03T19:28:01.625+0000] {processor.py:829} INFO - Processing file /home/airflow/.local/lib/python3.8/site-packages/airflow/example_dags/example_branch_datetime_operator.py for tasks to queue
[2023-12-03T19:28:01.626+0000] {logging_mixin.py:154} INFO - [2023-12-03T19:28:01.626+0000] {dagbag.py:536} INFO - Filling up the DagBag from /home/airflow/.local/lib/python3.8/site-packages/airflow/example_dags/example_branch_datetime_operator.py
[2023-12-03T19:28:01.635+0000] {processor.py:839} INFO - DAG(s) dict_keys(['example_branch_datetime_operator_3', 'example_branch_datetime_operator_2', 'example_branch_datetime_operator']) retrieved from /home/airflow/.local/lib/python3.8/site-packages/airflow/example_dags/example_branch_datetime_operator.py
[2023-12-03T19:28:01.659+0000] {logging_mixin.py:154} INFO - [2023-12-03T19:28:01.659+0000] {dag.py:2941} INFO - Sync 3 DAGs
[2023-12-03T19:28:01.679+0000] {logging_mixin.py:154} INFO - [2023-12-03T19:28:01.679+0000] {dag.py:3722} INFO - Setting next_dagrun for example_branch_datetime_operator to 2023-12-02T00:00:00+00:00, run_after=2023-12-03T00:00:00+00:00
[2023-12-03T19:28:01.682+0000] {logging_mixin.py:154} INFO - [2023-12-03T19:28:01.682+0000] {dag.py:3722} INFO - Setting next_dagrun for example_branch_datetime_operator_2 to 2023-12-02T00:00:00+00:00, run_after=2023-12-03T00:00:00+00:00
[2023-12-03T19:28:01.685+0000] {logging_mixin.py:154} INFO - [2023-12-03T19:28:01.684+0000] {dag.py:3722} INFO - Setting next_dagrun for example_branch_datetime_operator_3 to 2023-12-02T00:00:00+00:00, run_after=2023-12-03T00:00:00+00:00
[2023-12-03T19:28:01.697+0000] {processor.py:179} INFO - Processing /home/airflow/.local/lib/python3.8/site-packages/airflow/example_dags/example_branch_datetime_operator.py took 0.077 seconds
[2023-12-03T19:28:32.128+0000] {processor.py:157} INFO - Started process (PID=2360) to work on /home/airflow/.local/lib/python3.8/site-packages/airflow/example_dags/example_branch_datetime_operator.py
[2023-12-03T19:28:32.129+0000] {processor.py:829} INFO - Processing file /home/airflow/.local/lib/python3.8/site-packages/airflow/example_dags/example_branch_datetime_operator.py for tasks to queue
[2023-12-03T19:28:32.131+0000] {logging_mixin.py:154} INFO - [2023-12-03T19:28:32.130+0000] {dagbag.py:536} INFO - Filling up the DagBag from /home/airflow/.local/lib/python3.8/site-packages/airflow/example_dags/example_branch_datetime_operator.py
[2023-12-03T19:28:32.145+0000] {processor.py:839} INFO - DAG(s) dict_keys(['example_branch_datetime_operator_2', 'example_branch_datetime_operator_3', 'example_branch_datetime_operator']) retrieved from /home/airflow/.local/lib/python3.8/site-packages/airflow/example_dags/example_branch_datetime_operator.py
[2023-12-03T19:28:32.195+0000] {logging_mixin.py:154} INFO - [2023-12-03T19:28:32.195+0000] {dag.py:2941} INFO - Sync 3 DAGs
[2023-12-03T19:28:32.325+0000] {logging_mixin.py:154} INFO - [2023-12-03T19:28:32.324+0000] {dag.py:3722} INFO - Setting next_dagrun for example_branch_datetime_operator to 2023-12-02T00:00:00+00:00, run_after=2023-12-03T00:00:00+00:00
[2023-12-03T19:28:32.336+0000] {logging_mixin.py:154} INFO - [2023-12-03T19:28:32.336+0000] {dag.py:3722} INFO - Setting next_dagrun for example_branch_datetime_operator_2 to 2023-12-02T00:00:00+00:00, run_after=2023-12-03T00:00:00+00:00
[2023-12-03T19:28:32.341+0000] {logging_mixin.py:154} INFO - [2023-12-03T19:28:32.341+0000] {dag.py:3722} INFO - Setting next_dagrun for example_branch_datetime_operator_3 to 2023-12-02T00:00:00+00:00, run_after=2023-12-03T00:00:00+00:00
[2023-12-03T19:28:32.396+0000] {processor.py:179} INFO - Processing /home/airflow/.local/lib/python3.8/site-packages/airflow/example_dags/example_branch_datetime_operator.py took 0.273 seconds
[2023-12-03T19:29:02.989+0000] {processor.py:157} INFO - Started process (PID=2596) to work on /home/airflow/.local/lib/python3.8/site-packages/airflow/example_dags/example_branch_datetime_operator.py
[2023-12-03T19:29:02.990+0000] {processor.py:829} INFO - Processing file /home/airflow/.local/lib/python3.8/site-packages/airflow/example_dags/example_branch_datetime_operator.py for tasks to queue
[2023-12-03T19:29:02.992+0000] {logging_mixin.py:154} INFO - [2023-12-03T19:29:02.992+0000] {dagbag.py:536} INFO - Filling up the DagBag from /home/airflow/.local/lib/python3.8/site-packages/airflow/example_dags/example_branch_datetime_operator.py
[2023-12-03T19:29:03.006+0000] {processor.py:839} INFO - DAG(s) dict_keys(['example_branch_datetime_operator', 'example_branch_datetime_operator_2', 'example_branch_datetime_operator_3']) retrieved from /home/airflow/.local/lib/python3.8/site-packages/airflow/example_dags/example_branch_datetime_operator.py
[2023-12-03T19:29:03.050+0000] {logging_mixin.py:154} INFO - [2023-12-03T19:29:03.050+0000] {dag.py:2941} INFO - Sync 3 DAGs
[2023-12-03T19:29:03.076+0000] {logging_mixin.py:154} INFO - [2023-12-03T19:29:03.076+0000] {dag.py:3722} INFO - Setting next_dagrun for example_branch_datetime_operator to 2023-12-02T00:00:00+00:00, run_after=2023-12-03T00:00:00+00:00
[2023-12-03T19:29:03.080+0000] {logging_mixin.py:154} INFO - [2023-12-03T19:29:03.080+0000] {dag.py:3722} INFO - Setting next_dagrun for example_branch_datetime_operator_2 to 2023-12-02T00:00:00+00:00, run_after=2023-12-03T00:00:00+00:00
[2023-12-03T19:29:03.082+0000] {logging_mixin.py:154} INFO - [2023-12-03T19:29:03.082+0000] {dag.py:3722} INFO - Setting next_dagrun for example_branch_datetime_operator_3 to 2023-12-02T00:00:00+00:00, run_after=2023-12-03T00:00:00+00:00
[2023-12-03T19:29:03.099+0000] {processor.py:179} INFO - Processing /home/airflow/.local/lib/python3.8/site-packages/airflow/example_dags/example_branch_datetime_operator.py took 0.115 seconds
[2023-12-03T19:29:33.453+0000] {processor.py:157} INFO - Started process (PID=2836) to work on /home/airflow/.local/lib/python3.8/site-packages/airflow/example_dags/example_branch_datetime_operator.py
[2023-12-03T19:29:33.456+0000] {processor.py:829} INFO - Processing file /home/airflow/.local/lib/python3.8/site-packages/airflow/example_dags/example_branch_datetime_operator.py for tasks to queue
[2023-12-03T19:29:33.457+0000] {logging_mixin.py:154} INFO - [2023-12-03T19:29:33.456+0000] {dagbag.py:536} INFO - Filling up the DagBag from /home/airflow/.local/lib/python3.8/site-packages/airflow/example_dags/example_branch_datetime_operator.py
[2023-12-03T19:29:33.466+0000] {processor.py:839} INFO - DAG(s) dict_keys(['example_branch_datetime_operator_2', 'example_branch_datetime_operator', 'example_branch_datetime_operator_3']) retrieved from /home/airflow/.local/lib/python3.8/site-packages/airflow/example_dags/example_branch_datetime_operator.py
[2023-12-03T19:29:33.500+0000] {logging_mixin.py:154} INFO - [2023-12-03T19:29:33.500+0000] {dag.py:2941} INFO - Sync 3 DAGs
[2023-12-03T19:29:33.528+0000] {logging_mixin.py:154} INFO - [2023-12-03T19:29:33.527+0000] {dag.py:3722} INFO - Setting next_dagrun for example_branch_datetime_operator to 2023-12-02T00:00:00+00:00, run_after=2023-12-03T00:00:00+00:00
[2023-12-03T19:29:33.532+0000] {logging_mixin.py:154} INFO - [2023-12-03T19:29:33.532+0000] {dag.py:3722} INFO - Setting next_dagrun for example_branch_datetime_operator_2 to 2023-12-02T00:00:00+00:00, run_after=2023-12-03T00:00:00+00:00
[2023-12-03T19:29:33.535+0000] {logging_mixin.py:154} INFO - [2023-12-03T19:29:33.534+0000] {dag.py:3722} INFO - Setting next_dagrun for example_branch_datetime_operator_3 to 2023-12-02T00:00:00+00:00, run_after=2023-12-03T00:00:00+00:00
[2023-12-03T19:29:33.552+0000] {processor.py:179} INFO - Processing /home/airflow/.local/lib/python3.8/site-packages/airflow/example_dags/example_branch_datetime_operator.py took 0.103 seconds
[2023-12-03T19:30:03.813+0000] {processor.py:157} INFO - Started process (PID=3074) to work on /home/airflow/.local/lib/python3.8/site-packages/airflow/example_dags/example_branch_datetime_operator.py
[2023-12-03T19:30:03.815+0000] {processor.py:829} INFO - Processing file /home/airflow/.local/lib/python3.8/site-packages/airflow/example_dags/example_branch_datetime_operator.py for tasks to queue
[2023-12-03T19:30:03.815+0000] {logging_mixin.py:154} INFO - [2023-12-03T19:30:03.815+0000] {dagbag.py:536} INFO - Filling up the DagBag from /home/airflow/.local/lib/python3.8/site-packages/airflow/example_dags/example_branch_datetime_operator.py
[2023-12-03T19:30:03.823+0000] {processor.py:839} INFO - DAG(s) dict_keys(['example_branch_datetime_operator_2', 'example_branch_datetime_operator', 'example_branch_datetime_operator_3']) retrieved from /home/airflow/.local/lib/python3.8/site-packages/airflow/example_dags/example_branch_datetime_operator.py
[2023-12-03T19:30:03.846+0000] {logging_mixin.py:154} INFO - [2023-12-03T19:30:03.846+0000] {dag.py:2941} INFO - Sync 3 DAGs
[2023-12-03T19:30:03.868+0000] {logging_mixin.py:154} INFO - [2023-12-03T19:30:03.868+0000] {dag.py:3722} INFO - Setting next_dagrun for example_branch_datetime_operator to 2023-12-02T00:00:00+00:00, run_after=2023-12-03T00:00:00+00:00
[2023-12-03T19:30:03.873+0000] {logging_mixin.py:154} INFO - [2023-12-03T19:30:03.873+0000] {dag.py:3722} INFO - Setting next_dagrun for example_branch_datetime_operator_2 to 2023-12-02T00:00:00+00:00, run_after=2023-12-03T00:00:00+00:00
[2023-12-03T19:30:03.875+0000] {logging_mixin.py:154} INFO - [2023-12-03T19:30:03.875+0000] {dag.py:3722} INFO - Setting next_dagrun for example_branch_datetime_operator_3 to 2023-12-02T00:00:00+00:00, run_after=2023-12-03T00:00:00+00:00
[2023-12-03T19:30:03.887+0000] {processor.py:179} INFO - Processing /home/airflow/.local/lib/python3.8/site-packages/airflow/example_dags/example_branch_datetime_operator.py took 0.077 seconds
