[2023-12-03T19:23:56.515+0000] {processor.py:157} INFO - Started process (PID=245) to work on /home/airflow/.local/lib/python3.8/site-packages/airflow/example_dags/example_subdag_operator.py
[2023-12-03T19:23:56.516+0000] {processor.py:829} INFO - Processing file /home/airflow/.local/lib/python3.8/site-packages/airflow/example_dags/example_subdag_operator.py for tasks to queue
[2023-12-03T19:23:56.517+0000] {logging_mixin.py:154} INFO - [2023-12-03T19:23:56.517+0000] {dagbag.py:536} INFO - Filling up the DagBag from /home/airflow/.local/lib/python3.8/site-packages/airflow/example_dags/example_subdag_operator.py
[2023-12-03T19:23:56.572+0000] {processor.py:839} INFO - DAG(s) dict_keys(['example_subdag_operator.section-1', 'example_subdag_operator.section-2', 'example_subdag_operator']) retrieved from /home/airflow/.local/lib/python3.8/site-packages/airflow/example_dags/example_subdag_operator.py
[2023-12-03T19:23:56.603+0000] {logging_mixin.py:154} INFO - [2023-12-03T19:23:56.603+0000] {dag.py:2941} INFO - Sync 3 DAGs
[2023-12-03T19:23:56.628+0000] {logging_mixin.py:154} INFO - [2023-12-03T19:23:56.628+0000] {dag.py:3722} INFO - Setting next_dagrun for example_subdag_operator to 2022-01-01T00:00:00+00:00, run_after=2022-01-01T00:00:00+00:00
[2023-12-03T19:23:56.632+0000] {logging_mixin.py:154} INFO - [2023-12-03T19:23:56.632+0000] {dag.py:3722} INFO - Setting next_dagrun for example_subdag_operator.section-1 to None, run_after=None
[2023-12-03T19:23:56.634+0000] {logging_mixin.py:154} INFO - [2023-12-03T19:23:56.633+0000] {dag.py:3722} INFO - Setting next_dagrun for example_subdag_operator.section-2 to None, run_after=None
[2023-12-03T19:23:56.642+0000] {logging_mixin.py:154} INFO - [2023-12-03T19:23:56.642+0000] {dag.py:2941} INFO - Sync 2 DAGs
[2023-12-03T19:23:56.653+0000] {logging_mixin.py:154} INFO - [2023-12-03T19:23:56.653+0000] {dag.py:3722} INFO - Setting next_dagrun for example_subdag_operator.section-1 to None, run_after=None
[2023-12-03T19:23:56.655+0000] {logging_mixin.py:154} INFO - [2023-12-03T19:23:56.654+0000] {dag.py:3722} INFO - Setting next_dagrun for example_subdag_operator.section-2 to None, run_after=None
[2023-12-03T19:23:56.679+0000] {processor.py:179} INFO - Processing /home/airflow/.local/lib/python3.8/site-packages/airflow/example_dags/example_subdag_operator.py took 0.169 seconds
[2023-12-03T19:24:27.239+0000] {processor.py:157} INFO - Started process (PID=481) to work on /home/airflow/.local/lib/python3.8/site-packages/airflow/example_dags/example_subdag_operator.py
[2023-12-03T19:24:27.241+0000] {processor.py:829} INFO - Processing file /home/airflow/.local/lib/python3.8/site-packages/airflow/example_dags/example_subdag_operator.py for tasks to queue
[2023-12-03T19:24:27.243+0000] {logging_mixin.py:154} INFO - [2023-12-03T19:24:27.242+0000] {dagbag.py:536} INFO - Filling up the DagBag from /home/airflow/.local/lib/python3.8/site-packages/airflow/example_dags/example_subdag_operator.py
[2023-12-03T19:24:27.290+0000] {processor.py:839} INFO - DAG(s) dict_keys(['example_subdag_operator.section-1', 'example_subdag_operator.section-2', 'example_subdag_operator']) retrieved from /home/airflow/.local/lib/python3.8/site-packages/airflow/example_dags/example_subdag_operator.py
[2023-12-03T19:24:27.319+0000] {logging_mixin.py:154} INFO - [2023-12-03T19:24:27.319+0000] {dag.py:2941} INFO - Sync 3 DAGs
[2023-12-03T19:24:27.350+0000] {logging_mixin.py:154} INFO - [2023-12-03T19:24:27.350+0000] {dag.py:3722} INFO - Setting next_dagrun for example_subdag_operator to 2022-01-01T00:00:00+00:00, run_after=2022-01-01T00:00:00+00:00
[2023-12-03T19:24:27.354+0000] {logging_mixin.py:154} INFO - [2023-12-03T19:24:27.354+0000] {dag.py:3722} INFO - Setting next_dagrun for example_subdag_operator.section-1 to None, run_after=None
[2023-12-03T19:24:27.356+0000] {logging_mixin.py:154} INFO - [2023-12-03T19:24:27.356+0000] {dag.py:3722} INFO - Setting next_dagrun for example_subdag_operator.section-2 to None, run_after=None
[2023-12-03T19:24:27.364+0000] {logging_mixin.py:154} INFO - [2023-12-03T19:24:27.364+0000] {dag.py:2941} INFO - Sync 2 DAGs
[2023-12-03T19:24:27.370+0000] {logging_mixin.py:154} INFO - [2023-12-03T19:24:27.370+0000] {dag.py:3722} INFO - Setting next_dagrun for example_subdag_operator.section-1 to None, run_after=None
[2023-12-03T19:24:27.370+0000] {logging_mixin.py:154} INFO - [2023-12-03T19:24:27.370+0000] {dag.py:3722} INFO - Setting next_dagrun for example_subdag_operator.section-2 to None, run_after=None
[2023-12-03T19:24:27.383+0000] {processor.py:179} INFO - Processing /home/airflow/.local/lib/python3.8/site-packages/airflow/example_dags/example_subdag_operator.py took 0.150 seconds
[2023-12-03T19:24:57.808+0000] {processor.py:157} INFO - Started process (PID=719) to work on /home/airflow/.local/lib/python3.8/site-packages/airflow/example_dags/example_subdag_operator.py
[2023-12-03T19:24:57.810+0000] {processor.py:829} INFO - Processing file /home/airflow/.local/lib/python3.8/site-packages/airflow/example_dags/example_subdag_operator.py for tasks to queue
[2023-12-03T19:24:57.812+0000] {logging_mixin.py:154} INFO - [2023-12-03T19:24:57.811+0000] {dagbag.py:536} INFO - Filling up the DagBag from /home/airflow/.local/lib/python3.8/site-packages/airflow/example_dags/example_subdag_operator.py
[2023-12-03T19:24:57.852+0000] {processor.py:839} INFO - DAG(s) dict_keys(['example_subdag_operator.section-1', 'example_subdag_operator.section-2', 'example_subdag_operator']) retrieved from /home/airflow/.local/lib/python3.8/site-packages/airflow/example_dags/example_subdag_operator.py
[2023-12-03T19:24:57.872+0000] {logging_mixin.py:154} INFO - [2023-12-03T19:24:57.872+0000] {dag.py:2941} INFO - Sync 3 DAGs
[2023-12-03T19:24:57.901+0000] {logging_mixin.py:154} INFO - [2023-12-03T19:24:57.901+0000] {dag.py:3722} INFO - Setting next_dagrun for example_subdag_operator to 2022-01-01T00:00:00+00:00, run_after=2022-01-01T00:00:00+00:00
[2023-12-03T19:24:57.907+0000] {logging_mixin.py:154} INFO - [2023-12-03T19:24:57.907+0000] {dag.py:3722} INFO - Setting next_dagrun for example_subdag_operator.section-1 to None, run_after=None
[2023-12-03T19:24:57.909+0000] {logging_mixin.py:154} INFO - [2023-12-03T19:24:57.909+0000] {dag.py:3722} INFO - Setting next_dagrun for example_subdag_operator.section-2 to None, run_after=None
[2023-12-03T19:24:57.919+0000] {logging_mixin.py:154} INFO - [2023-12-03T19:24:57.919+0000] {dag.py:2941} INFO - Sync 2 DAGs
[2023-12-03T19:24:57.927+0000] {logging_mixin.py:154} INFO - [2023-12-03T19:24:57.927+0000] {dag.py:3722} INFO - Setting next_dagrun for example_subdag_operator.section-1 to None, run_after=None
[2023-12-03T19:24:57.928+0000] {logging_mixin.py:154} INFO - [2023-12-03T19:24:57.927+0000] {dag.py:3722} INFO - Setting next_dagrun for example_subdag_operator.section-2 to None, run_after=None
[2023-12-03T19:24:57.942+0000] {processor.py:179} INFO - Processing /home/airflow/.local/lib/python3.8/site-packages/airflow/example_dags/example_subdag_operator.py took 0.141 seconds
[2023-12-03T19:25:28.710+0000] {processor.py:157} INFO - Started process (PID=957) to work on /home/airflow/.local/lib/python3.8/site-packages/airflow/example_dags/example_subdag_operator.py
[2023-12-03T19:25:28.711+0000] {processor.py:829} INFO - Processing file /home/airflow/.local/lib/python3.8/site-packages/airflow/example_dags/example_subdag_operator.py for tasks to queue
[2023-12-03T19:25:28.712+0000] {logging_mixin.py:154} INFO - [2023-12-03T19:25:28.712+0000] {dagbag.py:536} INFO - Filling up the DagBag from /home/airflow/.local/lib/python3.8/site-packages/airflow/example_dags/example_subdag_operator.py
[2023-12-03T19:25:28.738+0000] {processor.py:839} INFO - DAG(s) dict_keys(['example_subdag_operator.section-1', 'example_subdag_operator.section-2', 'example_subdag_operator']) retrieved from /home/airflow/.local/lib/python3.8/site-packages/airflow/example_dags/example_subdag_operator.py
[2023-12-03T19:25:28.751+0000] {logging_mixin.py:154} INFO - [2023-12-03T19:25:28.751+0000] {dag.py:2941} INFO - Sync 3 DAGs
[2023-12-03T19:25:28.767+0000] {logging_mixin.py:154} INFO - [2023-12-03T19:25:28.767+0000] {dag.py:3722} INFO - Setting next_dagrun for example_subdag_operator to 2022-01-01T00:00:00+00:00, run_after=2022-01-01T00:00:00+00:00
[2023-12-03T19:25:28.770+0000] {logging_mixin.py:154} INFO - [2023-12-03T19:25:28.769+0000] {dag.py:3722} INFO - Setting next_dagrun for example_subdag_operator.section-1 to None, run_after=None
[2023-12-03T19:25:28.771+0000] {logging_mixin.py:154} INFO - [2023-12-03T19:25:28.770+0000] {dag.py:3722} INFO - Setting next_dagrun for example_subdag_operator.section-2 to None, run_after=None
[2023-12-03T19:25:28.776+0000] {logging_mixin.py:154} INFO - [2023-12-03T19:25:28.776+0000] {dag.py:2941} INFO - Sync 2 DAGs
[2023-12-03T19:25:28.780+0000] {logging_mixin.py:154} INFO - [2023-12-03T19:25:28.780+0000] {dag.py:3722} INFO - Setting next_dagrun for example_subdag_operator.section-1 to None, run_after=None
[2023-12-03T19:25:28.780+0000] {logging_mixin.py:154} INFO - [2023-12-03T19:25:28.780+0000] {dag.py:3722} INFO - Setting next_dagrun for example_subdag_operator.section-2 to None, run_after=None
[2023-12-03T19:25:28.791+0000] {processor.py:179} INFO - Processing /home/airflow/.local/lib/python3.8/site-packages/airflow/example_dags/example_subdag_operator.py took 0.085 seconds
[2023-12-03T19:26:00.443+0000] {processor.py:157} INFO - Started process (PID=1195) to work on /home/airflow/.local/lib/python3.8/site-packages/airflow/example_dags/example_subdag_operator.py
[2023-12-03T19:26:00.445+0000] {processor.py:829} INFO - Processing file /home/airflow/.local/lib/python3.8/site-packages/airflow/example_dags/example_subdag_operator.py for tasks to queue
[2023-12-03T19:26:00.446+0000] {logging_mixin.py:154} INFO - [2023-12-03T19:26:00.446+0000] {dagbag.py:536} INFO - Filling up the DagBag from /home/airflow/.local/lib/python3.8/site-packages/airflow/example_dags/example_subdag_operator.py
[2023-12-03T19:26:00.478+0000] {processor.py:839} INFO - DAG(s) dict_keys(['example_subdag_operator.section-1', 'example_subdag_operator.section-2', 'example_subdag_operator']) retrieved from /home/airflow/.local/lib/python3.8/site-packages/airflow/example_dags/example_subdag_operator.py
[2023-12-03T19:26:00.495+0000] {logging_mixin.py:154} INFO - [2023-12-03T19:26:00.495+0000] {dag.py:2941} INFO - Sync 3 DAGs
[2023-12-03T19:26:00.518+0000] {logging_mixin.py:154} INFO - [2023-12-03T19:26:00.518+0000] {dag.py:3722} INFO - Setting next_dagrun for example_subdag_operator to 2022-01-01T00:00:00+00:00, run_after=2022-01-01T00:00:00+00:00
[2023-12-03T19:26:00.522+0000] {logging_mixin.py:154} INFO - [2023-12-03T19:26:00.522+0000] {dag.py:3722} INFO - Setting next_dagrun for example_subdag_operator.section-1 to None, run_after=None
[2023-12-03T19:26:00.524+0000] {logging_mixin.py:154} INFO - [2023-12-03T19:26:00.524+0000] {dag.py:3722} INFO - Setting next_dagrun for example_subdag_operator.section-2 to None, run_after=None
[2023-12-03T19:26:00.531+0000] {logging_mixin.py:154} INFO - [2023-12-03T19:26:00.531+0000] {dag.py:2941} INFO - Sync 2 DAGs
[2023-12-03T19:26:00.537+0000] {logging_mixin.py:154} INFO - [2023-12-03T19:26:00.536+0000] {dag.py:3722} INFO - Setting next_dagrun for example_subdag_operator.section-1 to None, run_after=None
[2023-12-03T19:26:00.537+0000] {logging_mixin.py:154} INFO - [2023-12-03T19:26:00.537+0000] {dag.py:3722} INFO - Setting next_dagrun for example_subdag_operator.section-2 to None, run_after=None
[2023-12-03T19:26:00.548+0000] {processor.py:179} INFO - Processing /home/airflow/.local/lib/python3.8/site-packages/airflow/example_dags/example_subdag_operator.py took 0.113 seconds
[2023-12-03T19:26:30.664+0000] {processor.py:157} INFO - Started process (PID=1433) to work on /home/airflow/.local/lib/python3.8/site-packages/airflow/example_dags/example_subdag_operator.py
[2023-12-03T19:26:30.665+0000] {processor.py:829} INFO - Processing file /home/airflow/.local/lib/python3.8/site-packages/airflow/example_dags/example_subdag_operator.py for tasks to queue
[2023-12-03T19:26:30.666+0000] {logging_mixin.py:154} INFO - [2023-12-03T19:26:30.666+0000] {dagbag.py:536} INFO - Filling up the DagBag from /home/airflow/.local/lib/python3.8/site-packages/airflow/example_dags/example_subdag_operator.py
[2023-12-03T19:26:30.691+0000] {processor.py:839} INFO - DAG(s) dict_keys(['example_subdag_operator.section-1', 'example_subdag_operator.section-2', 'example_subdag_operator']) retrieved from /home/airflow/.local/lib/python3.8/site-packages/airflow/example_dags/example_subdag_operator.py
[2023-12-03T19:26:30.708+0000] {logging_mixin.py:154} INFO - [2023-12-03T19:26:30.708+0000] {dag.py:2941} INFO - Sync 3 DAGs
[2023-12-03T19:26:30.729+0000] {logging_mixin.py:154} INFO - [2023-12-03T19:26:30.729+0000] {dag.py:3722} INFO - Setting next_dagrun for example_subdag_operator to 2022-01-01T00:00:00+00:00, run_after=2022-01-01T00:00:00+00:00
[2023-12-03T19:26:30.732+0000] {logging_mixin.py:154} INFO - [2023-12-03T19:26:30.732+0000] {dag.py:3722} INFO - Setting next_dagrun for example_subdag_operator.section-1 to None, run_after=None
[2023-12-03T19:26:30.734+0000] {logging_mixin.py:154} INFO - [2023-12-03T19:26:30.734+0000] {dag.py:3722} INFO - Setting next_dagrun for example_subdag_operator.section-2 to None, run_after=None
[2023-12-03T19:26:30.741+0000] {logging_mixin.py:154} INFO - [2023-12-03T19:26:30.740+0000] {dag.py:2941} INFO - Sync 2 DAGs
[2023-12-03T19:26:30.746+0000] {logging_mixin.py:154} INFO - [2023-12-03T19:26:30.746+0000] {dag.py:3722} INFO - Setting next_dagrun for example_subdag_operator.section-1 to None, run_after=None
[2023-12-03T19:26:30.747+0000] {logging_mixin.py:154} INFO - [2023-12-03T19:26:30.746+0000] {dag.py:3722} INFO - Setting next_dagrun for example_subdag_operator.section-2 to None, run_after=None
[2023-12-03T19:26:30.758+0000] {processor.py:179} INFO - Processing /home/airflow/.local/lib/python3.8/site-packages/airflow/example_dags/example_subdag_operator.py took 0.098 seconds
[2023-12-03T19:27:01.290+0000] {processor.py:157} INFO - Started process (PID=1671) to work on /home/airflow/.local/lib/python3.8/site-packages/airflow/example_dags/example_subdag_operator.py
[2023-12-03T19:27:01.291+0000] {processor.py:829} INFO - Processing file /home/airflow/.local/lib/python3.8/site-packages/airflow/example_dags/example_subdag_operator.py for tasks to queue
[2023-12-03T19:27:01.292+0000] {logging_mixin.py:154} INFO - [2023-12-03T19:27:01.292+0000] {dagbag.py:536} INFO - Filling up the DagBag from /home/airflow/.local/lib/python3.8/site-packages/airflow/example_dags/example_subdag_operator.py
[2023-12-03T19:27:01.317+0000] {processor.py:839} INFO - DAG(s) dict_keys(['example_subdag_operator.section-1', 'example_subdag_operator.section-2', 'example_subdag_operator']) retrieved from /home/airflow/.local/lib/python3.8/site-packages/airflow/example_dags/example_subdag_operator.py
[2023-12-03T19:27:01.331+0000] {logging_mixin.py:154} INFO - [2023-12-03T19:27:01.331+0000] {dag.py:2941} INFO - Sync 3 DAGs
[2023-12-03T19:27:01.350+0000] {logging_mixin.py:154} INFO - [2023-12-03T19:27:01.350+0000] {dag.py:3722} INFO - Setting next_dagrun for example_subdag_operator to 2022-01-01T00:00:00+00:00, run_after=2022-01-01T00:00:00+00:00
[2023-12-03T19:27:01.353+0000] {logging_mixin.py:154} INFO - [2023-12-03T19:27:01.353+0000] {dag.py:3722} INFO - Setting next_dagrun for example_subdag_operator.section-1 to None, run_after=None
[2023-12-03T19:27:01.355+0000] {logging_mixin.py:154} INFO - [2023-12-03T19:27:01.355+0000] {dag.py:3722} INFO - Setting next_dagrun for example_subdag_operator.section-2 to None, run_after=None
[2023-12-03T19:27:01.362+0000] {logging_mixin.py:154} INFO - [2023-12-03T19:27:01.362+0000] {dag.py:2941} INFO - Sync 2 DAGs
[2023-12-03T19:27:01.366+0000] {logging_mixin.py:154} INFO - [2023-12-03T19:27:01.366+0000] {dag.py:3722} INFO - Setting next_dagrun for example_subdag_operator.section-1 to None, run_after=None
[2023-12-03T19:27:01.367+0000] {logging_mixin.py:154} INFO - [2023-12-03T19:27:01.367+0000] {dag.py:3722} INFO - Setting next_dagrun for example_subdag_operator.section-2 to None, run_after=None
[2023-12-03T19:27:01.378+0000] {processor.py:179} INFO - Processing /home/airflow/.local/lib/python3.8/site-packages/airflow/example_dags/example_subdag_operator.py took 0.091 seconds
[2023-12-03T19:27:31.662+0000] {processor.py:157} INFO - Started process (PID=1910) to work on /home/airflow/.local/lib/python3.8/site-packages/airflow/example_dags/example_subdag_operator.py
[2023-12-03T19:27:31.663+0000] {processor.py:829} INFO - Processing file /home/airflow/.local/lib/python3.8/site-packages/airflow/example_dags/example_subdag_operator.py for tasks to queue
[2023-12-03T19:27:31.664+0000] {logging_mixin.py:154} INFO - [2023-12-03T19:27:31.664+0000] {dagbag.py:536} INFO - Filling up the DagBag from /home/airflow/.local/lib/python3.8/site-packages/airflow/example_dags/example_subdag_operator.py
[2023-12-03T19:27:31.687+0000] {processor.py:839} INFO - DAG(s) dict_keys(['example_subdag_operator.section-1', 'example_subdag_operator.section-2', 'example_subdag_operator']) retrieved from /home/airflow/.local/lib/python3.8/site-packages/airflow/example_dags/example_subdag_operator.py
[2023-12-03T19:27:31.702+0000] {logging_mixin.py:154} INFO - [2023-12-03T19:27:31.702+0000] {dag.py:2941} INFO - Sync 3 DAGs
[2023-12-03T19:27:31.719+0000] {logging_mixin.py:154} INFO - [2023-12-03T19:27:31.719+0000] {dag.py:3722} INFO - Setting next_dagrun for example_subdag_operator to 2022-01-01T00:00:00+00:00, run_after=2022-01-01T00:00:00+00:00
[2023-12-03T19:27:31.722+0000] {logging_mixin.py:154} INFO - [2023-12-03T19:27:31.722+0000] {dag.py:3722} INFO - Setting next_dagrun for example_subdag_operator.section-1 to None, run_after=None
[2023-12-03T19:27:31.724+0000] {logging_mixin.py:154} INFO - [2023-12-03T19:27:31.724+0000] {dag.py:3722} INFO - Setting next_dagrun for example_subdag_operator.section-2 to None, run_after=None
[2023-12-03T19:27:31.730+0000] {logging_mixin.py:154} INFO - [2023-12-03T19:27:31.730+0000] {dag.py:2941} INFO - Sync 2 DAGs
[2023-12-03T19:27:31.733+0000] {logging_mixin.py:154} INFO - [2023-12-03T19:27:31.733+0000] {dag.py:3722} INFO - Setting next_dagrun for example_subdag_operator.section-1 to None, run_after=None
[2023-12-03T19:27:31.734+0000] {logging_mixin.py:154} INFO - [2023-12-03T19:27:31.734+0000] {dag.py:3722} INFO - Setting next_dagrun for example_subdag_operator.section-2 to None, run_after=None
[2023-12-03T19:27:31.741+0000] {processor.py:179} INFO - Processing /home/airflow/.local/lib/python3.8/site-packages/airflow/example_dags/example_subdag_operator.py took 0.082 seconds
[2023-12-03T19:28:02.012+0000] {processor.py:157} INFO - Started process (PID=2151) to work on /home/airflow/.local/lib/python3.8/site-packages/airflow/example_dags/example_subdag_operator.py
[2023-12-03T19:28:02.013+0000] {processor.py:829} INFO - Processing file /home/airflow/.local/lib/python3.8/site-packages/airflow/example_dags/example_subdag_operator.py for tasks to queue
[2023-12-03T19:28:02.014+0000] {logging_mixin.py:154} INFO - [2023-12-03T19:28:02.014+0000] {dagbag.py:536} INFO - Filling up the DagBag from /home/airflow/.local/lib/python3.8/site-packages/airflow/example_dags/example_subdag_operator.py
[2023-12-03T19:28:02.036+0000] {processor.py:839} INFO - DAG(s) dict_keys(['example_subdag_operator.section-1', 'example_subdag_operator.section-2', 'example_subdag_operator']) retrieved from /home/airflow/.local/lib/python3.8/site-packages/airflow/example_dags/example_subdag_operator.py
[2023-12-03T19:28:02.049+0000] {logging_mixin.py:154} INFO - [2023-12-03T19:28:02.048+0000] {dag.py:2941} INFO - Sync 3 DAGs
[2023-12-03T19:28:02.069+0000] {logging_mixin.py:154} INFO - [2023-12-03T19:28:02.069+0000] {dag.py:3722} INFO - Setting next_dagrun for example_subdag_operator to 2022-01-01T00:00:00+00:00, run_after=2022-01-01T00:00:00+00:00
[2023-12-03T19:28:02.073+0000] {logging_mixin.py:154} INFO - [2023-12-03T19:28:02.073+0000] {dag.py:3722} INFO - Setting next_dagrun for example_subdag_operator.section-1 to None, run_after=None
[2023-12-03T19:28:02.075+0000] {logging_mixin.py:154} INFO - [2023-12-03T19:28:02.075+0000] {dag.py:3722} INFO - Setting next_dagrun for example_subdag_operator.section-2 to None, run_after=None
[2023-12-03T19:28:02.083+0000] {logging_mixin.py:154} INFO - [2023-12-03T19:28:02.083+0000] {dag.py:2941} INFO - Sync 2 DAGs
[2023-12-03T19:28:02.087+0000] {logging_mixin.py:154} INFO - [2023-12-03T19:28:02.087+0000] {dag.py:3722} INFO - Setting next_dagrun for example_subdag_operator.section-1 to None, run_after=None
[2023-12-03T19:28:02.088+0000] {logging_mixin.py:154} INFO - [2023-12-03T19:28:02.088+0000] {dag.py:3722} INFO - Setting next_dagrun for example_subdag_operator.section-2 to None, run_after=None
[2023-12-03T19:28:02.096+0000] {processor.py:179} INFO - Processing /home/airflow/.local/lib/python3.8/site-packages/airflow/example_dags/example_subdag_operator.py took 0.087 seconds
[2023-12-03T19:28:32.873+0000] {processor.py:157} INFO - Started process (PID=2393) to work on /home/airflow/.local/lib/python3.8/site-packages/airflow/example_dags/example_subdag_operator.py
[2023-12-03T19:28:32.874+0000] {processor.py:829} INFO - Processing file /home/airflow/.local/lib/python3.8/site-packages/airflow/example_dags/example_subdag_operator.py for tasks to queue
[2023-12-03T19:28:32.875+0000] {logging_mixin.py:154} INFO - [2023-12-03T19:28:32.875+0000] {dagbag.py:536} INFO - Filling up the DagBag from /home/airflow/.local/lib/python3.8/site-packages/airflow/example_dags/example_subdag_operator.py
[2023-12-03T19:28:32.903+0000] {processor.py:839} INFO - DAG(s) dict_keys(['example_subdag_operator.section-1', 'example_subdag_operator.section-2', 'example_subdag_operator']) retrieved from /home/airflow/.local/lib/python3.8/site-packages/airflow/example_dags/example_subdag_operator.py
[2023-12-03T19:28:32.929+0000] {logging_mixin.py:154} INFO - [2023-12-03T19:28:32.929+0000] {dag.py:2941} INFO - Sync 3 DAGs
[2023-12-03T19:28:32.964+0000] {logging_mixin.py:154} INFO - [2023-12-03T19:28:32.964+0000] {dag.py:3722} INFO - Setting next_dagrun for example_subdag_operator to 2022-01-01T00:00:00+00:00, run_after=2022-01-01T00:00:00+00:00
[2023-12-03T19:28:32.969+0000] {logging_mixin.py:154} INFO - [2023-12-03T19:28:32.968+0000] {dag.py:3722} INFO - Setting next_dagrun for example_subdag_operator.section-1 to None, run_after=None
[2023-12-03T19:28:32.970+0000] {logging_mixin.py:154} INFO - [2023-12-03T19:28:32.970+0000] {dag.py:3722} INFO - Setting next_dagrun for example_subdag_operator.section-2 to None, run_after=None
[2023-12-03T19:28:32.976+0000] {logging_mixin.py:154} INFO - [2023-12-03T19:28:32.976+0000] {dag.py:2941} INFO - Sync 2 DAGs
[2023-12-03T19:28:32.980+0000] {logging_mixin.py:154} INFO - [2023-12-03T19:28:32.980+0000] {dag.py:3722} INFO - Setting next_dagrun for example_subdag_operator.section-1 to None, run_after=None
[2023-12-03T19:28:32.980+0000] {logging_mixin.py:154} INFO - [2023-12-03T19:28:32.980+0000] {dag.py:3722} INFO - Setting next_dagrun for example_subdag_operator.section-2 to None, run_after=None
[2023-12-03T19:28:32.989+0000] {processor.py:179} INFO - Processing /home/airflow/.local/lib/python3.8/site-packages/airflow/example_dags/example_subdag_operator.py took 0.119 seconds
[2023-12-03T19:29:03.754+0000] {processor.py:157} INFO - Started process (PID=2631) to work on /home/airflow/.local/lib/python3.8/site-packages/airflow/example_dags/example_subdag_operator.py
[2023-12-03T19:29:03.757+0000] {processor.py:829} INFO - Processing file /home/airflow/.local/lib/python3.8/site-packages/airflow/example_dags/example_subdag_operator.py for tasks to queue
[2023-12-03T19:29:03.759+0000] {logging_mixin.py:154} INFO - [2023-12-03T19:29:03.759+0000] {dagbag.py:536} INFO - Filling up the DagBag from /home/airflow/.local/lib/python3.8/site-packages/airflow/example_dags/example_subdag_operator.py
[2023-12-03T19:29:03.804+0000] {processor.py:839} INFO - DAG(s) dict_keys(['example_subdag_operator.section-1', 'example_subdag_operator.section-2', 'example_subdag_operator']) retrieved from /home/airflow/.local/lib/python3.8/site-packages/airflow/example_dags/example_subdag_operator.py
[2023-12-03T19:29:03.836+0000] {logging_mixin.py:154} INFO - [2023-12-03T19:29:03.836+0000] {dag.py:2941} INFO - Sync 3 DAGs
[2023-12-03T19:29:03.894+0000] {logging_mixin.py:154} INFO - [2023-12-03T19:29:03.893+0000] {dag.py:3722} INFO - Setting next_dagrun for example_subdag_operator to 2022-01-01T00:00:00+00:00, run_after=2022-01-01T00:00:00+00:00
[2023-12-03T19:29:03.901+0000] {logging_mixin.py:154} INFO - [2023-12-03T19:29:03.901+0000] {dag.py:3722} INFO - Setting next_dagrun for example_subdag_operator.section-1 to None, run_after=None
[2023-12-03T19:29:03.905+0000] {logging_mixin.py:154} INFO - [2023-12-03T19:29:03.905+0000] {dag.py:3722} INFO - Setting next_dagrun for example_subdag_operator.section-2 to None, run_after=None
[2023-12-03T19:29:03.924+0000] {logging_mixin.py:154} INFO - [2023-12-03T19:29:03.923+0000] {dag.py:2941} INFO - Sync 2 DAGs
[2023-12-03T19:29:03.941+0000] {logging_mixin.py:154} INFO - [2023-12-03T19:29:03.941+0000] {dag.py:3722} INFO - Setting next_dagrun for example_subdag_operator.section-1 to None, run_after=None
[2023-12-03T19:29:03.945+0000] {logging_mixin.py:154} INFO - [2023-12-03T19:29:03.944+0000] {dag.py:3722} INFO - Setting next_dagrun for example_subdag_operator.section-2 to None, run_after=None
[2023-12-03T19:29:03.973+0000] {processor.py:179} INFO - Processing /home/airflow/.local/lib/python3.8/site-packages/airflow/example_dags/example_subdag_operator.py took 0.224 seconds
[2023-12-03T19:29:35.091+0000] {processor.py:157} INFO - Started process (PID=2871) to work on /home/airflow/.local/lib/python3.8/site-packages/airflow/example_dags/example_subdag_operator.py
[2023-12-03T19:29:35.094+0000] {processor.py:829} INFO - Processing file /home/airflow/.local/lib/python3.8/site-packages/airflow/example_dags/example_subdag_operator.py for tasks to queue
[2023-12-03T19:29:35.096+0000] {logging_mixin.py:154} INFO - [2023-12-03T19:29:35.095+0000] {dagbag.py:536} INFO - Filling up the DagBag from /home/airflow/.local/lib/python3.8/site-packages/airflow/example_dags/example_subdag_operator.py
[2023-12-03T19:29:35.268+0000] {processor.py:839} INFO - DAG(s) dict_keys(['example_subdag_operator.section-1', 'example_subdag_operator.section-2', 'example_subdag_operator']) retrieved from /home/airflow/.local/lib/python3.8/site-packages/airflow/example_dags/example_subdag_operator.py
[2023-12-03T19:29:35.357+0000] {logging_mixin.py:154} INFO - [2023-12-03T19:29:35.357+0000] {dag.py:2941} INFO - Sync 3 DAGs
[2023-12-03T19:29:35.477+0000] {logging_mixin.py:154} INFO - [2023-12-03T19:29:35.477+0000] {dag.py:3722} INFO - Setting next_dagrun for example_subdag_operator to 2022-01-01T00:00:00+00:00, run_after=2022-01-01T00:00:00+00:00
[2023-12-03T19:29:35.512+0000] {logging_mixin.py:154} INFO - [2023-12-03T19:29:35.511+0000] {dag.py:3722} INFO - Setting next_dagrun for example_subdag_operator.section-1 to None, run_after=None
[2023-12-03T19:29:35.526+0000] {logging_mixin.py:154} INFO - [2023-12-03T19:29:35.526+0000] {dag.py:3722} INFO - Setting next_dagrun for example_subdag_operator.section-2 to None, run_after=None
[2023-12-03T19:29:35.582+0000] {logging_mixin.py:154} INFO - [2023-12-03T19:29:35.581+0000] {dag.py:2941} INFO - Sync 2 DAGs
[2023-12-03T19:29:35.623+0000] {logging_mixin.py:154} INFO - [2023-12-03T19:29:35.623+0000] {dag.py:3722} INFO - Setting next_dagrun for example_subdag_operator.section-1 to None, run_after=None
[2023-12-03T19:29:35.630+0000] {logging_mixin.py:154} INFO - [2023-12-03T19:29:35.630+0000] {dag.py:3722} INFO - Setting next_dagrun for example_subdag_operator.section-2 to None, run_after=None
[2023-12-03T19:29:35.704+0000] {processor.py:179} INFO - Processing /home/airflow/.local/lib/python3.8/site-packages/airflow/example_dags/example_subdag_operator.py took 0.627 seconds
[2023-12-03T19:30:06.383+0000] {processor.py:157} INFO - Started process (PID=3109) to work on /home/airflow/.local/lib/python3.8/site-packages/airflow/example_dags/example_subdag_operator.py
[2023-12-03T19:30:06.386+0000] {processor.py:829} INFO - Processing file /home/airflow/.local/lib/python3.8/site-packages/airflow/example_dags/example_subdag_operator.py for tasks to queue
[2023-12-03T19:30:06.387+0000] {logging_mixin.py:154} INFO - [2023-12-03T19:30:06.387+0000] {dagbag.py:536} INFO - Filling up the DagBag from /home/airflow/.local/lib/python3.8/site-packages/airflow/example_dags/example_subdag_operator.py
[2023-12-03T19:30:06.417+0000] {processor.py:839} INFO - DAG(s) dict_keys(['example_subdag_operator.section-1', 'example_subdag_operator.section-2', 'example_subdag_operator']) retrieved from /home/airflow/.local/lib/python3.8/site-packages/airflow/example_dags/example_subdag_operator.py
[2023-12-03T19:30:06.432+0000] {logging_mixin.py:154} INFO - [2023-12-03T19:30:06.432+0000] {dag.py:2941} INFO - Sync 3 DAGs
[2023-12-03T19:30:06.453+0000] {logging_mixin.py:154} INFO - [2023-12-03T19:30:06.452+0000] {dag.py:3722} INFO - Setting next_dagrun for example_subdag_operator to 2022-01-01T00:00:00+00:00, run_after=2022-01-01T00:00:00+00:00
[2023-12-03T19:30:06.457+0000] {logging_mixin.py:154} INFO - [2023-12-03T19:30:06.456+0000] {dag.py:3722} INFO - Setting next_dagrun for example_subdag_operator.section-1 to None, run_after=None
[2023-12-03T19:30:06.458+0000] {logging_mixin.py:154} INFO - [2023-12-03T19:30:06.458+0000] {dag.py:3722} INFO - Setting next_dagrun for example_subdag_operator.section-2 to None, run_after=None
[2023-12-03T19:30:06.465+0000] {logging_mixin.py:154} INFO - [2023-12-03T19:30:06.465+0000] {dag.py:2941} INFO - Sync 2 DAGs
[2023-12-03T19:30:06.472+0000] {logging_mixin.py:154} INFO - [2023-12-03T19:30:06.471+0000] {dag.py:3722} INFO - Setting next_dagrun for example_subdag_operator.section-1 to None, run_after=None
[2023-12-03T19:30:06.472+0000] {logging_mixin.py:154} INFO - [2023-12-03T19:30:06.472+0000] {dag.py:3722} INFO - Setting next_dagrun for example_subdag_operator.section-2 to None, run_after=None
[2023-12-03T19:30:06.482+0000] {processor.py:179} INFO - Processing /home/airflow/.local/lib/python3.8/site-packages/airflow/example_dags/example_subdag_operator.py took 0.107 seconds
