[2023-12-03T19:23:58.187+0000] {processor.py:157} INFO - Started process (PID=320) to work on /home/airflow/.local/lib/python3.8/site-packages/airflow/example_dags/example_external_task_marker_dag.py
[2023-12-03T19:23:58.191+0000] {processor.py:829} INFO - Processing file /home/airflow/.local/lib/python3.8/site-packages/airflow/example_dags/example_external_task_marker_dag.py for tasks to queue
[2023-12-03T19:23:58.195+0000] {logging_mixin.py:154} INFO - [2023-12-03T19:23:58.194+0000] {dagbag.py:536} INFO - Filling up the DagBag from /home/airflow/.local/lib/python3.8/site-packages/airflow/example_dags/example_external_task_marker_dag.py
[2023-12-03T19:23:58.215+0000] {processor.py:839} INFO - DAG(s) dict_keys(['example_external_task_marker_parent', 'example_external_task_marker_child']) retrieved from /home/airflow/.local/lib/python3.8/site-packages/airflow/example_dags/example_external_task_marker_dag.py
[2023-12-03T19:23:58.282+0000] {logging_mixin.py:154} INFO - [2023-12-03T19:23:58.282+0000] {dag.py:2941} INFO - Sync 2 DAGs
[2023-12-03T19:23:58.298+0000] {logging_mixin.py:154} INFO - [2023-12-03T19:23:58.298+0000] {dag.py:3722} INFO - Setting next_dagrun for example_external_task_marker_child to None, run_after=None
[2023-12-03T19:23:58.302+0000] {logging_mixin.py:154} INFO - [2023-12-03T19:23:58.302+0000] {dag.py:3722} INFO - Setting next_dagrun for example_external_task_marker_parent to None, run_after=None
[2023-12-03T19:23:58.324+0000] {processor.py:179} INFO - Processing /home/airflow/.local/lib/python3.8/site-packages/airflow/example_dags/example_external_task_marker_dag.py took 0.142 seconds
[2023-12-03T19:24:29.257+0000] {processor.py:157} INFO - Started process (PID=558) to work on /home/airflow/.local/lib/python3.8/site-packages/airflow/example_dags/example_external_task_marker_dag.py
[2023-12-03T19:24:29.259+0000] {processor.py:829} INFO - Processing file /home/airflow/.local/lib/python3.8/site-packages/airflow/example_dags/example_external_task_marker_dag.py for tasks to queue
[2023-12-03T19:24:29.261+0000] {logging_mixin.py:154} INFO - [2023-12-03T19:24:29.261+0000] {dagbag.py:536} INFO - Filling up the DagBag from /home/airflow/.local/lib/python3.8/site-packages/airflow/example_dags/example_external_task_marker_dag.py
[2023-12-03T19:24:29.270+0000] {processor.py:839} INFO - DAG(s) dict_keys(['example_external_task_marker_parent', 'example_external_task_marker_child']) retrieved from /home/airflow/.local/lib/python3.8/site-packages/airflow/example_dags/example_external_task_marker_dag.py
[2023-12-03T19:24:29.347+0000] {logging_mixin.py:154} INFO - [2023-12-03T19:24:29.347+0000] {dag.py:2941} INFO - Sync 2 DAGs
[2023-12-03T19:24:29.366+0000] {logging_mixin.py:154} INFO - [2023-12-03T19:24:29.366+0000] {dag.py:3722} INFO - Setting next_dagrun for example_external_task_marker_child to None, run_after=None
[2023-12-03T19:24:29.371+0000] {logging_mixin.py:154} INFO - [2023-12-03T19:24:29.371+0000] {dag.py:3722} INFO - Setting next_dagrun for example_external_task_marker_parent to None, run_after=None
[2023-12-03T19:24:29.416+0000] {processor.py:179} INFO - Processing /home/airflow/.local/lib/python3.8/site-packages/airflow/example_dags/example_external_task_marker_dag.py took 0.168 seconds
[2023-12-03T19:24:59.983+0000] {processor.py:157} INFO - Started process (PID=796) to work on /home/airflow/.local/lib/python3.8/site-packages/airflow/example_dags/example_external_task_marker_dag.py
[2023-12-03T19:24:59.985+0000] {processor.py:829} INFO - Processing file /home/airflow/.local/lib/python3.8/site-packages/airflow/example_dags/example_external_task_marker_dag.py for tasks to queue
[2023-12-03T19:24:59.986+0000] {logging_mixin.py:154} INFO - [2023-12-03T19:24:59.986+0000] {dagbag.py:536} INFO - Filling up the DagBag from /home/airflow/.local/lib/python3.8/site-packages/airflow/example_dags/example_external_task_marker_dag.py
[2023-12-03T19:24:59.992+0000] {processor.py:839} INFO - DAG(s) dict_keys(['example_external_task_marker_parent', 'example_external_task_marker_child']) retrieved from /home/airflow/.local/lib/python3.8/site-packages/airflow/example_dags/example_external_task_marker_dag.py
[2023-12-03T19:25:00.018+0000] {logging_mixin.py:154} INFO - [2023-12-03T19:25:00.018+0000] {dag.py:2941} INFO - Sync 2 DAGs
[2023-12-03T19:25:00.031+0000] {logging_mixin.py:154} INFO - [2023-12-03T19:25:00.030+0000] {dag.py:3722} INFO - Setting next_dagrun for example_external_task_marker_child to None, run_after=None
[2023-12-03T19:25:00.033+0000] {logging_mixin.py:154} INFO - [2023-12-03T19:25:00.033+0000] {dag.py:3722} INFO - Setting next_dagrun for example_external_task_marker_parent to None, run_after=None
[2023-12-03T19:25:00.048+0000] {processor.py:179} INFO - Processing /home/airflow/.local/lib/python3.8/site-packages/airflow/example_dags/example_external_task_marker_dag.py took 0.068 seconds
[2023-12-03T19:25:30.660+0000] {processor.py:157} INFO - Started process (PID=1034) to work on /home/airflow/.local/lib/python3.8/site-packages/airflow/example_dags/example_external_task_marker_dag.py
[2023-12-03T19:25:30.662+0000] {processor.py:829} INFO - Processing file /home/airflow/.local/lib/python3.8/site-packages/airflow/example_dags/example_external_task_marker_dag.py for tasks to queue
[2023-12-03T19:25:30.664+0000] {logging_mixin.py:154} INFO - [2023-12-03T19:25:30.663+0000] {dagbag.py:536} INFO - Filling up the DagBag from /home/airflow/.local/lib/python3.8/site-packages/airflow/example_dags/example_external_task_marker_dag.py
[2023-12-03T19:25:30.673+0000] {processor.py:839} INFO - DAG(s) dict_keys(['example_external_task_marker_child', 'example_external_task_marker_parent']) retrieved from /home/airflow/.local/lib/python3.8/site-packages/airflow/example_dags/example_external_task_marker_dag.py
[2023-12-03T19:25:30.698+0000] {logging_mixin.py:154} INFO - [2023-12-03T19:25:30.697+0000] {dag.py:2941} INFO - Sync 2 DAGs
[2023-12-03T19:25:30.709+0000] {logging_mixin.py:154} INFO - [2023-12-03T19:25:30.709+0000] {dag.py:3722} INFO - Setting next_dagrun for example_external_task_marker_child to None, run_after=None
[2023-12-03T19:25:30.711+0000] {logging_mixin.py:154} INFO - [2023-12-03T19:25:30.711+0000] {dag.py:3722} INFO - Setting next_dagrun for example_external_task_marker_parent to None, run_after=None
[2023-12-03T19:25:30.724+0000] {processor.py:179} INFO - Processing /home/airflow/.local/lib/python3.8/site-packages/airflow/example_dags/example_external_task_marker_dag.py took 0.070 seconds
[2023-12-03T19:26:01.434+0000] {processor.py:157} INFO - Started process (PID=1272) to work on /home/airflow/.local/lib/python3.8/site-packages/airflow/example_dags/example_external_task_marker_dag.py
[2023-12-03T19:26:01.435+0000] {processor.py:829} INFO - Processing file /home/airflow/.local/lib/python3.8/site-packages/airflow/example_dags/example_external_task_marker_dag.py for tasks to queue
[2023-12-03T19:26:01.436+0000] {logging_mixin.py:154} INFO - [2023-12-03T19:26:01.436+0000] {dagbag.py:536} INFO - Filling up the DagBag from /home/airflow/.local/lib/python3.8/site-packages/airflow/example_dags/example_external_task_marker_dag.py
[2023-12-03T19:26:01.442+0000] {processor.py:839} INFO - DAG(s) dict_keys(['example_external_task_marker_child', 'example_external_task_marker_parent']) retrieved from /home/airflow/.local/lib/python3.8/site-packages/airflow/example_dags/example_external_task_marker_dag.py
[2023-12-03T19:26:01.467+0000] {logging_mixin.py:154} INFO - [2023-12-03T19:26:01.467+0000] {dag.py:2941} INFO - Sync 2 DAGs
[2023-12-03T19:26:01.480+0000] {logging_mixin.py:154} INFO - [2023-12-03T19:26:01.480+0000] {dag.py:3722} INFO - Setting next_dagrun for example_external_task_marker_child to None, run_after=None
[2023-12-03T19:26:01.483+0000] {logging_mixin.py:154} INFO - [2023-12-03T19:26:01.483+0000] {dag.py:3722} INFO - Setting next_dagrun for example_external_task_marker_parent to None, run_after=None
[2023-12-03T19:26:01.496+0000] {processor.py:179} INFO - Processing /home/airflow/.local/lib/python3.8/site-packages/airflow/example_dags/example_external_task_marker_dag.py took 0.065 seconds
[2023-12-03T19:26:32.319+0000] {processor.py:157} INFO - Started process (PID=1508) to work on /home/airflow/.local/lib/python3.8/site-packages/airflow/example_dags/example_external_task_marker_dag.py
[2023-12-03T19:26:32.322+0000] {processor.py:829} INFO - Processing file /home/airflow/.local/lib/python3.8/site-packages/airflow/example_dags/example_external_task_marker_dag.py for tasks to queue
[2023-12-03T19:26:32.324+0000] {logging_mixin.py:154} INFO - [2023-12-03T19:26:32.323+0000] {dagbag.py:536} INFO - Filling up the DagBag from /home/airflow/.local/lib/python3.8/site-packages/airflow/example_dags/example_external_task_marker_dag.py
[2023-12-03T19:26:32.332+0000] {processor.py:839} INFO - DAG(s) dict_keys(['example_external_task_marker_parent', 'example_external_task_marker_child']) retrieved from /home/airflow/.local/lib/python3.8/site-packages/airflow/example_dags/example_external_task_marker_dag.py
[2023-12-03T19:26:32.366+0000] {logging_mixin.py:154} INFO - [2023-12-03T19:26:32.366+0000] {dag.py:2941} INFO - Sync 2 DAGs
[2023-12-03T19:26:32.380+0000] {logging_mixin.py:154} INFO - [2023-12-03T19:26:32.380+0000] {dag.py:3722} INFO - Setting next_dagrun for example_external_task_marker_child to None, run_after=None
[2023-12-03T19:26:32.385+0000] {logging_mixin.py:154} INFO - [2023-12-03T19:26:32.384+0000] {dag.py:3722} INFO - Setting next_dagrun for example_external_task_marker_parent to None, run_after=None
[2023-12-03T19:26:32.412+0000] {processor.py:179} INFO - Processing /home/airflow/.local/lib/python3.8/site-packages/airflow/example_dags/example_external_task_marker_dag.py took 0.098 seconds
[2023-12-03T19:27:03.350+0000] {processor.py:157} INFO - Started process (PID=1746) to work on /home/airflow/.local/lib/python3.8/site-packages/airflow/example_dags/example_external_task_marker_dag.py
[2023-12-03T19:27:03.352+0000] {processor.py:829} INFO - Processing file /home/airflow/.local/lib/python3.8/site-packages/airflow/example_dags/example_external_task_marker_dag.py for tasks to queue
[2023-12-03T19:27:03.354+0000] {logging_mixin.py:154} INFO - [2023-12-03T19:27:03.354+0000] {dagbag.py:536} INFO - Filling up the DagBag from /home/airflow/.local/lib/python3.8/site-packages/airflow/example_dags/example_external_task_marker_dag.py
[2023-12-03T19:27:03.360+0000] {processor.py:839} INFO - DAG(s) dict_keys(['example_external_task_marker_parent', 'example_external_task_marker_child']) retrieved from /home/airflow/.local/lib/python3.8/site-packages/airflow/example_dags/example_external_task_marker_dag.py
[2023-12-03T19:27:03.391+0000] {logging_mixin.py:154} INFO - [2023-12-03T19:27:03.391+0000] {dag.py:2941} INFO - Sync 2 DAGs
[2023-12-03T19:27:03.403+0000] {logging_mixin.py:154} INFO - [2023-12-03T19:27:03.402+0000] {dag.py:3722} INFO - Setting next_dagrun for example_external_task_marker_child to None, run_after=None
[2023-12-03T19:27:03.408+0000] {logging_mixin.py:154} INFO - [2023-12-03T19:27:03.408+0000] {dag.py:3722} INFO - Setting next_dagrun for example_external_task_marker_parent to None, run_after=None
[2023-12-03T19:27:03.424+0000] {processor.py:179} INFO - Processing /home/airflow/.local/lib/python3.8/site-packages/airflow/example_dags/example_external_task_marker_dag.py took 0.077 seconds
[2023-12-03T19:27:33.608+0000] {processor.py:157} INFO - Started process (PID=1985) to work on /home/airflow/.local/lib/python3.8/site-packages/airflow/example_dags/example_external_task_marker_dag.py
[2023-12-03T19:27:33.609+0000] {processor.py:829} INFO - Processing file /home/airflow/.local/lib/python3.8/site-packages/airflow/example_dags/example_external_task_marker_dag.py for tasks to queue
[2023-12-03T19:27:33.610+0000] {logging_mixin.py:154} INFO - [2023-12-03T19:27:33.610+0000] {dagbag.py:536} INFO - Filling up the DagBag from /home/airflow/.local/lib/python3.8/site-packages/airflow/example_dags/example_external_task_marker_dag.py
[2023-12-03T19:27:33.616+0000] {processor.py:839} INFO - DAG(s) dict_keys(['example_external_task_marker_parent', 'example_external_task_marker_child']) retrieved from /home/airflow/.local/lib/python3.8/site-packages/airflow/example_dags/example_external_task_marker_dag.py
[2023-12-03T19:27:33.642+0000] {logging_mixin.py:154} INFO - [2023-12-03T19:27:33.642+0000] {dag.py:2941} INFO - Sync 2 DAGs
[2023-12-03T19:27:33.654+0000] {logging_mixin.py:154} INFO - [2023-12-03T19:27:33.654+0000] {dag.py:3722} INFO - Setting next_dagrun for example_external_task_marker_child to None, run_after=None
[2023-12-03T19:27:33.657+0000] {logging_mixin.py:154} INFO - [2023-12-03T19:27:33.657+0000] {dag.py:3722} INFO - Setting next_dagrun for example_external_task_marker_parent to None, run_after=None
[2023-12-03T19:27:33.670+0000] {processor.py:179} INFO - Processing /home/airflow/.local/lib/python3.8/site-packages/airflow/example_dags/example_external_task_marker_dag.py took 0.067 seconds
[2023-12-03T19:28:04.036+0000] {processor.py:157} INFO - Started process (PID=2228) to work on /home/airflow/.local/lib/python3.8/site-packages/airflow/example_dags/example_external_task_marker_dag.py
[2023-12-03T19:28:04.038+0000] {processor.py:829} INFO - Processing file /home/airflow/.local/lib/python3.8/site-packages/airflow/example_dags/example_external_task_marker_dag.py for tasks to queue
[2023-12-03T19:28:04.038+0000] {logging_mixin.py:154} INFO - [2023-12-03T19:28:04.038+0000] {dagbag.py:536} INFO - Filling up the DagBag from /home/airflow/.local/lib/python3.8/site-packages/airflow/example_dags/example_external_task_marker_dag.py
[2023-12-03T19:28:04.044+0000] {processor.py:839} INFO - DAG(s) dict_keys(['example_external_task_marker_child', 'example_external_task_marker_parent']) retrieved from /home/airflow/.local/lib/python3.8/site-packages/airflow/example_dags/example_external_task_marker_dag.py
[2023-12-03T19:28:04.066+0000] {logging_mixin.py:154} INFO - [2023-12-03T19:28:04.066+0000] {dag.py:2941} INFO - Sync 2 DAGs
[2023-12-03T19:28:04.077+0000] {logging_mixin.py:154} INFO - [2023-12-03T19:28:04.077+0000] {dag.py:3722} INFO - Setting next_dagrun for example_external_task_marker_child to None, run_after=None
[2023-12-03T19:28:04.079+0000] {logging_mixin.py:154} INFO - [2023-12-03T19:28:04.079+0000] {dag.py:3722} INFO - Setting next_dagrun for example_external_task_marker_parent to None, run_after=None
[2023-12-03T19:28:04.091+0000] {processor.py:179} INFO - Processing /home/airflow/.local/lib/python3.8/site-packages/airflow/example_dags/example_external_task_marker_dag.py took 0.058 seconds
[2023-12-03T19:28:34.784+0000] {processor.py:157} INFO - Started process (PID=2468) to work on /home/airflow/.local/lib/python3.8/site-packages/airflow/example_dags/example_external_task_marker_dag.py
[2023-12-03T19:28:34.786+0000] {processor.py:829} INFO - Processing file /home/airflow/.local/lib/python3.8/site-packages/airflow/example_dags/example_external_task_marker_dag.py for tasks to queue
[2023-12-03T19:28:34.788+0000] {logging_mixin.py:154} INFO - [2023-12-03T19:28:34.787+0000] {dagbag.py:536} INFO - Filling up the DagBag from /home/airflow/.local/lib/python3.8/site-packages/airflow/example_dags/example_external_task_marker_dag.py
[2023-12-03T19:28:34.794+0000] {processor.py:839} INFO - DAG(s) dict_keys(['example_external_task_marker_parent', 'example_external_task_marker_child']) retrieved from /home/airflow/.local/lib/python3.8/site-packages/airflow/example_dags/example_external_task_marker_dag.py
[2023-12-03T19:28:34.818+0000] {logging_mixin.py:154} INFO - [2023-12-03T19:28:34.818+0000] {dag.py:2941} INFO - Sync 2 DAGs
[2023-12-03T19:28:34.830+0000] {logging_mixin.py:154} INFO - [2023-12-03T19:28:34.829+0000] {dag.py:3722} INFO - Setting next_dagrun for example_external_task_marker_child to None, run_after=None
[2023-12-03T19:28:34.832+0000] {logging_mixin.py:154} INFO - [2023-12-03T19:28:34.832+0000] {dag.py:3722} INFO - Setting next_dagrun for example_external_task_marker_parent to None, run_after=None
[2023-12-03T19:28:34.849+0000] {processor.py:179} INFO - Processing /home/airflow/.local/lib/python3.8/site-packages/airflow/example_dags/example_external_task_marker_dag.py took 0.068 seconds
[2023-12-03T19:29:05.168+0000] {processor.py:157} INFO - Started process (PID=2706) to work on /home/airflow/.local/lib/python3.8/site-packages/airflow/example_dags/example_external_task_marker_dag.py
[2023-12-03T19:29:05.171+0000] {processor.py:829} INFO - Processing file /home/airflow/.local/lib/python3.8/site-packages/airflow/example_dags/example_external_task_marker_dag.py for tasks to queue
[2023-12-03T19:29:05.174+0000] {logging_mixin.py:154} INFO - [2023-12-03T19:29:05.173+0000] {dagbag.py:536} INFO - Filling up the DagBag from /home/airflow/.local/lib/python3.8/site-packages/airflow/example_dags/example_external_task_marker_dag.py
[2023-12-03T19:29:05.184+0000] {processor.py:839} INFO - DAG(s) dict_keys(['example_external_task_marker_child', 'example_external_task_marker_parent']) retrieved from /home/airflow/.local/lib/python3.8/site-packages/airflow/example_dags/example_external_task_marker_dag.py
[2023-12-03T19:29:05.242+0000] {logging_mixin.py:154} INFO - [2023-12-03T19:29:05.242+0000] {dag.py:2941} INFO - Sync 2 DAGs
[2023-12-03T19:29:05.269+0000] {logging_mixin.py:154} INFO - [2023-12-03T19:29:05.269+0000] {dag.py:3722} INFO - Setting next_dagrun for example_external_task_marker_child to None, run_after=None
[2023-12-03T19:29:05.275+0000] {logging_mixin.py:154} INFO - [2023-12-03T19:29:05.275+0000] {dag.py:3722} INFO - Setting next_dagrun for example_external_task_marker_parent to None, run_after=None
[2023-12-03T19:29:05.301+0000] {processor.py:179} INFO - Processing /home/airflow/.local/lib/python3.8/site-packages/airflow/example_dags/example_external_task_marker_dag.py took 0.138 seconds
[2023-12-03T19:29:36.933+0000] {processor.py:157} INFO - Started process (PID=2944) to work on /home/airflow/.local/lib/python3.8/site-packages/airflow/example_dags/example_external_task_marker_dag.py
[2023-12-03T19:29:36.934+0000] {processor.py:829} INFO - Processing file /home/airflow/.local/lib/python3.8/site-packages/airflow/example_dags/example_external_task_marker_dag.py for tasks to queue
[2023-12-03T19:29:36.936+0000] {logging_mixin.py:154} INFO - [2023-12-03T19:29:36.936+0000] {dagbag.py:536} INFO - Filling up the DagBag from /home/airflow/.local/lib/python3.8/site-packages/airflow/example_dags/example_external_task_marker_dag.py
[2023-12-03T19:29:36.947+0000] {processor.py:839} INFO - DAG(s) dict_keys(['example_external_task_marker_child', 'example_external_task_marker_parent']) retrieved from /home/airflow/.local/lib/python3.8/site-packages/airflow/example_dags/example_external_task_marker_dag.py
[2023-12-03T19:29:36.991+0000] {logging_mixin.py:154} INFO - [2023-12-03T19:29:36.991+0000] {dag.py:2941} INFO - Sync 2 DAGs
[2023-12-03T19:29:37.008+0000] {logging_mixin.py:154} INFO - [2023-12-03T19:29:37.008+0000] {dag.py:3722} INFO - Setting next_dagrun for example_external_task_marker_child to None, run_after=None
[2023-12-03T19:29:37.012+0000] {logging_mixin.py:154} INFO - [2023-12-03T19:29:37.012+0000] {dag.py:3722} INFO - Setting next_dagrun for example_external_task_marker_parent to None, run_after=None
[2023-12-03T19:29:37.034+0000] {processor.py:179} INFO - Processing /home/airflow/.local/lib/python3.8/site-packages/airflow/example_dags/example_external_task_marker_dag.py took 0.105 seconds
[2023-12-03T19:30:07.354+0000] {processor.py:157} INFO - Started process (PID=3184) to work on /home/airflow/.local/lib/python3.8/site-packages/airflow/example_dags/example_external_task_marker_dag.py
[2023-12-03T19:30:07.356+0000] {processor.py:829} INFO - Processing file /home/airflow/.local/lib/python3.8/site-packages/airflow/example_dags/example_external_task_marker_dag.py for tasks to queue
[2023-12-03T19:30:07.356+0000] {logging_mixin.py:154} INFO - [2023-12-03T19:30:07.356+0000] {dagbag.py:536} INFO - Filling up the DagBag from /home/airflow/.local/lib/python3.8/site-packages/airflow/example_dags/example_external_task_marker_dag.py
[2023-12-03T19:30:07.362+0000] {processor.py:839} INFO - DAG(s) dict_keys(['example_external_task_marker_parent', 'example_external_task_marker_child']) retrieved from /home/airflow/.local/lib/python3.8/site-packages/airflow/example_dags/example_external_task_marker_dag.py
[2023-12-03T19:30:07.387+0000] {logging_mixin.py:154} INFO - [2023-12-03T19:30:07.387+0000] {dag.py:2941} INFO - Sync 2 DAGs
[2023-12-03T19:30:07.401+0000] {logging_mixin.py:154} INFO - [2023-12-03T19:30:07.401+0000] {dag.py:3722} INFO - Setting next_dagrun for example_external_task_marker_child to None, run_after=None
[2023-12-03T19:30:07.405+0000] {logging_mixin.py:154} INFO - [2023-12-03T19:30:07.404+0000] {dag.py:3722} INFO - Setting next_dagrun for example_external_task_marker_parent to None, run_after=None
[2023-12-03T19:30:07.418+0000] {processor.py:179} INFO - Processing /home/airflow/.local/lib/python3.8/site-packages/airflow/example_dags/example_external_task_marker_dag.py took 0.067 seconds
