[2023-12-03T19:23:58.008+0000] {processor.py:157} INFO - Started process (PID=315) to work on /home/airflow/.local/lib/python3.8/site-packages/airflow/example_dags/example_sensors.py
[2023-12-03T19:23:58.009+0000] {processor.py:829} INFO - Processing file /home/airflow/.local/lib/python3.8/site-packages/airflow/example_dags/example_sensors.py for tasks to queue
[2023-12-03T19:23:58.011+0000] {logging_mixin.py:154} INFO - [2023-12-03T19:23:58.010+0000] {dagbag.py:536} INFO - Filling up the DagBag from /home/airflow/.local/lib/python3.8/site-packages/airflow/example_dags/example_sensors.py
[2023-12-03T19:23:58.031+0000] {processor.py:839} INFO - DAG(s) dict_keys(['example_sensors']) retrieved from /home/airflow/.local/lib/python3.8/site-packages/airflow/example_dags/example_sensors.py
[2023-12-03T19:23:58.077+0000] {logging_mixin.py:154} INFO - [2023-12-03T19:23:58.077+0000] {dag.py:2941} INFO - Sync 1 DAGs
[2023-12-03T19:23:58.104+0000] {logging_mixin.py:154} INFO - [2023-12-03T19:23:58.104+0000] {dag.py:3722} INFO - Setting next_dagrun for example_sensors to None, run_after=None
[2023-12-03T19:23:58.130+0000] {processor.py:179} INFO - Processing /home/airflow/.local/lib/python3.8/site-packages/airflow/example_dags/example_sensors.py took 0.127 seconds
[2023-12-03T19:24:28.171+0000] {processor.py:157} INFO - Started process (PID=551) to work on /home/airflow/.local/lib/python3.8/site-packages/airflow/example_dags/example_sensors.py
[2023-12-03T19:24:28.173+0000] {processor.py:829} INFO - Processing file /home/airflow/.local/lib/python3.8/site-packages/airflow/example_dags/example_sensors.py for tasks to queue
[2023-12-03T19:24:28.173+0000] {logging_mixin.py:154} INFO - [2023-12-03T19:24:28.173+0000] {dagbag.py:536} INFO - Filling up the DagBag from /home/airflow/.local/lib/python3.8/site-packages/airflow/example_dags/example_sensors.py
[2023-12-03T19:24:28.191+0000] {processor.py:839} INFO - DAG(s) dict_keys(['example_sensors']) retrieved from /home/airflow/.local/lib/python3.8/site-packages/airflow/example_dags/example_sensors.py
[2023-12-03T19:24:28.215+0000] {logging_mixin.py:154} INFO - [2023-12-03T19:24:28.214+0000] {dag.py:2941} INFO - Sync 1 DAGs
[2023-12-03T19:24:28.227+0000] {logging_mixin.py:154} INFO - [2023-12-03T19:24:28.227+0000] {dag.py:3722} INFO - Setting next_dagrun for example_sensors to None, run_after=None
[2023-12-03T19:24:28.241+0000] {processor.py:179} INFO - Processing /home/airflow/.local/lib/python3.8/site-packages/airflow/example_dags/example_sensors.py took 0.075 seconds
[2023-12-03T19:24:58.962+0000] {processor.py:157} INFO - Started process (PID=791) to work on /home/airflow/.local/lib/python3.8/site-packages/airflow/example_dags/example_sensors.py
[2023-12-03T19:24:58.965+0000] {processor.py:829} INFO - Processing file /home/airflow/.local/lib/python3.8/site-packages/airflow/example_dags/example_sensors.py for tasks to queue
[2023-12-03T19:24:58.967+0000] {logging_mixin.py:154} INFO - [2023-12-03T19:24:58.966+0000] {dagbag.py:536} INFO - Filling up the DagBag from /home/airflow/.local/lib/python3.8/site-packages/airflow/example_dags/example_sensors.py
[2023-12-03T19:24:58.985+0000] {processor.py:839} INFO - DAG(s) dict_keys(['example_sensors']) retrieved from /home/airflow/.local/lib/python3.8/site-packages/airflow/example_dags/example_sensors.py
[2023-12-03T19:24:59.024+0000] {logging_mixin.py:154} INFO - [2023-12-03T19:24:59.024+0000] {dag.py:2941} INFO - Sync 1 DAGs
[2023-12-03T19:24:59.039+0000] {logging_mixin.py:154} INFO - [2023-12-03T19:24:59.039+0000] {dag.py:3722} INFO - Setting next_dagrun for example_sensors to None, run_after=None
[2023-12-03T19:24:59.060+0000] {processor.py:179} INFO - Processing /home/airflow/.local/lib/python3.8/site-packages/airflow/example_dags/example_sensors.py took 0.105 seconds
[2023-12-03T19:25:29.629+0000] {processor.py:157} INFO - Started process (PID=1029) to work on /home/airflow/.local/lib/python3.8/site-packages/airflow/example_dags/example_sensors.py
[2023-12-03T19:25:29.630+0000] {processor.py:829} INFO - Processing file /home/airflow/.local/lib/python3.8/site-packages/airflow/example_dags/example_sensors.py for tasks to queue
[2023-12-03T19:25:29.631+0000] {logging_mixin.py:154} INFO - [2023-12-03T19:25:29.631+0000] {dagbag.py:536} INFO - Filling up the DagBag from /home/airflow/.local/lib/python3.8/site-packages/airflow/example_dags/example_sensors.py
[2023-12-03T19:25:29.641+0000] {processor.py:839} INFO - DAG(s) dict_keys(['example_sensors']) retrieved from /home/airflow/.local/lib/python3.8/site-packages/airflow/example_dags/example_sensors.py
[2023-12-03T19:25:29.663+0000] {logging_mixin.py:154} INFO - [2023-12-03T19:25:29.663+0000] {dag.py:2941} INFO - Sync 1 DAGs
[2023-12-03T19:25:29.673+0000] {logging_mixin.py:154} INFO - [2023-12-03T19:25:29.673+0000] {dag.py:3722} INFO - Setting next_dagrun for example_sensors to None, run_after=None
[2023-12-03T19:25:29.687+0000] {processor.py:179} INFO - Processing /home/airflow/.local/lib/python3.8/site-packages/airflow/example_dags/example_sensors.py took 0.062 seconds
[2023-12-03T19:26:01.356+0000] {processor.py:157} INFO - Started process (PID=1267) to work on /home/airflow/.local/lib/python3.8/site-packages/airflow/example_dags/example_sensors.py
[2023-12-03T19:26:01.357+0000] {processor.py:829} INFO - Processing file /home/airflow/.local/lib/python3.8/site-packages/airflow/example_dags/example_sensors.py for tasks to queue
[2023-12-03T19:26:01.358+0000] {logging_mixin.py:154} INFO - [2023-12-03T19:26:01.358+0000] {dagbag.py:536} INFO - Filling up the DagBag from /home/airflow/.local/lib/python3.8/site-packages/airflow/example_dags/example_sensors.py
[2023-12-03T19:26:01.367+0000] {processor.py:839} INFO - DAG(s) dict_keys(['example_sensors']) retrieved from /home/airflow/.local/lib/python3.8/site-packages/airflow/example_dags/example_sensors.py
[2023-12-03T19:26:01.387+0000] {logging_mixin.py:154} INFO - [2023-12-03T19:26:01.387+0000] {dag.py:2941} INFO - Sync 1 DAGs
[2023-12-03T19:26:01.397+0000] {logging_mixin.py:154} INFO - [2023-12-03T19:26:01.397+0000] {dag.py:3722} INFO - Setting next_dagrun for example_sensors to None, run_after=None
[2023-12-03T19:26:01.411+0000] {processor.py:179} INFO - Processing /home/airflow/.local/lib/python3.8/site-packages/airflow/example_dags/example_sensors.py took 0.058 seconds
[2023-12-03T19:26:32.288+0000] {processor.py:157} INFO - Started process (PID=1503) to work on /home/airflow/.local/lib/python3.8/site-packages/airflow/example_dags/example_sensors.py
[2023-12-03T19:26:32.290+0000] {processor.py:829} INFO - Processing file /home/airflow/.local/lib/python3.8/site-packages/airflow/example_dags/example_sensors.py for tasks to queue
[2023-12-03T19:26:32.293+0000] {logging_mixin.py:154} INFO - [2023-12-03T19:26:32.292+0000] {dagbag.py:536} INFO - Filling up the DagBag from /home/airflow/.local/lib/python3.8/site-packages/airflow/example_dags/example_sensors.py
[2023-12-03T19:26:32.312+0000] {processor.py:839} INFO - DAG(s) dict_keys(['example_sensors']) retrieved from /home/airflow/.local/lib/python3.8/site-packages/airflow/example_dags/example_sensors.py
[2023-12-03T19:26:32.346+0000] {logging_mixin.py:154} INFO - [2023-12-03T19:26:32.346+0000] {dag.py:2941} INFO - Sync 1 DAGs
[2023-12-03T19:26:32.362+0000] {logging_mixin.py:154} INFO - [2023-12-03T19:26:32.362+0000] {dag.py:3722} INFO - Setting next_dagrun for example_sensors to None, run_after=None
[2023-12-03T19:26:32.382+0000] {processor.py:179} INFO - Processing /home/airflow/.local/lib/python3.8/site-packages/airflow/example_dags/example_sensors.py took 0.101 seconds
[2023-12-03T19:27:03.336+0000] {processor.py:157} INFO - Started process (PID=1743) to work on /home/airflow/.local/lib/python3.8/site-packages/airflow/example_dags/example_sensors.py
[2023-12-03T19:27:03.337+0000] {processor.py:829} INFO - Processing file /home/airflow/.local/lib/python3.8/site-packages/airflow/example_dags/example_sensors.py for tasks to queue
[2023-12-03T19:27:03.338+0000] {logging_mixin.py:154} INFO - [2023-12-03T19:27:03.338+0000] {dagbag.py:536} INFO - Filling up the DagBag from /home/airflow/.local/lib/python3.8/site-packages/airflow/example_dags/example_sensors.py
[2023-12-03T19:27:03.349+0000] {processor.py:839} INFO - DAG(s) dict_keys(['example_sensors']) retrieved from /home/airflow/.local/lib/python3.8/site-packages/airflow/example_dags/example_sensors.py
[2023-12-03T19:27:03.374+0000] {logging_mixin.py:154} INFO - [2023-12-03T19:27:03.374+0000] {dag.py:2941} INFO - Sync 1 DAGs
[2023-12-03T19:27:03.386+0000] {logging_mixin.py:154} INFO - [2023-12-03T19:27:03.386+0000] {dag.py:3722} INFO - Setting next_dagrun for example_sensors to None, run_after=None
[2023-12-03T19:27:03.405+0000] {processor.py:179} INFO - Processing /home/airflow/.local/lib/python3.8/site-packages/airflow/example_dags/example_sensors.py took 0.073 seconds
[2023-12-03T19:27:33.521+0000] {processor.py:157} INFO - Started process (PID=1980) to work on /home/airflow/.local/lib/python3.8/site-packages/airflow/example_dags/example_sensors.py
[2023-12-03T19:27:33.523+0000] {processor.py:829} INFO - Processing file /home/airflow/.local/lib/python3.8/site-packages/airflow/example_dags/example_sensors.py for tasks to queue
[2023-12-03T19:27:33.524+0000] {logging_mixin.py:154} INFO - [2023-12-03T19:27:33.523+0000] {dagbag.py:536} INFO - Filling up the DagBag from /home/airflow/.local/lib/python3.8/site-packages/airflow/example_dags/example_sensors.py
[2023-12-03T19:27:33.533+0000] {processor.py:839} INFO - DAG(s) dict_keys(['example_sensors']) retrieved from /home/airflow/.local/lib/python3.8/site-packages/airflow/example_dags/example_sensors.py
[2023-12-03T19:27:33.564+0000] {logging_mixin.py:154} INFO - [2023-12-03T19:27:33.563+0000] {dag.py:2941} INFO - Sync 1 DAGs
[2023-12-03T19:27:33.577+0000] {logging_mixin.py:154} INFO - [2023-12-03T19:27:33.577+0000] {dag.py:3722} INFO - Setting next_dagrun for example_sensors to None, run_after=None
[2023-12-03T19:27:33.598+0000] {processor.py:179} INFO - Processing /home/airflow/.local/lib/python3.8/site-packages/airflow/example_dags/example_sensors.py took 0.080 seconds
[2023-12-03T19:28:03.941+0000] {processor.py:157} INFO - Started process (PID=2221) to work on /home/airflow/.local/lib/python3.8/site-packages/airflow/example_dags/example_sensors.py
[2023-12-03T19:28:03.943+0000] {processor.py:829} INFO - Processing file /home/airflow/.local/lib/python3.8/site-packages/airflow/example_dags/example_sensors.py for tasks to queue
[2023-12-03T19:28:03.943+0000] {logging_mixin.py:154} INFO - [2023-12-03T19:28:03.943+0000] {dagbag.py:536} INFO - Filling up the DagBag from /home/airflow/.local/lib/python3.8/site-packages/airflow/example_dags/example_sensors.py
[2023-12-03T19:28:03.959+0000] {processor.py:839} INFO - DAG(s) dict_keys(['example_sensors']) retrieved from /home/airflow/.local/lib/python3.8/site-packages/airflow/example_dags/example_sensors.py
[2023-12-03T19:28:03.983+0000] {logging_mixin.py:154} INFO - [2023-12-03T19:28:03.983+0000] {dag.py:2941} INFO - Sync 1 DAGs
[2023-12-03T19:28:03.995+0000] {logging_mixin.py:154} INFO - [2023-12-03T19:28:03.994+0000] {dag.py:3722} INFO - Setting next_dagrun for example_sensors to None, run_after=None
[2023-12-03T19:28:04.009+0000] {processor.py:179} INFO - Processing /home/airflow/.local/lib/python3.8/site-packages/airflow/example_dags/example_sensors.py took 0.071 seconds
[2023-12-03T19:28:34.767+0000] {processor.py:157} INFO - Started process (PID=2464) to work on /home/airflow/.local/lib/python3.8/site-packages/airflow/example_dags/example_sensors.py
[2023-12-03T19:28:34.768+0000] {processor.py:829} INFO - Processing file /home/airflow/.local/lib/python3.8/site-packages/airflow/example_dags/example_sensors.py for tasks to queue
[2023-12-03T19:28:34.769+0000] {logging_mixin.py:154} INFO - [2023-12-03T19:28:34.769+0000] {dagbag.py:536} INFO - Filling up the DagBag from /home/airflow/.local/lib/python3.8/site-packages/airflow/example_dags/example_sensors.py
[2023-12-03T19:28:34.781+0000] {processor.py:839} INFO - DAG(s) dict_keys(['example_sensors']) retrieved from /home/airflow/.local/lib/python3.8/site-packages/airflow/example_dags/example_sensors.py
[2023-12-03T19:28:34.806+0000] {logging_mixin.py:154} INFO - [2023-12-03T19:28:34.806+0000] {dag.py:2941} INFO - Sync 1 DAGs
[2023-12-03T19:28:34.817+0000] {logging_mixin.py:154} INFO - [2023-12-03T19:28:34.817+0000] {dag.py:3722} INFO - Setting next_dagrun for example_sensors to None, run_after=None
[2023-12-03T19:28:34.832+0000] {processor.py:179} INFO - Processing /home/airflow/.local/lib/python3.8/site-packages/airflow/example_dags/example_sensors.py took 0.068 seconds
[2023-12-03T19:29:05.143+0000] {processor.py:157} INFO - Started process (PID=2703) to work on /home/airflow/.local/lib/python3.8/site-packages/airflow/example_dags/example_sensors.py
[2023-12-03T19:29:05.145+0000] {processor.py:829} INFO - Processing file /home/airflow/.local/lib/python3.8/site-packages/airflow/example_dags/example_sensors.py for tasks to queue
[2023-12-03T19:29:05.146+0000] {logging_mixin.py:154} INFO - [2023-12-03T19:29:05.145+0000] {dagbag.py:536} INFO - Filling up the DagBag from /home/airflow/.local/lib/python3.8/site-packages/airflow/example_dags/example_sensors.py
[2023-12-03T19:29:05.166+0000] {processor.py:839} INFO - DAG(s) dict_keys(['example_sensors']) retrieved from /home/airflow/.local/lib/python3.8/site-packages/airflow/example_dags/example_sensors.py
[2023-12-03T19:29:05.211+0000] {logging_mixin.py:154} INFO - [2023-12-03T19:29:05.210+0000] {dag.py:2941} INFO - Sync 1 DAGs
[2023-12-03T19:29:05.240+0000] {logging_mixin.py:154} INFO - [2023-12-03T19:29:05.240+0000] {dag.py:3722} INFO - Setting next_dagrun for example_sensors to None, run_after=None
[2023-12-03T19:29:05.275+0000] {processor.py:179} INFO - Processing /home/airflow/.local/lib/python3.8/site-packages/airflow/example_dags/example_sensors.py took 0.136 seconds
[2023-12-03T19:29:36.876+0000] {processor.py:157} INFO - Started process (PID=2939) to work on /home/airflow/.local/lib/python3.8/site-packages/airflow/example_dags/example_sensors.py
[2023-12-03T19:29:36.878+0000] {processor.py:829} INFO - Processing file /home/airflow/.local/lib/python3.8/site-packages/airflow/example_dags/example_sensors.py for tasks to queue
[2023-12-03T19:29:36.879+0000] {logging_mixin.py:154} INFO - [2023-12-03T19:29:36.878+0000] {dagbag.py:536} INFO - Filling up the DagBag from /home/airflow/.local/lib/python3.8/site-packages/airflow/example_dags/example_sensors.py
[2023-12-03T19:29:36.890+0000] {processor.py:839} INFO - DAG(s) dict_keys(['example_sensors']) retrieved from /home/airflow/.local/lib/python3.8/site-packages/airflow/example_dags/example_sensors.py
[2023-12-03T19:29:36.920+0000] {logging_mixin.py:154} INFO - [2023-12-03T19:29:36.919+0000] {dag.py:2941} INFO - Sync 1 DAGs
[2023-12-03T19:29:36.934+0000] {logging_mixin.py:154} INFO - [2023-12-03T19:29:36.934+0000] {dag.py:3722} INFO - Setting next_dagrun for example_sensors to None, run_after=None
[2023-12-03T19:29:36.962+0000] {processor.py:179} INFO - Processing /home/airflow/.local/lib/python3.8/site-packages/airflow/example_dags/example_sensors.py took 0.090 seconds
[2023-12-03T19:30:07.275+0000] {processor.py:157} INFO - Started process (PID=3179) to work on /home/airflow/.local/lib/python3.8/site-packages/airflow/example_dags/example_sensors.py
[2023-12-03T19:30:07.276+0000] {processor.py:829} INFO - Processing file /home/airflow/.local/lib/python3.8/site-packages/airflow/example_dags/example_sensors.py for tasks to queue
[2023-12-03T19:30:07.277+0000] {logging_mixin.py:154} INFO - [2023-12-03T19:30:07.277+0000] {dagbag.py:536} INFO - Filling up the DagBag from /home/airflow/.local/lib/python3.8/site-packages/airflow/example_dags/example_sensors.py
[2023-12-03T19:30:07.286+0000] {processor.py:839} INFO - DAG(s) dict_keys(['example_sensors']) retrieved from /home/airflow/.local/lib/python3.8/site-packages/airflow/example_dags/example_sensors.py
[2023-12-03T19:30:07.308+0000] {logging_mixin.py:154} INFO - [2023-12-03T19:30:07.307+0000] {dag.py:2941} INFO - Sync 1 DAGs
[2023-12-03T19:30:07.318+0000] {logging_mixin.py:154} INFO - [2023-12-03T19:30:07.318+0000] {dag.py:3722} INFO - Setting next_dagrun for example_sensors to None, run_after=None
[2023-12-03T19:30:07.331+0000] {processor.py:179} INFO - Processing /home/airflow/.local/lib/python3.8/site-packages/airflow/example_dags/example_sensors.py took 0.060 seconds
