[2023-12-03T19:23:55.187+0000] {processor.py:157} INFO - Started process (PID=203) to work on /home/airflow/.local/lib/python3.8/site-packages/airflow/example_dags/example_datasets.py
[2023-12-03T19:23:55.189+0000] {processor.py:829} INFO - Processing file /home/airflow/.local/lib/python3.8/site-packages/airflow/example_dags/example_datasets.py for tasks to queue
[2023-12-03T19:23:55.190+0000] {logging_mixin.py:154} INFO - [2023-12-03T19:23:55.190+0000] {dagbag.py:536} INFO - Filling up the DagBag from /home/airflow/.local/lib/python3.8/site-packages/airflow/example_dags/example_datasets.py
[2023-12-03T19:23:55.214+0000] {processor.py:839} INFO - DAG(s) dict_keys(['dataset_consumes_unknown_never_scheduled', 'dataset_produces_1', 'dataset_consumes_1', 'dataset_consumes_1_and_2', 'dataset_consumes_1_never_scheduled', 'dataset_produces_2']) retrieved from /home/airflow/.local/lib/python3.8/site-packages/airflow/example_dags/example_datasets.py
[2023-12-03T19:23:55.261+0000] {logging_mixin.py:154} INFO - [2023-12-03T19:23:55.260+0000] {dag.py:2941} INFO - Sync 6 DAGs
[2023-12-03T19:23:55.307+0000] {logging_mixin.py:154} INFO - [2023-12-03T19:23:55.307+0000] {dag.py:3722} INFO - Setting next_dagrun for dataset_consumes_1 to None, run_after=None
[2023-12-03T19:23:55.312+0000] {logging_mixin.py:154} INFO - [2023-12-03T19:23:55.312+0000] {dag.py:3722} INFO - Setting next_dagrun for dataset_consumes_1_and_2 to None, run_after=None
[2023-12-03T19:23:55.314+0000] {logging_mixin.py:154} INFO - [2023-12-03T19:23:55.314+0000] {dag.py:3722} INFO - Setting next_dagrun for dataset_consumes_1_never_scheduled to None, run_after=None
[2023-12-03T19:23:55.316+0000] {logging_mixin.py:154} INFO - [2023-12-03T19:23:55.316+0000] {dag.py:3722} INFO - Setting next_dagrun for dataset_consumes_unknown_never_scheduled to None, run_after=None
[2023-12-03T19:23:55.323+0000] {logging_mixin.py:154} INFO - [2023-12-03T19:23:55.323+0000] {dag.py:3722} INFO - Setting next_dagrun for dataset_produces_1 to 2023-12-02T00:00:00+00:00, run_after=2023-12-03T00:00:00+00:00
[2023-12-03T19:23:55.326+0000] {logging_mixin.py:154} INFO - [2023-12-03T19:23:55.325+0000] {dag.py:3722} INFO - Setting next_dagrun for dataset_produces_2 to None, run_after=None
[2023-12-03T19:23:55.367+0000] {processor.py:179} INFO - Processing /home/airflow/.local/lib/python3.8/site-packages/airflow/example_dags/example_datasets.py took 0.190 seconds
[2023-12-03T19:24:26.061+0000] {processor.py:157} INFO - Started process (PID=441) to work on /home/airflow/.local/lib/python3.8/site-packages/airflow/example_dags/example_datasets.py
[2023-12-03T19:24:26.062+0000] {processor.py:829} INFO - Processing file /home/airflow/.local/lib/python3.8/site-packages/airflow/example_dags/example_datasets.py for tasks to queue
[2023-12-03T19:24:26.063+0000] {logging_mixin.py:154} INFO - [2023-12-03T19:24:26.062+0000] {dagbag.py:536} INFO - Filling up the DagBag from /home/airflow/.local/lib/python3.8/site-packages/airflow/example_dags/example_datasets.py
[2023-12-03T19:24:26.123+0000] {processor.py:839} INFO - DAG(s) dict_keys(['dataset_consumes_1', 'dataset_consumes_1_and_2', 'dataset_consumes_unknown_never_scheduled', 'dataset_produces_1', 'dataset_produces_2', 'dataset_consumes_1_never_scheduled']) retrieved from /home/airflow/.local/lib/python3.8/site-packages/airflow/example_dags/example_datasets.py
[2023-12-03T19:24:26.266+0000] {logging_mixin.py:154} INFO - [2023-12-03T19:24:26.265+0000] {dag.py:2941} INFO - Sync 6 DAGs
[2023-12-03T19:24:26.463+0000] {logging_mixin.py:154} INFO - [2023-12-03T19:24:26.462+0000] {dag.py:3722} INFO - Setting next_dagrun for dataset_consumes_1 to None, run_after=None
[2023-12-03T19:24:26.475+0000] {logging_mixin.py:154} INFO - [2023-12-03T19:24:26.475+0000] {dag.py:3722} INFO - Setting next_dagrun for dataset_consumes_1_and_2 to None, run_after=None
[2023-12-03T19:24:26.481+0000] {logging_mixin.py:154} INFO - [2023-12-03T19:24:26.480+0000] {dag.py:3722} INFO - Setting next_dagrun for dataset_consumes_1_never_scheduled to None, run_after=None
[2023-12-03T19:24:26.486+0000] {logging_mixin.py:154} INFO - [2023-12-03T19:24:26.485+0000] {dag.py:3722} INFO - Setting next_dagrun for dataset_consumes_unknown_never_scheduled to None, run_after=None
[2023-12-03T19:24:26.500+0000] {logging_mixin.py:154} INFO - [2023-12-03T19:24:26.500+0000] {dag.py:3722} INFO - Setting next_dagrun for dataset_produces_1 to 2023-12-02T00:00:00+00:00, run_after=2023-12-03T00:00:00+00:00
[2023-12-03T19:24:26.506+0000] {logging_mixin.py:154} INFO - [2023-12-03T19:24:26.506+0000] {dag.py:3722} INFO - Setting next_dagrun for dataset_produces_2 to None, run_after=None
[2023-12-03T19:24:26.658+0000] {processor.py:179} INFO - Processing /home/airflow/.local/lib/python3.8/site-packages/airflow/example_dags/example_datasets.py took 0.600 seconds
[2023-12-03T19:24:57.103+0000] {processor.py:157} INFO - Started process (PID=679) to work on /home/airflow/.local/lib/python3.8/site-packages/airflow/example_dags/example_datasets.py
[2023-12-03T19:24:57.105+0000] {processor.py:829} INFO - Processing file /home/airflow/.local/lib/python3.8/site-packages/airflow/example_dags/example_datasets.py for tasks to queue
[2023-12-03T19:24:57.106+0000] {logging_mixin.py:154} INFO - [2023-12-03T19:24:57.106+0000] {dagbag.py:536} INFO - Filling up the DagBag from /home/airflow/.local/lib/python3.8/site-packages/airflow/example_dags/example_datasets.py
[2023-12-03T19:24:57.121+0000] {processor.py:839} INFO - DAG(s) dict_keys(['dataset_consumes_1_and_2', 'dataset_consumes_1_never_scheduled', 'dataset_produces_2', 'dataset_produces_1', 'dataset_consumes_unknown_never_scheduled', 'dataset_consumes_1']) retrieved from /home/airflow/.local/lib/python3.8/site-packages/airflow/example_dags/example_datasets.py
[2023-12-03T19:24:57.160+0000] {logging_mixin.py:154} INFO - [2023-12-03T19:24:57.159+0000] {dag.py:2941} INFO - Sync 6 DAGs
[2023-12-03T19:24:57.190+0000] {logging_mixin.py:154} INFO - [2023-12-03T19:24:57.189+0000] {dag.py:3722} INFO - Setting next_dagrun for dataset_consumes_1 to None, run_after=None
[2023-12-03T19:24:57.195+0000] {logging_mixin.py:154} INFO - [2023-12-03T19:24:57.195+0000] {dag.py:3722} INFO - Setting next_dagrun for dataset_consumes_1_and_2 to None, run_after=None
[2023-12-03T19:24:57.197+0000] {logging_mixin.py:154} INFO - [2023-12-03T19:24:57.197+0000] {dag.py:3722} INFO - Setting next_dagrun for dataset_consumes_1_never_scheduled to None, run_after=None
[2023-12-03T19:24:57.199+0000] {logging_mixin.py:154} INFO - [2023-12-03T19:24:57.199+0000] {dag.py:3722} INFO - Setting next_dagrun for dataset_consumes_unknown_never_scheduled to None, run_after=None
[2023-12-03T19:24:57.205+0000] {logging_mixin.py:154} INFO - [2023-12-03T19:24:57.205+0000] {dag.py:3722} INFO - Setting next_dagrun for dataset_produces_1 to 2023-12-02T00:00:00+00:00, run_after=2023-12-03T00:00:00+00:00
[2023-12-03T19:24:57.209+0000] {logging_mixin.py:154} INFO - [2023-12-03T19:24:57.208+0000] {dag.py:3722} INFO - Setting next_dagrun for dataset_produces_2 to None, run_after=None
[2023-12-03T19:24:57.250+0000] {processor.py:179} INFO - Processing /home/airflow/.local/lib/python3.8/site-packages/airflow/example_dags/example_datasets.py took 0.152 seconds
[2023-12-03T19:25:28.286+0000] {processor.py:157} INFO - Started process (PID=919) to work on /home/airflow/.local/lib/python3.8/site-packages/airflow/example_dags/example_datasets.py
[2023-12-03T19:25:28.289+0000] {processor.py:829} INFO - Processing file /home/airflow/.local/lib/python3.8/site-packages/airflow/example_dags/example_datasets.py for tasks to queue
[2023-12-03T19:25:28.290+0000] {logging_mixin.py:154} INFO - [2023-12-03T19:25:28.290+0000] {dagbag.py:536} INFO - Filling up the DagBag from /home/airflow/.local/lib/python3.8/site-packages/airflow/example_dags/example_datasets.py
[2023-12-03T19:25:28.304+0000] {processor.py:839} INFO - DAG(s) dict_keys(['dataset_produces_1', 'dataset_consumes_1', 'dataset_consumes_unknown_never_scheduled', 'dataset_consumes_1_never_scheduled', 'dataset_consumes_1_and_2', 'dataset_produces_2']) retrieved from /home/airflow/.local/lib/python3.8/site-packages/airflow/example_dags/example_datasets.py
[2023-12-03T19:25:28.334+0000] {logging_mixin.py:154} INFO - [2023-12-03T19:25:28.334+0000] {dag.py:2941} INFO - Sync 6 DAGs
[2023-12-03T19:25:28.351+0000] {logging_mixin.py:154} INFO - [2023-12-03T19:25:28.351+0000] {dag.py:3722} INFO - Setting next_dagrun for dataset_consumes_1 to None, run_after=None
[2023-12-03T19:25:28.353+0000] {logging_mixin.py:154} INFO - [2023-12-03T19:25:28.353+0000] {dag.py:3722} INFO - Setting next_dagrun for dataset_consumes_1_and_2 to None, run_after=None
[2023-12-03T19:25:28.355+0000] {logging_mixin.py:154} INFO - [2023-12-03T19:25:28.354+0000] {dag.py:3722} INFO - Setting next_dagrun for dataset_consumes_1_never_scheduled to None, run_after=None
[2023-12-03T19:25:28.356+0000] {logging_mixin.py:154} INFO - [2023-12-03T19:25:28.355+0000] {dag.py:3722} INFO - Setting next_dagrun for dataset_consumes_unknown_never_scheduled to None, run_after=None
[2023-12-03T19:25:28.358+0000] {logging_mixin.py:154} INFO - [2023-12-03T19:25:28.358+0000] {dag.py:3722} INFO - Setting next_dagrun for dataset_produces_1 to 2023-12-02T00:00:00+00:00, run_after=2023-12-03T00:00:00+00:00
[2023-12-03T19:25:28.359+0000] {logging_mixin.py:154} INFO - [2023-12-03T19:25:28.359+0000] {dag.py:3722} INFO - Setting next_dagrun for dataset_produces_2 to None, run_after=None
[2023-12-03T19:25:28.382+0000] {processor.py:179} INFO - Processing /home/airflow/.local/lib/python3.8/site-packages/airflow/example_dags/example_datasets.py took 0.102 seconds
[2023-12-03T19:25:59.408+0000] {processor.py:157} INFO - Started process (PID=1157) to work on /home/airflow/.local/lib/python3.8/site-packages/airflow/example_dags/example_datasets.py
[2023-12-03T19:25:59.412+0000] {processor.py:829} INFO - Processing file /home/airflow/.local/lib/python3.8/site-packages/airflow/example_dags/example_datasets.py for tasks to queue
[2023-12-03T19:25:59.414+0000] {logging_mixin.py:154} INFO - [2023-12-03T19:25:59.413+0000] {dagbag.py:536} INFO - Filling up the DagBag from /home/airflow/.local/lib/python3.8/site-packages/airflow/example_dags/example_datasets.py
[2023-12-03T19:25:59.437+0000] {processor.py:839} INFO - DAG(s) dict_keys(['dataset_consumes_unknown_never_scheduled', 'dataset_consumes_1_and_2', 'dataset_consumes_1', 'dataset_produces_2', 'dataset_produces_1', 'dataset_consumes_1_never_scheduled']) retrieved from /home/airflow/.local/lib/python3.8/site-packages/airflow/example_dags/example_datasets.py
[2023-12-03T19:25:59.562+0000] {logging_mixin.py:154} INFO - [2023-12-03T19:25:59.562+0000] {dag.py:2941} INFO - Sync 6 DAGs
[2023-12-03T19:25:59.619+0000] {logging_mixin.py:154} INFO - [2023-12-03T19:25:59.619+0000] {dag.py:3722} INFO - Setting next_dagrun for dataset_consumes_1 to None, run_after=None
[2023-12-03T19:25:59.624+0000] {logging_mixin.py:154} INFO - [2023-12-03T19:25:59.624+0000] {dag.py:3722} INFO - Setting next_dagrun for dataset_consumes_1_and_2 to None, run_after=None
[2023-12-03T19:25:59.626+0000] {logging_mixin.py:154} INFO - [2023-12-03T19:25:59.626+0000] {dag.py:3722} INFO - Setting next_dagrun for dataset_consumes_1_never_scheduled to None, run_after=None
[2023-12-03T19:25:59.627+0000] {logging_mixin.py:154} INFO - [2023-12-03T19:25:59.627+0000] {dag.py:3722} INFO - Setting next_dagrun for dataset_consumes_unknown_never_scheduled to None, run_after=None
[2023-12-03T19:25:59.631+0000] {logging_mixin.py:154} INFO - [2023-12-03T19:25:59.631+0000] {dag.py:3722} INFO - Setting next_dagrun for dataset_produces_1 to 2023-12-02T00:00:00+00:00, run_after=2023-12-03T00:00:00+00:00
[2023-12-03T19:25:59.633+0000] {logging_mixin.py:154} INFO - [2023-12-03T19:25:59.633+0000] {dag.py:3722} INFO - Setting next_dagrun for dataset_produces_2 to None, run_after=None
[2023-12-03T19:25:59.703+0000] {processor.py:179} INFO - Processing /home/airflow/.local/lib/python3.8/site-packages/airflow/example_dags/example_datasets.py took 0.305 seconds
[2023-12-03T19:26:30.154+0000] {processor.py:157} INFO - Started process (PID=1395) to work on /home/airflow/.local/lib/python3.8/site-packages/airflow/example_dags/example_datasets.py
[2023-12-03T19:26:30.157+0000] {processor.py:829} INFO - Processing file /home/airflow/.local/lib/python3.8/site-packages/airflow/example_dags/example_datasets.py for tasks to queue
[2023-12-03T19:26:30.160+0000] {logging_mixin.py:154} INFO - [2023-12-03T19:26:30.159+0000] {dagbag.py:536} INFO - Filling up the DagBag from /home/airflow/.local/lib/python3.8/site-packages/airflow/example_dags/example_datasets.py
[2023-12-03T19:26:30.175+0000] {processor.py:839} INFO - DAG(s) dict_keys(['dataset_produces_1', 'dataset_consumes_unknown_never_scheduled', 'dataset_consumes_1', 'dataset_produces_2', 'dataset_consumes_1_never_scheduled', 'dataset_consumes_1_and_2']) retrieved from /home/airflow/.local/lib/python3.8/site-packages/airflow/example_dags/example_datasets.py
[2023-12-03T19:26:30.215+0000] {logging_mixin.py:154} INFO - [2023-12-03T19:26:30.215+0000] {dag.py:2941} INFO - Sync 6 DAGs
[2023-12-03T19:26:30.238+0000] {logging_mixin.py:154} INFO - [2023-12-03T19:26:30.238+0000] {dag.py:3722} INFO - Setting next_dagrun for dataset_consumes_1 to None, run_after=None
[2023-12-03T19:26:30.243+0000] {logging_mixin.py:154} INFO - [2023-12-03T19:26:30.243+0000] {dag.py:3722} INFO - Setting next_dagrun for dataset_consumes_1_and_2 to None, run_after=None
[2023-12-03T19:26:30.245+0000] {logging_mixin.py:154} INFO - [2023-12-03T19:26:30.245+0000] {dag.py:3722} INFO - Setting next_dagrun for dataset_consumes_1_never_scheduled to None, run_after=None
[2023-12-03T19:26:30.247+0000] {logging_mixin.py:154} INFO - [2023-12-03T19:26:30.246+0000] {dag.py:3722} INFO - Setting next_dagrun for dataset_consumes_unknown_never_scheduled to None, run_after=None
[2023-12-03T19:26:30.250+0000] {logging_mixin.py:154} INFO - [2023-12-03T19:26:30.250+0000] {dag.py:3722} INFO - Setting next_dagrun for dataset_produces_1 to 2023-12-02T00:00:00+00:00, run_after=2023-12-03T00:00:00+00:00
[2023-12-03T19:26:30.251+0000] {logging_mixin.py:154} INFO - [2023-12-03T19:26:30.251+0000] {dag.py:3722} INFO - Setting next_dagrun for dataset_produces_2 to None, run_after=None
[2023-12-03T19:26:30.285+0000] {processor.py:179} INFO - Processing /home/airflow/.local/lib/python3.8/site-packages/airflow/example_dags/example_datasets.py took 0.135 seconds
[2023-12-03T19:27:00.760+0000] {processor.py:157} INFO - Started process (PID=1633) to work on /home/airflow/.local/lib/python3.8/site-packages/airflow/example_dags/example_datasets.py
[2023-12-03T19:27:00.763+0000] {processor.py:829} INFO - Processing file /home/airflow/.local/lib/python3.8/site-packages/airflow/example_dags/example_datasets.py for tasks to queue
[2023-12-03T19:27:00.764+0000] {logging_mixin.py:154} INFO - [2023-12-03T19:27:00.764+0000] {dagbag.py:536} INFO - Filling up the DagBag from /home/airflow/.local/lib/python3.8/site-packages/airflow/example_dags/example_datasets.py
[2023-12-03T19:27:00.786+0000] {processor.py:839} INFO - DAG(s) dict_keys(['dataset_produces_2', 'dataset_consumes_unknown_never_scheduled', 'dataset_produces_1', 'dataset_consumes_1_never_scheduled', 'dataset_consumes_1', 'dataset_consumes_1_and_2']) retrieved from /home/airflow/.local/lib/python3.8/site-packages/airflow/example_dags/example_datasets.py
[2023-12-03T19:27:00.849+0000] {logging_mixin.py:154} INFO - [2023-12-03T19:27:00.849+0000] {dag.py:2941} INFO - Sync 6 DAGs
[2023-12-03T19:27:00.873+0000] {logging_mixin.py:154} INFO - [2023-12-03T19:27:00.872+0000] {dag.py:3722} INFO - Setting next_dagrun for dataset_consumes_1 to None, run_after=None
[2023-12-03T19:27:00.877+0000] {logging_mixin.py:154} INFO - [2023-12-03T19:27:00.877+0000] {dag.py:3722} INFO - Setting next_dagrun for dataset_consumes_1_and_2 to None, run_after=None
[2023-12-03T19:27:00.878+0000] {logging_mixin.py:154} INFO - [2023-12-03T19:27:00.878+0000] {dag.py:3722} INFO - Setting next_dagrun for dataset_consumes_1_never_scheduled to None, run_after=None
[2023-12-03T19:27:00.880+0000] {logging_mixin.py:154} INFO - [2023-12-03T19:27:00.879+0000] {dag.py:3722} INFO - Setting next_dagrun for dataset_consumes_unknown_never_scheduled to None, run_after=None
[2023-12-03T19:27:00.882+0000] {logging_mixin.py:154} INFO - [2023-12-03T19:27:00.882+0000] {dag.py:3722} INFO - Setting next_dagrun for dataset_produces_1 to 2023-12-02T00:00:00+00:00, run_after=2023-12-03T00:00:00+00:00
[2023-12-03T19:27:00.884+0000] {logging_mixin.py:154} INFO - [2023-12-03T19:27:00.883+0000] {dag.py:3722} INFO - Setting next_dagrun for dataset_produces_2 to None, run_after=None
[2023-12-03T19:27:00.914+0000] {processor.py:179} INFO - Processing /home/airflow/.local/lib/python3.8/site-packages/airflow/example_dags/example_datasets.py took 0.161 seconds
[2023-12-03T19:27:31.233+0000] {processor.py:157} INFO - Started process (PID=1872) to work on /home/airflow/.local/lib/python3.8/site-packages/airflow/example_dags/example_datasets.py
[2023-12-03T19:27:31.235+0000] {processor.py:829} INFO - Processing file /home/airflow/.local/lib/python3.8/site-packages/airflow/example_dags/example_datasets.py for tasks to queue
[2023-12-03T19:27:31.236+0000] {logging_mixin.py:154} INFO - [2023-12-03T19:27:31.235+0000] {dagbag.py:536} INFO - Filling up the DagBag from /home/airflow/.local/lib/python3.8/site-packages/airflow/example_dags/example_datasets.py
[2023-12-03T19:27:31.247+0000] {processor.py:839} INFO - DAG(s) dict_keys(['dataset_consumes_1_and_2', 'dataset_consumes_1_never_scheduled', 'dataset_produces_1', 'dataset_consumes_unknown_never_scheduled', 'dataset_consumes_1', 'dataset_produces_2']) retrieved from /home/airflow/.local/lib/python3.8/site-packages/airflow/example_dags/example_datasets.py
[2023-12-03T19:27:31.280+0000] {logging_mixin.py:154} INFO - [2023-12-03T19:27:31.280+0000] {dag.py:2941} INFO - Sync 6 DAGs
[2023-12-03T19:27:31.298+0000] {logging_mixin.py:154} INFO - [2023-12-03T19:27:31.298+0000] {dag.py:3722} INFO - Setting next_dagrun for dataset_consumes_1 to None, run_after=None
[2023-12-03T19:27:31.301+0000] {logging_mixin.py:154} INFO - [2023-12-03T19:27:31.300+0000] {dag.py:3722} INFO - Setting next_dagrun for dataset_consumes_1_and_2 to None, run_after=None
[2023-12-03T19:27:31.302+0000] {logging_mixin.py:154} INFO - [2023-12-03T19:27:31.302+0000] {dag.py:3722} INFO - Setting next_dagrun for dataset_consumes_1_never_scheduled to None, run_after=None
[2023-12-03T19:27:31.303+0000] {logging_mixin.py:154} INFO - [2023-12-03T19:27:31.303+0000] {dag.py:3722} INFO - Setting next_dagrun for dataset_consumes_unknown_never_scheduled to None, run_after=None
[2023-12-03T19:27:31.305+0000] {logging_mixin.py:154} INFO - [2023-12-03T19:27:31.305+0000] {dag.py:3722} INFO - Setting next_dagrun for dataset_produces_1 to 2023-12-02T00:00:00+00:00, run_after=2023-12-03T00:00:00+00:00
[2023-12-03T19:27:31.306+0000] {logging_mixin.py:154} INFO - [2023-12-03T19:27:31.306+0000] {dag.py:3722} INFO - Setting next_dagrun for dataset_produces_2 to None, run_after=None
[2023-12-03T19:27:31.349+0000] {processor.py:179} INFO - Processing /home/airflow/.local/lib/python3.8/site-packages/airflow/example_dags/example_datasets.py took 0.121 seconds
[2023-12-03T19:28:01.617+0000] {processor.py:157} INFO - Started process (PID=2113) to work on /home/airflow/.local/lib/python3.8/site-packages/airflow/example_dags/example_datasets.py
[2023-12-03T19:28:01.619+0000] {processor.py:829} INFO - Processing file /home/airflow/.local/lib/python3.8/site-packages/airflow/example_dags/example_datasets.py for tasks to queue
[2023-12-03T19:28:01.620+0000] {logging_mixin.py:154} INFO - [2023-12-03T19:28:01.619+0000] {dagbag.py:536} INFO - Filling up the DagBag from /home/airflow/.local/lib/python3.8/site-packages/airflow/example_dags/example_datasets.py
[2023-12-03T19:28:01.632+0000] {processor.py:839} INFO - DAG(s) dict_keys(['dataset_consumes_unknown_never_scheduled', 'dataset_consumes_1', 'dataset_produces_2', 'dataset_consumes_1_never_scheduled', 'dataset_produces_1', 'dataset_consumes_1_and_2']) retrieved from /home/airflow/.local/lib/python3.8/site-packages/airflow/example_dags/example_datasets.py
[2023-12-03T19:28:01.663+0000] {logging_mixin.py:154} INFO - [2023-12-03T19:28:01.663+0000] {dag.py:2941} INFO - Sync 6 DAGs
[2023-12-03T19:28:01.681+0000] {logging_mixin.py:154} INFO - [2023-12-03T19:28:01.681+0000] {dag.py:3722} INFO - Setting next_dagrun for dataset_consumes_1 to None, run_after=None
[2023-12-03T19:28:01.684+0000] {logging_mixin.py:154} INFO - [2023-12-03T19:28:01.684+0000] {dag.py:3722} INFO - Setting next_dagrun for dataset_consumes_1_and_2 to None, run_after=None
[2023-12-03T19:28:01.685+0000] {logging_mixin.py:154} INFO - [2023-12-03T19:28:01.685+0000] {dag.py:3722} INFO - Setting next_dagrun for dataset_consumes_1_never_scheduled to None, run_after=None
[2023-12-03T19:28:01.686+0000] {logging_mixin.py:154} INFO - [2023-12-03T19:28:01.686+0000] {dag.py:3722} INFO - Setting next_dagrun for dataset_consumes_unknown_never_scheduled to None, run_after=None
[2023-12-03T19:28:01.688+0000] {logging_mixin.py:154} INFO - [2023-12-03T19:28:01.688+0000] {dag.py:3722} INFO - Setting next_dagrun for dataset_produces_1 to 2023-12-02T00:00:00+00:00, run_after=2023-12-03T00:00:00+00:00
[2023-12-03T19:28:01.689+0000] {logging_mixin.py:154} INFO - [2023-12-03T19:28:01.689+0000] {dag.py:3722} INFO - Setting next_dagrun for dataset_produces_2 to None, run_after=None
[2023-12-03T19:28:01.713+0000] {processor.py:179} INFO - Processing /home/airflow/.local/lib/python3.8/site-packages/airflow/example_dags/example_datasets.py took 0.101 seconds
[2023-12-03T19:28:31.835+0000] {processor.py:157} INFO - Started process (PID=2355) to work on /home/airflow/.local/lib/python3.8/site-packages/airflow/example_dags/example_datasets.py
[2023-12-03T19:28:31.837+0000] {processor.py:829} INFO - Processing file /home/airflow/.local/lib/python3.8/site-packages/airflow/example_dags/example_datasets.py for tasks to queue
[2023-12-03T19:28:31.840+0000] {logging_mixin.py:154} INFO - [2023-12-03T19:28:31.840+0000] {dagbag.py:536} INFO - Filling up the DagBag from /home/airflow/.local/lib/python3.8/site-packages/airflow/example_dags/example_datasets.py
[2023-12-03T19:28:31.878+0000] {processor.py:839} INFO - DAG(s) dict_keys(['dataset_consumes_unknown_never_scheduled', 'dataset_produces_1', 'dataset_consumes_1', 'dataset_produces_2', 'dataset_consumes_1_never_scheduled', 'dataset_consumes_1_and_2']) retrieved from /home/airflow/.local/lib/python3.8/site-packages/airflow/example_dags/example_datasets.py
[2023-12-03T19:28:31.946+0000] {logging_mixin.py:154} INFO - [2023-12-03T19:28:31.946+0000] {dag.py:2941} INFO - Sync 6 DAGs
[2023-12-03T19:28:31.992+0000] {logging_mixin.py:154} INFO - [2023-12-03T19:28:31.991+0000] {dag.py:3722} INFO - Setting next_dagrun for dataset_consumes_1 to None, run_after=None
[2023-12-03T19:28:31.997+0000] {logging_mixin.py:154} INFO - [2023-12-03T19:28:31.997+0000] {dag.py:3722} INFO - Setting next_dagrun for dataset_consumes_1_and_2 to None, run_after=None
[2023-12-03T19:28:32.001+0000] {logging_mixin.py:154} INFO - [2023-12-03T19:28:32.001+0000] {dag.py:3722} INFO - Setting next_dagrun for dataset_consumes_1_never_scheduled to None, run_after=None
[2023-12-03T19:28:32.004+0000] {logging_mixin.py:154} INFO - [2023-12-03T19:28:32.003+0000] {dag.py:3722} INFO - Setting next_dagrun for dataset_consumes_unknown_never_scheduled to None, run_after=None
[2023-12-03T19:28:32.009+0000] {logging_mixin.py:154} INFO - [2023-12-03T19:28:32.009+0000] {dag.py:3722} INFO - Setting next_dagrun for dataset_produces_1 to 2023-12-02T00:00:00+00:00, run_after=2023-12-03T00:00:00+00:00
[2023-12-03T19:28:32.014+0000] {logging_mixin.py:154} INFO - [2023-12-03T19:28:32.013+0000] {dag.py:3722} INFO - Setting next_dagrun for dataset_produces_2 to None, run_after=None
[2023-12-03T19:28:32.070+0000] {processor.py:179} INFO - Processing /home/airflow/.local/lib/python3.8/site-packages/airflow/example_dags/example_datasets.py took 0.242 seconds
[2023-12-03T19:29:02.980+0000] {processor.py:157} INFO - Started process (PID=2593) to work on /home/airflow/.local/lib/python3.8/site-packages/airflow/example_dags/example_datasets.py
[2023-12-03T19:29:02.982+0000] {processor.py:829} INFO - Processing file /home/airflow/.local/lib/python3.8/site-packages/airflow/example_dags/example_datasets.py for tasks to queue
[2023-12-03T19:29:02.983+0000] {logging_mixin.py:154} INFO - [2023-12-03T19:29:02.983+0000] {dagbag.py:536} INFO - Filling up the DagBag from /home/airflow/.local/lib/python3.8/site-packages/airflow/example_dags/example_datasets.py
[2023-12-03T19:29:03.000+0000] {processor.py:839} INFO - DAG(s) dict_keys(['dataset_produces_1', 'dataset_consumes_1_and_2', 'dataset_produces_2', 'dataset_consumes_unknown_never_scheduled', 'dataset_consumes_1_never_scheduled', 'dataset_consumes_1']) retrieved from /home/airflow/.local/lib/python3.8/site-packages/airflow/example_dags/example_datasets.py
[2023-12-03T19:29:03.052+0000] {logging_mixin.py:154} INFO - [2023-12-03T19:29:03.052+0000] {dag.py:2941} INFO - Sync 6 DAGs
[2023-12-03T19:29:03.074+0000] {logging_mixin.py:154} INFO - [2023-12-03T19:29:03.074+0000] {dag.py:3722} INFO - Setting next_dagrun for dataset_consumes_1 to None, run_after=None
[2023-12-03T19:29:03.078+0000] {logging_mixin.py:154} INFO - [2023-12-03T19:29:03.078+0000] {dag.py:3722} INFO - Setting next_dagrun for dataset_consumes_1_and_2 to None, run_after=None
[2023-12-03T19:29:03.079+0000] {logging_mixin.py:154} INFO - [2023-12-03T19:29:03.079+0000] {dag.py:3722} INFO - Setting next_dagrun for dataset_consumes_1_never_scheduled to None, run_after=None
[2023-12-03T19:29:03.080+0000] {logging_mixin.py:154} INFO - [2023-12-03T19:29:03.080+0000] {dag.py:3722} INFO - Setting next_dagrun for dataset_consumes_unknown_never_scheduled to None, run_after=None
[2023-12-03T19:29:03.082+0000] {logging_mixin.py:154} INFO - [2023-12-03T19:29:03.082+0000] {dag.py:3722} INFO - Setting next_dagrun for dataset_produces_1 to 2023-12-02T00:00:00+00:00, run_after=2023-12-03T00:00:00+00:00
[2023-12-03T19:29:03.083+0000] {logging_mixin.py:154} INFO - [2023-12-03T19:29:03.083+0000] {dag.py:3722} INFO - Setting next_dagrun for dataset_produces_2 to None, run_after=None
[2023-12-03T19:29:03.116+0000] {processor.py:179} INFO - Processing /home/airflow/.local/lib/python3.8/site-packages/airflow/example_dags/example_datasets.py took 0.141 seconds
[2023-12-03T19:29:33.256+0000] {processor.py:157} INFO - Started process (PID=2831) to work on /home/airflow/.local/lib/python3.8/site-packages/airflow/example_dags/example_datasets.py
[2023-12-03T19:29:33.258+0000] {processor.py:829} INFO - Processing file /home/airflow/.local/lib/python3.8/site-packages/airflow/example_dags/example_datasets.py for tasks to queue
[2023-12-03T19:29:33.260+0000] {logging_mixin.py:154} INFO - [2023-12-03T19:29:33.260+0000] {dagbag.py:536} INFO - Filling up the DagBag from /home/airflow/.local/lib/python3.8/site-packages/airflow/example_dags/example_datasets.py
[2023-12-03T19:29:33.283+0000] {processor.py:839} INFO - DAG(s) dict_keys(['dataset_consumes_1', 'dataset_consumes_unknown_never_scheduled', 'dataset_produces_1', 'dataset_produces_2', 'dataset_consumes_1_and_2', 'dataset_consumes_1_never_scheduled']) retrieved from /home/airflow/.local/lib/python3.8/site-packages/airflow/example_dags/example_datasets.py
[2023-12-03T19:29:33.339+0000] {logging_mixin.py:154} INFO - [2023-12-03T19:29:33.339+0000] {dag.py:2941} INFO - Sync 6 DAGs
[2023-12-03T19:29:33.371+0000] {logging_mixin.py:154} INFO - [2023-12-03T19:29:33.371+0000] {dag.py:3722} INFO - Setting next_dagrun for dataset_consumes_1 to None, run_after=None
[2023-12-03T19:29:33.376+0000] {logging_mixin.py:154} INFO - [2023-12-03T19:29:33.376+0000] {dag.py:3722} INFO - Setting next_dagrun for dataset_consumes_1_and_2 to None, run_after=None
[2023-12-03T19:29:33.378+0000] {logging_mixin.py:154} INFO - [2023-12-03T19:29:33.378+0000] {dag.py:3722} INFO - Setting next_dagrun for dataset_consumes_1_never_scheduled to None, run_after=None
[2023-12-03T19:29:33.379+0000] {logging_mixin.py:154} INFO - [2023-12-03T19:29:33.379+0000] {dag.py:3722} INFO - Setting next_dagrun for dataset_consumes_unknown_never_scheduled to None, run_after=None
[2023-12-03T19:29:33.383+0000] {logging_mixin.py:154} INFO - [2023-12-03T19:29:33.383+0000] {dag.py:3722} INFO - Setting next_dagrun for dataset_produces_1 to 2023-12-02T00:00:00+00:00, run_after=2023-12-03T00:00:00+00:00
[2023-12-03T19:29:33.385+0000] {logging_mixin.py:154} INFO - [2023-12-03T19:29:33.385+0000] {dag.py:3722} INFO - Setting next_dagrun for dataset_produces_2 to None, run_after=None
[2023-12-03T19:29:33.420+0000] {processor.py:179} INFO - Processing /home/airflow/.local/lib/python3.8/site-packages/airflow/example_dags/example_datasets.py took 0.170 seconds
[2023-12-03T19:30:03.703+0000] {processor.py:157} INFO - Started process (PID=3069) to work on /home/airflow/.local/lib/python3.8/site-packages/airflow/example_dags/example_datasets.py
[2023-12-03T19:30:03.704+0000] {processor.py:829} INFO - Processing file /home/airflow/.local/lib/python3.8/site-packages/airflow/example_dags/example_datasets.py for tasks to queue
[2023-12-03T19:30:03.705+0000] {logging_mixin.py:154} INFO - [2023-12-03T19:30:03.704+0000] {dagbag.py:536} INFO - Filling up the DagBag from /home/airflow/.local/lib/python3.8/site-packages/airflow/example_dags/example_datasets.py
[2023-12-03T19:30:03.714+0000] {processor.py:839} INFO - DAG(s) dict_keys(['dataset_consumes_1', 'dataset_produces_1', 'dataset_consumes_unknown_never_scheduled', 'dataset_produces_2', 'dataset_consumes_1_and_2', 'dataset_consumes_1_never_scheduled']) retrieved from /home/airflow/.local/lib/python3.8/site-packages/airflow/example_dags/example_datasets.py
[2023-12-03T19:30:03.742+0000] {logging_mixin.py:154} INFO - [2023-12-03T19:30:03.742+0000] {dag.py:2941} INFO - Sync 6 DAGs
[2023-12-03T19:30:03.760+0000] {logging_mixin.py:154} INFO - [2023-12-03T19:30:03.760+0000] {dag.py:3722} INFO - Setting next_dagrun for dataset_consumes_1 to None, run_after=None
[2023-12-03T19:30:03.762+0000] {logging_mixin.py:154} INFO - [2023-12-03T19:30:03.762+0000] {dag.py:3722} INFO - Setting next_dagrun for dataset_consumes_1_and_2 to None, run_after=None
[2023-12-03T19:30:03.763+0000] {logging_mixin.py:154} INFO - [2023-12-03T19:30:03.763+0000] {dag.py:3722} INFO - Setting next_dagrun for dataset_consumes_1_never_scheduled to None, run_after=None
[2023-12-03T19:30:03.764+0000] {logging_mixin.py:154} INFO - [2023-12-03T19:30:03.764+0000] {dag.py:3722} INFO - Setting next_dagrun for dataset_consumes_unknown_never_scheduled to None, run_after=None
[2023-12-03T19:30:03.767+0000] {logging_mixin.py:154} INFO - [2023-12-03T19:30:03.766+0000] {dag.py:3722} INFO - Setting next_dagrun for dataset_produces_1 to 2023-12-02T00:00:00+00:00, run_after=2023-12-03T00:00:00+00:00
[2023-12-03T19:30:03.768+0000] {logging_mixin.py:154} INFO - [2023-12-03T19:30:03.767+0000] {dag.py:3722} INFO - Setting next_dagrun for dataset_produces_2 to None, run_after=None
[2023-12-03T19:30:03.790+0000] {processor.py:179} INFO - Processing /home/airflow/.local/lib/python3.8/site-packages/airflow/example_dags/example_datasets.py took 0.091 seconds
