[2023-12-03T19:23:58.211+0000] {processor.py:157} INFO - Started process (PID=323) to work on /home/airflow/.local/lib/python3.8/site-packages/airflow/example_dags/example_short_circuit_operator.py
[2023-12-03T19:23:58.213+0000] {processor.py:829} INFO - Processing file /home/airflow/.local/lib/python3.8/site-packages/airflow/example_dags/example_short_circuit_operator.py for tasks to queue
[2023-12-03T19:23:58.215+0000] {logging_mixin.py:154} INFO - [2023-12-03T19:23:58.214+0000] {dagbag.py:536} INFO - Filling up the DagBag from /home/airflow/.local/lib/python3.8/site-packages/airflow/example_dags/example_short_circuit_operator.py
[2023-12-03T19:23:58.231+0000] {processor.py:839} INFO - DAG(s) dict_keys(['example_short_circuit_operator']) retrieved from /home/airflow/.local/lib/python3.8/site-packages/airflow/example_dags/example_short_circuit_operator.py
[2023-12-03T19:23:58.268+0000] {logging_mixin.py:154} INFO - [2023-12-03T19:23:58.268+0000] {dag.py:2941} INFO - Sync 1 DAGs
[2023-12-03T19:23:58.295+0000] {logging_mixin.py:154} INFO - [2023-12-03T19:23:58.295+0000] {dag.py:3722} INFO - Setting next_dagrun for example_short_circuit_operator to 2023-12-02T19:23:58.295264+00:00, run_after=2023-12-03T19:23:58.295264+00:00
[2023-12-03T19:23:58.320+0000] {processor.py:179} INFO - Processing /home/airflow/.local/lib/python3.8/site-packages/airflow/example_dags/example_short_circuit_operator.py took 0.117 seconds
[2023-12-03T19:24:29.266+0000] {processor.py:157} INFO - Started process (PID=561) to work on /home/airflow/.local/lib/python3.8/site-packages/airflow/example_dags/example_short_circuit_operator.py
[2023-12-03T19:24:29.267+0000] {processor.py:829} INFO - Processing file /home/airflow/.local/lib/python3.8/site-packages/airflow/example_dags/example_short_circuit_operator.py for tasks to queue
[2023-12-03T19:24:29.268+0000] {logging_mixin.py:154} INFO - [2023-12-03T19:24:29.268+0000] {dagbag.py:536} INFO - Filling up the DagBag from /home/airflow/.local/lib/python3.8/site-packages/airflow/example_dags/example_short_circuit_operator.py
[2023-12-03T19:24:29.281+0000] {processor.py:839} INFO - DAG(s) dict_keys(['example_short_circuit_operator']) retrieved from /home/airflow/.local/lib/python3.8/site-packages/airflow/example_dags/example_short_circuit_operator.py
[2023-12-03T19:24:29.335+0000] {logging_mixin.py:154} INFO - [2023-12-03T19:24:29.335+0000] {dag.py:2941} INFO - Sync 1 DAGs
[2023-12-03T19:24:29.373+0000] {logging_mixin.py:154} INFO - [2023-12-03T19:24:29.373+0000] {dag.py:3722} INFO - Setting next_dagrun for example_short_circuit_operator to 2023-12-02T19:24:29.372813+00:00, run_after=2023-12-03T19:24:29.372813+00:00
[2023-12-03T19:24:29.420+0000] {processor.py:179} INFO - Processing /home/airflow/.local/lib/python3.8/site-packages/airflow/example_dags/example_short_circuit_operator.py took 0.158 seconds
[2023-12-03T19:24:59.990+0000] {processor.py:157} INFO - Started process (PID=799) to work on /home/airflow/.local/lib/python3.8/site-packages/airflow/example_dags/example_short_circuit_operator.py
[2023-12-03T19:24:59.991+0000] {processor.py:829} INFO - Processing file /home/airflow/.local/lib/python3.8/site-packages/airflow/example_dags/example_short_circuit_operator.py for tasks to queue
[2023-12-03T19:24:59.992+0000] {logging_mixin.py:154} INFO - [2023-12-03T19:24:59.992+0000] {dagbag.py:536} INFO - Filling up the DagBag from /home/airflow/.local/lib/python3.8/site-packages/airflow/example_dags/example_short_circuit_operator.py
[2023-12-03T19:25:00.000+0000] {processor.py:839} INFO - DAG(s) dict_keys(['example_short_circuit_operator']) retrieved from /home/airflow/.local/lib/python3.8/site-packages/airflow/example_dags/example_short_circuit_operator.py
[2023-12-03T19:25:00.024+0000] {logging_mixin.py:154} INFO - [2023-12-03T19:25:00.024+0000] {dag.py:2941} INFO - Sync 1 DAGs
[2023-12-03T19:25:00.043+0000] {logging_mixin.py:154} INFO - [2023-12-03T19:25:00.043+0000] {dag.py:3722} INFO - Setting next_dagrun for example_short_circuit_operator to 2023-12-02T19:25:00.043179+00:00, run_after=2023-12-03T19:25:00.043179+00:00
[2023-12-03T19:25:00.060+0000] {processor.py:179} INFO - Processing /home/airflow/.local/lib/python3.8/site-packages/airflow/example_dags/example_short_circuit_operator.py took 0.074 seconds
[2023-12-03T19:25:30.669+0000] {processor.py:157} INFO - Started process (PID=1037) to work on /home/airflow/.local/lib/python3.8/site-packages/airflow/example_dags/example_short_circuit_operator.py
[2023-12-03T19:25:30.671+0000] {processor.py:829} INFO - Processing file /home/airflow/.local/lib/python3.8/site-packages/airflow/example_dags/example_short_circuit_operator.py for tasks to queue
[2023-12-03T19:25:30.672+0000] {logging_mixin.py:154} INFO - [2023-12-03T19:25:30.671+0000] {dagbag.py:536} INFO - Filling up the DagBag from /home/airflow/.local/lib/python3.8/site-packages/airflow/example_dags/example_short_circuit_operator.py
[2023-12-03T19:25:30.682+0000] {processor.py:839} INFO - DAG(s) dict_keys(['example_short_circuit_operator']) retrieved from /home/airflow/.local/lib/python3.8/site-packages/airflow/example_dags/example_short_circuit_operator.py
[2023-12-03T19:25:30.702+0000] {logging_mixin.py:154} INFO - [2023-12-03T19:25:30.702+0000] {dag.py:2941} INFO - Sync 1 DAGs
[2023-12-03T19:25:30.720+0000] {logging_mixin.py:154} INFO - [2023-12-03T19:25:30.720+0000] {dag.py:3722} INFO - Setting next_dagrun for example_short_circuit_operator to 2023-12-02T19:25:30.719976+00:00, run_after=2023-12-03T19:25:30.719976+00:00
[2023-12-03T19:25:30.733+0000] {processor.py:179} INFO - Processing /home/airflow/.local/lib/python3.8/site-packages/airflow/example_dags/example_short_circuit_operator.py took 0.069 seconds
[2023-12-03T19:26:01.440+0000] {processor.py:157} INFO - Started process (PID=1275) to work on /home/airflow/.local/lib/python3.8/site-packages/airflow/example_dags/example_short_circuit_operator.py
[2023-12-03T19:26:01.442+0000] {processor.py:829} INFO - Processing file /home/airflow/.local/lib/python3.8/site-packages/airflow/example_dags/example_short_circuit_operator.py for tasks to queue
[2023-12-03T19:26:01.442+0000] {logging_mixin.py:154} INFO - [2023-12-03T19:26:01.442+0000] {dagbag.py:536} INFO - Filling up the DagBag from /home/airflow/.local/lib/python3.8/site-packages/airflow/example_dags/example_short_circuit_operator.py
[2023-12-03T19:26:01.450+0000] {processor.py:839} INFO - DAG(s) dict_keys(['example_short_circuit_operator']) retrieved from /home/airflow/.local/lib/python3.8/site-packages/airflow/example_dags/example_short_circuit_operator.py
[2023-12-03T19:26:01.475+0000] {logging_mixin.py:154} INFO - [2023-12-03T19:26:01.475+0000] {dag.py:2941} INFO - Sync 1 DAGs
[2023-12-03T19:26:01.494+0000] {logging_mixin.py:154} INFO - [2023-12-03T19:26:01.494+0000] {dag.py:3722} INFO - Setting next_dagrun for example_short_circuit_operator to 2023-12-02T19:26:01.493773+00:00, run_after=2023-12-03T19:26:01.493773+00:00
[2023-12-03T19:26:01.515+0000] {processor.py:179} INFO - Processing /home/airflow/.local/lib/python3.8/site-packages/airflow/example_dags/example_short_circuit_operator.py took 0.078 seconds
[2023-12-03T19:26:32.424+0000] {processor.py:157} INFO - Started process (PID=1513) to work on /home/airflow/.local/lib/python3.8/site-packages/airflow/example_dags/example_short_circuit_operator.py
[2023-12-03T19:26:32.426+0000] {processor.py:829} INFO - Processing file /home/airflow/.local/lib/python3.8/site-packages/airflow/example_dags/example_short_circuit_operator.py for tasks to queue
[2023-12-03T19:26:32.428+0000] {logging_mixin.py:154} INFO - [2023-12-03T19:26:32.427+0000] {dagbag.py:536} INFO - Filling up the DagBag from /home/airflow/.local/lib/python3.8/site-packages/airflow/example_dags/example_short_circuit_operator.py
[2023-12-03T19:26:32.441+0000] {processor.py:839} INFO - DAG(s) dict_keys(['example_short_circuit_operator']) retrieved from /home/airflow/.local/lib/python3.8/site-packages/airflow/example_dags/example_short_circuit_operator.py
[2023-12-03T19:26:32.477+0000] {logging_mixin.py:154} INFO - [2023-12-03T19:26:32.477+0000] {dag.py:2941} INFO - Sync 1 DAGs
[2023-12-03T19:26:32.506+0000] {logging_mixin.py:154} INFO - [2023-12-03T19:26:32.506+0000] {dag.py:3722} INFO - Setting next_dagrun for example_short_circuit_operator to 2023-12-02T19:26:32.506160+00:00, run_after=2023-12-03T19:26:32.506160+00:00
[2023-12-03T19:26:32.531+0000] {processor.py:179} INFO - Processing /home/airflow/.local/lib/python3.8/site-packages/airflow/example_dags/example_short_circuit_operator.py took 0.112 seconds
[2023-12-03T19:27:03.434+0000] {processor.py:157} INFO - Started process (PID=1751) to work on /home/airflow/.local/lib/python3.8/site-packages/airflow/example_dags/example_short_circuit_operator.py
[2023-12-03T19:27:03.435+0000] {processor.py:829} INFO - Processing file /home/airflow/.local/lib/python3.8/site-packages/airflow/example_dags/example_short_circuit_operator.py for tasks to queue
[2023-12-03T19:27:03.436+0000] {logging_mixin.py:154} INFO - [2023-12-03T19:27:03.435+0000] {dagbag.py:536} INFO - Filling up the DagBag from /home/airflow/.local/lib/python3.8/site-packages/airflow/example_dags/example_short_circuit_operator.py
[2023-12-03T19:27:03.444+0000] {processor.py:839} INFO - DAG(s) dict_keys(['example_short_circuit_operator']) retrieved from /home/airflow/.local/lib/python3.8/site-packages/airflow/example_dags/example_short_circuit_operator.py
[2023-12-03T19:27:03.465+0000] {logging_mixin.py:154} INFO - [2023-12-03T19:27:03.464+0000] {dag.py:2941} INFO - Sync 1 DAGs
[2023-12-03T19:27:03.487+0000] {logging_mixin.py:154} INFO - [2023-12-03T19:27:03.486+0000] {dag.py:3722} INFO - Setting next_dagrun for example_short_circuit_operator to 2023-12-02T19:27:03.486794+00:00, run_after=2023-12-03T19:27:03.486794+00:00
[2023-12-03T19:27:03.500+0000] {processor.py:179} INFO - Processing /home/airflow/.local/lib/python3.8/site-packages/airflow/example_dags/example_short_circuit_operator.py took 0.070 seconds
[2023-12-03T19:27:33.629+0000] {processor.py:157} INFO - Started process (PID=1990) to work on /home/airflow/.local/lib/python3.8/site-packages/airflow/example_dags/example_short_circuit_operator.py
[2023-12-03T19:27:33.630+0000] {processor.py:829} INFO - Processing file /home/airflow/.local/lib/python3.8/site-packages/airflow/example_dags/example_short_circuit_operator.py for tasks to queue
[2023-12-03T19:27:33.631+0000] {logging_mixin.py:154} INFO - [2023-12-03T19:27:33.631+0000] {dagbag.py:536} INFO - Filling up the DagBag from /home/airflow/.local/lib/python3.8/site-packages/airflow/example_dags/example_short_circuit_operator.py
[2023-12-03T19:27:33.640+0000] {processor.py:839} INFO - DAG(s) dict_keys(['example_short_circuit_operator']) retrieved from /home/airflow/.local/lib/python3.8/site-packages/airflow/example_dags/example_short_circuit_operator.py
[2023-12-03T19:27:33.662+0000] {logging_mixin.py:154} INFO - [2023-12-03T19:27:33.662+0000] {dag.py:2941} INFO - Sync 1 DAGs
[2023-12-03T19:27:33.682+0000] {logging_mixin.py:154} INFO - [2023-12-03T19:27:33.682+0000] {dag.py:3722} INFO - Setting next_dagrun for example_short_circuit_operator to 2023-12-02T19:27:33.682558+00:00, run_after=2023-12-03T19:27:33.682558+00:00
[2023-12-03T19:27:33.702+0000] {processor.py:179} INFO - Processing /home/airflow/.local/lib/python3.8/site-packages/airflow/example_dags/example_short_circuit_operator.py took 0.077 seconds
[2023-12-03T19:28:04.041+0000] {processor.py:157} INFO - Started process (PID=2231) to work on /home/airflow/.local/lib/python3.8/site-packages/airflow/example_dags/example_short_circuit_operator.py
[2023-12-03T19:28:04.042+0000] {processor.py:829} INFO - Processing file /home/airflow/.local/lib/python3.8/site-packages/airflow/example_dags/example_short_circuit_operator.py for tasks to queue
[2023-12-03T19:28:04.043+0000] {logging_mixin.py:154} INFO - [2023-12-03T19:28:04.043+0000] {dagbag.py:536} INFO - Filling up the DagBag from /home/airflow/.local/lib/python3.8/site-packages/airflow/example_dags/example_short_circuit_operator.py
[2023-12-03T19:28:04.051+0000] {processor.py:839} INFO - DAG(s) dict_keys(['example_short_circuit_operator']) retrieved from /home/airflow/.local/lib/python3.8/site-packages/airflow/example_dags/example_short_circuit_operator.py
[2023-12-03T19:28:04.071+0000] {logging_mixin.py:154} INFO - [2023-12-03T19:28:04.071+0000] {dag.py:2941} INFO - Sync 1 DAGs
[2023-12-03T19:28:04.087+0000] {logging_mixin.py:154} INFO - [2023-12-03T19:28:04.087+0000] {dag.py:3722} INFO - Setting next_dagrun for example_short_circuit_operator to 2023-12-02T19:28:04.087159+00:00, run_after=2023-12-03T19:28:04.087159+00:00
[2023-12-03T19:28:04.100+0000] {processor.py:179} INFO - Processing /home/airflow/.local/lib/python3.8/site-packages/airflow/example_dags/example_short_circuit_operator.py took 0.062 seconds
[2023-12-03T19:28:34.863+0000] {processor.py:157} INFO - Started process (PID=2475) to work on /home/airflow/.local/lib/python3.8/site-packages/airflow/example_dags/example_short_circuit_operator.py
[2023-12-03T19:28:34.864+0000] {processor.py:829} INFO - Processing file /home/airflow/.local/lib/python3.8/site-packages/airflow/example_dags/example_short_circuit_operator.py for tasks to queue
[2023-12-03T19:28:34.865+0000] {logging_mixin.py:154} INFO - [2023-12-03T19:28:34.864+0000] {dagbag.py:536} INFO - Filling up the DagBag from /home/airflow/.local/lib/python3.8/site-packages/airflow/example_dags/example_short_circuit_operator.py
[2023-12-03T19:28:34.878+0000] {processor.py:839} INFO - DAG(s) dict_keys(['example_short_circuit_operator']) retrieved from /home/airflow/.local/lib/python3.8/site-packages/airflow/example_dags/example_short_circuit_operator.py
[2023-12-03T19:28:34.951+0000] {logging_mixin.py:154} INFO - [2023-12-03T19:28:34.950+0000] {dag.py:2941} INFO - Sync 1 DAGs
[2023-12-03T19:28:35.051+0000] {logging_mixin.py:154} INFO - [2023-12-03T19:28:35.050+0000] {dag.py:3722} INFO - Setting next_dagrun for example_short_circuit_operator to 2023-12-02T19:28:35.050276+00:00, run_after=2023-12-03T19:28:35.050276+00:00
[2023-12-03T19:28:35.078+0000] {processor.py:179} INFO - Processing /home/airflow/.local/lib/python3.8/site-packages/airflow/example_dags/example_short_circuit_operator.py took 0.218 seconds
[2023-12-03T19:29:05.319+0000] {processor.py:157} INFO - Started process (PID=2711) to work on /home/airflow/.local/lib/python3.8/site-packages/airflow/example_dags/example_short_circuit_operator.py
[2023-12-03T19:29:05.321+0000] {processor.py:829} INFO - Processing file /home/airflow/.local/lib/python3.8/site-packages/airflow/example_dags/example_short_circuit_operator.py for tasks to queue
[2023-12-03T19:29:05.322+0000] {logging_mixin.py:154} INFO - [2023-12-03T19:29:05.322+0000] {dagbag.py:536} INFO - Filling up the DagBag from /home/airflow/.local/lib/python3.8/site-packages/airflow/example_dags/example_short_circuit_operator.py
[2023-12-03T19:29:05.335+0000] {processor.py:839} INFO - DAG(s) dict_keys(['example_short_circuit_operator']) retrieved from /home/airflow/.local/lib/python3.8/site-packages/airflow/example_dags/example_short_circuit_operator.py
[2023-12-03T19:29:05.376+0000] {logging_mixin.py:154} INFO - [2023-12-03T19:29:05.375+0000] {dag.py:2941} INFO - Sync 1 DAGs
[2023-12-03T19:29:05.419+0000] {logging_mixin.py:154} INFO - [2023-12-03T19:29:05.419+0000] {dag.py:3722} INFO - Setting next_dagrun for example_short_circuit_operator to 2023-12-02T19:29:05.419221+00:00, run_after=2023-12-03T19:29:05.419221+00:00
[2023-12-03T19:29:05.453+0000] {processor.py:179} INFO - Processing /home/airflow/.local/lib/python3.8/site-packages/airflow/example_dags/example_short_circuit_operator.py took 0.139 seconds
[2023-12-03T19:29:37.005+0000] {processor.py:157} INFO - Started process (PID=2949) to work on /home/airflow/.local/lib/python3.8/site-packages/airflow/example_dags/example_short_circuit_operator.py
[2023-12-03T19:29:37.007+0000] {processor.py:829} INFO - Processing file /home/airflow/.local/lib/python3.8/site-packages/airflow/example_dags/example_short_circuit_operator.py for tasks to queue
[2023-12-03T19:29:37.008+0000] {logging_mixin.py:154} INFO - [2023-12-03T19:29:37.008+0000] {dagbag.py:536} INFO - Filling up the DagBag from /home/airflow/.local/lib/python3.8/site-packages/airflow/example_dags/example_short_circuit_operator.py
[2023-12-03T19:29:37.018+0000] {processor.py:839} INFO - DAG(s) dict_keys(['example_short_circuit_operator']) retrieved from /home/airflow/.local/lib/python3.8/site-packages/airflow/example_dags/example_short_circuit_operator.py
[2023-12-03T19:29:37.057+0000] {logging_mixin.py:154} INFO - [2023-12-03T19:29:37.056+0000] {dag.py:2941} INFO - Sync 1 DAGs
[2023-12-03T19:29:37.146+0000] {logging_mixin.py:154} INFO - [2023-12-03T19:29:37.146+0000] {dag.py:3722} INFO - Setting next_dagrun for example_short_circuit_operator to 2023-12-02T19:29:37.145433+00:00, run_after=2023-12-03T19:29:37.145433+00:00
[2023-12-03T19:29:37.201+0000] {processor.py:179} INFO - Processing /home/airflow/.local/lib/python3.8/site-packages/airflow/example_dags/example_short_circuit_operator.py took 0.200 seconds
[2023-12-03T19:30:07.447+0000] {processor.py:157} INFO - Started process (PID=3189) to work on /home/airflow/.local/lib/python3.8/site-packages/airflow/example_dags/example_short_circuit_operator.py
[2023-12-03T19:30:07.448+0000] {processor.py:829} INFO - Processing file /home/airflow/.local/lib/python3.8/site-packages/airflow/example_dags/example_short_circuit_operator.py for tasks to queue
[2023-12-03T19:30:07.449+0000] {logging_mixin.py:154} INFO - [2023-12-03T19:30:07.449+0000] {dagbag.py:536} INFO - Filling up the DagBag from /home/airflow/.local/lib/python3.8/site-packages/airflow/example_dags/example_short_circuit_operator.py
[2023-12-03T19:30:07.458+0000] {processor.py:839} INFO - DAG(s) dict_keys(['example_short_circuit_operator']) retrieved from /home/airflow/.local/lib/python3.8/site-packages/airflow/example_dags/example_short_circuit_operator.py
[2023-12-03T19:30:07.480+0000] {logging_mixin.py:154} INFO - [2023-12-03T19:30:07.480+0000] {dag.py:2941} INFO - Sync 1 DAGs
[2023-12-03T19:30:07.499+0000] {logging_mixin.py:154} INFO - [2023-12-03T19:30:07.499+0000] {dag.py:3722} INFO - Setting next_dagrun for example_short_circuit_operator to 2023-12-02T19:30:07.499175+00:00, run_after=2023-12-03T19:30:07.499175+00:00
[2023-12-03T19:30:07.513+0000] {processor.py:179} INFO - Processing /home/airflow/.local/lib/python3.8/site-packages/airflow/example_dags/example_short_circuit_operator.py took 0.069 seconds
