[2023-12-03T19:23:57.287+0000] {processor.py:157} INFO - Started process (PID=283) to work on /home/airflow/.local/lib/python3.8/site-packages/airflow/example_dags/example_params_trigger_ui.py
[2023-12-03T19:23:57.291+0000] {processor.py:829} INFO - Processing file /home/airflow/.local/lib/python3.8/site-packages/airflow/example_dags/example_params_trigger_ui.py for tasks to queue
[2023-12-03T19:23:57.293+0000] {logging_mixin.py:154} INFO - [2023-12-03T19:23:57.292+0000] {dagbag.py:536} INFO - Filling up the DagBag from /home/airflow/.local/lib/python3.8/site-packages/airflow/example_dags/example_params_trigger_ui.py
[2023-12-03T19:23:57.332+0000] {processor.py:839} INFO - DAG(s) dict_keys(['example_params_trigger_ui']) retrieved from /home/airflow/.local/lib/python3.8/site-packages/airflow/example_dags/example_params_trigger_ui.py
[2023-12-03T19:23:57.447+0000] {logging_mixin.py:154} INFO - [2023-12-03T19:23:57.446+0000] {dag.py:2941} INFO - Sync 1 DAGs
[2023-12-03T19:23:57.469+0000] {logging_mixin.py:154} INFO - [2023-12-03T19:23:57.469+0000] {dag.py:3722} INFO - Setting next_dagrun for example_params_trigger_ui to None, run_after=None
[2023-12-03T19:23:57.495+0000] {processor.py:179} INFO - Processing /home/airflow/.local/lib/python3.8/site-packages/airflow/example_dags/example_params_trigger_ui.py took 0.214 seconds
[2023-12-03T19:24:27.743+0000] {processor.py:157} INFO - Started process (PID=521) to work on /home/airflow/.local/lib/python3.8/site-packages/airflow/example_dags/example_params_trigger_ui.py
[2023-12-03T19:24:27.744+0000] {processor.py:829} INFO - Processing file /home/airflow/.local/lib/python3.8/site-packages/airflow/example_dags/example_params_trigger_ui.py for tasks to queue
[2023-12-03T19:24:27.745+0000] {logging_mixin.py:154} INFO - [2023-12-03T19:24:27.745+0000] {dagbag.py:536} INFO - Filling up the DagBag from /home/airflow/.local/lib/python3.8/site-packages/airflow/example_dags/example_params_trigger_ui.py
[2023-12-03T19:24:27.764+0000] {processor.py:839} INFO - DAG(s) dict_keys(['example_params_trigger_ui']) retrieved from /home/airflow/.local/lib/python3.8/site-packages/airflow/example_dags/example_params_trigger_ui.py
[2023-12-03T19:24:27.812+0000] {logging_mixin.py:154} INFO - [2023-12-03T19:24:27.812+0000] {dag.py:2941} INFO - Sync 1 DAGs
[2023-12-03T19:24:27.824+0000] {logging_mixin.py:154} INFO - [2023-12-03T19:24:27.824+0000] {dag.py:3722} INFO - Setting next_dagrun for example_params_trigger_ui to None, run_after=None
[2023-12-03T19:24:27.840+0000] {processor.py:179} INFO - Processing /home/airflow/.local/lib/python3.8/site-packages/airflow/example_dags/example_params_trigger_ui.py took 0.101 seconds
[2023-12-03T19:24:58.374+0000] {processor.py:157} INFO - Started process (PID=759) to work on /home/airflow/.local/lib/python3.8/site-packages/airflow/example_dags/example_params_trigger_ui.py
[2023-12-03T19:24:58.376+0000] {processor.py:829} INFO - Processing file /home/airflow/.local/lib/python3.8/site-packages/airflow/example_dags/example_params_trigger_ui.py for tasks to queue
[2023-12-03T19:24:58.377+0000] {logging_mixin.py:154} INFO - [2023-12-03T19:24:58.377+0000] {dagbag.py:536} INFO - Filling up the DagBag from /home/airflow/.local/lib/python3.8/site-packages/airflow/example_dags/example_params_trigger_ui.py
[2023-12-03T19:24:58.399+0000] {processor.py:839} INFO - DAG(s) dict_keys(['example_params_trigger_ui']) retrieved from /home/airflow/.local/lib/python3.8/site-packages/airflow/example_dags/example_params_trigger_ui.py
[2023-12-03T19:24:58.465+0000] {logging_mixin.py:154} INFO - [2023-12-03T19:24:58.465+0000] {dag.py:2941} INFO - Sync 1 DAGs
[2023-12-03T19:24:58.483+0000] {logging_mixin.py:154} INFO - [2023-12-03T19:24:58.482+0000] {dag.py:3722} INFO - Setting next_dagrun for example_params_trigger_ui to None, run_after=None
[2023-12-03T19:24:58.514+0000] {processor.py:179} INFO - Processing /home/airflow/.local/lib/python3.8/site-packages/airflow/example_dags/example_params_trigger_ui.py took 0.145 seconds
[2023-12-03T19:25:29.234+0000] {processor.py:157} INFO - Started process (PID=999) to work on /home/airflow/.local/lib/python3.8/site-packages/airflow/example_dags/example_params_trigger_ui.py
[2023-12-03T19:25:29.235+0000] {processor.py:829} INFO - Processing file /home/airflow/.local/lib/python3.8/site-packages/airflow/example_dags/example_params_trigger_ui.py for tasks to queue
[2023-12-03T19:25:29.236+0000] {logging_mixin.py:154} INFO - [2023-12-03T19:25:29.236+0000] {dagbag.py:536} INFO - Filling up the DagBag from /home/airflow/.local/lib/python3.8/site-packages/airflow/example_dags/example_params_trigger_ui.py
[2023-12-03T19:25:29.252+0000] {processor.py:839} INFO - DAG(s) dict_keys(['example_params_trigger_ui']) retrieved from /home/airflow/.local/lib/python3.8/site-packages/airflow/example_dags/example_params_trigger_ui.py
[2023-12-03T19:25:29.290+0000] {logging_mixin.py:154} INFO - [2023-12-03T19:25:29.290+0000] {dag.py:2941} INFO - Sync 1 DAGs
[2023-12-03T19:25:29.300+0000] {logging_mixin.py:154} INFO - [2023-12-03T19:25:29.300+0000] {dag.py:3722} INFO - Setting next_dagrun for example_params_trigger_ui to None, run_after=None
[2023-12-03T19:25:29.313+0000] {processor.py:179} INFO - Processing /home/airflow/.local/lib/python3.8/site-packages/airflow/example_dags/example_params_trigger_ui.py took 0.082 seconds
[2023-12-03T19:26:00.982+0000] {processor.py:157} INFO - Started process (PID=1237) to work on /home/airflow/.local/lib/python3.8/site-packages/airflow/example_dags/example_params_trigger_ui.py
[2023-12-03T19:26:00.983+0000] {processor.py:829} INFO - Processing file /home/airflow/.local/lib/python3.8/site-packages/airflow/example_dags/example_params_trigger_ui.py for tasks to queue
[2023-12-03T19:26:00.984+0000] {logging_mixin.py:154} INFO - [2023-12-03T19:26:00.984+0000] {dagbag.py:536} INFO - Filling up the DagBag from /home/airflow/.local/lib/python3.8/site-packages/airflow/example_dags/example_params_trigger_ui.py
[2023-12-03T19:26:00.999+0000] {processor.py:839} INFO - DAG(s) dict_keys(['example_params_trigger_ui']) retrieved from /home/airflow/.local/lib/python3.8/site-packages/airflow/example_dags/example_params_trigger_ui.py
[2023-12-03T19:26:01.036+0000] {logging_mixin.py:154} INFO - [2023-12-03T19:26:01.035+0000] {dag.py:2941} INFO - Sync 1 DAGs
[2023-12-03T19:26:01.046+0000] {logging_mixin.py:154} INFO - [2023-12-03T19:26:01.046+0000] {dag.py:3722} INFO - Setting next_dagrun for example_params_trigger_ui to None, run_after=None
[2023-12-03T19:26:01.060+0000] {processor.py:179} INFO - Processing /home/airflow/.local/lib/python3.8/site-packages/airflow/example_dags/example_params_trigger_ui.py took 0.081 seconds
[2023-12-03T19:26:31.609+0000] {processor.py:157} INFO - Started process (PID=1475) to work on /home/airflow/.local/lib/python3.8/site-packages/airflow/example_dags/example_params_trigger_ui.py
[2023-12-03T19:26:31.612+0000] {processor.py:829} INFO - Processing file /home/airflow/.local/lib/python3.8/site-packages/airflow/example_dags/example_params_trigger_ui.py for tasks to queue
[2023-12-03T19:26:31.615+0000] {logging_mixin.py:154} INFO - [2023-12-03T19:26:31.615+0000] {dagbag.py:536} INFO - Filling up the DagBag from /home/airflow/.local/lib/python3.8/site-packages/airflow/example_dags/example_params_trigger_ui.py
[2023-12-03T19:26:31.651+0000] {processor.py:839} INFO - DAG(s) dict_keys(['example_params_trigger_ui']) retrieved from /home/airflow/.local/lib/python3.8/site-packages/airflow/example_dags/example_params_trigger_ui.py
[2023-12-03T19:26:31.795+0000] {logging_mixin.py:154} INFO - [2023-12-03T19:26:31.794+0000] {dag.py:2941} INFO - Sync 1 DAGs
[2023-12-03T19:26:31.831+0000] {logging_mixin.py:154} INFO - [2023-12-03T19:26:31.831+0000] {dag.py:3722} INFO - Setting next_dagrun for example_params_trigger_ui to None, run_after=None
[2023-12-03T19:26:31.872+0000] {processor.py:179} INFO - Processing /home/airflow/.local/lib/python3.8/site-packages/airflow/example_dags/example_params_trigger_ui.py took 0.269 seconds
[2023-12-03T19:27:02.826+0000] {processor.py:157} INFO - Started process (PID=1713) to work on /home/airflow/.local/lib/python3.8/site-packages/airflow/example_dags/example_params_trigger_ui.py
[2023-12-03T19:27:02.828+0000] {processor.py:829} INFO - Processing file /home/airflow/.local/lib/python3.8/site-packages/airflow/example_dags/example_params_trigger_ui.py for tasks to queue
[2023-12-03T19:27:02.830+0000] {logging_mixin.py:154} INFO - [2023-12-03T19:27:02.829+0000] {dagbag.py:536} INFO - Filling up the DagBag from /home/airflow/.local/lib/python3.8/site-packages/airflow/example_dags/example_params_trigger_ui.py
[2023-12-03T19:27:02.858+0000] {processor.py:839} INFO - DAG(s) dict_keys(['example_params_trigger_ui']) retrieved from /home/airflow/.local/lib/python3.8/site-packages/airflow/example_dags/example_params_trigger_ui.py
[2023-12-03T19:27:02.915+0000] {logging_mixin.py:154} INFO - [2023-12-03T19:27:02.915+0000] {dag.py:2941} INFO - Sync 1 DAGs
[2023-12-03T19:27:02.932+0000] {logging_mixin.py:154} INFO - [2023-12-03T19:27:02.932+0000] {dag.py:3722} INFO - Setting next_dagrun for example_params_trigger_ui to None, run_after=None
[2023-12-03T19:27:02.984+0000] {processor.py:179} INFO - Processing /home/airflow/.local/lib/python3.8/site-packages/airflow/example_dags/example_params_trigger_ui.py took 0.166 seconds
[2023-12-03T19:27:33.133+0000] {processor.py:157} INFO - Started process (PID=1952) to work on /home/airflow/.local/lib/python3.8/site-packages/airflow/example_dags/example_params_trigger_ui.py
[2023-12-03T19:27:33.135+0000] {processor.py:829} INFO - Processing file /home/airflow/.local/lib/python3.8/site-packages/airflow/example_dags/example_params_trigger_ui.py for tasks to queue
[2023-12-03T19:27:33.140+0000] {logging_mixin.py:154} INFO - [2023-12-03T19:27:33.138+0000] {dagbag.py:536} INFO - Filling up the DagBag from /home/airflow/.local/lib/python3.8/site-packages/airflow/example_dags/example_params_trigger_ui.py
[2023-12-03T19:27:33.188+0000] {processor.py:839} INFO - DAG(s) dict_keys(['example_params_trigger_ui']) retrieved from /home/airflow/.local/lib/python3.8/site-packages/airflow/example_dags/example_params_trigger_ui.py
[2023-12-03T19:27:33.249+0000] {logging_mixin.py:154} INFO - [2023-12-03T19:27:33.249+0000] {dag.py:2941} INFO - Sync 1 DAGs
[2023-12-03T19:27:33.263+0000] {logging_mixin.py:154} INFO - [2023-12-03T19:27:33.263+0000] {dag.py:3722} INFO - Setting next_dagrun for example_params_trigger_ui to None, run_after=None
[2023-12-03T19:27:33.280+0000] {processor.py:179} INFO - Processing /home/airflow/.local/lib/python3.8/site-packages/airflow/example_dags/example_params_trigger_ui.py took 0.154 seconds
[2023-12-03T19:28:03.554+0000] {processor.py:157} INFO - Started process (PID=2193) to work on /home/airflow/.local/lib/python3.8/site-packages/airflow/example_dags/example_params_trigger_ui.py
[2023-12-03T19:28:03.556+0000] {processor.py:829} INFO - Processing file /home/airflow/.local/lib/python3.8/site-packages/airflow/example_dags/example_params_trigger_ui.py for tasks to queue
[2023-12-03T19:28:03.557+0000] {logging_mixin.py:154} INFO - [2023-12-03T19:28:03.557+0000] {dagbag.py:536} INFO - Filling up the DagBag from /home/airflow/.local/lib/python3.8/site-packages/airflow/example_dags/example_params_trigger_ui.py
[2023-12-03T19:28:03.610+0000] {processor.py:839} INFO - DAG(s) dict_keys(['example_params_trigger_ui']) retrieved from /home/airflow/.local/lib/python3.8/site-packages/airflow/example_dags/example_params_trigger_ui.py
[2023-12-03T19:28:03.667+0000] {logging_mixin.py:154} INFO - [2023-12-03T19:28:03.667+0000] {dag.py:2941} INFO - Sync 1 DAGs
[2023-12-03T19:28:03.680+0000] {logging_mixin.py:154} INFO - [2023-12-03T19:28:03.680+0000] {dag.py:3722} INFO - Setting next_dagrun for example_params_trigger_ui to None, run_after=None
[2023-12-03T19:28:03.696+0000] {processor.py:179} INFO - Processing /home/airflow/.local/lib/python3.8/site-packages/airflow/example_dags/example_params_trigger_ui.py took 0.147 seconds
[2023-12-03T19:28:34.431+0000] {processor.py:157} INFO - Started process (PID=2435) to work on /home/airflow/.local/lib/python3.8/site-packages/airflow/example_dags/example_params_trigger_ui.py
[2023-12-03T19:28:34.433+0000] {processor.py:829} INFO - Processing file /home/airflow/.local/lib/python3.8/site-packages/airflow/example_dags/example_params_trigger_ui.py for tasks to queue
[2023-12-03T19:28:34.435+0000] {logging_mixin.py:154} INFO - [2023-12-03T19:28:34.434+0000] {dagbag.py:536} INFO - Filling up the DagBag from /home/airflow/.local/lib/python3.8/site-packages/airflow/example_dags/example_params_trigger_ui.py
[2023-12-03T19:28:34.459+0000] {processor.py:839} INFO - DAG(s) dict_keys(['example_params_trigger_ui']) retrieved from /home/airflow/.local/lib/python3.8/site-packages/airflow/example_dags/example_params_trigger_ui.py
[2023-12-03T19:28:34.510+0000] {logging_mixin.py:154} INFO - [2023-12-03T19:28:34.510+0000] {dag.py:2941} INFO - Sync 1 DAGs
[2023-12-03T19:28:34.523+0000] {logging_mixin.py:154} INFO - [2023-12-03T19:28:34.523+0000] {dag.py:3722} INFO - Setting next_dagrun for example_params_trigger_ui to None, run_after=None
[2023-12-03T19:28:34.537+0000] {processor.py:179} INFO - Processing /home/airflow/.local/lib/python3.8/site-packages/airflow/example_dags/example_params_trigger_ui.py took 0.117 seconds
[2023-12-03T19:29:04.669+0000] {processor.py:157} INFO - Started process (PID=2673) to work on /home/airflow/.local/lib/python3.8/site-packages/airflow/example_dags/example_params_trigger_ui.py
[2023-12-03T19:29:04.671+0000] {processor.py:829} INFO - Processing file /home/airflow/.local/lib/python3.8/site-packages/airflow/example_dags/example_params_trigger_ui.py for tasks to queue
[2023-12-03T19:29:04.672+0000] {logging_mixin.py:154} INFO - [2023-12-03T19:29:04.671+0000] {dagbag.py:536} INFO - Filling up the DagBag from /home/airflow/.local/lib/python3.8/site-packages/airflow/example_dags/example_params_trigger_ui.py
[2023-12-03T19:29:04.689+0000] {processor.py:839} INFO - DAG(s) dict_keys(['example_params_trigger_ui']) retrieved from /home/airflow/.local/lib/python3.8/site-packages/airflow/example_dags/example_params_trigger_ui.py
[2023-12-03T19:29:04.741+0000] {logging_mixin.py:154} INFO - [2023-12-03T19:29:04.741+0000] {dag.py:2941} INFO - Sync 1 DAGs
[2023-12-03T19:29:04.754+0000] {logging_mixin.py:154} INFO - [2023-12-03T19:29:04.754+0000] {dag.py:3722} INFO - Setting next_dagrun for example_params_trigger_ui to None, run_after=None
[2023-12-03T19:29:04.777+0000] {processor.py:179} INFO - Processing /home/airflow/.local/lib/python3.8/site-packages/airflow/example_dags/example_params_trigger_ui.py took 0.111 seconds
[2023-12-03T19:29:36.433+0000] {processor.py:157} INFO - Started process (PID=2909) to work on /home/airflow/.local/lib/python3.8/site-packages/airflow/example_dags/example_params_trigger_ui.py
[2023-12-03T19:29:36.435+0000] {processor.py:829} INFO - Processing file /home/airflow/.local/lib/python3.8/site-packages/airflow/example_dags/example_params_trigger_ui.py for tasks to queue
[2023-12-03T19:29:36.436+0000] {logging_mixin.py:154} INFO - [2023-12-03T19:29:36.436+0000] {dagbag.py:536} INFO - Filling up the DagBag from /home/airflow/.local/lib/python3.8/site-packages/airflow/example_dags/example_params_trigger_ui.py
[2023-12-03T19:29:36.466+0000] {processor.py:839} INFO - DAG(s) dict_keys(['example_params_trigger_ui']) retrieved from /home/airflow/.local/lib/python3.8/site-packages/airflow/example_dags/example_params_trigger_ui.py
[2023-12-03T19:29:36.544+0000] {logging_mixin.py:154} INFO - [2023-12-03T19:29:36.544+0000] {dag.py:2941} INFO - Sync 1 DAGs
[2023-12-03T19:29:36.561+0000] {logging_mixin.py:154} INFO - [2023-12-03T19:29:36.561+0000] {dag.py:3722} INFO - Setting next_dagrun for example_params_trigger_ui to None, run_after=None
[2023-12-03T19:29:36.581+0000] {processor.py:179} INFO - Processing /home/airflow/.local/lib/python3.8/site-packages/airflow/example_dags/example_params_trigger_ui.py took 0.152 seconds
[2023-12-03T19:30:06.889+0000] {processor.py:157} INFO - Started process (PID=3149) to work on /home/airflow/.local/lib/python3.8/site-packages/airflow/example_dags/example_params_trigger_ui.py
[2023-12-03T19:30:06.890+0000] {processor.py:829} INFO - Processing file /home/airflow/.local/lib/python3.8/site-packages/airflow/example_dags/example_params_trigger_ui.py for tasks to queue
[2023-12-03T19:30:06.891+0000] {logging_mixin.py:154} INFO - [2023-12-03T19:30:06.891+0000] {dagbag.py:536} INFO - Filling up the DagBag from /home/airflow/.local/lib/python3.8/site-packages/airflow/example_dags/example_params_trigger_ui.py
[2023-12-03T19:30:06.906+0000] {processor.py:839} INFO - DAG(s) dict_keys(['example_params_trigger_ui']) retrieved from /home/airflow/.local/lib/python3.8/site-packages/airflow/example_dags/example_params_trigger_ui.py
[2023-12-03T19:30:06.945+0000] {logging_mixin.py:154} INFO - [2023-12-03T19:30:06.945+0000] {dag.py:2941} INFO - Sync 1 DAGs
[2023-12-03T19:30:06.955+0000] {logging_mixin.py:154} INFO - [2023-12-03T19:30:06.955+0000] {dag.py:3722} INFO - Setting next_dagrun for example_params_trigger_ui to None, run_after=None
[2023-12-03T19:30:06.968+0000] {processor.py:179} INFO - Processing /home/airflow/.local/lib/python3.8/site-packages/airflow/example_dags/example_params_trigger_ui.py took 0.082 seconds
