[2023-12-03T19:23:57.091+0000] {processor.py:157} INFO - Started process (PID=273) to work on /home/airflow/.local/lib/python3.8/site-packages/airflow/example_dags/example_short_circuit_decorator.py
[2023-12-03T19:23:57.093+0000] {processor.py:829} INFO - Processing file /home/airflow/.local/lib/python3.8/site-packages/airflow/example_dags/example_short_circuit_decorator.py for tasks to queue
[2023-12-03T19:23:57.095+0000] {logging_mixin.py:154} INFO - [2023-12-03T19:23:57.094+0000] {dagbag.py:536} INFO - Filling up the DagBag from /home/airflow/.local/lib/python3.8/site-packages/airflow/example_dags/example_short_circuit_decorator.py
[2023-12-03T19:23:57.109+0000] {processor.py:839} INFO - DAG(s) dict_keys(['example_short_circuit_decorator']) retrieved from /home/airflow/.local/lib/python3.8/site-packages/airflow/example_dags/example_short_circuit_decorator.py
[2023-12-03T19:23:57.166+0000] {logging_mixin.py:154} INFO - [2023-12-03T19:23:57.166+0000] {dag.py:2941} INFO - Sync 1 DAGs
[2023-12-03T19:23:57.190+0000] {logging_mixin.py:154} INFO - [2023-12-03T19:23:57.189+0000] {dag.py:3722} INFO - Setting next_dagrun for example_short_circuit_decorator to 2023-12-02T19:23:57.189165+00:00, run_after=2023-12-03T19:23:57.189165+00:00
[2023-12-03T19:23:57.215+0000] {processor.py:179} INFO - Processing /home/airflow/.local/lib/python3.8/site-packages/airflow/example_dags/example_short_circuit_decorator.py took 0.138 seconds
[2023-12-03T19:24:27.636+0000] {processor.py:157} INFO - Started process (PID=511) to work on /home/airflow/.local/lib/python3.8/site-packages/airflow/example_dags/example_short_circuit_decorator.py
[2023-12-03T19:24:27.638+0000] {processor.py:829} INFO - Processing file /home/airflow/.local/lib/python3.8/site-packages/airflow/example_dags/example_short_circuit_decorator.py for tasks to queue
[2023-12-03T19:24:27.639+0000] {logging_mixin.py:154} INFO - [2023-12-03T19:24:27.638+0000] {dagbag.py:536} INFO - Filling up the DagBag from /home/airflow/.local/lib/python3.8/site-packages/airflow/example_dags/example_short_circuit_decorator.py
[2023-12-03T19:24:27.649+0000] {processor.py:839} INFO - DAG(s) dict_keys(['example_short_circuit_decorator']) retrieved from /home/airflow/.local/lib/python3.8/site-packages/airflow/example_dags/example_short_circuit_decorator.py
[2023-12-03T19:24:27.672+0000] {logging_mixin.py:154} INFO - [2023-12-03T19:24:27.671+0000] {dag.py:2941} INFO - Sync 1 DAGs
[2023-12-03T19:24:27.693+0000] {logging_mixin.py:154} INFO - [2023-12-03T19:24:27.693+0000] {dag.py:3722} INFO - Setting next_dagrun for example_short_circuit_decorator to 2023-12-02T19:24:27.693432+00:00, run_after=2023-12-03T19:24:27.693432+00:00
[2023-12-03T19:24:27.708+0000] {processor.py:179} INFO - Processing /home/airflow/.local/lib/python3.8/site-packages/airflow/example_dags/example_short_circuit_decorator.py took 0.076 seconds
[2023-12-03T19:24:58.233+0000] {processor.py:157} INFO - Started process (PID=749) to work on /home/airflow/.local/lib/python3.8/site-packages/airflow/example_dags/example_short_circuit_decorator.py
[2023-12-03T19:24:58.235+0000] {processor.py:829} INFO - Processing file /home/airflow/.local/lib/python3.8/site-packages/airflow/example_dags/example_short_circuit_decorator.py for tasks to queue
[2023-12-03T19:24:58.236+0000] {logging_mixin.py:154} INFO - [2023-12-03T19:24:58.236+0000] {dagbag.py:536} INFO - Filling up the DagBag from /home/airflow/.local/lib/python3.8/site-packages/airflow/example_dags/example_short_circuit_decorator.py
[2023-12-03T19:24:58.250+0000] {processor.py:839} INFO - DAG(s) dict_keys(['example_short_circuit_decorator']) retrieved from /home/airflow/.local/lib/python3.8/site-packages/airflow/example_dags/example_short_circuit_decorator.py
[2023-12-03T19:24:58.283+0000] {logging_mixin.py:154} INFO - [2023-12-03T19:24:58.283+0000] {dag.py:2941} INFO - Sync 1 DAGs
[2023-12-03T19:24:58.311+0000] {logging_mixin.py:154} INFO - [2023-12-03T19:24:58.310+0000] {dag.py:3722} INFO - Setting next_dagrun for example_short_circuit_decorator to 2023-12-02T19:24:58.310673+00:00, run_after=2023-12-03T19:24:58.310673+00:00
[2023-12-03T19:24:58.334+0000] {processor.py:179} INFO - Processing /home/airflow/.local/lib/python3.8/site-packages/airflow/example_dags/example_short_circuit_decorator.py took 0.104 seconds
[2023-12-03T19:25:29.134+0000] {processor.py:157} INFO - Started process (PID=989) to work on /home/airflow/.local/lib/python3.8/site-packages/airflow/example_dags/example_short_circuit_decorator.py
[2023-12-03T19:25:29.136+0000] {processor.py:829} INFO - Processing file /home/airflow/.local/lib/python3.8/site-packages/airflow/example_dags/example_short_circuit_decorator.py for tasks to queue
[2023-12-03T19:25:29.137+0000] {logging_mixin.py:154} INFO - [2023-12-03T19:25:29.136+0000] {dagbag.py:536} INFO - Filling up the DagBag from /home/airflow/.local/lib/python3.8/site-packages/airflow/example_dags/example_short_circuit_decorator.py
[2023-12-03T19:25:29.146+0000] {processor.py:839} INFO - DAG(s) dict_keys(['example_short_circuit_decorator']) retrieved from /home/airflow/.local/lib/python3.8/site-packages/airflow/example_dags/example_short_circuit_decorator.py
[2023-12-03T19:25:29.170+0000] {logging_mixin.py:154} INFO - [2023-12-03T19:25:29.170+0000] {dag.py:2941} INFO - Sync 1 DAGs
[2023-12-03T19:25:29.191+0000] {logging_mixin.py:154} INFO - [2023-12-03T19:25:29.191+0000] {dag.py:3722} INFO - Setting next_dagrun for example_short_circuit_decorator to 2023-12-02T19:25:29.190726+00:00, run_after=2023-12-03T19:25:29.190726+00:00
[2023-12-03T19:25:29.206+0000] {processor.py:179} INFO - Processing /home/airflow/.local/lib/python3.8/site-packages/airflow/example_dags/example_short_circuit_decorator.py took 0.075 seconds
[2023-12-03T19:26:00.787+0000] {processor.py:157} INFO - Started process (PID=1225) to work on /home/airflow/.local/lib/python3.8/site-packages/airflow/example_dags/example_short_circuit_decorator.py
[2023-12-03T19:26:00.789+0000] {processor.py:829} INFO - Processing file /home/airflow/.local/lib/python3.8/site-packages/airflow/example_dags/example_short_circuit_decorator.py for tasks to queue
[2023-12-03T19:26:00.790+0000] {logging_mixin.py:154} INFO - [2023-12-03T19:26:00.789+0000] {dagbag.py:536} INFO - Filling up the DagBag from /home/airflow/.local/lib/python3.8/site-packages/airflow/example_dags/example_short_circuit_decorator.py
[2023-12-03T19:26:00.801+0000] {processor.py:839} INFO - DAG(s) dict_keys(['example_short_circuit_decorator']) retrieved from /home/airflow/.local/lib/python3.8/site-packages/airflow/example_dags/example_short_circuit_decorator.py
[2023-12-03T19:26:00.826+0000] {logging_mixin.py:154} INFO - [2023-12-03T19:26:00.826+0000] {dag.py:2941} INFO - Sync 1 DAGs
[2023-12-03T19:26:00.846+0000] {logging_mixin.py:154} INFO - [2023-12-03T19:26:00.845+0000] {dag.py:3722} INFO - Setting next_dagrun for example_short_circuit_decorator to 2023-12-02T19:26:00.845558+00:00, run_after=2023-12-03T19:26:00.845558+00:00
[2023-12-03T19:26:00.862+0000] {processor.py:179} INFO - Processing /home/airflow/.local/lib/python3.8/site-packages/airflow/example_dags/example_short_circuit_decorator.py took 0.079 seconds
[2023-12-03T19:26:31.187+0000] {processor.py:157} INFO - Started process (PID=1463) to work on /home/airflow/.local/lib/python3.8/site-packages/airflow/example_dags/example_short_circuit_decorator.py
[2023-12-03T19:26:31.188+0000] {processor.py:829} INFO - Processing file /home/airflow/.local/lib/python3.8/site-packages/airflow/example_dags/example_short_circuit_decorator.py for tasks to queue
[2023-12-03T19:26:31.190+0000] {logging_mixin.py:154} INFO - [2023-12-03T19:26:31.190+0000] {dagbag.py:536} INFO - Filling up the DagBag from /home/airflow/.local/lib/python3.8/site-packages/airflow/example_dags/example_short_circuit_decorator.py
[2023-12-03T19:26:31.205+0000] {processor.py:839} INFO - DAG(s) dict_keys(['example_short_circuit_decorator']) retrieved from /home/airflow/.local/lib/python3.8/site-packages/airflow/example_dags/example_short_circuit_decorator.py
[2023-12-03T19:26:31.234+0000] {logging_mixin.py:154} INFO - [2023-12-03T19:26:31.234+0000] {dag.py:2941} INFO - Sync 1 DAGs
[2023-12-03T19:26:31.270+0000] {logging_mixin.py:154} INFO - [2023-12-03T19:26:31.270+0000] {dag.py:3722} INFO - Setting next_dagrun for example_short_circuit_decorator to 2023-12-02T19:26:31.270110+00:00, run_after=2023-12-03T19:26:31.270110+00:00
[2023-12-03T19:26:31.300+0000] {processor.py:179} INFO - Processing /home/airflow/.local/lib/python3.8/site-packages/airflow/example_dags/example_short_circuit_decorator.py took 0.117 seconds
[2023-12-03T19:27:01.667+0000] {processor.py:157} INFO - Started process (PID=1701) to work on /home/airflow/.local/lib/python3.8/site-packages/airflow/example_dags/example_short_circuit_decorator.py
[2023-12-03T19:27:01.668+0000] {processor.py:829} INFO - Processing file /home/airflow/.local/lib/python3.8/site-packages/airflow/example_dags/example_short_circuit_decorator.py for tasks to queue
[2023-12-03T19:27:01.669+0000] {logging_mixin.py:154} INFO - [2023-12-03T19:27:01.668+0000] {dagbag.py:536} INFO - Filling up the DagBag from /home/airflow/.local/lib/python3.8/site-packages/airflow/example_dags/example_short_circuit_decorator.py
[2023-12-03T19:27:01.679+0000] {processor.py:839} INFO - DAG(s) dict_keys(['example_short_circuit_decorator']) retrieved from /home/airflow/.local/lib/python3.8/site-packages/airflow/example_dags/example_short_circuit_decorator.py
[2023-12-03T19:27:01.700+0000] {logging_mixin.py:154} INFO - [2023-12-03T19:27:01.700+0000] {dag.py:2941} INFO - Sync 1 DAGs
[2023-12-03T19:27:01.718+0000] {logging_mixin.py:154} INFO - [2023-12-03T19:27:01.718+0000] {dag.py:3722} INFO - Setting next_dagrun for example_short_circuit_decorator to 2023-12-02T19:27:01.718383+00:00, run_after=2023-12-03T19:27:01.718383+00:00
[2023-12-03T19:27:01.734+0000] {processor.py:179} INFO - Processing /home/airflow/.local/lib/python3.8/site-packages/airflow/example_dags/example_short_circuit_decorator.py took 0.070 seconds
[2023-12-03T19:27:31.971+0000] {processor.py:157} INFO - Started process (PID=1940) to work on /home/airflow/.local/lib/python3.8/site-packages/airflow/example_dags/example_short_circuit_decorator.py
[2023-12-03T19:27:31.972+0000] {processor.py:829} INFO - Processing file /home/airflow/.local/lib/python3.8/site-packages/airflow/example_dags/example_short_circuit_decorator.py for tasks to queue
[2023-12-03T19:27:31.973+0000] {logging_mixin.py:154} INFO - [2023-12-03T19:27:31.973+0000] {dagbag.py:536} INFO - Filling up the DagBag from /home/airflow/.local/lib/python3.8/site-packages/airflow/example_dags/example_short_circuit_decorator.py
[2023-12-03T19:27:31.983+0000] {processor.py:839} INFO - DAG(s) dict_keys(['example_short_circuit_decorator']) retrieved from /home/airflow/.local/lib/python3.8/site-packages/airflow/example_dags/example_short_circuit_decorator.py
[2023-12-03T19:27:32.003+0000] {logging_mixin.py:154} INFO - [2023-12-03T19:27:32.003+0000] {dag.py:2941} INFO - Sync 1 DAGs
[2023-12-03T19:27:32.029+0000] {logging_mixin.py:154} INFO - [2023-12-03T19:27:32.029+0000] {dag.py:3722} INFO - Setting next_dagrun for example_short_circuit_decorator to 2023-12-02T19:27:32.028884+00:00, run_after=2023-12-03T19:27:32.028884+00:00
[2023-12-03T19:27:32.051+0000] {processor.py:179} INFO - Processing /home/airflow/.local/lib/python3.8/site-packages/airflow/example_dags/example_short_circuit_decorator.py took 0.084 seconds
[2023-12-03T19:28:02.400+0000] {processor.py:157} INFO - Started process (PID=2182) to work on /home/airflow/.local/lib/python3.8/site-packages/airflow/example_dags/example_short_circuit_decorator.py
[2023-12-03T19:28:02.401+0000] {processor.py:829} INFO - Processing file /home/airflow/.local/lib/python3.8/site-packages/airflow/example_dags/example_short_circuit_decorator.py for tasks to queue
[2023-12-03T19:28:02.402+0000] {logging_mixin.py:154} INFO - [2023-12-03T19:28:02.402+0000] {dagbag.py:536} INFO - Filling up the DagBag from /home/airflow/.local/lib/python3.8/site-packages/airflow/example_dags/example_short_circuit_decorator.py
[2023-12-03T19:28:02.414+0000] {processor.py:839} INFO - DAG(s) dict_keys(['example_short_circuit_decorator']) retrieved from /home/airflow/.local/lib/python3.8/site-packages/airflow/example_dags/example_short_circuit_decorator.py
[2023-12-03T19:28:02.454+0000] {logging_mixin.py:154} INFO - [2023-12-03T19:28:02.454+0000] {dag.py:2941} INFO - Sync 1 DAGs
[2023-12-03T19:28:02.477+0000] {logging_mixin.py:154} INFO - [2023-12-03T19:28:02.476+0000] {dag.py:3722} INFO - Setting next_dagrun for example_short_circuit_decorator to 2023-12-02T19:28:02.476571+00:00, run_after=2023-12-03T19:28:02.476571+00:00
[2023-12-03T19:28:02.493+0000] {processor.py:179} INFO - Processing /home/airflow/.local/lib/python3.8/site-packages/airflow/example_dags/example_short_circuit_decorator.py took 0.097 seconds
[2023-12-03T19:28:33.269+0000] {processor.py:157} INFO - Started process (PID=2425) to work on /home/airflow/.local/lib/python3.8/site-packages/airflow/example_dags/example_short_circuit_decorator.py
[2023-12-03T19:28:33.270+0000] {processor.py:829} INFO - Processing file /home/airflow/.local/lib/python3.8/site-packages/airflow/example_dags/example_short_circuit_decorator.py for tasks to queue
[2023-12-03T19:28:33.271+0000] {logging_mixin.py:154} INFO - [2023-12-03T19:28:33.271+0000] {dagbag.py:536} INFO - Filling up the DagBag from /home/airflow/.local/lib/python3.8/site-packages/airflow/example_dags/example_short_circuit_decorator.py
[2023-12-03T19:28:33.280+0000] {processor.py:839} INFO - DAG(s) dict_keys(['example_short_circuit_decorator']) retrieved from /home/airflow/.local/lib/python3.8/site-packages/airflow/example_dags/example_short_circuit_decorator.py
[2023-12-03T19:28:33.309+0000] {logging_mixin.py:154} INFO - [2023-12-03T19:28:33.309+0000] {dag.py:2941} INFO - Sync 1 DAGs
[2023-12-03T19:28:33.330+0000] {logging_mixin.py:154} INFO - [2023-12-03T19:28:33.330+0000] {dag.py:3722} INFO - Setting next_dagrun for example_short_circuit_decorator to 2023-12-02T19:28:33.330023+00:00, run_after=2023-12-03T19:28:33.330023+00:00
[2023-12-03T19:28:33.345+0000] {processor.py:179} INFO - Processing /home/airflow/.local/lib/python3.8/site-packages/airflow/example_dags/example_short_circuit_decorator.py took 0.079 seconds
[2023-12-03T19:29:04.429+0000] {processor.py:157} INFO - Started process (PID=2661) to work on /home/airflow/.local/lib/python3.8/site-packages/airflow/example_dags/example_short_circuit_decorator.py
[2023-12-03T19:29:04.432+0000] {processor.py:829} INFO - Processing file /home/airflow/.local/lib/python3.8/site-packages/airflow/example_dags/example_short_circuit_decorator.py for tasks to queue
[2023-12-03T19:29:04.434+0000] {logging_mixin.py:154} INFO - [2023-12-03T19:29:04.433+0000] {dagbag.py:536} INFO - Filling up the DagBag from /home/airflow/.local/lib/python3.8/site-packages/airflow/example_dags/example_short_circuit_decorator.py
[2023-12-03T19:29:04.451+0000] {processor.py:839} INFO - DAG(s) dict_keys(['example_short_circuit_decorator']) retrieved from /home/airflow/.local/lib/python3.8/site-packages/airflow/example_dags/example_short_circuit_decorator.py
[2023-12-03T19:29:04.487+0000] {logging_mixin.py:154} INFO - [2023-12-03T19:29:04.486+0000] {dag.py:2941} INFO - Sync 1 DAGs
[2023-12-03T19:29:04.516+0000] {logging_mixin.py:154} INFO - [2023-12-03T19:29:04.516+0000] {dag.py:3722} INFO - Setting next_dagrun for example_short_circuit_decorator to 2023-12-02T19:29:04.516496+00:00, run_after=2023-12-03T19:29:04.516496+00:00
[2023-12-03T19:29:04.536+0000] {processor.py:179} INFO - Processing /home/airflow/.local/lib/python3.8/site-packages/airflow/example_dags/example_short_circuit_decorator.py took 0.111 seconds
[2023-12-03T19:29:36.197+0000] {processor.py:157} INFO - Started process (PID=2901) to work on /home/airflow/.local/lib/python3.8/site-packages/airflow/example_dags/example_short_circuit_decorator.py
[2023-12-03T19:29:36.199+0000] {processor.py:829} INFO - Processing file /home/airflow/.local/lib/python3.8/site-packages/airflow/example_dags/example_short_circuit_decorator.py for tasks to queue
[2023-12-03T19:29:36.201+0000] {logging_mixin.py:154} INFO - [2023-12-03T19:29:36.200+0000] {dagbag.py:536} INFO - Filling up the DagBag from /home/airflow/.local/lib/python3.8/site-packages/airflow/example_dags/example_short_circuit_decorator.py
[2023-12-03T19:29:36.218+0000] {processor.py:839} INFO - DAG(s) dict_keys(['example_short_circuit_decorator']) retrieved from /home/airflow/.local/lib/python3.8/site-packages/airflow/example_dags/example_short_circuit_decorator.py
[2023-12-03T19:29:36.265+0000] {logging_mixin.py:154} INFO - [2023-12-03T19:29:36.265+0000] {dag.py:2941} INFO - Sync 1 DAGs
[2023-12-03T19:29:36.366+0000] {logging_mixin.py:154} INFO - [2023-12-03T19:29:36.365+0000] {dag.py:3722} INFO - Setting next_dagrun for example_short_circuit_decorator to 2023-12-02T19:29:36.365306+00:00, run_after=2023-12-03T19:29:36.365306+00:00
[2023-12-03T19:29:36.389+0000] {processor.py:179} INFO - Processing /home/airflow/.local/lib/python3.8/site-packages/airflow/example_dags/example_short_circuit_decorator.py took 0.200 seconds
[2023-12-03T19:30:06.790+0000] {processor.py:157} INFO - Started process (PID=3139) to work on /home/airflow/.local/lib/python3.8/site-packages/airflow/example_dags/example_short_circuit_decorator.py
[2023-12-03T19:30:06.791+0000] {processor.py:829} INFO - Processing file /home/airflow/.local/lib/python3.8/site-packages/airflow/example_dags/example_short_circuit_decorator.py for tasks to queue
[2023-12-03T19:30:06.792+0000] {logging_mixin.py:154} INFO - [2023-12-03T19:30:06.791+0000] {dagbag.py:536} INFO - Filling up the DagBag from /home/airflow/.local/lib/python3.8/site-packages/airflow/example_dags/example_short_circuit_decorator.py
[2023-12-03T19:30:06.801+0000] {processor.py:839} INFO - DAG(s) dict_keys(['example_short_circuit_decorator']) retrieved from /home/airflow/.local/lib/python3.8/site-packages/airflow/example_dags/example_short_circuit_decorator.py
[2023-12-03T19:30:06.827+0000] {logging_mixin.py:154} INFO - [2023-12-03T19:30:06.827+0000] {dag.py:2941} INFO - Sync 1 DAGs
[2023-12-03T19:30:06.849+0000] {logging_mixin.py:154} INFO - [2023-12-03T19:30:06.849+0000] {dag.py:3722} INFO - Setting next_dagrun for example_short_circuit_decorator to 2023-12-02T19:30:06.848760+00:00, run_after=2023-12-03T19:30:06.848760+00:00
[2023-12-03T19:30:06.865+0000] {processor.py:179} INFO - Processing /home/airflow/.local/lib/python3.8/site-packages/airflow/example_dags/example_short_circuit_decorator.py took 0.078 seconds
