[2023-12-03T19:23:58.898+0000] {processor.py:157} INFO - Started process (PID=353) to work on /home/airflow/.local/lib/python3.8/site-packages/airflow/example_dags/tutorial_taskflow_api.py
[2023-12-03T19:23:58.899+0000] {processor.py:829} INFO - Processing file /home/airflow/.local/lib/python3.8/site-packages/airflow/example_dags/tutorial_taskflow_api.py for tasks to queue
[2023-12-03T19:23:58.900+0000] {logging_mixin.py:154} INFO - [2023-12-03T19:23:58.900+0000] {dagbag.py:536} INFO - Filling up the DagBag from /home/airflow/.local/lib/python3.8/site-packages/airflow/example_dags/tutorial_taskflow_api.py
[2023-12-03T19:23:58.910+0000] {processor.py:839} INFO - DAG(s) dict_keys(['tutorial_taskflow_api']) retrieved from /home/airflow/.local/lib/python3.8/site-packages/airflow/example_dags/tutorial_taskflow_api.py
[2023-12-03T19:23:58.944+0000] {logging_mixin.py:154} INFO - [2023-12-03T19:23:58.944+0000] {dag.py:2941} INFO - Sync 1 DAGs
[2023-12-03T19:23:58.997+0000] {logging_mixin.py:154} INFO - [2023-12-03T19:23:58.996+0000] {dag.py:3722} INFO - Setting next_dagrun for tutorial_taskflow_api to None, run_after=None
[2023-12-03T19:23:59.028+0000] {processor.py:179} INFO - Processing /home/airflow/.local/lib/python3.8/site-packages/airflow/example_dags/tutorial_taskflow_api.py took 0.136 seconds
[2023-12-03T19:24:30.301+0000] {processor.py:157} INFO - Started process (PID=591) to work on /home/airflow/.local/lib/python3.8/site-packages/airflow/example_dags/tutorial_taskflow_api.py
[2023-12-03T19:24:30.302+0000] {processor.py:829} INFO - Processing file /home/airflow/.local/lib/python3.8/site-packages/airflow/example_dags/tutorial_taskflow_api.py for tasks to queue
[2023-12-03T19:24:30.303+0000] {logging_mixin.py:154} INFO - [2023-12-03T19:24:30.303+0000] {dagbag.py:536} INFO - Filling up the DagBag from /home/airflow/.local/lib/python3.8/site-packages/airflow/example_dags/tutorial_taskflow_api.py
[2023-12-03T19:24:30.312+0000] {processor.py:839} INFO - DAG(s) dict_keys(['tutorial_taskflow_api']) retrieved from /home/airflow/.local/lib/python3.8/site-packages/airflow/example_dags/tutorial_taskflow_api.py
[2023-12-03T19:24:30.337+0000] {logging_mixin.py:154} INFO - [2023-12-03T19:24:30.337+0000] {dag.py:2941} INFO - Sync 1 DAGs
[2023-12-03T19:24:30.361+0000] {logging_mixin.py:154} INFO - [2023-12-03T19:24:30.361+0000] {dag.py:3722} INFO - Setting next_dagrun for tutorial_taskflow_api to None, run_after=None
[2023-12-03T19:24:30.379+0000] {processor.py:179} INFO - Processing /home/airflow/.local/lib/python3.8/site-packages/airflow/example_dags/tutorial_taskflow_api.py took 0.083 seconds
[2023-12-03T19:25:01.310+0000] {processor.py:157} INFO - Started process (PID=829) to work on /home/airflow/.local/lib/python3.8/site-packages/airflow/example_dags/tutorial_taskflow_api.py
[2023-12-03T19:25:01.312+0000] {processor.py:829} INFO - Processing file /home/airflow/.local/lib/python3.8/site-packages/airflow/example_dags/tutorial_taskflow_api.py for tasks to queue
[2023-12-03T19:25:01.312+0000] {logging_mixin.py:154} INFO - [2023-12-03T19:25:01.312+0000] {dagbag.py:536} INFO - Filling up the DagBag from /home/airflow/.local/lib/python3.8/site-packages/airflow/example_dags/tutorial_taskflow_api.py
[2023-12-03T19:25:01.320+0000] {processor.py:839} INFO - DAG(s) dict_keys(['tutorial_taskflow_api']) retrieved from /home/airflow/.local/lib/python3.8/site-packages/airflow/example_dags/tutorial_taskflow_api.py
[2023-12-03T19:25:01.343+0000] {logging_mixin.py:154} INFO - [2023-12-03T19:25:01.342+0000] {dag.py:2941} INFO - Sync 1 DAGs
[2023-12-03T19:25:01.354+0000] {logging_mixin.py:154} INFO - [2023-12-03T19:25:01.354+0000] {dag.py:3722} INFO - Setting next_dagrun for tutorial_taskflow_api to None, run_after=None
[2023-12-03T19:25:01.373+0000] {processor.py:179} INFO - Processing /home/airflow/.local/lib/python3.8/site-packages/airflow/example_dags/tutorial_taskflow_api.py took 0.067 seconds
[2023-12-03T19:25:31.966+0000] {processor.py:157} INFO - Started process (PID=1067) to work on /home/airflow/.local/lib/python3.8/site-packages/airflow/example_dags/tutorial_taskflow_api.py
[2023-12-03T19:25:31.967+0000] {processor.py:829} INFO - Processing file /home/airflow/.local/lib/python3.8/site-packages/airflow/example_dags/tutorial_taskflow_api.py for tasks to queue
[2023-12-03T19:25:31.968+0000] {logging_mixin.py:154} INFO - [2023-12-03T19:25:31.968+0000] {dagbag.py:536} INFO - Filling up the DagBag from /home/airflow/.local/lib/python3.8/site-packages/airflow/example_dags/tutorial_taskflow_api.py
[2023-12-03T19:25:31.975+0000] {processor.py:839} INFO - DAG(s) dict_keys(['tutorial_taskflow_api']) retrieved from /home/airflow/.local/lib/python3.8/site-packages/airflow/example_dags/tutorial_taskflow_api.py
[2023-12-03T19:25:31.996+0000] {logging_mixin.py:154} INFO - [2023-12-03T19:25:31.996+0000] {dag.py:2941} INFO - Sync 1 DAGs
[2023-12-03T19:25:32.008+0000] {logging_mixin.py:154} INFO - [2023-12-03T19:25:32.008+0000] {dag.py:3722} INFO - Setting next_dagrun for tutorial_taskflow_api to None, run_after=None
[2023-12-03T19:25:32.022+0000] {processor.py:179} INFO - Processing /home/airflow/.local/lib/python3.8/site-packages/airflow/example_dags/tutorial_taskflow_api.py took 0.061 seconds
[2023-12-03T19:26:02.734+0000] {processor.py:157} INFO - Started process (PID=1305) to work on /home/airflow/.local/lib/python3.8/site-packages/airflow/example_dags/tutorial_taskflow_api.py
[2023-12-03T19:26:02.736+0000] {processor.py:829} INFO - Processing file /home/airflow/.local/lib/python3.8/site-packages/airflow/example_dags/tutorial_taskflow_api.py for tasks to queue
[2023-12-03T19:26:02.742+0000] {logging_mixin.py:154} INFO - [2023-12-03T19:26:02.741+0000] {dagbag.py:536} INFO - Filling up the DagBag from /home/airflow/.local/lib/python3.8/site-packages/airflow/example_dags/tutorial_taskflow_api.py
[2023-12-03T19:26:02.754+0000] {processor.py:839} INFO - DAG(s) dict_keys(['tutorial_taskflow_api']) retrieved from /home/airflow/.local/lib/python3.8/site-packages/airflow/example_dags/tutorial_taskflow_api.py
[2023-12-03T19:26:02.841+0000] {logging_mixin.py:154} INFO - [2023-12-03T19:26:02.840+0000] {dag.py:2941} INFO - Sync 1 DAGs
[2023-12-03T19:26:02.899+0000] {logging_mixin.py:154} INFO - [2023-12-03T19:26:02.898+0000] {dag.py:3722} INFO - Setting next_dagrun for tutorial_taskflow_api to None, run_after=None
[2023-12-03T19:26:02.959+0000] {processor.py:179} INFO - Processing /home/airflow/.local/lib/python3.8/site-packages/airflow/example_dags/tutorial_taskflow_api.py took 0.235 seconds
[2023-12-03T19:26:33.080+0000] {processor.py:157} INFO - Started process (PID=1538) to work on /home/airflow/.local/lib/python3.8/site-packages/airflow/example_dags/tutorial_taskflow_api.py
[2023-12-03T19:26:33.083+0000] {processor.py:829} INFO - Processing file /home/airflow/.local/lib/python3.8/site-packages/airflow/example_dags/tutorial_taskflow_api.py for tasks to queue
[2023-12-03T19:26:33.084+0000] {logging_mixin.py:154} INFO - [2023-12-03T19:26:33.084+0000] {dagbag.py:536} INFO - Filling up the DagBag from /home/airflow/.local/lib/python3.8/site-packages/airflow/example_dags/tutorial_taskflow_api.py
[2023-12-03T19:26:33.098+0000] {processor.py:839} INFO - DAG(s) dict_keys(['tutorial_taskflow_api']) retrieved from /home/airflow/.local/lib/python3.8/site-packages/airflow/example_dags/tutorial_taskflow_api.py
[2023-12-03T19:26:33.129+0000] {logging_mixin.py:154} INFO - [2023-12-03T19:26:33.129+0000] {dag.py:2941} INFO - Sync 1 DAGs
[2023-12-03T19:26:33.147+0000] {logging_mixin.py:154} INFO - [2023-12-03T19:26:33.147+0000] {dag.py:3722} INFO - Setting next_dagrun for tutorial_taskflow_api to None, run_after=None
[2023-12-03T19:26:33.169+0000] {processor.py:179} INFO - Processing /home/airflow/.local/lib/python3.8/site-packages/airflow/example_dags/tutorial_taskflow_api.py took 0.095 seconds
[2023-12-03T19:27:03.813+0000] {processor.py:157} INFO - Started process (PID=1781) to work on /home/airflow/.local/lib/python3.8/site-packages/airflow/example_dags/tutorial_taskflow_api.py
[2023-12-03T19:27:03.816+0000] {processor.py:829} INFO - Processing file /home/airflow/.local/lib/python3.8/site-packages/airflow/example_dags/tutorial_taskflow_api.py for tasks to queue
[2023-12-03T19:27:03.817+0000] {logging_mixin.py:154} INFO - [2023-12-03T19:27:03.817+0000] {dagbag.py:536} INFO - Filling up the DagBag from /home/airflow/.local/lib/python3.8/site-packages/airflow/example_dags/tutorial_taskflow_api.py
[2023-12-03T19:27:03.824+0000] {processor.py:839} INFO - DAG(s) dict_keys(['tutorial_taskflow_api']) retrieved from /home/airflow/.local/lib/python3.8/site-packages/airflow/example_dags/tutorial_taskflow_api.py
[2023-12-03T19:27:03.845+0000] {logging_mixin.py:154} INFO - [2023-12-03T19:27:03.845+0000] {dag.py:2941} INFO - Sync 1 DAGs
[2023-12-03T19:27:03.859+0000] {logging_mixin.py:154} INFO - [2023-12-03T19:27:03.858+0000] {dag.py:3722} INFO - Setting next_dagrun for tutorial_taskflow_api to None, run_after=None
[2023-12-03T19:27:03.886+0000] {processor.py:179} INFO - Processing /home/airflow/.local/lib/python3.8/site-packages/airflow/example_dags/tutorial_taskflow_api.py took 0.077 seconds
[2023-12-03T19:27:34.139+0000] {processor.py:157} INFO - Started process (PID=2020) to work on /home/airflow/.local/lib/python3.8/site-packages/airflow/example_dags/tutorial_taskflow_api.py
[2023-12-03T19:27:34.142+0000] {processor.py:829} INFO - Processing file /home/airflow/.local/lib/python3.8/site-packages/airflow/example_dags/tutorial_taskflow_api.py for tasks to queue
[2023-12-03T19:27:34.143+0000] {logging_mixin.py:154} INFO - [2023-12-03T19:27:34.143+0000] {dagbag.py:536} INFO - Filling up the DagBag from /home/airflow/.local/lib/python3.8/site-packages/airflow/example_dags/tutorial_taskflow_api.py
[2023-12-03T19:27:34.153+0000] {processor.py:839} INFO - DAG(s) dict_keys(['tutorial_taskflow_api']) retrieved from /home/airflow/.local/lib/python3.8/site-packages/airflow/example_dags/tutorial_taskflow_api.py
[2023-12-03T19:27:34.178+0000] {logging_mixin.py:154} INFO - [2023-12-03T19:27:34.178+0000] {dag.py:2941} INFO - Sync 1 DAGs
[2023-12-03T19:27:34.191+0000] {logging_mixin.py:154} INFO - [2023-12-03T19:27:34.191+0000] {dag.py:3722} INFO - Setting next_dagrun for tutorial_taskflow_api to None, run_after=None
[2023-12-03T19:27:34.209+0000] {processor.py:179} INFO - Processing /home/airflow/.local/lib/python3.8/site-packages/airflow/example_dags/tutorial_taskflow_api.py took 0.075 seconds
[2023-12-03T19:28:04.440+0000] {processor.py:157} INFO - Started process (PID=2261) to work on /home/airflow/.local/lib/python3.8/site-packages/airflow/example_dags/tutorial_taskflow_api.py
[2023-12-03T19:28:04.442+0000] {processor.py:829} INFO - Processing file /home/airflow/.local/lib/python3.8/site-packages/airflow/example_dags/tutorial_taskflow_api.py for tasks to queue
[2023-12-03T19:28:04.443+0000] {logging_mixin.py:154} INFO - [2023-12-03T19:28:04.442+0000] {dagbag.py:536} INFO - Filling up the DagBag from /home/airflow/.local/lib/python3.8/site-packages/airflow/example_dags/tutorial_taskflow_api.py
[2023-12-03T19:28:04.449+0000] {processor.py:839} INFO - DAG(s) dict_keys(['tutorial_taskflow_api']) retrieved from /home/airflow/.local/lib/python3.8/site-packages/airflow/example_dags/tutorial_taskflow_api.py
[2023-12-03T19:28:04.474+0000] {logging_mixin.py:154} INFO - [2023-12-03T19:28:04.474+0000] {dag.py:2941} INFO - Sync 1 DAGs
[2023-12-03T19:28:04.485+0000] {logging_mixin.py:154} INFO - [2023-12-03T19:28:04.485+0000] {dag.py:3722} INFO - Setting next_dagrun for tutorial_taskflow_api to None, run_after=None
[2023-12-03T19:28:04.502+0000] {processor.py:179} INFO - Processing /home/airflow/.local/lib/python3.8/site-packages/airflow/example_dags/tutorial_taskflow_api.py took 0.066 seconds
[2023-12-03T19:28:35.625+0000] {processor.py:157} INFO - Started process (PID=2503) to work on /home/airflow/.local/lib/python3.8/site-packages/airflow/example_dags/tutorial_taskflow_api.py
[2023-12-03T19:28:35.626+0000] {processor.py:829} INFO - Processing file /home/airflow/.local/lib/python3.8/site-packages/airflow/example_dags/tutorial_taskflow_api.py for tasks to queue
[2023-12-03T19:28:35.626+0000] {logging_mixin.py:154} INFO - [2023-12-03T19:28:35.626+0000] {dagbag.py:536} INFO - Filling up the DagBag from /home/airflow/.local/lib/python3.8/site-packages/airflow/example_dags/tutorial_taskflow_api.py
[2023-12-03T19:28:35.633+0000] {processor.py:839} INFO - DAG(s) dict_keys(['tutorial_taskflow_api']) retrieved from /home/airflow/.local/lib/python3.8/site-packages/airflow/example_dags/tutorial_taskflow_api.py
[2023-12-03T19:28:35.654+0000] {logging_mixin.py:154} INFO - [2023-12-03T19:28:35.654+0000] {dag.py:2941} INFO - Sync 1 DAGs
[2023-12-03T19:28:35.666+0000] {logging_mixin.py:154} INFO - [2023-12-03T19:28:35.666+0000] {dag.py:3722} INFO - Setting next_dagrun for tutorial_taskflow_api to None, run_after=None
[2023-12-03T19:28:35.681+0000] {processor.py:179} INFO - Processing /home/airflow/.local/lib/python3.8/site-packages/airflow/example_dags/tutorial_taskflow_api.py took 0.059 seconds
[2023-12-03T19:29:05.770+0000] {processor.py:157} INFO - Started process (PID=2736) to work on /home/airflow/.local/lib/python3.8/site-packages/airflow/example_dags/tutorial_taskflow_api.py
[2023-12-03T19:29:05.772+0000] {processor.py:829} INFO - Processing file /home/airflow/.local/lib/python3.8/site-packages/airflow/example_dags/tutorial_taskflow_api.py for tasks to queue
[2023-12-03T19:29:05.774+0000] {logging_mixin.py:154} INFO - [2023-12-03T19:29:05.774+0000] {dagbag.py:536} INFO - Filling up the DagBag from /home/airflow/.local/lib/python3.8/site-packages/airflow/example_dags/tutorial_taskflow_api.py
[2023-12-03T19:29:05.783+0000] {processor.py:839} INFO - DAG(s) dict_keys(['tutorial_taskflow_api']) retrieved from /home/airflow/.local/lib/python3.8/site-packages/airflow/example_dags/tutorial_taskflow_api.py
[2023-12-03T19:29:05.811+0000] {logging_mixin.py:154} INFO - [2023-12-03T19:29:05.811+0000] {dag.py:2941} INFO - Sync 1 DAGs
[2023-12-03T19:29:05.825+0000] {logging_mixin.py:154} INFO - [2023-12-03T19:29:05.825+0000] {dag.py:3722} INFO - Setting next_dagrun for tutorial_taskflow_api to None, run_after=None
[2023-12-03T19:29:05.845+0000] {processor.py:179} INFO - Processing /home/airflow/.local/lib/python3.8/site-packages/airflow/example_dags/tutorial_taskflow_api.py took 0.080 seconds
[2023-12-03T19:29:38.137+0000] {processor.py:157} INFO - Started process (PID=2981) to work on /home/airflow/.local/lib/python3.8/site-packages/airflow/example_dags/tutorial_taskflow_api.py
[2023-12-03T19:29:38.148+0000] {processor.py:829} INFO - Processing file /home/airflow/.local/lib/python3.8/site-packages/airflow/example_dags/tutorial_taskflow_api.py for tasks to queue
[2023-12-03T19:29:38.168+0000] {logging_mixin.py:154} INFO - [2023-12-03T19:29:38.165+0000] {dagbag.py:536} INFO - Filling up the DagBag from /home/airflow/.local/lib/python3.8/site-packages/airflow/example_dags/tutorial_taskflow_api.py
[2023-12-03T19:29:38.201+0000] {processor.py:839} INFO - DAG(s) dict_keys(['tutorial_taskflow_api']) retrieved from /home/airflow/.local/lib/python3.8/site-packages/airflow/example_dags/tutorial_taskflow_api.py
[2023-12-03T19:29:38.257+0000] {logging_mixin.py:154} INFO - [2023-12-03T19:29:38.256+0000] {dag.py:2941} INFO - Sync 1 DAGs
[2023-12-03T19:29:38.304+0000] {logging_mixin.py:154} INFO - [2023-12-03T19:29:38.303+0000] {dag.py:3722} INFO - Setting next_dagrun for tutorial_taskflow_api to None, run_after=None
[2023-12-03T19:29:38.326+0000] {processor.py:179} INFO - Processing /home/airflow/.local/lib/python3.8/site-packages/airflow/example_dags/tutorial_taskflow_api.py took 0.253 seconds
[2023-12-03T19:30:08.808+0000] {processor.py:157} INFO - Started process (PID=3217) to work on /home/airflow/.local/lib/python3.8/site-packages/airflow/example_dags/tutorial_taskflow_api.py
[2023-12-03T19:30:08.809+0000] {processor.py:829} INFO - Processing file /home/airflow/.local/lib/python3.8/site-packages/airflow/example_dags/tutorial_taskflow_api.py for tasks to queue
[2023-12-03T19:30:08.810+0000] {logging_mixin.py:154} INFO - [2023-12-03T19:30:08.810+0000] {dagbag.py:536} INFO - Filling up the DagBag from /home/airflow/.local/lib/python3.8/site-packages/airflow/example_dags/tutorial_taskflow_api.py
[2023-12-03T19:30:08.818+0000] {processor.py:839} INFO - DAG(s) dict_keys(['tutorial_taskflow_api']) retrieved from /home/airflow/.local/lib/python3.8/site-packages/airflow/example_dags/tutorial_taskflow_api.py
[2023-12-03T19:30:08.841+0000] {logging_mixin.py:154} INFO - [2023-12-03T19:30:08.840+0000] {dag.py:2941} INFO - Sync 1 DAGs
[2023-12-03T19:30:08.853+0000] {logging_mixin.py:154} INFO - [2023-12-03T19:30:08.853+0000] {dag.py:3722} INFO - Setting next_dagrun for tutorial_taskflow_api to None, run_after=None
[2023-12-03T19:30:08.871+0000] {processor.py:179} INFO - Processing /home/airflow/.local/lib/python3.8/site-packages/airflow/example_dags/tutorial_taskflow_api.py took 0.067 seconds
