[2023-12-03T19:23:57.551+0000] {processor.py:157} INFO - Started process (PID=293) to work on /home/airflow/.local/lib/python3.8/site-packages/airflow/example_dags/tutorial.py
[2023-12-03T19:23:57.554+0000] {processor.py:829} INFO - Processing file /home/airflow/.local/lib/python3.8/site-packages/airflow/example_dags/tutorial.py for tasks to queue
[2023-12-03T19:23:57.556+0000] {logging_mixin.py:154} INFO - [2023-12-03T19:23:57.556+0000] {dagbag.py:536} INFO - Filling up the DagBag from /home/airflow/.local/lib/python3.8/site-packages/airflow/example_dags/tutorial.py
[2023-12-03T19:23:57.580+0000] {processor.py:839} INFO - DAG(s) dict_keys(['tutorial']) retrieved from /home/airflow/.local/lib/python3.8/site-packages/airflow/example_dags/tutorial.py
[2023-12-03T19:23:57.622+0000] {logging_mixin.py:154} INFO - [2023-12-03T19:23:57.622+0000] {dag.py:2941} INFO - Sync 1 DAGs
[2023-12-03T19:23:57.649+0000] {logging_mixin.py:154} INFO - [2023-12-03T19:23:57.648+0000] {dag.py:3722} INFO - Setting next_dagrun for tutorial to 2023-12-02T19:23:57.648600+00:00, run_after=2023-12-03T19:23:57.648600+00:00
[2023-12-03T19:23:57.678+0000] {processor.py:179} INFO - Processing /home/airflow/.local/lib/python3.8/site-packages/airflow/example_dags/tutorial.py took 0.135 seconds
[2023-12-03T19:24:27.873+0000] {processor.py:157} INFO - Started process (PID=533) to work on /home/airflow/.local/lib/python3.8/site-packages/airflow/example_dags/tutorial.py
[2023-12-03T19:24:27.875+0000] {processor.py:829} INFO - Processing file /home/airflow/.local/lib/python3.8/site-packages/airflow/example_dags/tutorial.py for tasks to queue
[2023-12-03T19:24:27.877+0000] {logging_mixin.py:154} INFO - [2023-12-03T19:24:27.876+0000] {dagbag.py:536} INFO - Filling up the DagBag from /home/airflow/.local/lib/python3.8/site-packages/airflow/example_dags/tutorial.py
[2023-12-03T19:24:27.888+0000] {processor.py:839} INFO - DAG(s) dict_keys(['tutorial']) retrieved from /home/airflow/.local/lib/python3.8/site-packages/airflow/example_dags/tutorial.py
[2023-12-03T19:24:27.913+0000] {logging_mixin.py:154} INFO - [2023-12-03T19:24:27.912+0000] {dag.py:2941} INFO - Sync 1 DAGs
[2023-12-03T19:24:27.934+0000] {logging_mixin.py:154} INFO - [2023-12-03T19:24:27.934+0000] {dag.py:3722} INFO - Setting next_dagrun for tutorial to 2023-12-02T19:24:27.933765+00:00, run_after=2023-12-03T19:24:27.933765+00:00
[2023-12-03T19:24:27.949+0000] {processor.py:179} INFO - Processing /home/airflow/.local/lib/python3.8/site-packages/airflow/example_dags/tutorial.py took 0.081 seconds
[2023-12-03T19:24:58.564+0000] {processor.py:157} INFO - Started process (PID=771) to work on /home/airflow/.local/lib/python3.8/site-packages/airflow/example_dags/tutorial.py
[2023-12-03T19:24:58.566+0000] {processor.py:829} INFO - Processing file /home/airflow/.local/lib/python3.8/site-packages/airflow/example_dags/tutorial.py for tasks to queue
[2023-12-03T19:24:58.568+0000] {logging_mixin.py:154} INFO - [2023-12-03T19:24:58.567+0000] {dagbag.py:536} INFO - Filling up the DagBag from /home/airflow/.local/lib/python3.8/site-packages/airflow/example_dags/tutorial.py
[2023-12-03T19:24:58.580+0000] {processor.py:839} INFO - DAG(s) dict_keys(['tutorial']) retrieved from /home/airflow/.local/lib/python3.8/site-packages/airflow/example_dags/tutorial.py
[2023-12-03T19:24:58.613+0000] {logging_mixin.py:154} INFO - [2023-12-03T19:24:58.613+0000] {dag.py:2941} INFO - Sync 1 DAGs
[2023-12-03T19:24:58.649+0000] {logging_mixin.py:154} INFO - [2023-12-03T19:24:58.649+0000] {dag.py:3722} INFO - Setting next_dagrun for tutorial to 2023-12-02T19:24:58.648609+00:00, run_after=2023-12-03T19:24:58.648609+00:00
[2023-12-03T19:24:58.677+0000] {processor.py:179} INFO - Processing /home/airflow/.local/lib/python3.8/site-packages/airflow/example_dags/tutorial.py took 0.119 seconds
[2023-12-03T19:25:29.346+0000] {processor.py:157} INFO - Started process (PID=1007) to work on /home/airflow/.local/lib/python3.8/site-packages/airflow/example_dags/tutorial.py
[2023-12-03T19:25:29.348+0000] {processor.py:829} INFO - Processing file /home/airflow/.local/lib/python3.8/site-packages/airflow/example_dags/tutorial.py for tasks to queue
[2023-12-03T19:25:29.350+0000] {logging_mixin.py:154} INFO - [2023-12-03T19:25:29.349+0000] {dagbag.py:536} INFO - Filling up the DagBag from /home/airflow/.local/lib/python3.8/site-packages/airflow/example_dags/tutorial.py
[2023-12-03T19:25:29.360+0000] {processor.py:839} INFO - DAG(s) dict_keys(['tutorial']) retrieved from /home/airflow/.local/lib/python3.8/site-packages/airflow/example_dags/tutorial.py
[2023-12-03T19:25:29.379+0000] {logging_mixin.py:154} INFO - [2023-12-03T19:25:29.379+0000] {dag.py:2941} INFO - Sync 1 DAGs
[2023-12-03T19:25:29.398+0000] {logging_mixin.py:154} INFO - [2023-12-03T19:25:29.398+0000] {dag.py:3722} INFO - Setting next_dagrun for tutorial to 2023-12-02T19:25:29.398062+00:00, run_after=2023-12-03T19:25:29.398062+00:00
[2023-12-03T19:25:29.413+0000] {processor.py:179} INFO - Processing /home/airflow/.local/lib/python3.8/site-packages/airflow/example_dags/tutorial.py took 0.073 seconds
[2023-12-03T19:26:01.089+0000] {processor.py:157} INFO - Started process (PID=1245) to work on /home/airflow/.local/lib/python3.8/site-packages/airflow/example_dags/tutorial.py
[2023-12-03T19:26:01.090+0000] {processor.py:829} INFO - Processing file /home/airflow/.local/lib/python3.8/site-packages/airflow/example_dags/tutorial.py for tasks to queue
[2023-12-03T19:26:01.091+0000] {logging_mixin.py:154} INFO - [2023-12-03T19:26:01.091+0000] {dagbag.py:536} INFO - Filling up the DagBag from /home/airflow/.local/lib/python3.8/site-packages/airflow/example_dags/tutorial.py
[2023-12-03T19:26:01.098+0000] {processor.py:839} INFO - DAG(s) dict_keys(['tutorial']) retrieved from /home/airflow/.local/lib/python3.8/site-packages/airflow/example_dags/tutorial.py
[2023-12-03T19:26:01.116+0000] {logging_mixin.py:154} INFO - [2023-12-03T19:26:01.116+0000] {dag.py:2941} INFO - Sync 1 DAGs
[2023-12-03T19:26:01.132+0000] {logging_mixin.py:154} INFO - [2023-12-03T19:26:01.132+0000] {dag.py:3722} INFO - Setting next_dagrun for tutorial to 2023-12-02T19:26:01.132399+00:00, run_after=2023-12-03T19:26:01.132399+00:00
[2023-12-03T19:26:01.148+0000] {processor.py:179} INFO - Processing /home/airflow/.local/lib/python3.8/site-packages/airflow/example_dags/tutorial.py took 0.062 seconds
[2023-12-03T19:26:31.887+0000] {processor.py:157} INFO - Started process (PID=1483) to work on /home/airflow/.local/lib/python3.8/site-packages/airflow/example_dags/tutorial.py
[2023-12-03T19:26:31.890+0000] {processor.py:829} INFO - Processing file /home/airflow/.local/lib/python3.8/site-packages/airflow/example_dags/tutorial.py for tasks to queue
[2023-12-03T19:26:31.894+0000] {logging_mixin.py:154} INFO - [2023-12-03T19:26:31.893+0000] {dagbag.py:536} INFO - Filling up the DagBag from /home/airflow/.local/lib/python3.8/site-packages/airflow/example_dags/tutorial.py
[2023-12-03T19:26:31.915+0000] {processor.py:839} INFO - DAG(s) dict_keys(['tutorial']) retrieved from /home/airflow/.local/lib/python3.8/site-packages/airflow/example_dags/tutorial.py
[2023-12-03T19:26:31.961+0000] {logging_mixin.py:154} INFO - [2023-12-03T19:26:31.961+0000] {dag.py:2941} INFO - Sync 1 DAGs
[2023-12-03T19:26:32.001+0000] {logging_mixin.py:154} INFO - [2023-12-03T19:26:32.000+0000] {dag.py:3722} INFO - Setting next_dagrun for tutorial to 2023-12-02T19:26:32.000305+00:00, run_after=2023-12-03T19:26:32.000305+00:00
[2023-12-03T19:26:32.031+0000] {processor.py:179} INFO - Processing /home/airflow/.local/lib/python3.8/site-packages/airflow/example_dags/tutorial.py took 0.154 seconds
[2023-12-03T19:27:03.012+0000] {processor.py:157} INFO - Started process (PID=1721) to work on /home/airflow/.local/lib/python3.8/site-packages/airflow/example_dags/tutorial.py
[2023-12-03T19:27:03.017+0000] {processor.py:829} INFO - Processing file /home/airflow/.local/lib/python3.8/site-packages/airflow/example_dags/tutorial.py for tasks to queue
[2023-12-03T19:27:03.025+0000] {logging_mixin.py:154} INFO - [2023-12-03T19:27:03.024+0000] {dagbag.py:536} INFO - Filling up the DagBag from /home/airflow/.local/lib/python3.8/site-packages/airflow/example_dags/tutorial.py
[2023-12-03T19:27:03.043+0000] {processor.py:839} INFO - DAG(s) dict_keys(['tutorial']) retrieved from /home/airflow/.local/lib/python3.8/site-packages/airflow/example_dags/tutorial.py
[2023-12-03T19:27:03.097+0000] {logging_mixin.py:154} INFO - [2023-12-03T19:27:03.097+0000] {dag.py:2941} INFO - Sync 1 DAGs
[2023-12-03T19:27:03.132+0000] {logging_mixin.py:154} INFO - [2023-12-03T19:27:03.132+0000] {dag.py:3722} INFO - Setting next_dagrun for tutorial to 2023-12-02T19:27:03.131775+00:00, run_after=2023-12-03T19:27:03.131775+00:00
[2023-12-03T19:27:03.152+0000] {processor.py:179} INFO - Processing /home/airflow/.local/lib/python3.8/site-packages/airflow/example_dags/tutorial.py took 0.156 seconds
[2023-12-03T19:27:33.307+0000] {processor.py:157} INFO - Started process (PID=1962) to work on /home/airflow/.local/lib/python3.8/site-packages/airflow/example_dags/tutorial.py
[2023-12-03T19:27:33.308+0000] {processor.py:829} INFO - Processing file /home/airflow/.local/lib/python3.8/site-packages/airflow/example_dags/tutorial.py for tasks to queue
[2023-12-03T19:27:33.309+0000] {logging_mixin.py:154} INFO - [2023-12-03T19:27:33.309+0000] {dagbag.py:536} INFO - Filling up the DagBag from /home/airflow/.local/lib/python3.8/site-packages/airflow/example_dags/tutorial.py
[2023-12-03T19:27:33.316+0000] {processor.py:839} INFO - DAG(s) dict_keys(['tutorial']) retrieved from /home/airflow/.local/lib/python3.8/site-packages/airflow/example_dags/tutorial.py
[2023-12-03T19:27:33.337+0000] {logging_mixin.py:154} INFO - [2023-12-03T19:27:33.337+0000] {dag.py:2941} INFO - Sync 1 DAGs
[2023-12-03T19:27:33.356+0000] {logging_mixin.py:154} INFO - [2023-12-03T19:27:33.355+0000] {dag.py:3722} INFO - Setting next_dagrun for tutorial to 2023-12-02T19:27:33.355664+00:00, run_after=2023-12-03T19:27:33.355664+00:00
[2023-12-03T19:27:33.370+0000] {processor.py:179} INFO - Processing /home/airflow/.local/lib/python3.8/site-packages/airflow/example_dags/tutorial.py took 0.067 seconds
[2023-12-03T19:28:03.713+0000] {processor.py:157} INFO - Started process (PID=2203) to work on /home/airflow/.local/lib/python3.8/site-packages/airflow/example_dags/tutorial.py
[2023-12-03T19:28:03.714+0000] {processor.py:829} INFO - Processing file /home/airflow/.local/lib/python3.8/site-packages/airflow/example_dags/tutorial.py for tasks to queue
[2023-12-03T19:28:03.715+0000] {logging_mixin.py:154} INFO - [2023-12-03T19:28:03.715+0000] {dagbag.py:536} INFO - Filling up the DagBag from /home/airflow/.local/lib/python3.8/site-packages/airflow/example_dags/tutorial.py
[2023-12-03T19:28:03.726+0000] {processor.py:839} INFO - DAG(s) dict_keys(['tutorial']) retrieved from /home/airflow/.local/lib/python3.8/site-packages/airflow/example_dags/tutorial.py
[2023-12-03T19:28:03.761+0000] {logging_mixin.py:154} INFO - [2023-12-03T19:28:03.761+0000] {dag.py:2941} INFO - Sync 1 DAGs
[2023-12-03T19:28:03.780+0000] {logging_mixin.py:154} INFO - [2023-12-03T19:28:03.780+0000] {dag.py:3722} INFO - Setting next_dagrun for tutorial to 2023-12-02T19:28:03.780095+00:00, run_after=2023-12-03T19:28:03.780095+00:00
[2023-12-03T19:28:03.795+0000] {processor.py:179} INFO - Processing /home/airflow/.local/lib/python3.8/site-packages/airflow/example_dags/tutorial.py took 0.086 seconds
[2023-12-03T19:28:34.544+0000] {processor.py:157} INFO - Started process (PID=2443) to work on /home/airflow/.local/lib/python3.8/site-packages/airflow/example_dags/tutorial.py
[2023-12-03T19:28:34.545+0000] {processor.py:829} INFO - Processing file /home/airflow/.local/lib/python3.8/site-packages/airflow/example_dags/tutorial.py for tasks to queue
[2023-12-03T19:28:34.546+0000] {logging_mixin.py:154} INFO - [2023-12-03T19:28:34.546+0000] {dagbag.py:536} INFO - Filling up the DagBag from /home/airflow/.local/lib/python3.8/site-packages/airflow/example_dags/tutorial.py
[2023-12-03T19:28:34.552+0000] {processor.py:839} INFO - DAG(s) dict_keys(['tutorial']) retrieved from /home/airflow/.local/lib/python3.8/site-packages/airflow/example_dags/tutorial.py
[2023-12-03T19:28:34.572+0000] {logging_mixin.py:154} INFO - [2023-12-03T19:28:34.571+0000] {dag.py:2941} INFO - Sync 1 DAGs
[2023-12-03T19:28:34.590+0000] {logging_mixin.py:154} INFO - [2023-12-03T19:28:34.590+0000] {dag.py:3722} INFO - Setting next_dagrun for tutorial to 2023-12-02T19:28:34.589947+00:00, run_after=2023-12-03T19:28:34.589947+00:00
[2023-12-03T19:28:34.603+0000] {processor.py:179} INFO - Processing /home/airflow/.local/lib/python3.8/site-packages/airflow/example_dags/tutorial.py took 0.063 seconds
[2023-12-03T19:29:04.793+0000] {processor.py:157} INFO - Started process (PID=2683) to work on /home/airflow/.local/lib/python3.8/site-packages/airflow/example_dags/tutorial.py
[2023-12-03T19:29:04.794+0000] {processor.py:829} INFO - Processing file /home/airflow/.local/lib/python3.8/site-packages/airflow/example_dags/tutorial.py for tasks to queue
[2023-12-03T19:29:04.795+0000] {logging_mixin.py:154} INFO - [2023-12-03T19:29:04.795+0000] {dagbag.py:536} INFO - Filling up the DagBag from /home/airflow/.local/lib/python3.8/site-packages/airflow/example_dags/tutorial.py
[2023-12-03T19:29:04.804+0000] {processor.py:839} INFO - DAG(s) dict_keys(['tutorial']) retrieved from /home/airflow/.local/lib/python3.8/site-packages/airflow/example_dags/tutorial.py
[2023-12-03T19:29:04.831+0000] {logging_mixin.py:154} INFO - [2023-12-03T19:29:04.831+0000] {dag.py:2941} INFO - Sync 1 DAGs
[2023-12-03T19:29:04.860+0000] {logging_mixin.py:154} INFO - [2023-12-03T19:29:04.860+0000] {dag.py:3722} INFO - Setting next_dagrun for tutorial to 2023-12-02T19:29:04.860407+00:00, run_after=2023-12-03T19:29:04.860407+00:00
[2023-12-03T19:29:04.880+0000] {processor.py:179} INFO - Processing /home/airflow/.local/lib/python3.8/site-packages/airflow/example_dags/tutorial.py took 0.091 seconds
[2023-12-03T19:29:36.616+0000] {processor.py:157} INFO - Started process (PID=2919) to work on /home/airflow/.local/lib/python3.8/site-packages/airflow/example_dags/tutorial.py
[2023-12-03T19:29:36.618+0000] {processor.py:829} INFO - Processing file /home/airflow/.local/lib/python3.8/site-packages/airflow/example_dags/tutorial.py for tasks to queue
[2023-12-03T19:29:36.619+0000] {logging_mixin.py:154} INFO - [2023-12-03T19:29:36.619+0000] {dagbag.py:536} INFO - Filling up the DagBag from /home/airflow/.local/lib/python3.8/site-packages/airflow/example_dags/tutorial.py
[2023-12-03T19:29:36.628+0000] {processor.py:839} INFO - DAG(s) dict_keys(['tutorial']) retrieved from /home/airflow/.local/lib/python3.8/site-packages/airflow/example_dags/tutorial.py
[2023-12-03T19:29:36.652+0000] {logging_mixin.py:154} INFO - [2023-12-03T19:29:36.652+0000] {dag.py:2941} INFO - Sync 1 DAGs
[2023-12-03T19:29:36.675+0000] {logging_mixin.py:154} INFO - [2023-12-03T19:29:36.674+0000] {dag.py:3722} INFO - Setting next_dagrun for tutorial to 2023-12-02T19:29:36.674532+00:00, run_after=2023-12-03T19:29:36.674532+00:00
[2023-12-03T19:29:36.694+0000] {processor.py:179} INFO - Processing /home/airflow/.local/lib/python3.8/site-packages/airflow/example_dags/tutorial.py took 0.082 seconds
[2023-12-03T19:30:06.998+0000] {processor.py:157} INFO - Started process (PID=3157) to work on /home/airflow/.local/lib/python3.8/site-packages/airflow/example_dags/tutorial.py
[2023-12-03T19:30:06.999+0000] {processor.py:829} INFO - Processing file /home/airflow/.local/lib/python3.8/site-packages/airflow/example_dags/tutorial.py for tasks to queue
[2023-12-03T19:30:07.000+0000] {logging_mixin.py:154} INFO - [2023-12-03T19:30:07.000+0000] {dagbag.py:536} INFO - Filling up the DagBag from /home/airflow/.local/lib/python3.8/site-packages/airflow/example_dags/tutorial.py
[2023-12-03T19:30:07.008+0000] {processor.py:839} INFO - DAG(s) dict_keys(['tutorial']) retrieved from /home/airflow/.local/lib/python3.8/site-packages/airflow/example_dags/tutorial.py
[2023-12-03T19:30:07.025+0000] {logging_mixin.py:154} INFO - [2023-12-03T19:30:07.025+0000] {dag.py:2941} INFO - Sync 1 DAGs
[2023-12-03T19:30:07.042+0000] {logging_mixin.py:154} INFO - [2023-12-03T19:30:07.041+0000] {dag.py:3722} INFO - Setting next_dagrun for tutorial to 2023-12-02T19:30:07.041790+00:00, run_after=2023-12-03T19:30:07.041790+00:00
[2023-12-03T19:30:07.055+0000] {processor.py:179} INFO - Processing /home/airflow/.local/lib/python3.8/site-packages/airflow/example_dags/tutorial.py took 0.060 seconds
