[2024-01-17T19:22:38.277+0000] {taskinstance.py:1957} INFO - Dependencies all met for dep_context=non-requeueable deps ti=<TaskInstance: OLTP_to_OLAP.create_update_dim_product manual__2024-01-17T19:22:33.662494+00:00 [queued]>
[2024-01-17T19:22:38.291+0000] {taskinstance.py:1957} INFO - Dependencies all met for dep_context=requeueable deps ti=<TaskInstance: OLTP_to_OLAP.create_update_dim_product manual__2024-01-17T19:22:33.662494+00:00 [queued]>
[2024-01-17T19:22:38.292+0000] {taskinstance.py:2171} INFO - Starting attempt 1 of 0
[2024-01-17T19:22:38.330+0000] {taskinstance.py:2192} INFO - Executing <Task(BigQueryExecuteQueryOperator): create_update_dim_product> on 2024-01-17 19:22:33.662494+00:00
[2024-01-17T19:22:38.355+0000] {standard_task_runner.py:60} INFO - Started process 6718 to run task
[2024-01-17T19:22:38.396+0000] {standard_task_runner.py:87} INFO - Running: ['***', 'tasks', 'run', 'OLTP_to_OLAP', 'create_update_dim_product', 'manual__2024-01-17T19:22:33.662494+00:00', '--job-id', '84', '--raw', '--subdir', 'DAGS_FOLDER/data_transform_BQ.py', '--cfg-path', '/tmp/tmp8qna0df0']
[2024-01-17T19:22:38.447+0000] {standard_task_runner.py:88} INFO - Job 84: Subtask create_update_dim_product
[2024-01-17T19:22:38.861+0000] {task_command.py:423} INFO - Running <TaskInstance: OLTP_to_OLAP.create_update_dim_product manual__2024-01-17T19:22:33.662494+00:00 [running]> on host 0d972f4a0fb8
[2024-01-17T19:22:39.349+0000] {taskinstance.py:2481} INFO - Exporting env vars: AIRFLOW_CTX_DAG_OWNER='phungquan' AIRFLOW_CTX_DAG_ID='OLTP_to_OLAP' AIRFLOW_CTX_TASK_ID='create_update_dim_product' AIRFLOW_CTX_EXECUTION_DATE='2024-01-17T19:22:33.662494+00:00' AIRFLOW_CTX_TRY_NUMBER='1' AIRFLOW_CTX_DAG_RUN_ID='manual__2024-01-17T19:22:33.662494+00:00'
[2024-01-17T19:22:39.360+0000] {bigquery.py:1245} INFO - Executing: -- Tạo bảng Dim_Products
CREATE OR REPLACE TABLE 
  `OLAP.Dim_Products` AS
SELECT
  products.ProductID,
  products.ProductName,
  products.UnitPrice,
  categories.CategoryID,
  categories.CategoryName,
FROM
  `OLTP.Products` AS products
JOIN
  `OLTP.Categories` AS categories
ON
  products.CategoryID = categories.CategoryID;


[2024-01-17T19:22:39.389+0000] {connection.py:234} WARNING - Connection schemes (type: google_cloud_platform) shall not contain '_' according to RFC3986.
[2024-01-17T19:22:39.397+0000] {base.py:83} INFO - Using connection ID 'google_cloud_default' for task execution.
[2024-01-17T19:22:39.420+0000] {logging_mixin.py:188} WARNING - /home/***/.local/lib/python3.8/site-packages/***/providers/google/cloud/hooks/bigquery.py:2109 AirflowProviderDeprecationWarning: This method is deprecated. Please use `BigQueryHook.insert_job` method.
[2024-01-17T19:22:39.424+0000] {credentials_provider.py:353} INFO - Getting connection using `google.auth.default()` since no explicit credentials are provided.
[2024-01-17T19:22:39.604+0000] {bigquery.py:1596} INFO - Inserting job ***_1705519359594324_b30ad072373c09a70165f4d345c4ac9b
[2024-01-17T19:22:42.463+0000] {taskinstance.py:1138} INFO - Marking task as SUCCESS. dag_id=OLTP_to_OLAP, task_id=create_update_dim_product, execution_date=20240117T192233, start_date=20240117T192238, end_date=20240117T192242
[2024-01-17T19:22:42.577+0000] {local_task_job_runner.py:234} INFO - Task exited with return code 0
[2024-01-17T19:22:42.645+0000] {taskinstance.py:3281} INFO - 0 downstream tasks scheduled from follow-on schedule check
