[2024-01-18T00:22:12.604+0000] {processor.py:161} INFO - Started process (PID=8250) to work on /opt/airflow/dags/GCS_to_BQ.py
[2024-01-18T00:22:12.607+0000] {processor.py:830} INFO - Processing file /opt/airflow/dags/GCS_to_BQ.py for tasks to queue
[2024-01-18T00:22:12.609+0000] {logging_mixin.py:188} INFO - [2024-01-18T00:22:12.608+0000] {dagbag.py:538} INFO - Filling up the DagBag from /opt/airflow/dags/GCS_to_BQ.py
[2024-01-18T00:22:12.626+0000] {processor.py:842} WARNING - No viable dags retrieved from /opt/airflow/dags/GCS_to_BQ.py
[2024-01-18T00:22:12.674+0000] {processor.py:183} INFO - Processing /opt/airflow/dags/GCS_to_BQ.py took 0.081 seconds
[2024-01-18T00:27:11.434+0000] {processor.py:161} INFO - Started process (PID=8290) to work on /opt/airflow/dags/GCS_to_BQ.py
[2024-01-18T00:27:11.457+0000] {processor.py:830} INFO - Processing file /opt/airflow/dags/GCS_to_BQ.py for tasks to queue
[2024-01-18T00:27:11.464+0000] {logging_mixin.py:188} INFO - [2024-01-18T00:27:11.460+0000] {dagbag.py:538} INFO - Filling up the DagBag from /opt/airflow/dags/GCS_to_BQ.py
[2024-01-18T00:27:11.483+0000] {processor.py:842} WARNING - No viable dags retrieved from /opt/airflow/dags/GCS_to_BQ.py
[2024-01-18T00:27:11.588+0000] {processor.py:183} INFO - Processing /opt/airflow/dags/GCS_to_BQ.py took 0.176 seconds
[2024-01-18T00:34:03.533+0000] {processor.py:161} INFO - Started process (PID=8330) to work on /opt/airflow/dags/GCS_to_BQ.py
[2024-01-18T00:34:03.535+0000] {processor.py:830} INFO - Processing file /opt/airflow/dags/GCS_to_BQ.py for tasks to queue
[2024-01-18T00:34:03.539+0000] {logging_mixin.py:188} INFO - [2024-01-18T00:34:03.538+0000] {dagbag.py:538} INFO - Filling up the DagBag from /opt/airflow/dags/GCS_to_BQ.py
[2024-01-18T00:34:03.549+0000] {processor.py:842} WARNING - No viable dags retrieved from /opt/airflow/dags/GCS_to_BQ.py
[2024-01-18T00:34:03.738+0000] {processor.py:183} INFO - Processing /opt/airflow/dags/GCS_to_BQ.py took 0.213 seconds
[2024-01-18T00:34:34.827+0000] {processor.py:161} INFO - Started process (PID=8365) to work on /opt/airflow/dags/GCS_to_BQ.py
[2024-01-18T00:34:34.831+0000] {processor.py:830} INFO - Processing file /opt/airflow/dags/GCS_to_BQ.py for tasks to queue
[2024-01-18T00:34:34.833+0000] {logging_mixin.py:188} INFO - [2024-01-18T00:34:34.832+0000] {dagbag.py:538} INFO - Filling up the DagBag from /opt/airflow/dags/GCS_to_BQ.py
[2024-01-18T00:34:34.843+0000] {processor.py:842} WARNING - No viable dags retrieved from /opt/airflow/dags/GCS_to_BQ.py
[2024-01-18T00:34:34.904+0000] {processor.py:183} INFO - Processing /opt/airflow/dags/GCS_to_BQ.py took 0.111 seconds
[2024-01-18T00:35:05.492+0000] {processor.py:161} INFO - Started process (PID=8403) to work on /opt/airflow/dags/GCS_to_BQ.py
[2024-01-18T00:35:05.508+0000] {processor.py:830} INFO - Processing file /opt/airflow/dags/GCS_to_BQ.py for tasks to queue
[2024-01-18T00:35:05.510+0000] {logging_mixin.py:188} INFO - [2024-01-18T00:35:05.510+0000] {dagbag.py:538} INFO - Filling up the DagBag from /opt/airflow/dags/GCS_to_BQ.py
[2024-01-18T00:35:05.521+0000] {processor.py:842} WARNING - No viable dags retrieved from /opt/airflow/dags/GCS_to_BQ.py
[2024-01-18T00:35:05.575+0000] {processor.py:183} INFO - Processing /opt/airflow/dags/GCS_to_BQ.py took 0.093 seconds
[2024-01-18T00:35:36.231+0000] {processor.py:161} INFO - Started process (PID=8442) to work on /opt/airflow/dags/GCS_to_BQ.py
[2024-01-18T00:35:36.235+0000] {processor.py:830} INFO - Processing file /opt/airflow/dags/GCS_to_BQ.py for tasks to queue
[2024-01-18T00:35:36.237+0000] {logging_mixin.py:188} INFO - [2024-01-18T00:35:36.236+0000] {dagbag.py:538} INFO - Filling up the DagBag from /opt/airflow/dags/GCS_to_BQ.py
[2024-01-18T00:35:36.248+0000] {processor.py:842} WARNING - No viable dags retrieved from /opt/airflow/dags/GCS_to_BQ.py
[2024-01-18T00:35:36.333+0000] {processor.py:183} INFO - Processing /opt/airflow/dags/GCS_to_BQ.py took 0.134 seconds
[2024-01-18T00:36:06.434+0000] {processor.py:161} INFO - Started process (PID=8480) to work on /opt/airflow/dags/GCS_to_BQ.py
[2024-01-18T00:36:06.437+0000] {processor.py:830} INFO - Processing file /opt/airflow/dags/GCS_to_BQ.py for tasks to queue
[2024-01-18T00:36:06.439+0000] {logging_mixin.py:188} INFO - [2024-01-18T00:36:06.438+0000] {dagbag.py:538} INFO - Filling up the DagBag from /opt/airflow/dags/GCS_to_BQ.py
[2024-01-18T00:36:06.448+0000] {processor.py:842} WARNING - No viable dags retrieved from /opt/airflow/dags/GCS_to_BQ.py
[2024-01-18T00:36:06.482+0000] {processor.py:183} INFO - Processing /opt/airflow/dags/GCS_to_BQ.py took 0.057 seconds
[2024-01-18T00:36:37.301+0000] {processor.py:161} INFO - Started process (PID=8518) to work on /opt/airflow/dags/GCS_to_BQ.py
[2024-01-18T00:36:37.306+0000] {processor.py:830} INFO - Processing file /opt/airflow/dags/GCS_to_BQ.py for tasks to queue
[2024-01-18T00:36:37.308+0000] {logging_mixin.py:188} INFO - [2024-01-18T00:36:37.307+0000] {dagbag.py:538} INFO - Filling up the DagBag from /opt/airflow/dags/GCS_to_BQ.py
[2024-01-18T00:36:37.318+0000] {processor.py:842} WARNING - No viable dags retrieved from /opt/airflow/dags/GCS_to_BQ.py
[2024-01-18T00:36:37.375+0000] {processor.py:183} INFO - Processing /opt/airflow/dags/GCS_to_BQ.py took 0.090 seconds
[2024-01-18T00:37:08.023+0000] {processor.py:161} INFO - Started process (PID=8556) to work on /opt/airflow/dags/GCS_to_BQ.py
[2024-01-18T00:37:08.027+0000] {processor.py:830} INFO - Processing file /opt/airflow/dags/GCS_to_BQ.py for tasks to queue
[2024-01-18T00:37:08.038+0000] {logging_mixin.py:188} INFO - [2024-01-18T00:37:08.033+0000] {dagbag.py:538} INFO - Filling up the DagBag from /opt/airflow/dags/GCS_to_BQ.py
[2024-01-18T00:37:08.056+0000] {processor.py:842} WARNING - No viable dags retrieved from /opt/airflow/dags/GCS_to_BQ.py
[2024-01-18T00:37:08.094+0000] {processor.py:183} INFO - Processing /opt/airflow/dags/GCS_to_BQ.py took 0.080 seconds
[2024-01-18T00:37:38.652+0000] {processor.py:161} INFO - Started process (PID=8594) to work on /opt/airflow/dags/GCS_to_BQ.py
[2024-01-18T00:37:38.655+0000] {processor.py:830} INFO - Processing file /opt/airflow/dags/GCS_to_BQ.py for tasks to queue
[2024-01-18T00:37:38.658+0000] {logging_mixin.py:188} INFO - [2024-01-18T00:37:38.657+0000] {dagbag.py:538} INFO - Filling up the DagBag from /opt/airflow/dags/GCS_to_BQ.py
[2024-01-18T00:37:38.681+0000] {processor.py:842} WARNING - No viable dags retrieved from /opt/airflow/dags/GCS_to_BQ.py
[2024-01-18T00:37:38.801+0000] {processor.py:183} INFO - Processing /opt/airflow/dags/GCS_to_BQ.py took 0.158 seconds
[2024-01-18T00:38:09.612+0000] {processor.py:161} INFO - Started process (PID=8632) to work on /opt/airflow/dags/GCS_to_BQ.py
[2024-01-18T00:38:09.615+0000] {processor.py:830} INFO - Processing file /opt/airflow/dags/GCS_to_BQ.py for tasks to queue
[2024-01-18T00:38:09.617+0000] {logging_mixin.py:188} INFO - [2024-01-18T00:38:09.616+0000] {dagbag.py:538} INFO - Filling up the DagBag from /opt/airflow/dags/GCS_to_BQ.py
[2024-01-18T00:38:09.627+0000] {processor.py:842} WARNING - No viable dags retrieved from /opt/airflow/dags/GCS_to_BQ.py
[2024-01-18T00:38:09.682+0000] {processor.py:183} INFO - Processing /opt/airflow/dags/GCS_to_BQ.py took 0.086 seconds
[2024-01-18T00:38:40.282+0000] {processor.py:161} INFO - Started process (PID=8670) to work on /opt/airflow/dags/GCS_to_BQ.py
[2024-01-18T00:38:40.285+0000] {processor.py:830} INFO - Processing file /opt/airflow/dags/GCS_to_BQ.py for tasks to queue
[2024-01-18T00:38:40.288+0000] {logging_mixin.py:188} INFO - [2024-01-18T00:38:40.287+0000] {dagbag.py:538} INFO - Filling up the DagBag from /opt/airflow/dags/GCS_to_BQ.py
[2024-01-18T00:38:40.299+0000] {processor.py:842} WARNING - No viable dags retrieved from /opt/airflow/dags/GCS_to_BQ.py
[2024-01-18T00:38:40.345+0000] {processor.py:183} INFO - Processing /opt/airflow/dags/GCS_to_BQ.py took 0.077 seconds
[2024-01-18T00:39:11.315+0000] {processor.py:161} INFO - Started process (PID=8761) to work on /opt/airflow/dags/GCS_to_BQ.py
[2024-01-18T00:39:11.318+0000] {processor.py:830} INFO - Processing file /opt/airflow/dags/GCS_to_BQ.py for tasks to queue
[2024-01-18T00:39:11.321+0000] {logging_mixin.py:188} INFO - [2024-01-18T00:39:11.320+0000] {dagbag.py:538} INFO - Filling up the DagBag from /opt/airflow/dags/GCS_to_BQ.py
[2024-01-18T00:39:11.333+0000] {processor.py:842} WARNING - No viable dags retrieved from /opt/airflow/dags/GCS_to_BQ.py
[2024-01-18T00:39:11.405+0000] {processor.py:183} INFO - Processing /opt/airflow/dags/GCS_to_BQ.py took 0.124 seconds
[2024-01-18T00:39:41.595+0000] {processor.py:161} INFO - Started process (PID=8864) to work on /opt/airflow/dags/GCS_to_BQ.py
[2024-01-18T00:39:41.598+0000] {processor.py:830} INFO - Processing file /opt/airflow/dags/GCS_to_BQ.py for tasks to queue
[2024-01-18T00:39:41.600+0000] {logging_mixin.py:188} INFO - [2024-01-18T00:39:41.599+0000] {dagbag.py:538} INFO - Filling up the DagBag from /opt/airflow/dags/GCS_to_BQ.py
[2024-01-18T00:39:41.609+0000] {processor.py:842} WARNING - No viable dags retrieved from /opt/airflow/dags/GCS_to_BQ.py
[2024-01-18T00:39:41.642+0000] {processor.py:183} INFO - Processing /opt/airflow/dags/GCS_to_BQ.py took 0.065 seconds
[2024-01-18T00:40:12.553+0000] {processor.py:161} INFO - Started process (PID=8943) to work on /opt/airflow/dags/GCS_to_BQ.py
[2024-01-18T00:40:12.558+0000] {processor.py:830} INFO - Processing file /opt/airflow/dags/GCS_to_BQ.py for tasks to queue
[2024-01-18T00:40:12.562+0000] {logging_mixin.py:188} INFO - [2024-01-18T00:40:12.560+0000] {dagbag.py:538} INFO - Filling up the DagBag from /opt/airflow/dags/GCS_to_BQ.py
[2024-01-18T00:40:12.581+0000] {processor.py:842} WARNING - No viable dags retrieved from /opt/airflow/dags/GCS_to_BQ.py
[2024-01-18T00:40:12.615+0000] {processor.py:183} INFO - Processing /opt/airflow/dags/GCS_to_BQ.py took 0.076 seconds
[2024-01-18T00:40:43.285+0000] {processor.py:161} INFO - Started process (PID=8981) to work on /opt/airflow/dags/GCS_to_BQ.py
[2024-01-18T00:40:43.289+0000] {processor.py:830} INFO - Processing file /opt/airflow/dags/GCS_to_BQ.py for tasks to queue
[2024-01-18T00:40:43.291+0000] {logging_mixin.py:188} INFO - [2024-01-18T00:40:43.291+0000] {dagbag.py:538} INFO - Filling up the DagBag from /opt/airflow/dags/GCS_to_BQ.py
[2024-01-18T00:40:43.310+0000] {processor.py:842} WARNING - No viable dags retrieved from /opt/airflow/dags/GCS_to_BQ.py
[2024-01-18T00:40:43.366+0000] {processor.py:183} INFO - Processing /opt/airflow/dags/GCS_to_BQ.py took 0.090 seconds
[2024-01-18T00:41:13.536+0000] {processor.py:161} INFO - Started process (PID=9019) to work on /opt/airflow/dags/GCS_to_BQ.py
[2024-01-18T00:41:13.545+0000] {processor.py:830} INFO - Processing file /opt/airflow/dags/GCS_to_BQ.py for tasks to queue
[2024-01-18T00:41:13.558+0000] {logging_mixin.py:188} INFO - [2024-01-18T00:41:13.552+0000] {dagbag.py:538} INFO - Filling up the DagBag from /opt/airflow/dags/GCS_to_BQ.py
[2024-01-18T00:41:13.568+0000] {processor.py:842} WARNING - No viable dags retrieved from /opt/airflow/dags/GCS_to_BQ.py
[2024-01-18T00:41:13.617+0000] {processor.py:183} INFO - Processing /opt/airflow/dags/GCS_to_BQ.py took 0.108 seconds
[2024-01-18T00:41:44.091+0000] {processor.py:161} INFO - Started process (PID=9057) to work on /opt/airflow/dags/GCS_to_BQ.py
[2024-01-18T00:41:44.096+0000] {processor.py:830} INFO - Processing file /opt/airflow/dags/GCS_to_BQ.py for tasks to queue
[2024-01-18T00:41:44.100+0000] {logging_mixin.py:188} INFO - [2024-01-18T00:41:44.098+0000] {dagbag.py:538} INFO - Filling up the DagBag from /opt/airflow/dags/GCS_to_BQ.py
[2024-01-18T00:41:44.137+0000] {processor.py:842} WARNING - No viable dags retrieved from /opt/airflow/dags/GCS_to_BQ.py
[2024-01-18T00:41:44.251+0000] {processor.py:183} INFO - Processing /opt/airflow/dags/GCS_to_BQ.py took 0.191 seconds
[2024-01-18T00:42:14.731+0000] {processor.py:161} INFO - Started process (PID=9095) to work on /opt/airflow/dags/GCS_to_BQ.py
[2024-01-18T00:42:14.734+0000] {processor.py:830} INFO - Processing file /opt/airflow/dags/GCS_to_BQ.py for tasks to queue
[2024-01-18T00:42:14.744+0000] {logging_mixin.py:188} INFO - [2024-01-18T00:42:14.739+0000] {dagbag.py:538} INFO - Filling up the DagBag from /opt/airflow/dags/GCS_to_BQ.py
[2024-01-18T00:42:14.766+0000] {processor.py:842} WARNING - No viable dags retrieved from /opt/airflow/dags/GCS_to_BQ.py
[2024-01-18T00:42:14.805+0000] {processor.py:183} INFO - Processing /opt/airflow/dags/GCS_to_BQ.py took 0.083 seconds
[2024-01-18T00:42:45.151+0000] {processor.py:161} INFO - Started process (PID=9133) to work on /opt/airflow/dags/GCS_to_BQ.py
[2024-01-18T00:42:45.154+0000] {processor.py:830} INFO - Processing file /opt/airflow/dags/GCS_to_BQ.py for tasks to queue
[2024-01-18T00:42:45.156+0000] {logging_mixin.py:188} INFO - [2024-01-18T00:42:45.156+0000] {dagbag.py:538} INFO - Filling up the DagBag from /opt/airflow/dags/GCS_to_BQ.py
[2024-01-18T00:42:45.169+0000] {processor.py:842} WARNING - No viable dags retrieved from /opt/airflow/dags/GCS_to_BQ.py
[2024-01-18T00:42:45.225+0000] {processor.py:183} INFO - Processing /opt/airflow/dags/GCS_to_BQ.py took 0.087 seconds
[2024-01-18T00:43:15.851+0000] {processor.py:161} INFO - Started process (PID=9171) to work on /opt/airflow/dags/GCS_to_BQ.py
[2024-01-18T00:43:15.853+0000] {processor.py:830} INFO - Processing file /opt/airflow/dags/GCS_to_BQ.py for tasks to queue
[2024-01-18T00:43:15.855+0000] {logging_mixin.py:188} INFO - [2024-01-18T00:43:15.854+0000] {dagbag.py:538} INFO - Filling up the DagBag from /opt/airflow/dags/GCS_to_BQ.py
[2024-01-18T00:43:15.880+0000] {processor.py:842} WARNING - No viable dags retrieved from /opt/airflow/dags/GCS_to_BQ.py
[2024-01-18T00:43:15.924+0000] {processor.py:183} INFO - Processing /opt/airflow/dags/GCS_to_BQ.py took 0.086 seconds
[2024-01-18T00:43:46.666+0000] {processor.py:161} INFO - Started process (PID=9209) to work on /opt/airflow/dags/GCS_to_BQ.py
[2024-01-18T00:43:46.670+0000] {processor.py:830} INFO - Processing file /opt/airflow/dags/GCS_to_BQ.py for tasks to queue
[2024-01-18T00:43:46.672+0000] {logging_mixin.py:188} INFO - [2024-01-18T00:43:46.671+0000] {dagbag.py:538} INFO - Filling up the DagBag from /opt/airflow/dags/GCS_to_BQ.py
[2024-01-18T00:43:46.682+0000] {processor.py:842} WARNING - No viable dags retrieved from /opt/airflow/dags/GCS_to_BQ.py
[2024-01-18T00:43:46.714+0000] {processor.py:183} INFO - Processing /opt/airflow/dags/GCS_to_BQ.py took 0.073 seconds
[2024-01-18T00:44:16.873+0000] {processor.py:161} INFO - Started process (PID=9252) to work on /opt/airflow/dags/GCS_to_BQ.py
[2024-01-18T00:44:16.874+0000] {processor.py:830} INFO - Processing file /opt/airflow/dags/GCS_to_BQ.py for tasks to queue
[2024-01-18T00:44:16.876+0000] {logging_mixin.py:188} INFO - [2024-01-18T00:44:16.876+0000] {dagbag.py:538} INFO - Filling up the DagBag from /opt/airflow/dags/GCS_to_BQ.py
[2024-01-18T00:44:16.880+0000] {processor.py:842} WARNING - No viable dags retrieved from /opt/airflow/dags/GCS_to_BQ.py
[2024-01-18T00:44:16.906+0000] {processor.py:183} INFO - Processing /opt/airflow/dags/GCS_to_BQ.py took 0.044 seconds
[2024-01-18T00:44:47.520+0000] {processor.py:161} INFO - Started process (PID=9283) to work on /opt/airflow/dags/GCS_to_BQ.py
[2024-01-18T00:44:47.522+0000] {processor.py:830} INFO - Processing file /opt/airflow/dags/GCS_to_BQ.py for tasks to queue
[2024-01-18T00:44:47.523+0000] {logging_mixin.py:188} INFO - [2024-01-18T00:44:47.522+0000] {dagbag.py:538} INFO - Filling up the DagBag from /opt/airflow/dags/GCS_to_BQ.py
[2024-01-18T00:44:47.527+0000] {processor.py:842} WARNING - No viable dags retrieved from /opt/airflow/dags/GCS_to_BQ.py
[2024-01-18T00:44:47.548+0000] {processor.py:183} INFO - Processing /opt/airflow/dags/GCS_to_BQ.py took 0.034 seconds
[2024-01-18T00:45:18.245+0000] {processor.py:161} INFO - Started process (PID=9314) to work on /opt/airflow/dags/GCS_to_BQ.py
[2024-01-18T00:45:18.247+0000] {processor.py:830} INFO - Processing file /opt/airflow/dags/GCS_to_BQ.py for tasks to queue
[2024-01-18T00:45:18.248+0000] {logging_mixin.py:188} INFO - [2024-01-18T00:45:18.248+0000] {dagbag.py:538} INFO - Filling up the DagBag from /opt/airflow/dags/GCS_to_BQ.py
[2024-01-18T00:45:18.257+0000] {processor.py:842} WARNING - No viable dags retrieved from /opt/airflow/dags/GCS_to_BQ.py
[2024-01-18T00:45:18.303+0000] {processor.py:183} INFO - Processing /opt/airflow/dags/GCS_to_BQ.py took 0.067 seconds
[2024-01-18T00:45:49.005+0000] {processor.py:161} INFO - Started process (PID=9349) to work on /opt/airflow/dags/GCS_to_BQ.py
[2024-01-18T00:45:49.015+0000] {processor.py:830} INFO - Processing file /opt/airflow/dags/GCS_to_BQ.py for tasks to queue
[2024-01-18T00:45:49.022+0000] {logging_mixin.py:188} INFO - [2024-01-18T00:45:49.020+0000] {dagbag.py:538} INFO - Filling up the DagBag from /opt/airflow/dags/GCS_to_BQ.py
[2024-01-18T00:45:49.042+0000] {processor.py:842} WARNING - No viable dags retrieved from /opt/airflow/dags/GCS_to_BQ.py
[2024-01-18T00:45:49.129+0000] {processor.py:183} INFO - Processing /opt/airflow/dags/GCS_to_BQ.py took 0.150 seconds
[2024-01-18T00:46:19.369+0000] {processor.py:161} INFO - Started process (PID=9387) to work on /opt/airflow/dags/GCS_to_BQ.py
[2024-01-18T00:46:19.378+0000] {processor.py:830} INFO - Processing file /opt/airflow/dags/GCS_to_BQ.py for tasks to queue
[2024-01-18T00:46:19.383+0000] {logging_mixin.py:188} INFO - [2024-01-18T00:46:19.382+0000] {dagbag.py:538} INFO - Filling up the DagBag from /opt/airflow/dags/GCS_to_BQ.py
[2024-01-18T00:46:19.392+0000] {processor.py:842} WARNING - No viable dags retrieved from /opt/airflow/dags/GCS_to_BQ.py
[2024-01-18T00:46:19.429+0000] {processor.py:183} INFO - Processing /opt/airflow/dags/GCS_to_BQ.py took 0.078 seconds
[2024-01-18T00:46:49.867+0000] {processor.py:161} INFO - Started process (PID=9425) to work on /opt/airflow/dags/GCS_to_BQ.py
[2024-01-18T00:46:49.873+0000] {processor.py:830} INFO - Processing file /opt/airflow/dags/GCS_to_BQ.py for tasks to queue
[2024-01-18T00:46:49.878+0000] {logging_mixin.py:188} INFO - [2024-01-18T00:46:49.876+0000] {dagbag.py:538} INFO - Filling up the DagBag from /opt/airflow/dags/GCS_to_BQ.py
[2024-01-18T00:46:49.895+0000] {processor.py:842} WARNING - No viable dags retrieved from /opt/airflow/dags/GCS_to_BQ.py
[2024-01-18T00:46:49.926+0000] {processor.py:183} INFO - Processing /opt/airflow/dags/GCS_to_BQ.py took 0.071 seconds
[2024-01-18T00:47:20.200+0000] {processor.py:161} INFO - Started process (PID=9463) to work on /opt/airflow/dags/GCS_to_BQ.py
[2024-01-18T00:47:20.204+0000] {processor.py:830} INFO - Processing file /opt/airflow/dags/GCS_to_BQ.py for tasks to queue
[2024-01-18T00:47:20.207+0000] {logging_mixin.py:188} INFO - [2024-01-18T00:47:20.206+0000] {dagbag.py:538} INFO - Filling up the DagBag from /opt/airflow/dags/GCS_to_BQ.py
[2024-01-18T00:47:20.217+0000] {processor.py:842} WARNING - No viable dags retrieved from /opt/airflow/dags/GCS_to_BQ.py
[2024-01-18T00:47:20.263+0000] {processor.py:183} INFO - Processing /opt/airflow/dags/GCS_to_BQ.py took 0.079 seconds
[2024-01-18T00:47:51.063+0000] {processor.py:161} INFO - Started process (PID=9502) to work on /opt/airflow/dags/GCS_to_BQ.py
[2024-01-18T00:47:51.067+0000] {processor.py:830} INFO - Processing file /opt/airflow/dags/GCS_to_BQ.py for tasks to queue
[2024-01-18T00:47:51.071+0000] {logging_mixin.py:188} INFO - [2024-01-18T00:47:51.070+0000] {dagbag.py:538} INFO - Filling up the DagBag from /opt/airflow/dags/GCS_to_BQ.py
[2024-01-18T00:47:51.100+0000] {processor.py:842} WARNING - No viable dags retrieved from /opt/airflow/dags/GCS_to_BQ.py
[2024-01-18T00:47:51.145+0000] {processor.py:183} INFO - Processing /opt/airflow/dags/GCS_to_BQ.py took 0.101 seconds
[2024-01-18T00:48:21.438+0000] {processor.py:161} INFO - Started process (PID=9545) to work on /opt/airflow/dags/GCS_to_BQ.py
[2024-01-18T00:48:21.446+0000] {processor.py:830} INFO - Processing file /opt/airflow/dags/GCS_to_BQ.py for tasks to queue
[2024-01-18T00:48:21.449+0000] {logging_mixin.py:188} INFO - [2024-01-18T00:48:21.448+0000] {dagbag.py:538} INFO - Filling up the DagBag from /opt/airflow/dags/GCS_to_BQ.py
[2024-01-18T00:48:21.460+0000] {processor.py:842} WARNING - No viable dags retrieved from /opt/airflow/dags/GCS_to_BQ.py
[2024-01-18T00:48:21.520+0000] {processor.py:183} INFO - Processing /opt/airflow/dags/GCS_to_BQ.py took 0.114 seconds
[2024-01-18T00:48:51.909+0000] {processor.py:161} INFO - Started process (PID=9583) to work on /opt/airflow/dags/GCS_to_BQ.py
[2024-01-18T00:48:51.915+0000] {processor.py:830} INFO - Processing file /opt/airflow/dags/GCS_to_BQ.py for tasks to queue
[2024-01-18T00:48:51.924+0000] {logging_mixin.py:188} INFO - [2024-01-18T00:48:51.921+0000] {dagbag.py:538} INFO - Filling up the DagBag from /opt/airflow/dags/GCS_to_BQ.py
[2024-01-18T00:48:51.943+0000] {processor.py:842} WARNING - No viable dags retrieved from /opt/airflow/dags/GCS_to_BQ.py
[2024-01-18T00:48:52.005+0000] {processor.py:183} INFO - Processing /opt/airflow/dags/GCS_to_BQ.py took 0.130 seconds
[2024-01-18T00:49:22.294+0000] {processor.py:161} INFO - Started process (PID=9621) to work on /opt/airflow/dags/GCS_to_BQ.py
[2024-01-18T00:49:22.297+0000] {processor.py:830} INFO - Processing file /opt/airflow/dags/GCS_to_BQ.py for tasks to queue
[2024-01-18T00:49:22.299+0000] {logging_mixin.py:188} INFO - [2024-01-18T00:49:22.298+0000] {dagbag.py:538} INFO - Filling up the DagBag from /opt/airflow/dags/GCS_to_BQ.py
[2024-01-18T00:49:22.308+0000] {processor.py:842} WARNING - No viable dags retrieved from /opt/airflow/dags/GCS_to_BQ.py
[2024-01-18T00:49:22.349+0000] {processor.py:183} INFO - Processing /opt/airflow/dags/GCS_to_BQ.py took 0.072 seconds
[2024-01-18T00:49:53.051+0000] {processor.py:161} INFO - Started process (PID=9659) to work on /opt/airflow/dags/GCS_to_BQ.py
[2024-01-18T00:49:53.056+0000] {processor.py:830} INFO - Processing file /opt/airflow/dags/GCS_to_BQ.py for tasks to queue
[2024-01-18T00:49:53.071+0000] {logging_mixin.py:188} INFO - [2024-01-18T00:49:53.067+0000] {dagbag.py:538} INFO - Filling up the DagBag from /opt/airflow/dags/GCS_to_BQ.py
[2024-01-18T00:49:53.086+0000] {processor.py:842} WARNING - No viable dags retrieved from /opt/airflow/dags/GCS_to_BQ.py
[2024-01-18T00:49:53.129+0000] {processor.py:183} INFO - Processing /opt/airflow/dags/GCS_to_BQ.py took 0.100 seconds
[2024-01-18T00:50:23.773+0000] {processor.py:161} INFO - Started process (PID=9697) to work on /opt/airflow/dags/GCS_to_BQ.py
[2024-01-18T00:50:23.776+0000] {processor.py:830} INFO - Processing file /opt/airflow/dags/GCS_to_BQ.py for tasks to queue
[2024-01-18T00:50:23.779+0000] {logging_mixin.py:188} INFO - [2024-01-18T00:50:23.778+0000] {dagbag.py:538} INFO - Filling up the DagBag from /opt/airflow/dags/GCS_to_BQ.py
[2024-01-18T00:50:23.789+0000] {processor.py:842} WARNING - No viable dags retrieved from /opt/airflow/dags/GCS_to_BQ.py
[2024-01-18T00:50:23.880+0000] {processor.py:183} INFO - Processing /opt/airflow/dags/GCS_to_BQ.py took 0.140 seconds
[2024-01-18T00:50:54.192+0000] {processor.py:161} INFO - Started process (PID=9735) to work on /opt/airflow/dags/GCS_to_BQ.py
[2024-01-18T00:50:54.196+0000] {processor.py:830} INFO - Processing file /opt/airflow/dags/GCS_to_BQ.py for tasks to queue
[2024-01-18T00:50:54.199+0000] {logging_mixin.py:188} INFO - [2024-01-18T00:50:54.198+0000] {dagbag.py:538} INFO - Filling up the DagBag from /opt/airflow/dags/GCS_to_BQ.py
[2024-01-18T00:50:54.208+0000] {processor.py:842} WARNING - No viable dags retrieved from /opt/airflow/dags/GCS_to_BQ.py
[2024-01-18T00:50:54.271+0000] {processor.py:183} INFO - Processing /opt/airflow/dags/GCS_to_BQ.py took 0.092 seconds
[2024-01-18T00:56:20.844+0000] {processor.py:161} INFO - Started process (PID=9774) to work on /opt/airflow/dags/GCS_to_BQ.py
[2024-01-18T00:56:20.930+0000] {processor.py:830} INFO - Processing file /opt/airflow/dags/GCS_to_BQ.py for tasks to queue
[2024-01-18T00:56:21.169+0000] {logging_mixin.py:188} INFO - [2024-01-18T00:56:20.951+0000] {dagbag.py:538} INFO - Filling up the DagBag from /opt/airflow/dags/GCS_to_BQ.py
[2024-01-18T00:56:21.938+0000] {processor.py:842} WARNING - No viable dags retrieved from /opt/airflow/dags/GCS_to_BQ.py
[2024-01-18T00:56:23.130+0000] {processor.py:183} INFO - Processing /opt/airflow/dags/GCS_to_BQ.py took 2.494 seconds
[2024-01-18T00:56:53.970+0000] {processor.py:161} INFO - Started process (PID=9813) to work on /opt/airflow/dags/GCS_to_BQ.py
[2024-01-18T00:56:53.973+0000] {processor.py:830} INFO - Processing file /opt/airflow/dags/GCS_to_BQ.py for tasks to queue
[2024-01-18T00:56:53.974+0000] {logging_mixin.py:188} INFO - [2024-01-18T00:56:53.974+0000] {dagbag.py:538} INFO - Filling up the DagBag from /opt/airflow/dags/GCS_to_BQ.py
[2024-01-18T00:56:53.987+0000] {processor.py:842} WARNING - No viable dags retrieved from /opt/airflow/dags/GCS_to_BQ.py
[2024-01-18T00:56:54.021+0000] {processor.py:183} INFO - Processing /opt/airflow/dags/GCS_to_BQ.py took 0.062 seconds
[2024-01-18T00:57:24.535+0000] {processor.py:161} INFO - Started process (PID=9851) to work on /opt/airflow/dags/GCS_to_BQ.py
[2024-01-18T00:57:24.538+0000] {processor.py:830} INFO - Processing file /opt/airflow/dags/GCS_to_BQ.py for tasks to queue
[2024-01-18T00:57:24.540+0000] {logging_mixin.py:188} INFO - [2024-01-18T00:57:24.539+0000] {dagbag.py:538} INFO - Filling up the DagBag from /opt/airflow/dags/GCS_to_BQ.py
[2024-01-18T00:57:24.545+0000] {processor.py:842} WARNING - No viable dags retrieved from /opt/airflow/dags/GCS_to_BQ.py
[2024-01-18T00:57:24.583+0000] {processor.py:183} INFO - Processing /opt/airflow/dags/GCS_to_BQ.py took 0.056 seconds
[2024-01-18T00:57:55.186+0000] {processor.py:161} INFO - Started process (PID=9889) to work on /opt/airflow/dags/GCS_to_BQ.py
[2024-01-18T00:57:55.192+0000] {processor.py:830} INFO - Processing file /opt/airflow/dags/GCS_to_BQ.py for tasks to queue
[2024-01-18T00:57:55.194+0000] {logging_mixin.py:188} INFO - [2024-01-18T00:57:55.193+0000] {dagbag.py:538} INFO - Filling up the DagBag from /opt/airflow/dags/GCS_to_BQ.py
[2024-01-18T00:57:55.203+0000] {processor.py:842} WARNING - No viable dags retrieved from /opt/airflow/dags/GCS_to_BQ.py
[2024-01-18T00:57:55.238+0000] {processor.py:183} INFO - Processing /opt/airflow/dags/GCS_to_BQ.py took 0.070 seconds
[2024-01-18T00:58:25.833+0000] {processor.py:161} INFO - Started process (PID=9927) to work on /opt/airflow/dags/GCS_to_BQ.py
[2024-01-18T00:58:25.837+0000] {processor.py:830} INFO - Processing file /opt/airflow/dags/GCS_to_BQ.py for tasks to queue
[2024-01-18T00:58:25.839+0000] {logging_mixin.py:188} INFO - [2024-01-18T00:58:25.838+0000] {dagbag.py:538} INFO - Filling up the DagBag from /opt/airflow/dags/GCS_to_BQ.py
[2024-01-18T00:58:25.848+0000] {processor.py:842} WARNING - No viable dags retrieved from /opt/airflow/dags/GCS_to_BQ.py
[2024-01-18T00:58:25.889+0000] {processor.py:183} INFO - Processing /opt/airflow/dags/GCS_to_BQ.py took 0.081 seconds
[2024-01-18T00:58:56.477+0000] {processor.py:161} INFO - Started process (PID=9965) to work on /opt/airflow/dags/GCS_to_BQ.py
[2024-01-18T00:58:56.481+0000] {processor.py:830} INFO - Processing file /opt/airflow/dags/GCS_to_BQ.py for tasks to queue
[2024-01-18T00:58:56.482+0000] {logging_mixin.py:188} INFO - [2024-01-18T00:58:56.482+0000] {dagbag.py:538} INFO - Filling up the DagBag from /opt/airflow/dags/GCS_to_BQ.py
[2024-01-18T00:58:56.489+0000] {processor.py:842} WARNING - No viable dags retrieved from /opt/airflow/dags/GCS_to_BQ.py
[2024-01-18T00:58:56.531+0000] {processor.py:183} INFO - Processing /opt/airflow/dags/GCS_to_BQ.py took 0.066 seconds
[2024-01-18T00:59:27.046+0000] {processor.py:161} INFO - Started process (PID=10003) to work on /opt/airflow/dags/GCS_to_BQ.py
[2024-01-18T00:59:27.050+0000] {processor.py:830} INFO - Processing file /opt/airflow/dags/GCS_to_BQ.py for tasks to queue
[2024-01-18T00:59:27.053+0000] {logging_mixin.py:188} INFO - [2024-01-18T00:59:27.052+0000] {dagbag.py:538} INFO - Filling up the DagBag from /opt/airflow/dags/GCS_to_BQ.py
[2024-01-18T00:59:27.066+0000] {processor.py:842} WARNING - No viable dags retrieved from /opt/airflow/dags/GCS_to_BQ.py
[2024-01-18T00:59:27.116+0000] {processor.py:183} INFO - Processing /opt/airflow/dags/GCS_to_BQ.py took 0.083 seconds
[2024-01-18T00:59:57.636+0000] {processor.py:161} INFO - Started process (PID=10041) to work on /opt/airflow/dags/GCS_to_BQ.py
[2024-01-18T00:59:57.643+0000] {processor.py:830} INFO - Processing file /opt/airflow/dags/GCS_to_BQ.py for tasks to queue
[2024-01-18T00:59:57.652+0000] {logging_mixin.py:188} INFO - [2024-01-18T00:59:57.652+0000] {dagbag.py:538} INFO - Filling up the DagBag from /opt/airflow/dags/GCS_to_BQ.py
[2024-01-18T00:59:57.659+0000] {processor.py:842} WARNING - No viable dags retrieved from /opt/airflow/dags/GCS_to_BQ.py
[2024-01-18T00:59:57.688+0000] {processor.py:183} INFO - Processing /opt/airflow/dags/GCS_to_BQ.py took 0.066 seconds
[2024-01-18T01:00:28.333+0000] {processor.py:161} INFO - Started process (PID=10079) to work on /opt/airflow/dags/GCS_to_BQ.py
[2024-01-18T01:00:28.335+0000] {processor.py:830} INFO - Processing file /opt/airflow/dags/GCS_to_BQ.py for tasks to queue
[2024-01-18T01:00:28.337+0000] {logging_mixin.py:188} INFO - [2024-01-18T01:00:28.336+0000] {dagbag.py:538} INFO - Filling up the DagBag from /opt/airflow/dags/GCS_to_BQ.py
[2024-01-18T01:00:28.344+0000] {processor.py:842} WARNING - No viable dags retrieved from /opt/airflow/dags/GCS_to_BQ.py
[2024-01-18T01:00:28.368+0000] {processor.py:183} INFO - Processing /opt/airflow/dags/GCS_to_BQ.py took 0.061 seconds
[2024-01-18T01:00:58.646+0000] {processor.py:161} INFO - Started process (PID=10117) to work on /opt/airflow/dags/GCS_to_BQ.py
[2024-01-18T01:00:58.650+0000] {processor.py:830} INFO - Processing file /opt/airflow/dags/GCS_to_BQ.py for tasks to queue
[2024-01-18T01:00:58.652+0000] {logging_mixin.py:188} INFO - [2024-01-18T01:00:58.651+0000] {dagbag.py:538} INFO - Filling up the DagBag from /opt/airflow/dags/GCS_to_BQ.py
[2024-01-18T01:00:58.661+0000] {processor.py:842} WARNING - No viable dags retrieved from /opt/airflow/dags/GCS_to_BQ.py
[2024-01-18T01:00:58.689+0000] {processor.py:183} INFO - Processing /opt/airflow/dags/GCS_to_BQ.py took 0.075 seconds
[2024-01-18T01:01:29.263+0000] {processor.py:161} INFO - Started process (PID=10155) to work on /opt/airflow/dags/GCS_to_BQ.py
[2024-01-18T01:01:29.266+0000] {processor.py:830} INFO - Processing file /opt/airflow/dags/GCS_to_BQ.py for tasks to queue
[2024-01-18T01:01:29.268+0000] {logging_mixin.py:188} INFO - [2024-01-18T01:01:29.267+0000] {dagbag.py:538} INFO - Filling up the DagBag from /opt/airflow/dags/GCS_to_BQ.py
[2024-01-18T01:01:29.275+0000] {processor.py:842} WARNING - No viable dags retrieved from /opt/airflow/dags/GCS_to_BQ.py
[2024-01-18T01:01:29.301+0000] {processor.py:183} INFO - Processing /opt/airflow/dags/GCS_to_BQ.py took 0.051 seconds
[2024-01-18T01:01:59.830+0000] {processor.py:161} INFO - Started process (PID=10193) to work on /opt/airflow/dags/GCS_to_BQ.py
[2024-01-18T01:01:59.833+0000] {processor.py:830} INFO - Processing file /opt/airflow/dags/GCS_to_BQ.py for tasks to queue
[2024-01-18T01:01:59.835+0000] {logging_mixin.py:188} INFO - [2024-01-18T01:01:59.834+0000] {dagbag.py:538} INFO - Filling up the DagBag from /opt/airflow/dags/GCS_to_BQ.py
[2024-01-18T01:01:59.844+0000] {processor.py:842} WARNING - No viable dags retrieved from /opt/airflow/dags/GCS_to_BQ.py
[2024-01-18T01:01:59.872+0000] {processor.py:183} INFO - Processing /opt/airflow/dags/GCS_to_BQ.py took 0.055 seconds
[2024-01-18T01:02:30.470+0000] {processor.py:161} INFO - Started process (PID=10231) to work on /opt/airflow/dags/GCS_to_BQ.py
[2024-01-18T01:02:30.482+0000] {processor.py:830} INFO - Processing file /opt/airflow/dags/GCS_to_BQ.py for tasks to queue
[2024-01-18T01:02:30.485+0000] {logging_mixin.py:188} INFO - [2024-01-18T01:02:30.484+0000] {dagbag.py:538} INFO - Filling up the DagBag from /opt/airflow/dags/GCS_to_BQ.py
[2024-01-18T01:02:30.498+0000] {processor.py:842} WARNING - No viable dags retrieved from /opt/airflow/dags/GCS_to_BQ.py
[2024-01-18T01:02:30.569+0000] {processor.py:183} INFO - Processing /opt/airflow/dags/GCS_to_BQ.py took 0.131 seconds
[2024-01-18T01:03:01.139+0000] {processor.py:161} INFO - Started process (PID=10269) to work on /opt/airflow/dags/GCS_to_BQ.py
[2024-01-18T01:03:01.150+0000] {processor.py:830} INFO - Processing file /opt/airflow/dags/GCS_to_BQ.py for tasks to queue
[2024-01-18T01:03:01.152+0000] {logging_mixin.py:188} INFO - [2024-01-18T01:03:01.152+0000] {dagbag.py:538} INFO - Filling up the DagBag from /opt/airflow/dags/GCS_to_BQ.py
[2024-01-18T01:03:01.161+0000] {processor.py:842} WARNING - No viable dags retrieved from /opt/airflow/dags/GCS_to_BQ.py
[2024-01-18T01:03:01.186+0000] {processor.py:183} INFO - Processing /opt/airflow/dags/GCS_to_BQ.py took 0.065 seconds
[2024-01-18T01:03:31.752+0000] {processor.py:161} INFO - Started process (PID=10307) to work on /opt/airflow/dags/GCS_to_BQ.py
[2024-01-18T01:03:31.760+0000] {processor.py:830} INFO - Processing file /opt/airflow/dags/GCS_to_BQ.py for tasks to queue
[2024-01-18T01:03:31.762+0000] {logging_mixin.py:188} INFO - [2024-01-18T01:03:31.761+0000] {dagbag.py:538} INFO - Filling up the DagBag from /opt/airflow/dags/GCS_to_BQ.py
[2024-01-18T01:03:31.772+0000] {processor.py:842} WARNING - No viable dags retrieved from /opt/airflow/dags/GCS_to_BQ.py
[2024-01-18T01:03:31.807+0000] {processor.py:183} INFO - Processing /opt/airflow/dags/GCS_to_BQ.py took 0.084 seconds
[2024-01-18T01:04:02.382+0000] {processor.py:161} INFO - Started process (PID=10345) to work on /opt/airflow/dags/GCS_to_BQ.py
[2024-01-18T01:04:02.388+0000] {processor.py:830} INFO - Processing file /opt/airflow/dags/GCS_to_BQ.py for tasks to queue
[2024-01-18T01:04:02.390+0000] {logging_mixin.py:188} INFO - [2024-01-18T01:04:02.389+0000] {dagbag.py:538} INFO - Filling up the DagBag from /opt/airflow/dags/GCS_to_BQ.py
[2024-01-18T01:04:02.398+0000] {processor.py:842} WARNING - No viable dags retrieved from /opt/airflow/dags/GCS_to_BQ.py
[2024-01-18T01:04:02.447+0000] {processor.py:183} INFO - Processing /opt/airflow/dags/GCS_to_BQ.py took 0.078 seconds
[2024-01-18T01:04:33.022+0000] {processor.py:161} INFO - Started process (PID=10383) to work on /opt/airflow/dags/GCS_to_BQ.py
[2024-01-18T01:04:33.025+0000] {processor.py:830} INFO - Processing file /opt/airflow/dags/GCS_to_BQ.py for tasks to queue
[2024-01-18T01:04:33.028+0000] {logging_mixin.py:188} INFO - [2024-01-18T01:04:33.027+0000] {dagbag.py:538} INFO - Filling up the DagBag from /opt/airflow/dags/GCS_to_BQ.py
[2024-01-18T01:04:33.036+0000] {processor.py:842} WARNING - No viable dags retrieved from /opt/airflow/dags/GCS_to_BQ.py
[2024-01-18T01:04:33.062+0000] {processor.py:183} INFO - Processing /opt/airflow/dags/GCS_to_BQ.py took 0.052 seconds
[2024-01-18T01:05:03.560+0000] {processor.py:161} INFO - Started process (PID=10421) to work on /opt/airflow/dags/GCS_to_BQ.py
[2024-01-18T01:05:03.563+0000] {processor.py:830} INFO - Processing file /opt/airflow/dags/GCS_to_BQ.py for tasks to queue
[2024-01-18T01:05:03.565+0000] {logging_mixin.py:188} INFO - [2024-01-18T01:05:03.564+0000] {dagbag.py:538} INFO - Filling up the DagBag from /opt/airflow/dags/GCS_to_BQ.py
[2024-01-18T01:05:03.572+0000] {processor.py:842} WARNING - No viable dags retrieved from /opt/airflow/dags/GCS_to_BQ.py
[2024-01-18T01:05:03.591+0000] {processor.py:183} INFO - Processing /opt/airflow/dags/GCS_to_BQ.py took 0.043 seconds
[2024-01-18T01:05:34.176+0000] {processor.py:161} INFO - Started process (PID=10457) to work on /opt/airflow/dags/GCS_to_BQ.py
[2024-01-18T01:05:34.178+0000] {processor.py:830} INFO - Processing file /opt/airflow/dags/GCS_to_BQ.py for tasks to queue
[2024-01-18T01:05:34.179+0000] {logging_mixin.py:188} INFO - [2024-01-18T01:05:34.179+0000] {dagbag.py:538} INFO - Filling up the DagBag from /opt/airflow/dags/GCS_to_BQ.py
[2024-01-18T01:05:34.185+0000] {processor.py:842} WARNING - No viable dags retrieved from /opt/airflow/dags/GCS_to_BQ.py
[2024-01-18T01:05:34.206+0000] {processor.py:183} INFO - Processing /opt/airflow/dags/GCS_to_BQ.py took 0.037 seconds
[2024-01-18T01:06:04.906+0000] {processor.py:161} INFO - Started process (PID=10488) to work on /opt/airflow/dags/GCS_to_BQ.py
[2024-01-18T01:06:04.908+0000] {processor.py:830} INFO - Processing file /opt/airflow/dags/GCS_to_BQ.py for tasks to queue
[2024-01-18T01:06:04.909+0000] {logging_mixin.py:188} INFO - [2024-01-18T01:06:04.908+0000] {dagbag.py:538} INFO - Filling up the DagBag from /opt/airflow/dags/GCS_to_BQ.py
[2024-01-18T01:06:04.916+0000] {processor.py:842} WARNING - No viable dags retrieved from /opt/airflow/dags/GCS_to_BQ.py
[2024-01-18T01:06:04.942+0000] {processor.py:183} INFO - Processing /opt/airflow/dags/GCS_to_BQ.py took 0.047 seconds
[2024-01-18T01:06:35.499+0000] {processor.py:161} INFO - Started process (PID=10523) to work on /opt/airflow/dags/GCS_to_BQ.py
[2024-01-18T01:06:35.510+0000] {processor.py:830} INFO - Processing file /opt/airflow/dags/GCS_to_BQ.py for tasks to queue
[2024-01-18T01:06:35.514+0000] {logging_mixin.py:188} INFO - [2024-01-18T01:06:35.513+0000] {dagbag.py:538} INFO - Filling up the DagBag from /opt/airflow/dags/GCS_to_BQ.py
[2024-01-18T01:06:35.525+0000] {processor.py:842} WARNING - No viable dags retrieved from /opt/airflow/dags/GCS_to_BQ.py
[2024-01-18T01:06:35.554+0000] {processor.py:183} INFO - Processing /opt/airflow/dags/GCS_to_BQ.py took 0.069 seconds
[2024-01-18T01:07:06.046+0000] {processor.py:161} INFO - Started process (PID=10561) to work on /opt/airflow/dags/GCS_to_BQ.py
[2024-01-18T01:07:06.052+0000] {processor.py:830} INFO - Processing file /opt/airflow/dags/GCS_to_BQ.py for tasks to queue
[2024-01-18T01:07:06.058+0000] {logging_mixin.py:188} INFO - [2024-01-18T01:07:06.057+0000] {dagbag.py:538} INFO - Filling up the DagBag from /opt/airflow/dags/GCS_to_BQ.py
[2024-01-18T01:07:06.068+0000] {processor.py:842} WARNING - No viable dags retrieved from /opt/airflow/dags/GCS_to_BQ.py
[2024-01-18T01:07:06.095+0000] {processor.py:183} INFO - Processing /opt/airflow/dags/GCS_to_BQ.py took 0.068 seconds
[2024-01-18T01:07:36.717+0000] {processor.py:161} INFO - Started process (PID=10599) to work on /opt/airflow/dags/GCS_to_BQ.py
[2024-01-18T01:07:36.721+0000] {processor.py:830} INFO - Processing file /opt/airflow/dags/GCS_to_BQ.py for tasks to queue
[2024-01-18T01:07:36.722+0000] {logging_mixin.py:188} INFO - [2024-01-18T01:07:36.722+0000] {dagbag.py:538} INFO - Filling up the DagBag from /opt/airflow/dags/GCS_to_BQ.py
[2024-01-18T01:07:36.730+0000] {processor.py:842} WARNING - No viable dags retrieved from /opt/airflow/dags/GCS_to_BQ.py
[2024-01-18T01:07:36.756+0000] {processor.py:183} INFO - Processing /opt/airflow/dags/GCS_to_BQ.py took 0.072 seconds
[2024-01-18T01:08:07.277+0000] {processor.py:161} INFO - Started process (PID=10637) to work on /opt/airflow/dags/GCS_to_BQ.py
[2024-01-18T01:08:07.282+0000] {processor.py:830} INFO - Processing file /opt/airflow/dags/GCS_to_BQ.py for tasks to queue
[2024-01-18T01:08:07.286+0000] {logging_mixin.py:188} INFO - [2024-01-18T01:08:07.285+0000] {dagbag.py:538} INFO - Filling up the DagBag from /opt/airflow/dags/GCS_to_BQ.py
[2024-01-18T01:08:07.298+0000] {processor.py:842} WARNING - No viable dags retrieved from /opt/airflow/dags/GCS_to_BQ.py
[2024-01-18T01:08:07.327+0000] {processor.py:183} INFO - Processing /opt/airflow/dags/GCS_to_BQ.py took 0.076 seconds
[2024-01-18T01:08:38.030+0000] {processor.py:161} INFO - Started process (PID=10675) to work on /opt/airflow/dags/GCS_to_BQ.py
[2024-01-18T01:08:38.033+0000] {processor.py:830} INFO - Processing file /opt/airflow/dags/GCS_to_BQ.py for tasks to queue
[2024-01-18T01:08:38.035+0000] {logging_mixin.py:188} INFO - [2024-01-18T01:08:38.034+0000] {dagbag.py:538} INFO - Filling up the DagBag from /opt/airflow/dags/GCS_to_BQ.py
[2024-01-18T01:08:38.043+0000] {processor.py:842} WARNING - No viable dags retrieved from /opt/airflow/dags/GCS_to_BQ.py
[2024-01-18T01:08:38.085+0000] {processor.py:183} INFO - Processing /opt/airflow/dags/GCS_to_BQ.py took 0.093 seconds
[2024-01-18T01:09:08.654+0000] {processor.py:161} INFO - Started process (PID=10713) to work on /opt/airflow/dags/GCS_to_BQ.py
[2024-01-18T01:09:08.658+0000] {processor.py:830} INFO - Processing file /opt/airflow/dags/GCS_to_BQ.py for tasks to queue
[2024-01-18T01:09:08.660+0000] {logging_mixin.py:188} INFO - [2024-01-18T01:09:08.659+0000] {dagbag.py:538} INFO - Filling up the DagBag from /opt/airflow/dags/GCS_to_BQ.py
[2024-01-18T01:09:08.669+0000] {processor.py:842} WARNING - No viable dags retrieved from /opt/airflow/dags/GCS_to_BQ.py
[2024-01-18T01:09:08.707+0000] {processor.py:183} INFO - Processing /opt/airflow/dags/GCS_to_BQ.py took 0.081 seconds
[2024-01-18T01:09:39.266+0000] {processor.py:161} INFO - Started process (PID=10751) to work on /opt/airflow/dags/GCS_to_BQ.py
[2024-01-18T01:09:39.270+0000] {processor.py:830} INFO - Processing file /opt/airflow/dags/GCS_to_BQ.py for tasks to queue
[2024-01-18T01:09:39.275+0000] {logging_mixin.py:188} INFO - [2024-01-18T01:09:39.273+0000] {dagbag.py:538} INFO - Filling up the DagBag from /opt/airflow/dags/GCS_to_BQ.py
[2024-01-18T01:09:39.286+0000] {processor.py:842} WARNING - No viable dags retrieved from /opt/airflow/dags/GCS_to_BQ.py
[2024-01-18T01:09:39.314+0000] {processor.py:183} INFO - Processing /opt/airflow/dags/GCS_to_BQ.py took 0.061 seconds
[2024-01-18T01:10:09.871+0000] {processor.py:161} INFO - Started process (PID=10789) to work on /opt/airflow/dags/GCS_to_BQ.py
[2024-01-18T01:10:09.877+0000] {processor.py:830} INFO - Processing file /opt/airflow/dags/GCS_to_BQ.py for tasks to queue
[2024-01-18T01:10:09.882+0000] {logging_mixin.py:188} INFO - [2024-01-18T01:10:09.880+0000] {dagbag.py:538} INFO - Filling up the DagBag from /opt/airflow/dags/GCS_to_BQ.py
[2024-01-18T01:10:09.902+0000] {processor.py:842} WARNING - No viable dags retrieved from /opt/airflow/dags/GCS_to_BQ.py
[2024-01-18T01:10:09.936+0000] {processor.py:183} INFO - Processing /opt/airflow/dags/GCS_to_BQ.py took 0.083 seconds
[2024-01-18T01:10:40.631+0000] {processor.py:161} INFO - Started process (PID=10827) to work on /opt/airflow/dags/GCS_to_BQ.py
[2024-01-18T01:10:40.634+0000] {processor.py:830} INFO - Processing file /opt/airflow/dags/GCS_to_BQ.py for tasks to queue
[2024-01-18T01:10:40.636+0000] {logging_mixin.py:188} INFO - [2024-01-18T01:10:40.635+0000] {dagbag.py:538} INFO - Filling up the DagBag from /opt/airflow/dags/GCS_to_BQ.py
[2024-01-18T01:10:40.644+0000] {processor.py:842} WARNING - No viable dags retrieved from /opt/airflow/dags/GCS_to_BQ.py
[2024-01-18T01:10:40.682+0000] {processor.py:183} INFO - Processing /opt/airflow/dags/GCS_to_BQ.py took 0.063 seconds
[2024-01-18T01:11:11.197+0000] {processor.py:161} INFO - Started process (PID=10865) to work on /opt/airflow/dags/GCS_to_BQ.py
[2024-01-18T01:11:11.200+0000] {processor.py:830} INFO - Processing file /opt/airflow/dags/GCS_to_BQ.py for tasks to queue
[2024-01-18T01:11:11.203+0000] {logging_mixin.py:188} INFO - [2024-01-18T01:11:11.202+0000] {dagbag.py:538} INFO - Filling up the DagBag from /opt/airflow/dags/GCS_to_BQ.py
[2024-01-18T01:11:11.210+0000] {processor.py:842} WARNING - No viable dags retrieved from /opt/airflow/dags/GCS_to_BQ.py
[2024-01-18T01:11:11.256+0000] {processor.py:183} INFO - Processing /opt/airflow/dags/GCS_to_BQ.py took 0.071 seconds
[2024-01-18T01:11:41.967+0000] {processor.py:161} INFO - Started process (PID=10903) to work on /opt/airflow/dags/GCS_to_BQ.py
[2024-01-18T01:11:41.970+0000] {processor.py:830} INFO - Processing file /opt/airflow/dags/GCS_to_BQ.py for tasks to queue
[2024-01-18T01:11:41.971+0000] {logging_mixin.py:188} INFO - [2024-01-18T01:11:41.971+0000] {dagbag.py:538} INFO - Filling up the DagBag from /opt/airflow/dags/GCS_to_BQ.py
[2024-01-18T01:11:41.979+0000] {processor.py:842} WARNING - No viable dags retrieved from /opt/airflow/dags/GCS_to_BQ.py
[2024-01-18T01:11:42.006+0000] {processor.py:183} INFO - Processing /opt/airflow/dags/GCS_to_BQ.py took 0.062 seconds
[2024-01-18T01:12:12.547+0000] {processor.py:161} INFO - Started process (PID=10942) to work on /opt/airflow/dags/GCS_to_BQ.py
[2024-01-18T01:12:12.560+0000] {processor.py:830} INFO - Processing file /opt/airflow/dags/GCS_to_BQ.py for tasks to queue
[2024-01-18T01:12:12.563+0000] {logging_mixin.py:188} INFO - [2024-01-18T01:12:12.562+0000] {dagbag.py:538} INFO - Filling up the DagBag from /opt/airflow/dags/GCS_to_BQ.py
[2024-01-18T01:12:12.572+0000] {processor.py:842} WARNING - No viable dags retrieved from /opt/airflow/dags/GCS_to_BQ.py
[2024-01-18T01:12:12.623+0000] {processor.py:183} INFO - Processing /opt/airflow/dags/GCS_to_BQ.py took 0.100 seconds
[2024-01-18T01:12:43.341+0000] {processor.py:161} INFO - Started process (PID=10980) to work on /opt/airflow/dags/GCS_to_BQ.py
[2024-01-18T01:12:43.344+0000] {processor.py:830} INFO - Processing file /opt/airflow/dags/GCS_to_BQ.py for tasks to queue
[2024-01-18T01:12:43.346+0000] {logging_mixin.py:188} INFO - [2024-01-18T01:12:43.346+0000] {dagbag.py:538} INFO - Filling up the DagBag from /opt/airflow/dags/GCS_to_BQ.py
[2024-01-18T01:12:43.355+0000] {processor.py:842} WARNING - No viable dags retrieved from /opt/airflow/dags/GCS_to_BQ.py
[2024-01-18T01:12:43.386+0000] {processor.py:183} INFO - Processing /opt/airflow/dags/GCS_to_BQ.py took 0.066 seconds
[2024-01-18T01:13:13.838+0000] {processor.py:161} INFO - Started process (PID=11018) to work on /opt/airflow/dags/GCS_to_BQ.py
[2024-01-18T01:13:13.841+0000] {processor.py:830} INFO - Processing file /opt/airflow/dags/GCS_to_BQ.py for tasks to queue
[2024-01-18T01:13:13.842+0000] {logging_mixin.py:188} INFO - [2024-01-18T01:13:13.842+0000] {dagbag.py:538} INFO - Filling up the DagBag from /opt/airflow/dags/GCS_to_BQ.py
[2024-01-18T01:13:13.849+0000] {processor.py:842} WARNING - No viable dags retrieved from /opt/airflow/dags/GCS_to_BQ.py
[2024-01-18T01:13:13.901+0000] {processor.py:183} INFO - Processing /opt/airflow/dags/GCS_to_BQ.py took 0.074 seconds
[2024-01-18T01:13:44.382+0000] {processor.py:161} INFO - Started process (PID=11056) to work on /opt/airflow/dags/GCS_to_BQ.py
[2024-01-18T01:13:44.385+0000] {processor.py:830} INFO - Processing file /opt/airflow/dags/GCS_to_BQ.py for tasks to queue
[2024-01-18T01:13:44.387+0000] {logging_mixin.py:188} INFO - [2024-01-18T01:13:44.386+0000] {dagbag.py:538} INFO - Filling up the DagBag from /opt/airflow/dags/GCS_to_BQ.py
[2024-01-18T01:13:44.393+0000] {processor.py:842} WARNING - No viable dags retrieved from /opt/airflow/dags/GCS_to_BQ.py
[2024-01-18T01:13:44.436+0000] {processor.py:183} INFO - Processing /opt/airflow/dags/GCS_to_BQ.py took 0.066 seconds
[2024-01-18T01:14:15.419+0000] {processor.py:161} INFO - Started process (PID=11094) to work on /opt/airflow/dags/GCS_to_BQ.py
[2024-01-18T01:14:15.424+0000] {processor.py:830} INFO - Processing file /opt/airflow/dags/GCS_to_BQ.py for tasks to queue
[2024-01-18T01:14:15.427+0000] {logging_mixin.py:188} INFO - [2024-01-18T01:14:15.425+0000] {dagbag.py:538} INFO - Filling up the DagBag from /opt/airflow/dags/GCS_to_BQ.py
[2024-01-18T01:14:15.440+0000] {processor.py:842} WARNING - No viable dags retrieved from /opt/airflow/dags/GCS_to_BQ.py
[2024-01-18T01:14:15.515+0000] {processor.py:183} INFO - Processing /opt/airflow/dags/GCS_to_BQ.py took 0.128 seconds
[2024-01-18T01:14:46.110+0000] {processor.py:161} INFO - Started process (PID=11131) to work on /opt/airflow/dags/GCS_to_BQ.py
[2024-01-18T01:14:46.113+0000] {processor.py:830} INFO - Processing file /opt/airflow/dags/GCS_to_BQ.py for tasks to queue
[2024-01-18T01:14:46.114+0000] {logging_mixin.py:188} INFO - [2024-01-18T01:14:46.114+0000] {dagbag.py:538} INFO - Filling up the DagBag from /opt/airflow/dags/GCS_to_BQ.py
[2024-01-18T01:14:46.121+0000] {processor.py:842} WARNING - No viable dags retrieved from /opt/airflow/dags/GCS_to_BQ.py
[2024-01-18T01:14:46.148+0000] {processor.py:183} INFO - Processing /opt/airflow/dags/GCS_to_BQ.py took 0.051 seconds
[2024-01-18T01:15:16.706+0000] {processor.py:161} INFO - Started process (PID=11175) to work on /opt/airflow/dags/GCS_to_BQ.py
[2024-01-18T01:15:16.709+0000] {processor.py:830} INFO - Processing file /opt/airflow/dags/GCS_to_BQ.py for tasks to queue
[2024-01-18T01:15:16.712+0000] {logging_mixin.py:188} INFO - [2024-01-18T01:15:16.711+0000] {dagbag.py:538} INFO - Filling up the DagBag from /opt/airflow/dags/GCS_to_BQ.py
[2024-01-18T01:15:16.721+0000] {processor.py:842} WARNING - No viable dags retrieved from /opt/airflow/dags/GCS_to_BQ.py
[2024-01-18T01:15:16.759+0000] {processor.py:183} INFO - Processing /opt/airflow/dags/GCS_to_BQ.py took 0.066 seconds
[2024-01-18T01:15:47.311+0000] {processor.py:161} INFO - Started process (PID=11213) to work on /opt/airflow/dags/GCS_to_BQ.py
[2024-01-18T01:15:47.314+0000] {processor.py:830} INFO - Processing file /opt/airflow/dags/GCS_to_BQ.py for tasks to queue
[2024-01-18T01:15:47.315+0000] {logging_mixin.py:188} INFO - [2024-01-18T01:15:47.315+0000] {dagbag.py:538} INFO - Filling up the DagBag from /opt/airflow/dags/GCS_to_BQ.py
[2024-01-18T01:15:47.322+0000] {processor.py:842} WARNING - No viable dags retrieved from /opt/airflow/dags/GCS_to_BQ.py
[2024-01-18T01:15:47.344+0000] {processor.py:183} INFO - Processing /opt/airflow/dags/GCS_to_BQ.py took 0.043 seconds
[2024-01-18T01:16:17.963+0000] {processor.py:161} INFO - Started process (PID=11251) to work on /opt/airflow/dags/GCS_to_BQ.py
[2024-01-18T01:16:17.966+0000] {processor.py:830} INFO - Processing file /opt/airflow/dags/GCS_to_BQ.py for tasks to queue
[2024-01-18T01:16:17.967+0000] {logging_mixin.py:188} INFO - [2024-01-18T01:16:17.967+0000] {dagbag.py:538} INFO - Filling up the DagBag from /opt/airflow/dags/GCS_to_BQ.py
[2024-01-18T01:16:17.976+0000] {processor.py:842} WARNING - No viable dags retrieved from /opt/airflow/dags/GCS_to_BQ.py
[2024-01-18T01:16:18.017+0000] {processor.py:183} INFO - Processing /opt/airflow/dags/GCS_to_BQ.py took 0.064 seconds
[2024-01-18T01:16:48.684+0000] {processor.py:161} INFO - Started process (PID=11289) to work on /opt/airflow/dags/GCS_to_BQ.py
[2024-01-18T01:16:48.686+0000] {processor.py:830} INFO - Processing file /opt/airflow/dags/GCS_to_BQ.py for tasks to queue
[2024-01-18T01:16:48.688+0000] {logging_mixin.py:188} INFO - [2024-01-18T01:16:48.688+0000] {dagbag.py:538} INFO - Filling up the DagBag from /opt/airflow/dags/GCS_to_BQ.py
[2024-01-18T01:16:48.695+0000] {processor.py:842} WARNING - No viable dags retrieved from /opt/airflow/dags/GCS_to_BQ.py
[2024-01-18T01:16:48.723+0000] {processor.py:183} INFO - Processing /opt/airflow/dags/GCS_to_BQ.py took 0.074 seconds
[2024-01-18T01:17:19.360+0000] {processor.py:161} INFO - Started process (PID=11327) to work on /opt/airflow/dags/GCS_to_BQ.py
[2024-01-18T01:17:19.363+0000] {processor.py:830} INFO - Processing file /opt/airflow/dags/GCS_to_BQ.py for tasks to queue
[2024-01-18T01:17:19.365+0000] {logging_mixin.py:188} INFO - [2024-01-18T01:17:19.365+0000] {dagbag.py:538} INFO - Filling up the DagBag from /opt/airflow/dags/GCS_to_BQ.py
[2024-01-18T01:17:19.372+0000] {processor.py:842} WARNING - No viable dags retrieved from /opt/airflow/dags/GCS_to_BQ.py
[2024-01-18T01:17:19.409+0000] {processor.py:183} INFO - Processing /opt/airflow/dags/GCS_to_BQ.py took 0.062 seconds
[2024-01-18T01:17:49.987+0000] {processor.py:161} INFO - Started process (PID=11365) to work on /opt/airflow/dags/GCS_to_BQ.py
[2024-01-18T01:17:49.993+0000] {processor.py:830} INFO - Processing file /opt/airflow/dags/GCS_to_BQ.py for tasks to queue
[2024-01-18T01:17:49.995+0000] {logging_mixin.py:188} INFO - [2024-01-18T01:17:49.994+0000] {dagbag.py:538} INFO - Filling up the DagBag from /opt/airflow/dags/GCS_to_BQ.py
[2024-01-18T01:17:50.001+0000] {processor.py:842} WARNING - No viable dags retrieved from /opt/airflow/dags/GCS_to_BQ.py
[2024-01-18T01:17:50.039+0000] {processor.py:183} INFO - Processing /opt/airflow/dags/GCS_to_BQ.py took 0.080 seconds
[2024-01-18T01:18:20.671+0000] {processor.py:161} INFO - Started process (PID=11403) to work on /opt/airflow/dags/GCS_to_BQ.py
[2024-01-18T01:18:20.674+0000] {processor.py:830} INFO - Processing file /opt/airflow/dags/GCS_to_BQ.py for tasks to queue
[2024-01-18T01:18:20.675+0000] {logging_mixin.py:188} INFO - [2024-01-18T01:18:20.675+0000] {dagbag.py:538} INFO - Filling up the DagBag from /opt/airflow/dags/GCS_to_BQ.py
[2024-01-18T01:18:20.681+0000] {processor.py:842} WARNING - No viable dags retrieved from /opt/airflow/dags/GCS_to_BQ.py
[2024-01-18T01:18:20.703+0000] {processor.py:183} INFO - Processing /opt/airflow/dags/GCS_to_BQ.py took 0.041 seconds
[2024-01-18T01:18:51.222+0000] {processor.py:161} INFO - Started process (PID=11441) to work on /opt/airflow/dags/GCS_to_BQ.py
[2024-01-18T01:18:51.226+0000] {processor.py:830} INFO - Processing file /opt/airflow/dags/GCS_to_BQ.py for tasks to queue
[2024-01-18T01:18:51.228+0000] {logging_mixin.py:188} INFO - [2024-01-18T01:18:51.227+0000] {dagbag.py:538} INFO - Filling up the DagBag from /opt/airflow/dags/GCS_to_BQ.py
[2024-01-18T01:18:51.235+0000] {processor.py:842} WARNING - No viable dags retrieved from /opt/airflow/dags/GCS_to_BQ.py
[2024-01-18T01:18:51.267+0000] {processor.py:183} INFO - Processing /opt/airflow/dags/GCS_to_BQ.py took 0.059 seconds
[2024-01-18T01:19:21.803+0000] {processor.py:161} INFO - Started process (PID=11479) to work on /opt/airflow/dags/GCS_to_BQ.py
[2024-01-18T01:19:21.806+0000] {processor.py:830} INFO - Processing file /opt/airflow/dags/GCS_to_BQ.py for tasks to queue
[2024-01-18T01:19:21.807+0000] {logging_mixin.py:188} INFO - [2024-01-18T01:19:21.807+0000] {dagbag.py:538} INFO - Filling up the DagBag from /opt/airflow/dags/GCS_to_BQ.py
[2024-01-18T01:19:21.813+0000] {processor.py:842} WARNING - No viable dags retrieved from /opt/airflow/dags/GCS_to_BQ.py
[2024-01-18T01:19:21.832+0000] {processor.py:183} INFO - Processing /opt/airflow/dags/GCS_to_BQ.py took 0.039 seconds
[2024-01-18T01:19:52.343+0000] {processor.py:161} INFO - Started process (PID=11517) to work on /opt/airflow/dags/GCS_to_BQ.py
[2024-01-18T01:19:52.345+0000] {processor.py:830} INFO - Processing file /opt/airflow/dags/GCS_to_BQ.py for tasks to queue
[2024-01-18T01:19:52.347+0000] {logging_mixin.py:188} INFO - [2024-01-18T01:19:52.347+0000] {dagbag.py:538} INFO - Filling up the DagBag from /opt/airflow/dags/GCS_to_BQ.py
[2024-01-18T01:19:52.353+0000] {processor.py:842} WARNING - No viable dags retrieved from /opt/airflow/dags/GCS_to_BQ.py
[2024-01-18T01:19:52.380+0000] {processor.py:183} INFO - Processing /opt/airflow/dags/GCS_to_BQ.py took 0.045 seconds
[2024-01-18T01:20:22.851+0000] {processor.py:161} INFO - Started process (PID=11555) to work on /opt/airflow/dags/GCS_to_BQ.py
[2024-01-18T01:20:22.853+0000] {processor.py:830} INFO - Processing file /opt/airflow/dags/GCS_to_BQ.py for tasks to queue
[2024-01-18T01:20:22.854+0000] {logging_mixin.py:188} INFO - [2024-01-18T01:20:22.854+0000] {dagbag.py:538} INFO - Filling up the DagBag from /opt/airflow/dags/GCS_to_BQ.py
[2024-01-18T01:20:22.858+0000] {processor.py:842} WARNING - No viable dags retrieved from /opt/airflow/dags/GCS_to_BQ.py
[2024-01-18T01:20:22.873+0000] {processor.py:183} INFO - Processing /opt/airflow/dags/GCS_to_BQ.py took 0.029 seconds
[2024-01-18T01:20:53.606+0000] {processor.py:161} INFO - Started process (PID=11591) to work on /opt/airflow/dags/GCS_to_BQ.py
[2024-01-18T01:20:53.610+0000] {processor.py:830} INFO - Processing file /opt/airflow/dags/GCS_to_BQ.py for tasks to queue
[2024-01-18T01:20:53.612+0000] {logging_mixin.py:188} INFO - [2024-01-18T01:20:53.611+0000] {dagbag.py:538} INFO - Filling up the DagBag from /opt/airflow/dags/GCS_to_BQ.py
[2024-01-18T01:20:53.622+0000] {processor.py:842} WARNING - No viable dags retrieved from /opt/airflow/dags/GCS_to_BQ.py
[2024-01-18T01:20:53.653+0000] {processor.py:183} INFO - Processing /opt/airflow/dags/GCS_to_BQ.py took 0.067 seconds
[2024-01-18T01:21:24.663+0000] {processor.py:161} INFO - Started process (PID=11622) to work on /opt/airflow/dags/GCS_to_BQ.py
[2024-01-18T01:21:24.667+0000] {processor.py:830} INFO - Processing file /opt/airflow/dags/GCS_to_BQ.py for tasks to queue
[2024-01-18T01:21:24.668+0000] {logging_mixin.py:188} INFO - [2024-01-18T01:21:24.667+0000] {dagbag.py:538} INFO - Filling up the DagBag from /opt/airflow/dags/GCS_to_BQ.py
[2024-01-18T01:21:24.673+0000] {processor.py:842} WARNING - No viable dags retrieved from /opt/airflow/dags/GCS_to_BQ.py
[2024-01-18T01:21:24.693+0000] {processor.py:183} INFO - Processing /opt/airflow/dags/GCS_to_BQ.py took 0.033 seconds
[2024-01-18T01:21:55.307+0000] {processor.py:161} INFO - Started process (PID=11657) to work on /opt/airflow/dags/GCS_to_BQ.py
[2024-01-18T01:21:55.314+0000] {processor.py:830} INFO - Processing file /opt/airflow/dags/GCS_to_BQ.py for tasks to queue
[2024-01-18T01:21:55.317+0000] {logging_mixin.py:188} INFO - [2024-01-18T01:21:55.316+0000] {dagbag.py:538} INFO - Filling up the DagBag from /opt/airflow/dags/GCS_to_BQ.py
[2024-01-18T01:21:55.331+0000] {processor.py:842} WARNING - No viable dags retrieved from /opt/airflow/dags/GCS_to_BQ.py
[2024-01-18T01:21:55.394+0000] {processor.py:183} INFO - Processing /opt/airflow/dags/GCS_to_BQ.py took 0.128 seconds
[2024-01-18T01:22:25.940+0000] {processor.py:161} INFO - Started process (PID=11695) to work on /opt/airflow/dags/GCS_to_BQ.py
[2024-01-18T01:22:25.945+0000] {processor.py:830} INFO - Processing file /opt/airflow/dags/GCS_to_BQ.py for tasks to queue
[2024-01-18T01:22:25.947+0000] {logging_mixin.py:188} INFO - [2024-01-18T01:22:25.946+0000] {dagbag.py:538} INFO - Filling up the DagBag from /opt/airflow/dags/GCS_to_BQ.py
[2024-01-18T01:22:25.954+0000] {processor.py:842} WARNING - No viable dags retrieved from /opt/airflow/dags/GCS_to_BQ.py
[2024-01-18T01:22:25.994+0000] {processor.py:183} INFO - Processing /opt/airflow/dags/GCS_to_BQ.py took 0.065 seconds
[2024-01-18T01:22:56.541+0000] {processor.py:161} INFO - Started process (PID=11733) to work on /opt/airflow/dags/GCS_to_BQ.py
[2024-01-18T01:22:56.545+0000] {processor.py:830} INFO - Processing file /opt/airflow/dags/GCS_to_BQ.py for tasks to queue
[2024-01-18T01:22:56.547+0000] {logging_mixin.py:188} INFO - [2024-01-18T01:22:56.547+0000] {dagbag.py:538} INFO - Filling up the DagBag from /opt/airflow/dags/GCS_to_BQ.py
[2024-01-18T01:22:56.554+0000] {processor.py:842} WARNING - No viable dags retrieved from /opt/airflow/dags/GCS_to_BQ.py
[2024-01-18T01:22:56.581+0000] {processor.py:183} INFO - Processing /opt/airflow/dags/GCS_to_BQ.py took 0.052 seconds
[2024-01-18T01:23:27.185+0000] {processor.py:161} INFO - Started process (PID=11771) to work on /opt/airflow/dags/GCS_to_BQ.py
[2024-01-18T01:23:27.189+0000] {processor.py:830} INFO - Processing file /opt/airflow/dags/GCS_to_BQ.py for tasks to queue
[2024-01-18T01:23:27.191+0000] {logging_mixin.py:188} INFO - [2024-01-18T01:23:27.190+0000] {dagbag.py:538} INFO - Filling up the DagBag from /opt/airflow/dags/GCS_to_BQ.py
[2024-01-18T01:23:27.197+0000] {processor.py:842} WARNING - No viable dags retrieved from /opt/airflow/dags/GCS_to_BQ.py
[2024-01-18T01:23:27.248+0000] {processor.py:183} INFO - Processing /opt/airflow/dags/GCS_to_BQ.py took 0.074 seconds
[2024-01-18T01:23:57.836+0000] {processor.py:161} INFO - Started process (PID=11809) to work on /opt/airflow/dags/GCS_to_BQ.py
[2024-01-18T01:23:57.845+0000] {processor.py:830} INFO - Processing file /opt/airflow/dags/GCS_to_BQ.py for tasks to queue
[2024-01-18T01:23:57.855+0000] {logging_mixin.py:188} INFO - [2024-01-18T01:23:57.851+0000] {dagbag.py:538} INFO - Filling up the DagBag from /opt/airflow/dags/GCS_to_BQ.py
[2024-01-18T01:23:57.864+0000] {processor.py:842} WARNING - No viable dags retrieved from /opt/airflow/dags/GCS_to_BQ.py
[2024-01-18T01:23:57.890+0000] {processor.py:183} INFO - Processing /opt/airflow/dags/GCS_to_BQ.py took 0.064 seconds
[2024-01-18T01:24:28.590+0000] {processor.py:161} INFO - Started process (PID=11847) to work on /opt/airflow/dags/GCS_to_BQ.py
[2024-01-18T01:24:28.595+0000] {processor.py:830} INFO - Processing file /opt/airflow/dags/GCS_to_BQ.py for tasks to queue
[2024-01-18T01:24:28.597+0000] {logging_mixin.py:188} INFO - [2024-01-18T01:24:28.596+0000] {dagbag.py:538} INFO - Filling up the DagBag from /opt/airflow/dags/GCS_to_BQ.py
[2024-01-18T01:24:28.607+0000] {processor.py:842} WARNING - No viable dags retrieved from /opt/airflow/dags/GCS_to_BQ.py
[2024-01-18T01:24:28.646+0000] {processor.py:183} INFO - Processing /opt/airflow/dags/GCS_to_BQ.py took 0.087 seconds
[2024-01-18T01:24:59.365+0000] {processor.py:161} INFO - Started process (PID=11885) to work on /opt/airflow/dags/GCS_to_BQ.py
[2024-01-18T01:24:59.370+0000] {processor.py:830} INFO - Processing file /opt/airflow/dags/GCS_to_BQ.py for tasks to queue
[2024-01-18T01:24:59.372+0000] {logging_mixin.py:188} INFO - [2024-01-18T01:24:59.371+0000] {dagbag.py:538} INFO - Filling up the DagBag from /opt/airflow/dags/GCS_to_BQ.py
[2024-01-18T01:24:59.379+0000] {processor.py:842} WARNING - No viable dags retrieved from /opt/airflow/dags/GCS_to_BQ.py
[2024-01-18T01:24:59.409+0000] {processor.py:183} INFO - Processing /opt/airflow/dags/GCS_to_BQ.py took 0.056 seconds
[2024-01-18T01:25:30.130+0000] {processor.py:161} INFO - Started process (PID=11923) to work on /opt/airflow/dags/GCS_to_BQ.py
[2024-01-18T01:25:30.135+0000] {processor.py:830} INFO - Processing file /opt/airflow/dags/GCS_to_BQ.py for tasks to queue
[2024-01-18T01:25:30.138+0000] {logging_mixin.py:188} INFO - [2024-01-18T01:25:30.137+0000] {dagbag.py:538} INFO - Filling up the DagBag from /opt/airflow/dags/GCS_to_BQ.py
[2024-01-18T01:25:30.157+0000] {processor.py:842} WARNING - No viable dags retrieved from /opt/airflow/dags/GCS_to_BQ.py
[2024-01-18T01:25:30.191+0000] {processor.py:183} INFO - Processing /opt/airflow/dags/GCS_to_BQ.py took 0.072 seconds
[2024-01-18T01:26:00.579+0000] {processor.py:161} INFO - Started process (PID=12021) to work on /opt/airflow/dags/GCS_to_BQ.py
[2024-01-18T01:26:00.585+0000] {processor.py:830} INFO - Processing file /opt/airflow/dags/GCS_to_BQ.py for tasks to queue
[2024-01-18T01:26:00.590+0000] {logging_mixin.py:188} INFO - [2024-01-18T01:26:00.588+0000] {dagbag.py:538} INFO - Filling up the DagBag from /opt/airflow/dags/GCS_to_BQ.py
[2024-01-18T01:26:00.621+0000] {processor.py:842} WARNING - No viable dags retrieved from /opt/airflow/dags/GCS_to_BQ.py
[2024-01-18T01:26:00.737+0000] {processor.py:183} INFO - Processing /opt/airflow/dags/GCS_to_BQ.py took 0.208 seconds
[2024-01-18T01:26:31.066+0000] {processor.py:161} INFO - Started process (PID=12100) to work on /opt/airflow/dags/GCS_to_BQ.py
[2024-01-18T01:26:31.071+0000] {processor.py:830} INFO - Processing file /opt/airflow/dags/GCS_to_BQ.py for tasks to queue
[2024-01-18T01:26:31.074+0000] {logging_mixin.py:188} INFO - [2024-01-18T01:26:31.073+0000] {dagbag.py:538} INFO - Filling up the DagBag from /opt/airflow/dags/GCS_to_BQ.py
[2024-01-18T01:26:31.085+0000] {processor.py:842} WARNING - No viable dags retrieved from /opt/airflow/dags/GCS_to_BQ.py
[2024-01-18T01:26:31.134+0000] {processor.py:183} INFO - Processing /opt/airflow/dags/GCS_to_BQ.py took 0.085 seconds
[2024-01-18T01:27:01.490+0000] {processor.py:161} INFO - Started process (PID=12196) to work on /opt/airflow/dags/GCS_to_BQ.py
[2024-01-18T01:27:01.495+0000] {processor.py:830} INFO - Processing file /opt/airflow/dags/GCS_to_BQ.py for tasks to queue
[2024-01-18T01:27:01.497+0000] {logging_mixin.py:188} INFO - [2024-01-18T01:27:01.496+0000] {dagbag.py:538} INFO - Filling up the DagBag from /opt/airflow/dags/GCS_to_BQ.py
[2024-01-18T01:27:01.505+0000] {processor.py:842} WARNING - No viable dags retrieved from /opt/airflow/dags/GCS_to_BQ.py
[2024-01-18T01:27:01.532+0000] {processor.py:183} INFO - Processing /opt/airflow/dags/GCS_to_BQ.py took 0.065 seconds
[2024-01-18T01:27:32.266+0000] {processor.py:161} INFO - Started process (PID=12234) to work on /opt/airflow/dags/GCS_to_BQ.py
[2024-01-18T01:27:32.271+0000] {processor.py:830} INFO - Processing file /opt/airflow/dags/GCS_to_BQ.py for tasks to queue
[2024-01-18T01:27:32.273+0000] {logging_mixin.py:188} INFO - [2024-01-18T01:27:32.272+0000] {dagbag.py:538} INFO - Filling up the DagBag from /opt/airflow/dags/GCS_to_BQ.py
[2024-01-18T01:27:32.283+0000] {processor.py:842} WARNING - No viable dags retrieved from /opt/airflow/dags/GCS_to_BQ.py
[2024-01-18T01:27:32.331+0000] {processor.py:183} INFO - Processing /opt/airflow/dags/GCS_to_BQ.py took 0.077 seconds
[2024-01-18T01:28:03.033+0000] {processor.py:161} INFO - Started process (PID=12272) to work on /opt/airflow/dags/GCS_to_BQ.py
[2024-01-18T01:28:03.036+0000] {processor.py:830} INFO - Processing file /opt/airflow/dags/GCS_to_BQ.py for tasks to queue
[2024-01-18T01:28:03.038+0000] {logging_mixin.py:188} INFO - [2024-01-18T01:28:03.037+0000] {dagbag.py:538} INFO - Filling up the DagBag from /opt/airflow/dags/GCS_to_BQ.py
[2024-01-18T01:28:03.052+0000] {processor.py:842} WARNING - No viable dags retrieved from /opt/airflow/dags/GCS_to_BQ.py
[2024-01-18T01:28:03.085+0000] {processor.py:183} INFO - Processing /opt/airflow/dags/GCS_to_BQ.py took 0.061 seconds
[2024-01-18T01:28:33.812+0000] {processor.py:161} INFO - Started process (PID=12310) to work on /opt/airflow/dags/GCS_to_BQ.py
[2024-01-18T01:28:33.817+0000] {processor.py:830} INFO - Processing file /opt/airflow/dags/GCS_to_BQ.py for tasks to queue
[2024-01-18T01:28:33.819+0000] {logging_mixin.py:188} INFO - [2024-01-18T01:28:33.818+0000] {dagbag.py:538} INFO - Filling up the DagBag from /opt/airflow/dags/GCS_to_BQ.py
[2024-01-18T01:28:33.827+0000] {processor.py:842} WARNING - No viable dags retrieved from /opt/airflow/dags/GCS_to_BQ.py
[2024-01-18T01:28:33.880+0000] {processor.py:183} INFO - Processing /opt/airflow/dags/GCS_to_BQ.py took 0.079 seconds
[2024-01-18T01:29:04.510+0000] {processor.py:161} INFO - Started process (PID=12348) to work on /opt/airflow/dags/GCS_to_BQ.py
[2024-01-18T01:29:04.513+0000] {processor.py:830} INFO - Processing file /opt/airflow/dags/GCS_to_BQ.py for tasks to queue
[2024-01-18T01:29:04.515+0000] {logging_mixin.py:188} INFO - [2024-01-18T01:29:04.514+0000] {dagbag.py:538} INFO - Filling up the DagBag from /opt/airflow/dags/GCS_to_BQ.py
[2024-01-18T01:29:04.523+0000] {processor.py:842} WARNING - No viable dags retrieved from /opt/airflow/dags/GCS_to_BQ.py
[2024-01-18T01:29:04.560+0000] {processor.py:183} INFO - Processing /opt/airflow/dags/GCS_to_BQ.py took 0.067 seconds
[2024-01-18T01:29:35.227+0000] {processor.py:161} INFO - Started process (PID=12386) to work on /opt/airflow/dags/GCS_to_BQ.py
[2024-01-18T01:29:35.231+0000] {processor.py:830} INFO - Processing file /opt/airflow/dags/GCS_to_BQ.py for tasks to queue
[2024-01-18T01:29:35.235+0000] {logging_mixin.py:188} INFO - [2024-01-18T01:29:35.234+0000] {dagbag.py:538} INFO - Filling up the DagBag from /opt/airflow/dags/GCS_to_BQ.py
[2024-01-18T01:29:35.243+0000] {processor.py:842} WARNING - No viable dags retrieved from /opt/airflow/dags/GCS_to_BQ.py
[2024-01-18T01:29:35.294+0000] {processor.py:183} INFO - Processing /opt/airflow/dags/GCS_to_BQ.py took 0.080 seconds
[2024-01-18T01:30:05.723+0000] {processor.py:161} INFO - Started process (PID=12424) to work on /opt/airflow/dags/GCS_to_BQ.py
[2024-01-18T01:30:05.726+0000] {processor.py:830} INFO - Processing file /opt/airflow/dags/GCS_to_BQ.py for tasks to queue
[2024-01-18T01:30:05.728+0000] {logging_mixin.py:188} INFO - [2024-01-18T01:30:05.728+0000] {dagbag.py:538} INFO - Filling up the DagBag from /opt/airflow/dags/GCS_to_BQ.py
[2024-01-18T01:30:05.739+0000] {processor.py:842} WARNING - No viable dags retrieved from /opt/airflow/dags/GCS_to_BQ.py
[2024-01-18T01:30:05.775+0000] {processor.py:183} INFO - Processing /opt/airflow/dags/GCS_to_BQ.py took 0.082 seconds
[2024-01-18T01:30:36.481+0000] {processor.py:161} INFO - Started process (PID=12462) to work on /opt/airflow/dags/GCS_to_BQ.py
[2024-01-18T01:30:36.484+0000] {processor.py:830} INFO - Processing file /opt/airflow/dags/GCS_to_BQ.py for tasks to queue
[2024-01-18T01:30:36.486+0000] {logging_mixin.py:188} INFO - [2024-01-18T01:30:36.485+0000] {dagbag.py:538} INFO - Filling up the DagBag from /opt/airflow/dags/GCS_to_BQ.py
[2024-01-18T01:30:36.494+0000] {processor.py:842} WARNING - No viable dags retrieved from /opt/airflow/dags/GCS_to_BQ.py
[2024-01-18T01:30:36.527+0000] {processor.py:183} INFO - Processing /opt/airflow/dags/GCS_to_BQ.py took 0.081 seconds
[2024-01-18T01:31:07.187+0000] {processor.py:161} INFO - Started process (PID=12500) to work on /opt/airflow/dags/GCS_to_BQ.py
[2024-01-18T01:31:07.190+0000] {processor.py:830} INFO - Processing file /opt/airflow/dags/GCS_to_BQ.py for tasks to queue
[2024-01-18T01:31:07.193+0000] {logging_mixin.py:188} INFO - [2024-01-18T01:31:07.192+0000] {dagbag.py:538} INFO - Filling up the DagBag from /opt/airflow/dags/GCS_to_BQ.py
[2024-01-18T01:31:07.200+0000] {processor.py:842} WARNING - No viable dags retrieved from /opt/airflow/dags/GCS_to_BQ.py
[2024-01-18T01:31:07.242+0000] {processor.py:183} INFO - Processing /opt/airflow/dags/GCS_to_BQ.py took 0.069 seconds
[2024-01-18T01:31:37.963+0000] {processor.py:161} INFO - Started process (PID=12538) to work on /opt/airflow/dags/GCS_to_BQ.py
[2024-01-18T01:31:37.968+0000] {processor.py:830} INFO - Processing file /opt/airflow/dags/GCS_to_BQ.py for tasks to queue
[2024-01-18T01:31:37.970+0000] {logging_mixin.py:188} INFO - [2024-01-18T01:31:37.969+0000] {dagbag.py:538} INFO - Filling up the DagBag from /opt/airflow/dags/GCS_to_BQ.py
[2024-01-18T01:31:37.978+0000] {processor.py:842} WARNING - No viable dags retrieved from /opt/airflow/dags/GCS_to_BQ.py
[2024-01-18T01:31:38.005+0000] {processor.py:183} INFO - Processing /opt/airflow/dags/GCS_to_BQ.py took 0.105 seconds
[2024-01-18T01:32:08.625+0000] {processor.py:161} INFO - Started process (PID=12576) to work on /opt/airflow/dags/GCS_to_BQ.py
[2024-01-18T01:32:08.628+0000] {processor.py:830} INFO - Processing file /opt/airflow/dags/GCS_to_BQ.py for tasks to queue
[2024-01-18T01:32:08.630+0000] {logging_mixin.py:188} INFO - [2024-01-18T01:32:08.629+0000] {dagbag.py:538} INFO - Filling up the DagBag from /opt/airflow/dags/GCS_to_BQ.py
[2024-01-18T01:32:08.647+0000] {processor.py:842} WARNING - No viable dags retrieved from /opt/airflow/dags/GCS_to_BQ.py
[2024-01-18T01:32:08.713+0000] {processor.py:183} INFO - Processing /opt/airflow/dags/GCS_to_BQ.py took 0.102 seconds
[2024-01-18T01:32:39.387+0000] {processor.py:161} INFO - Started process (PID=12614) to work on /opt/airflow/dags/GCS_to_BQ.py
[2024-01-18T01:32:39.396+0000] {processor.py:830} INFO - Processing file /opt/airflow/dags/GCS_to_BQ.py for tasks to queue
[2024-01-18T01:32:39.399+0000] {logging_mixin.py:188} INFO - [2024-01-18T01:32:39.398+0000] {dagbag.py:538} INFO - Filling up the DagBag from /opt/airflow/dags/GCS_to_BQ.py
[2024-01-18T01:32:39.425+0000] {processor.py:842} WARNING - No viable dags retrieved from /opt/airflow/dags/GCS_to_BQ.py
[2024-01-18T01:32:39.462+0000] {processor.py:183} INFO - Processing /opt/airflow/dags/GCS_to_BQ.py took 0.096 seconds
[2024-01-18T01:33:10.139+0000] {processor.py:161} INFO - Started process (PID=12652) to work on /opt/airflow/dags/GCS_to_BQ.py
[2024-01-18T01:33:10.142+0000] {processor.py:830} INFO - Processing file /opt/airflow/dags/GCS_to_BQ.py for tasks to queue
[2024-01-18T01:33:10.144+0000] {logging_mixin.py:188} INFO - [2024-01-18T01:33:10.143+0000] {dagbag.py:538} INFO - Filling up the DagBag from /opt/airflow/dags/GCS_to_BQ.py
[2024-01-18T01:33:10.151+0000] {processor.py:842} WARNING - No viable dags retrieved from /opt/airflow/dags/GCS_to_BQ.py
[2024-01-18T01:33:10.189+0000] {processor.py:183} INFO - Processing /opt/airflow/dags/GCS_to_BQ.py took 0.061 seconds
[2024-01-18T01:33:40.829+0000] {processor.py:161} INFO - Started process (PID=12690) to work on /opt/airflow/dags/GCS_to_BQ.py
[2024-01-18T01:33:40.832+0000] {processor.py:830} INFO - Processing file /opt/airflow/dags/GCS_to_BQ.py for tasks to queue
[2024-01-18T01:33:40.834+0000] {logging_mixin.py:188} INFO - [2024-01-18T01:33:40.833+0000] {dagbag.py:538} INFO - Filling up the DagBag from /opt/airflow/dags/GCS_to_BQ.py
[2024-01-18T01:33:40.841+0000] {processor.py:842} WARNING - No viable dags retrieved from /opt/airflow/dags/GCS_to_BQ.py
[2024-01-18T01:33:40.882+0000] {processor.py:183} INFO - Processing /opt/airflow/dags/GCS_to_BQ.py took 0.063 seconds
[2024-01-18T01:34:11.090+0000] {processor.py:161} INFO - Started process (PID=12726) to work on /opt/airflow/dags/GCS_to_BQ.py
[2024-01-18T01:34:11.094+0000] {processor.py:830} INFO - Processing file /opt/airflow/dags/GCS_to_BQ.py for tasks to queue
[2024-01-18T01:34:11.097+0000] {logging_mixin.py:188} INFO - [2024-01-18T01:34:11.096+0000] {dagbag.py:538} INFO - Filling up the DagBag from /opt/airflow/dags/GCS_to_BQ.py
[2024-01-18T01:34:11.104+0000] {processor.py:842} WARNING - No viable dags retrieved from /opt/airflow/dags/GCS_to_BQ.py
[2024-01-18T01:34:11.141+0000] {processor.py:183} INFO - Processing /opt/airflow/dags/GCS_to_BQ.py took 0.064 seconds
[2024-01-18T01:37:10.575+0000] {processor.py:161} INFO - Started process (PID=12751) to work on /opt/airflow/dags/GCS_to_BQ.py
[2024-01-18T01:37:10.576+0000] {processor.py:830} INFO - Processing file /opt/airflow/dags/GCS_to_BQ.py for tasks to queue
[2024-01-18T01:37:10.578+0000] {logging_mixin.py:188} INFO - [2024-01-18T01:37:10.577+0000] {dagbag.py:538} INFO - Filling up the DagBag from /opt/airflow/dags/GCS_to_BQ.py
[2024-01-18T01:37:10.582+0000] {processor.py:842} WARNING - No viable dags retrieved from /opt/airflow/dags/GCS_to_BQ.py
[2024-01-18T01:37:10.633+0000] {processor.py:183} INFO - Processing /opt/airflow/dags/GCS_to_BQ.py took 0.067 seconds
[2024-01-18T01:37:41.511+0000] {processor.py:161} INFO - Started process (PID=12788) to work on /opt/airflow/dags/GCS_to_BQ.py
[2024-01-18T01:37:41.516+0000] {processor.py:830} INFO - Processing file /opt/airflow/dags/GCS_to_BQ.py for tasks to queue
[2024-01-18T01:37:41.518+0000] {logging_mixin.py:188} INFO - [2024-01-18T01:37:41.518+0000] {dagbag.py:538} INFO - Filling up the DagBag from /opt/airflow/dags/GCS_to_BQ.py
[2024-01-18T01:37:41.529+0000] {processor.py:842} WARNING - No viable dags retrieved from /opt/airflow/dags/GCS_to_BQ.py
[2024-01-18T01:37:41.579+0000] {processor.py:183} INFO - Processing /opt/airflow/dags/GCS_to_BQ.py took 0.098 seconds
[2024-01-18T01:39:05.598+0000] {processor.py:161} INFO - Started process (PID=12831) to work on /opt/airflow/dags/GCS_to_BQ.py
[2024-01-18T01:39:05.600+0000] {processor.py:830} INFO - Processing file /opt/airflow/dags/GCS_to_BQ.py for tasks to queue
[2024-01-18T01:39:05.601+0000] {logging_mixin.py:188} INFO - [2024-01-18T01:39:05.601+0000] {dagbag.py:538} INFO - Filling up the DagBag from /opt/airflow/dags/GCS_to_BQ.py
[2024-01-18T01:39:05.608+0000] {processor.py:842} WARNING - No viable dags retrieved from /opt/airflow/dags/GCS_to_BQ.py
[2024-01-18T01:39:05.655+0000] {processor.py:183} INFO - Processing /opt/airflow/dags/GCS_to_BQ.py took 0.064 seconds
[2024-01-18T01:39:35.825+0000] {processor.py:161} INFO - Started process (PID=12866) to work on /opt/airflow/dags/GCS_to_BQ.py
[2024-01-18T01:39:35.828+0000] {processor.py:830} INFO - Processing file /opt/airflow/dags/GCS_to_BQ.py for tasks to queue
[2024-01-18T01:39:35.830+0000] {logging_mixin.py:188} INFO - [2024-01-18T01:39:35.829+0000] {dagbag.py:538} INFO - Filling up the DagBag from /opt/airflow/dags/GCS_to_BQ.py
[2024-01-18T01:39:35.839+0000] {processor.py:842} WARNING - No viable dags retrieved from /opt/airflow/dags/GCS_to_BQ.py
[2024-01-18T01:39:35.892+0000] {processor.py:183} INFO - Processing /opt/airflow/dags/GCS_to_BQ.py took 0.078 seconds
[2024-01-18T01:40:06.510+0000] {processor.py:161} INFO - Started process (PID=12904) to work on /opt/airflow/dags/GCS_to_BQ.py
[2024-01-18T01:40:06.512+0000] {processor.py:830} INFO - Processing file /opt/airflow/dags/GCS_to_BQ.py for tasks to queue
[2024-01-18T01:40:06.514+0000] {logging_mixin.py:188} INFO - [2024-01-18T01:40:06.513+0000] {dagbag.py:538} INFO - Filling up the DagBag from /opt/airflow/dags/GCS_to_BQ.py
[2024-01-18T01:40:06.522+0000] {processor.py:842} WARNING - No viable dags retrieved from /opt/airflow/dags/GCS_to_BQ.py
[2024-01-18T01:40:06.555+0000] {processor.py:183} INFO - Processing /opt/airflow/dags/GCS_to_BQ.py took 0.056 seconds
[2024-01-18T01:40:37.164+0000] {processor.py:161} INFO - Started process (PID=12942) to work on /opt/airflow/dags/GCS_to_BQ.py
[2024-01-18T01:40:37.169+0000] {processor.py:830} INFO - Processing file /opt/airflow/dags/GCS_to_BQ.py for tasks to queue
[2024-01-18T01:40:37.175+0000] {logging_mixin.py:188} INFO - [2024-01-18T01:40:37.171+0000] {dagbag.py:538} INFO - Filling up the DagBag from /opt/airflow/dags/GCS_to_BQ.py
[2024-01-18T01:40:37.185+0000] {processor.py:842} WARNING - No viable dags retrieved from /opt/airflow/dags/GCS_to_BQ.py
[2024-01-18T01:40:37.216+0000] {processor.py:183} INFO - Processing /opt/airflow/dags/GCS_to_BQ.py took 0.074 seconds
[2024-01-18T01:41:07.725+0000] {processor.py:161} INFO - Started process (PID=12980) to work on /opt/airflow/dags/GCS_to_BQ.py
[2024-01-18T01:41:07.727+0000] {processor.py:830} INFO - Processing file /opt/airflow/dags/GCS_to_BQ.py for tasks to queue
[2024-01-18T01:41:07.728+0000] {logging_mixin.py:188} INFO - [2024-01-18T01:41:07.728+0000] {dagbag.py:538} INFO - Filling up the DagBag from /opt/airflow/dags/GCS_to_BQ.py
[2024-01-18T01:41:07.736+0000] {processor.py:842} WARNING - No viable dags retrieved from /opt/airflow/dags/GCS_to_BQ.py
[2024-01-18T01:41:07.763+0000] {processor.py:183} INFO - Processing /opt/airflow/dags/GCS_to_BQ.py took 0.048 seconds
[2024-01-18T01:41:38.322+0000] {processor.py:161} INFO - Started process (PID=13018) to work on /opt/airflow/dags/GCS_to_BQ.py
[2024-01-18T01:41:38.339+0000] {processor.py:830} INFO - Processing file /opt/airflow/dags/GCS_to_BQ.py for tasks to queue
[2024-01-18T01:41:38.360+0000] {logging_mixin.py:188} INFO - [2024-01-18T01:41:38.358+0000] {dagbag.py:538} INFO - Filling up the DagBag from /opt/airflow/dags/GCS_to_BQ.py
[2024-01-18T01:41:38.386+0000] {processor.py:842} WARNING - No viable dags retrieved from /opt/airflow/dags/GCS_to_BQ.py
[2024-01-18T01:41:38.434+0000] {processor.py:183} INFO - Processing /opt/airflow/dags/GCS_to_BQ.py took 0.142 seconds
[2024-01-18T01:42:08.612+0000] {processor.py:161} INFO - Started process (PID=13056) to work on /opt/airflow/dags/GCS_to_BQ.py
[2024-01-18T01:42:08.620+0000] {processor.py:830} INFO - Processing file /opt/airflow/dags/GCS_to_BQ.py for tasks to queue
[2024-01-18T01:42:08.628+0000] {logging_mixin.py:188} INFO - [2024-01-18T01:42:08.624+0000] {dagbag.py:538} INFO - Filling up the DagBag from /opt/airflow/dags/GCS_to_BQ.py
[2024-01-18T01:42:08.645+0000] {processor.py:842} WARNING - No viable dags retrieved from /opt/airflow/dags/GCS_to_BQ.py
[2024-01-18T01:42:08.676+0000] {processor.py:183} INFO - Processing /opt/airflow/dags/GCS_to_BQ.py took 0.083 seconds
[2024-01-18T01:42:39.333+0000] {processor.py:161} INFO - Started process (PID=13100) to work on /opt/airflow/dags/GCS_to_BQ.py
[2024-01-18T01:42:39.335+0000] {processor.py:830} INFO - Processing file /opt/airflow/dags/GCS_to_BQ.py for tasks to queue
[2024-01-18T01:42:39.336+0000] {logging_mixin.py:188} INFO - [2024-01-18T01:42:39.336+0000] {dagbag.py:538} INFO - Filling up the DagBag from /opt/airflow/dags/GCS_to_BQ.py
[2024-01-18T01:42:39.342+0000] {processor.py:842} WARNING - No viable dags retrieved from /opt/airflow/dags/GCS_to_BQ.py
[2024-01-18T01:42:39.376+0000] {processor.py:183} INFO - Processing /opt/airflow/dags/GCS_to_BQ.py took 0.054 seconds
[2024-01-18T01:43:10.027+0000] {processor.py:161} INFO - Started process (PID=13138) to work on /opt/airflow/dags/GCS_to_BQ.py
[2024-01-18T01:43:10.031+0000] {processor.py:830} INFO - Processing file /opt/airflow/dags/GCS_to_BQ.py for tasks to queue
[2024-01-18T01:43:10.044+0000] {logging_mixin.py:188} INFO - [2024-01-18T01:43:10.038+0000] {dagbag.py:538} INFO - Filling up the DagBag from /opt/airflow/dags/GCS_to_BQ.py
[2024-01-18T01:43:10.054+0000] {processor.py:842} WARNING - No viable dags retrieved from /opt/airflow/dags/GCS_to_BQ.py
[2024-01-18T01:43:10.088+0000] {processor.py:183} INFO - Processing /opt/airflow/dags/GCS_to_BQ.py took 0.072 seconds
[2024-01-18T01:43:45.236+0000] {processor.py:161} INFO - Started process (PID=13170) to work on /opt/airflow/dags/GCS_to_BQ.py
[2024-01-18T01:43:45.239+0000] {processor.py:830} INFO - Processing file /opt/airflow/dags/GCS_to_BQ.py for tasks to queue
[2024-01-18T01:43:45.241+0000] {logging_mixin.py:188} INFO - [2024-01-18T01:43:45.240+0000] {dagbag.py:538} INFO - Filling up the DagBag from /opt/airflow/dags/GCS_to_BQ.py
[2024-01-18T01:43:45.250+0000] {processor.py:842} WARNING - No viable dags retrieved from /opt/airflow/dags/GCS_to_BQ.py
[2024-01-18T01:43:45.285+0000] {processor.py:183} INFO - Processing /opt/airflow/dags/GCS_to_BQ.py took 0.061 seconds
[2024-01-18T01:44:15.938+0000] {processor.py:161} INFO - Started process (PID=13208) to work on /opt/airflow/dags/GCS_to_BQ.py
[2024-01-18T01:44:15.940+0000] {processor.py:830} INFO - Processing file /opt/airflow/dags/GCS_to_BQ.py for tasks to queue
[2024-01-18T01:44:15.942+0000] {logging_mixin.py:188} INFO - [2024-01-18T01:44:15.941+0000] {dagbag.py:538} INFO - Filling up the DagBag from /opt/airflow/dags/GCS_to_BQ.py
[2024-01-18T01:44:15.949+0000] {processor.py:842} WARNING - No viable dags retrieved from /opt/airflow/dags/GCS_to_BQ.py
[2024-01-18T01:44:15.991+0000] {processor.py:183} INFO - Processing /opt/airflow/dags/GCS_to_BQ.py took 0.062 seconds
[2024-01-18T02:06:44.821+0000] {processor.py:161} INFO - Started process (PID=13251) to work on /opt/airflow/dags/GCS_to_BQ.py
[2024-01-18T02:06:44.824+0000] {processor.py:830} INFO - Processing file /opt/airflow/dags/GCS_to_BQ.py for tasks to queue
[2024-01-18T02:06:44.827+0000] {logging_mixin.py:188} INFO - [2024-01-18T02:06:44.826+0000] {dagbag.py:538} INFO - Filling up the DagBag from /opt/airflow/dags/GCS_to_BQ.py
[2024-01-18T02:06:44.836+0000] {processor.py:842} WARNING - No viable dags retrieved from /opt/airflow/dags/GCS_to_BQ.py
[2024-01-18T02:06:44.897+0000] {processor.py:183} INFO - Processing /opt/airflow/dags/GCS_to_BQ.py took 0.090 seconds
[2024-01-18T02:33:31.343+0000] {processor.py:161} INFO - Started process (PID=13289) to work on /opt/airflow/dags/GCS_to_BQ.py
[2024-01-18T02:33:31.346+0000] {processor.py:830} INFO - Processing file /opt/airflow/dags/GCS_to_BQ.py for tasks to queue
[2024-01-18T02:33:31.347+0000] {logging_mixin.py:188} INFO - [2024-01-18T02:33:31.347+0000] {dagbag.py:538} INFO - Filling up the DagBag from /opt/airflow/dags/GCS_to_BQ.py
[2024-01-18T02:33:31.352+0000] {processor.py:842} WARNING - No viable dags retrieved from /opt/airflow/dags/GCS_to_BQ.py
[2024-01-18T02:33:31.407+0000] {processor.py:183} INFO - Processing /opt/airflow/dags/GCS_to_BQ.py took 0.071 seconds
[2024-01-18T02:34:02.134+0000] {processor.py:161} INFO - Started process (PID=13324) to work on /opt/airflow/dags/GCS_to_BQ.py
[2024-01-18T02:34:02.137+0000] {processor.py:830} INFO - Processing file /opt/airflow/dags/GCS_to_BQ.py for tasks to queue
[2024-01-18T02:34:02.141+0000] {logging_mixin.py:188} INFO - [2024-01-18T02:34:02.139+0000] {dagbag.py:538} INFO - Filling up the DagBag from /opt/airflow/dags/GCS_to_BQ.py
[2024-01-18T02:34:02.151+0000] {processor.py:842} WARNING - No viable dags retrieved from /opt/airflow/dags/GCS_to_BQ.py
[2024-01-18T02:34:02.203+0000] {processor.py:183} INFO - Processing /opt/airflow/dags/GCS_to_BQ.py took 0.094 seconds
[2024-01-18T03:00:51.445+0000] {processor.py:161} INFO - Started process (PID=13367) to work on /opt/airflow/dags/GCS_to_BQ.py
[2024-01-18T03:00:51.447+0000] {processor.py:830} INFO - Processing file /opt/airflow/dags/GCS_to_BQ.py for tasks to queue
[2024-01-18T03:00:51.448+0000] {logging_mixin.py:188} INFO - [2024-01-18T03:00:51.448+0000] {dagbag.py:538} INFO - Filling up the DagBag from /opt/airflow/dags/GCS_to_BQ.py
[2024-01-18T03:00:51.455+0000] {processor.py:842} WARNING - No viable dags retrieved from /opt/airflow/dags/GCS_to_BQ.py
[2024-01-18T03:00:51.501+0000] {processor.py:183} INFO - Processing /opt/airflow/dags/GCS_to_BQ.py took 0.061 seconds
[2024-01-18T03:01:22.377+0000] {processor.py:161} INFO - Started process (PID=13402) to work on /opt/airflow/dags/GCS_to_BQ.py
[2024-01-18T03:01:22.380+0000] {processor.py:830} INFO - Processing file /opt/airflow/dags/GCS_to_BQ.py for tasks to queue
[2024-01-18T03:01:22.383+0000] {logging_mixin.py:188} INFO - [2024-01-18T03:01:22.382+0000] {dagbag.py:538} INFO - Filling up the DagBag from /opt/airflow/dags/GCS_to_BQ.py
[2024-01-18T03:01:22.393+0000] {processor.py:842} WARNING - No viable dags retrieved from /opt/airflow/dags/GCS_to_BQ.py
[2024-01-18T03:01:22.461+0000] {processor.py:183} INFO - Processing /opt/airflow/dags/GCS_to_BQ.py took 0.112 seconds
[2024-01-18T03:03:47.186+0000] {processor.py:161} INFO - Started process (PID=13443) to work on /opt/airflow/dags/GCS_to_BQ.py
[2024-01-18T03:03:47.188+0000] {processor.py:830} INFO - Processing file /opt/airflow/dags/GCS_to_BQ.py for tasks to queue
[2024-01-18T03:03:47.190+0000] {logging_mixin.py:188} INFO - [2024-01-18T03:03:47.190+0000] {dagbag.py:538} INFO - Filling up the DagBag from /opt/airflow/dags/GCS_to_BQ.py
[2024-01-18T03:03:47.206+0000] {processor.py:842} WARNING - No viable dags retrieved from /opt/airflow/dags/GCS_to_BQ.py
[2024-01-18T03:03:47.238+0000] {processor.py:183} INFO - Processing /opt/airflow/dags/GCS_to_BQ.py took 0.060 seconds
[2024-01-18T03:05:16.971+0000] {processor.py:161} INFO - Started process (PID=13481) to work on /opt/airflow/dags/GCS_to_BQ.py
[2024-01-18T03:05:16.974+0000] {processor.py:830} INFO - Processing file /opt/airflow/dags/GCS_to_BQ.py for tasks to queue
[2024-01-18T03:05:16.976+0000] {logging_mixin.py:188} INFO - [2024-01-18T03:05:16.975+0000] {dagbag.py:538} INFO - Filling up the DagBag from /opt/airflow/dags/GCS_to_BQ.py
[2024-01-18T03:05:16.983+0000] {processor.py:842} WARNING - No viable dags retrieved from /opt/airflow/dags/GCS_to_BQ.py
[2024-01-18T03:05:17.039+0000] {processor.py:183} INFO - Processing /opt/airflow/dags/GCS_to_BQ.py took 0.079 seconds
[2024-01-18T03:05:47.665+0000] {processor.py:161} INFO - Started process (PID=13516) to work on /opt/airflow/dags/GCS_to_BQ.py
[2024-01-18T03:05:47.673+0000] {processor.py:830} INFO - Processing file /opt/airflow/dags/GCS_to_BQ.py for tasks to queue
[2024-01-18T03:05:47.675+0000] {logging_mixin.py:188} INFO - [2024-01-18T03:05:47.674+0000] {dagbag.py:538} INFO - Filling up the DagBag from /opt/airflow/dags/GCS_to_BQ.py
[2024-01-18T03:05:47.685+0000] {processor.py:842} WARNING - No viable dags retrieved from /opt/airflow/dags/GCS_to_BQ.py
[2024-01-18T03:05:47.716+0000] {processor.py:183} INFO - Processing /opt/airflow/dags/GCS_to_BQ.py took 0.084 seconds
[2024-01-18T03:07:16.667+0000] {processor.py:161} INFO - Started process (PID=13558) to work on /opt/airflow/dags/GCS_to_BQ.py
[2024-01-18T03:07:16.669+0000] {processor.py:830} INFO - Processing file /opt/airflow/dags/GCS_to_BQ.py for tasks to queue
[2024-01-18T03:07:16.671+0000] {logging_mixin.py:188} INFO - [2024-01-18T03:07:16.671+0000] {dagbag.py:538} INFO - Filling up the DagBag from /opt/airflow/dags/GCS_to_BQ.py
[2024-01-18T03:07:16.677+0000] {processor.py:842} WARNING - No viable dags retrieved from /opt/airflow/dags/GCS_to_BQ.py
[2024-01-18T03:07:16.708+0000] {processor.py:183} INFO - Processing /opt/airflow/dags/GCS_to_BQ.py took 0.050 seconds
[2024-01-18T03:34:05.658+0000] {processor.py:161} INFO - Started process (PID=13597) to work on /opt/airflow/dags/GCS_to_BQ.py
[2024-01-18T03:34:05.664+0000] {processor.py:830} INFO - Processing file /opt/airflow/dags/GCS_to_BQ.py for tasks to queue
[2024-01-18T03:34:05.670+0000] {logging_mixin.py:188} INFO - [2024-01-18T03:34:05.668+0000] {dagbag.py:538} INFO - Filling up the DagBag from /opt/airflow/dags/GCS_to_BQ.py
[2024-01-18T03:34:05.700+0000] {processor.py:842} WARNING - No viable dags retrieved from /opt/airflow/dags/GCS_to_BQ.py
[2024-01-18T03:34:05.774+0000] {processor.py:183} INFO - Processing /opt/airflow/dags/GCS_to_BQ.py took 0.138 seconds
[2024-01-18T03:34:36.912+0000] {processor.py:161} INFO - Started process (PID=13632) to work on /opt/airflow/dags/GCS_to_BQ.py
[2024-01-18T03:34:36.921+0000] {processor.py:830} INFO - Processing file /opt/airflow/dags/GCS_to_BQ.py for tasks to queue
[2024-01-18T03:34:36.924+0000] {logging_mixin.py:188} INFO - [2024-01-18T03:34:36.923+0000] {dagbag.py:538} INFO - Filling up the DagBag from /opt/airflow/dags/GCS_to_BQ.py
[2024-01-18T03:34:36.933+0000] {processor.py:842} WARNING - No viable dags retrieved from /opt/airflow/dags/GCS_to_BQ.py
[2024-01-18T03:34:36.967+0000] {processor.py:183} INFO - Processing /opt/airflow/dags/GCS_to_BQ.py took 0.091 seconds
[2024-01-18T03:44:29.695+0000] {processor.py:161} INFO - Started process (PID=13675) to work on /opt/airflow/dags/GCS_to_BQ.py
[2024-01-18T03:44:29.700+0000] {processor.py:830} INFO - Processing file /opt/airflow/dags/GCS_to_BQ.py for tasks to queue
[2024-01-18T03:44:29.704+0000] {logging_mixin.py:188} INFO - [2024-01-18T03:44:29.703+0000] {dagbag.py:538} INFO - Filling up the DagBag from /opt/airflow/dags/GCS_to_BQ.py
[2024-01-18T03:44:29.718+0000] {processor.py:842} WARNING - No viable dags retrieved from /opt/airflow/dags/GCS_to_BQ.py
[2024-01-18T03:44:29.788+0000] {processor.py:183} INFO - Processing /opt/airflow/dags/GCS_to_BQ.py took 0.110 seconds
[2024-01-18T03:45:00.589+0000] {processor.py:161} INFO - Started process (PID=13710) to work on /opt/airflow/dags/GCS_to_BQ.py
[2024-01-18T03:45:00.593+0000] {processor.py:830} INFO - Processing file /opt/airflow/dags/GCS_to_BQ.py for tasks to queue
[2024-01-18T03:45:00.595+0000] {logging_mixin.py:188} INFO - [2024-01-18T03:45:00.594+0000] {dagbag.py:538} INFO - Filling up the DagBag from /opt/airflow/dags/GCS_to_BQ.py
[2024-01-18T03:45:00.605+0000] {processor.py:842} WARNING - No viable dags retrieved from /opt/airflow/dags/GCS_to_BQ.py
[2024-01-18T03:45:00.673+0000] {processor.py:183} INFO - Processing /opt/airflow/dags/GCS_to_BQ.py took 0.099 seconds
[2024-01-18T04:29:39.323+0000] {processor.py:161} INFO - Started process (PID=13751) to work on /opt/airflow/dags/GCS_to_BQ.py
[2024-01-18T04:29:39.327+0000] {processor.py:830} INFO - Processing file /opt/airflow/dags/GCS_to_BQ.py for tasks to queue
[2024-01-18T04:29:39.331+0000] {logging_mixin.py:188} INFO - [2024-01-18T04:29:39.330+0000] {dagbag.py:538} INFO - Filling up the DagBag from /opt/airflow/dags/GCS_to_BQ.py
[2024-01-18T04:29:39.340+0000] {processor.py:842} WARNING - No viable dags retrieved from /opt/airflow/dags/GCS_to_BQ.py
[2024-01-18T04:29:39.425+0000] {processor.py:183} INFO - Processing /opt/airflow/dags/GCS_to_BQ.py took 0.119 seconds
