[2024-01-18T00:22:12.733+0000] {processor.py:161} INFO - Started process (PID=8256) to work on /opt/airflow/dags/local_to_GCS.py
[2024-01-18T00:22:12.736+0000] {processor.py:830} INFO - Processing file /opt/airflow/dags/local_to_GCS.py for tasks to queue
[2024-01-18T00:22:12.738+0000] {logging_mixin.py:188} INFO - [2024-01-18T00:22:12.738+0000] {dagbag.py:538} INFO - Filling up the DagBag from /opt/airflow/dags/local_to_GCS.py
[2024-01-18T00:22:12.783+0000] {processor.py:842} WARNING - No viable dags retrieved from /opt/airflow/dags/local_to_GCS.py
[2024-01-18T00:22:12.839+0000] {processor.py:183} INFO - Processing /opt/airflow/dags/local_to_GCS.py took 0.113 seconds
[2024-01-18T00:27:11.770+0000] {processor.py:161} INFO - Started process (PID=8302) to work on /opt/airflow/dags/local_to_GCS.py
[2024-01-18T00:27:11.778+0000] {processor.py:830} INFO - Processing file /opt/airflow/dags/local_to_GCS.py for tasks to queue
[2024-01-18T00:27:11.784+0000] {logging_mixin.py:188} INFO - [2024-01-18T00:27:11.783+0000] {dagbag.py:538} INFO - Filling up the DagBag from /opt/airflow/dags/local_to_GCS.py
[2024-01-18T00:27:11.798+0000] {processor.py:842} WARNING - No viable dags retrieved from /opt/airflow/dags/local_to_GCS.py
[2024-01-18T00:27:11.875+0000] {processor.py:183} INFO - Processing /opt/airflow/dags/local_to_GCS.py took 0.142 seconds
[2024-01-18T00:34:03.844+0000] {processor.py:161} INFO - Started process (PID=8335) to work on /opt/airflow/dags/local_to_GCS.py
[2024-01-18T00:34:03.847+0000] {processor.py:830} INFO - Processing file /opt/airflow/dags/local_to_GCS.py for tasks to queue
[2024-01-18T00:34:03.851+0000] {logging_mixin.py:188} INFO - [2024-01-18T00:34:03.850+0000] {dagbag.py:538} INFO - Filling up the DagBag from /opt/airflow/dags/local_to_GCS.py
[2024-01-18T00:34:03.902+0000] {processor.py:842} WARNING - No viable dags retrieved from /opt/airflow/dags/local_to_GCS.py
[2024-01-18T00:34:04.011+0000] {processor.py:183} INFO - Processing /opt/airflow/dags/local_to_GCS.py took 0.176 seconds
[2024-01-18T00:34:34.829+0000] {processor.py:161} INFO - Started process (PID=8368) to work on /opt/airflow/dags/local_to_GCS.py
[2024-01-18T00:34:34.832+0000] {processor.py:830} INFO - Processing file /opt/airflow/dags/local_to_GCS.py for tasks to queue
[2024-01-18T00:34:34.833+0000] {logging_mixin.py:188} INFO - [2024-01-18T00:34:34.833+0000] {dagbag.py:538} INFO - Filling up the DagBag from /opt/airflow/dags/local_to_GCS.py
[2024-01-18T00:34:34.843+0000] {processor.py:842} WARNING - No viable dags retrieved from /opt/airflow/dags/local_to_GCS.py
[2024-01-18T00:34:34.904+0000] {processor.py:183} INFO - Processing /opt/airflow/dags/local_to_GCS.py took 0.101 seconds
[2024-01-18T00:35:05.516+0000] {processor.py:161} INFO - Started process (PID=8406) to work on /opt/airflow/dags/local_to_GCS.py
[2024-01-18T00:35:05.519+0000] {processor.py:830} INFO - Processing file /opt/airflow/dags/local_to_GCS.py for tasks to queue
[2024-01-18T00:35:05.521+0000] {logging_mixin.py:188} INFO - [2024-01-18T00:35:05.521+0000] {dagbag.py:538} INFO - Filling up the DagBag from /opt/airflow/dags/local_to_GCS.py
[2024-01-18T00:35:05.530+0000] {processor.py:842} WARNING - No viable dags retrieved from /opt/airflow/dags/local_to_GCS.py
[2024-01-18T00:35:05.578+0000] {processor.py:183} INFO - Processing /opt/airflow/dags/local_to_GCS.py took 0.087 seconds
[2024-01-18T00:35:36.231+0000] {processor.py:161} INFO - Started process (PID=8444) to work on /opt/airflow/dags/local_to_GCS.py
[2024-01-18T00:35:36.235+0000] {processor.py:830} INFO - Processing file /opt/airflow/dags/local_to_GCS.py for tasks to queue
[2024-01-18T00:35:36.237+0000] {logging_mixin.py:188} INFO - [2024-01-18T00:35:36.236+0000] {dagbag.py:538} INFO - Filling up the DagBag from /opt/airflow/dags/local_to_GCS.py
[2024-01-18T00:35:36.249+0000] {processor.py:842} WARNING - No viable dags retrieved from /opt/airflow/dags/local_to_GCS.py
[2024-01-18T00:35:36.333+0000] {processor.py:183} INFO - Processing /opt/airflow/dags/local_to_GCS.py took 0.132 seconds
[2024-01-18T00:36:06.523+0000] {processor.py:161} INFO - Started process (PID=8485) to work on /opt/airflow/dags/local_to_GCS.py
[2024-01-18T00:36:06.525+0000] {processor.py:830} INFO - Processing file /opt/airflow/dags/local_to_GCS.py for tasks to queue
[2024-01-18T00:36:06.527+0000] {logging_mixin.py:188} INFO - [2024-01-18T00:36:06.527+0000] {dagbag.py:538} INFO - Filling up the DagBag from /opt/airflow/dags/local_to_GCS.py
[2024-01-18T00:36:06.533+0000] {processor.py:842} WARNING - No viable dags retrieved from /opt/airflow/dags/local_to_GCS.py
[2024-01-18T00:36:06.578+0000] {processor.py:183} INFO - Processing /opt/airflow/dags/local_to_GCS.py took 0.060 seconds
[2024-01-18T00:36:37.301+0000] {processor.py:161} INFO - Started process (PID=8521) to work on /opt/airflow/dags/local_to_GCS.py
[2024-01-18T00:36:37.306+0000] {processor.py:830} INFO - Processing file /opt/airflow/dags/local_to_GCS.py for tasks to queue
[2024-01-18T00:36:37.308+0000] {logging_mixin.py:188} INFO - [2024-01-18T00:36:37.307+0000] {dagbag.py:538} INFO - Filling up the DagBag from /opt/airflow/dags/local_to_GCS.py
[2024-01-18T00:36:37.318+0000] {processor.py:842} WARNING - No viable dags retrieved from /opt/airflow/dags/local_to_GCS.py
[2024-01-18T00:36:37.375+0000] {processor.py:183} INFO - Processing /opt/airflow/dags/local_to_GCS.py took 0.084 seconds
[2024-01-18T00:37:08.041+0000] {processor.py:161} INFO - Started process (PID=8559) to work on /opt/airflow/dags/local_to_GCS.py
[2024-01-18T00:37:08.046+0000] {processor.py:830} INFO - Processing file /opt/airflow/dags/local_to_GCS.py for tasks to queue
[2024-01-18T00:37:08.049+0000] {logging_mixin.py:188} INFO - [2024-01-18T00:37:08.048+0000] {dagbag.py:538} INFO - Filling up the DagBag from /opt/airflow/dags/local_to_GCS.py
[2024-01-18T00:37:08.058+0000] {processor.py:842} WARNING - No viable dags retrieved from /opt/airflow/dags/local_to_GCS.py
[2024-01-18T00:37:08.094+0000] {processor.py:183} INFO - Processing /opt/airflow/dags/local_to_GCS.py took 0.075 seconds
[2024-01-18T00:37:38.659+0000] {processor.py:161} INFO - Started process (PID=8597) to work on /opt/airflow/dags/local_to_GCS.py
[2024-01-18T00:37:38.665+0000] {processor.py:830} INFO - Processing file /opt/airflow/dags/local_to_GCS.py for tasks to queue
[2024-01-18T00:37:38.670+0000] {logging_mixin.py:188} INFO - [2024-01-18T00:37:38.668+0000] {dagbag.py:538} INFO - Filling up the DagBag from /opt/airflow/dags/local_to_GCS.py
[2024-01-18T00:37:38.683+0000] {processor.py:842} WARNING - No viable dags retrieved from /opt/airflow/dags/local_to_GCS.py
[2024-01-18T00:37:38.801+0000] {processor.py:183} INFO - Processing /opt/airflow/dags/local_to_GCS.py took 0.150 seconds
[2024-01-18T00:38:09.612+0000] {processor.py:161} INFO - Started process (PID=8634) to work on /opt/airflow/dags/local_to_GCS.py
[2024-01-18T00:38:09.615+0000] {processor.py:830} INFO - Processing file /opt/airflow/dags/local_to_GCS.py for tasks to queue
[2024-01-18T00:38:09.617+0000] {logging_mixin.py:188} INFO - [2024-01-18T00:38:09.616+0000] {dagbag.py:538} INFO - Filling up the DagBag from /opt/airflow/dags/local_to_GCS.py
[2024-01-18T00:38:09.627+0000] {processor.py:842} WARNING - No viable dags retrieved from /opt/airflow/dags/local_to_GCS.py
[2024-01-18T00:38:09.682+0000] {processor.py:183} INFO - Processing /opt/airflow/dags/local_to_GCS.py took 0.083 seconds
[2024-01-18T00:38:40.282+0000] {processor.py:161} INFO - Started process (PID=8673) to work on /opt/airflow/dags/local_to_GCS.py
[2024-01-18T00:38:40.285+0000] {processor.py:830} INFO - Processing file /opt/airflow/dags/local_to_GCS.py for tasks to queue
[2024-01-18T00:38:40.288+0000] {logging_mixin.py:188} INFO - [2024-01-18T00:38:40.287+0000] {dagbag.py:538} INFO - Filling up the DagBag from /opt/airflow/dags/local_to_GCS.py
[2024-01-18T00:38:40.299+0000] {processor.py:842} WARNING - No viable dags retrieved from /opt/airflow/dags/local_to_GCS.py
[2024-01-18T00:38:40.345+0000] {processor.py:183} INFO - Processing /opt/airflow/dags/local_to_GCS.py took 0.072 seconds
[2024-01-18T00:39:11.320+0000] {processor.py:161} INFO - Started process (PID=8764) to work on /opt/airflow/dags/local_to_GCS.py
[2024-01-18T00:39:11.323+0000] {processor.py:830} INFO - Processing file /opt/airflow/dags/local_to_GCS.py for tasks to queue
[2024-01-18T00:39:11.326+0000] {logging_mixin.py:188} INFO - [2024-01-18T00:39:11.325+0000] {dagbag.py:538} INFO - Filling up the DagBag from /opt/airflow/dags/local_to_GCS.py
[2024-01-18T00:39:11.333+0000] {processor.py:842} WARNING - No viable dags retrieved from /opt/airflow/dags/local_to_GCS.py
[2024-01-18T00:39:11.405+0000] {processor.py:183} INFO - Processing /opt/airflow/dags/local_to_GCS.py took 0.106 seconds
[2024-01-18T00:39:41.596+0000] {processor.py:161} INFO - Started process (PID=8867) to work on /opt/airflow/dags/local_to_GCS.py
[2024-01-18T00:39:41.598+0000] {processor.py:830} INFO - Processing file /opt/airflow/dags/local_to_GCS.py for tasks to queue
[2024-01-18T00:39:41.600+0000] {logging_mixin.py:188} INFO - [2024-01-18T00:39:41.599+0000] {dagbag.py:538} INFO - Filling up the DagBag from /opt/airflow/dags/local_to_GCS.py
[2024-01-18T00:39:41.609+0000] {processor.py:842} WARNING - No viable dags retrieved from /opt/airflow/dags/local_to_GCS.py
[2024-01-18T00:39:41.642+0000] {processor.py:183} INFO - Processing /opt/airflow/dags/local_to_GCS.py took 0.054 seconds
[2024-01-18T00:40:12.568+0000] {processor.py:161} INFO - Started process (PID=8946) to work on /opt/airflow/dags/local_to_GCS.py
[2024-01-18T00:40:12.573+0000] {processor.py:830} INFO - Processing file /opt/airflow/dags/local_to_GCS.py for tasks to queue
[2024-01-18T00:40:12.576+0000] {logging_mixin.py:188} INFO - [2024-01-18T00:40:12.575+0000] {dagbag.py:538} INFO - Filling up the DagBag from /opt/airflow/dags/local_to_GCS.py
[2024-01-18T00:40:12.583+0000] {processor.py:842} WARNING - No viable dags retrieved from /opt/airflow/dags/local_to_GCS.py
[2024-01-18T00:40:12.615+0000] {processor.py:183} INFO - Processing /opt/airflow/dags/local_to_GCS.py took 0.063 seconds
[2024-01-18T00:40:43.289+0000] {processor.py:161} INFO - Started process (PID=8984) to work on /opt/airflow/dags/local_to_GCS.py
[2024-01-18T00:40:43.291+0000] {processor.py:830} INFO - Processing file /opt/airflow/dags/local_to_GCS.py for tasks to queue
[2024-01-18T00:40:43.292+0000] {logging_mixin.py:188} INFO - [2024-01-18T00:40:43.292+0000] {dagbag.py:538} INFO - Filling up the DagBag from /opt/airflow/dags/local_to_GCS.py
[2024-01-18T00:40:43.310+0000] {processor.py:842} WARNING - No viable dags retrieved from /opt/airflow/dags/local_to_GCS.py
[2024-01-18T00:40:43.366+0000] {processor.py:183} INFO - Processing /opt/airflow/dags/local_to_GCS.py took 0.084 seconds
[2024-01-18T00:41:13.549+0000] {processor.py:161} INFO - Started process (PID=9022) to work on /opt/airflow/dags/local_to_GCS.py
[2024-01-18T00:41:13.560+0000] {processor.py:830} INFO - Processing file /opt/airflow/dags/local_to_GCS.py for tasks to queue
[2024-01-18T00:41:13.562+0000] {logging_mixin.py:188} INFO - [2024-01-18T00:41:13.562+0000] {dagbag.py:538} INFO - Filling up the DagBag from /opt/airflow/dags/local_to_GCS.py
[2024-01-18T00:41:13.569+0000] {processor.py:842} WARNING - No viable dags retrieved from /opt/airflow/dags/local_to_GCS.py
[2024-01-18T00:41:13.617+0000] {processor.py:183} INFO - Processing /opt/airflow/dags/local_to_GCS.py took 0.089 seconds
[2024-01-18T00:41:44.099+0000] {processor.py:161} INFO - Started process (PID=9060) to work on /opt/airflow/dags/local_to_GCS.py
[2024-01-18T00:41:44.108+0000] {processor.py:830} INFO - Processing file /opt/airflow/dags/local_to_GCS.py for tasks to queue
[2024-01-18T00:41:44.121+0000] {logging_mixin.py:188} INFO - [2024-01-18T00:41:44.117+0000] {dagbag.py:538} INFO - Filling up the DagBag from /opt/airflow/dags/local_to_GCS.py
[2024-01-18T00:41:44.137+0000] {processor.py:842} WARNING - No viable dags retrieved from /opt/airflow/dags/local_to_GCS.py
[2024-01-18T00:41:44.252+0000] {processor.py:183} INFO - Processing /opt/airflow/dags/local_to_GCS.py took 0.171 seconds
[2024-01-18T00:42:14.752+0000] {processor.py:161} INFO - Started process (PID=9098) to work on /opt/airflow/dags/local_to_GCS.py
[2024-01-18T00:42:14.759+0000] {processor.py:830} INFO - Processing file /opt/airflow/dags/local_to_GCS.py for tasks to queue
[2024-01-18T00:42:14.762+0000] {logging_mixin.py:188} INFO - [2024-01-18T00:42:14.761+0000] {dagbag.py:538} INFO - Filling up the DagBag from /opt/airflow/dags/local_to_GCS.py
[2024-01-18T00:42:14.771+0000] {processor.py:842} WARNING - No viable dags retrieved from /opt/airflow/dags/local_to_GCS.py
[2024-01-18T00:42:14.805+0000] {processor.py:183} INFO - Processing /opt/airflow/dags/local_to_GCS.py took 0.075 seconds
[2024-01-18T00:42:45.158+0000] {processor.py:161} INFO - Started process (PID=9136) to work on /opt/airflow/dags/local_to_GCS.py
[2024-01-18T00:42:45.162+0000] {processor.py:830} INFO - Processing file /opt/airflow/dags/local_to_GCS.py for tasks to queue
[2024-01-18T00:42:45.163+0000] {logging_mixin.py:188} INFO - [2024-01-18T00:42:45.163+0000] {dagbag.py:538} INFO - Filling up the DagBag from /opt/airflow/dags/local_to_GCS.py
[2024-01-18T00:42:45.182+0000] {processor.py:842} WARNING - No viable dags retrieved from /opt/airflow/dags/local_to_GCS.py
[2024-01-18T00:42:45.225+0000] {processor.py:183} INFO - Processing /opt/airflow/dags/local_to_GCS.py took 0.077 seconds
[2024-01-18T00:43:15.875+0000] {processor.py:161} INFO - Started process (PID=9174) to work on /opt/airflow/dags/local_to_GCS.py
[2024-01-18T00:43:15.881+0000] {processor.py:830} INFO - Processing file /opt/airflow/dags/local_to_GCS.py for tasks to queue
[2024-01-18T00:43:15.883+0000] {logging_mixin.py:188} INFO - [2024-01-18T00:43:15.883+0000] {dagbag.py:538} INFO - Filling up the DagBag from /opt/airflow/dags/local_to_GCS.py
[2024-01-18T00:43:15.895+0000] {processor.py:842} WARNING - No viable dags retrieved from /opt/airflow/dags/local_to_GCS.py
[2024-01-18T00:43:15.924+0000] {processor.py:183} INFO - Processing /opt/airflow/dags/local_to_GCS.py took 0.071 seconds
[2024-01-18T00:43:46.666+0000] {processor.py:161} INFO - Started process (PID=9212) to work on /opt/airflow/dags/local_to_GCS.py
[2024-01-18T00:43:46.670+0000] {processor.py:830} INFO - Processing file /opt/airflow/dags/local_to_GCS.py for tasks to queue
[2024-01-18T00:43:46.672+0000] {logging_mixin.py:188} INFO - [2024-01-18T00:43:46.671+0000] {dagbag.py:538} INFO - Filling up the DagBag from /opt/airflow/dags/local_to_GCS.py
[2024-01-18T00:43:46.682+0000] {processor.py:842} WARNING - No viable dags retrieved from /opt/airflow/dags/local_to_GCS.py
[2024-01-18T00:43:46.714+0000] {processor.py:183} INFO - Processing /opt/airflow/dags/local_to_GCS.py took 0.061 seconds
[2024-01-18T00:44:16.777+0000] {processor.py:161} INFO - Started process (PID=9247) to work on /opt/airflow/dags/local_to_GCS.py
[2024-01-18T00:44:16.781+0000] {processor.py:830} INFO - Processing file /opt/airflow/dags/local_to_GCS.py for tasks to queue
[2024-01-18T00:44:16.783+0000] {logging_mixin.py:188} INFO - [2024-01-18T00:44:16.783+0000] {dagbag.py:538} INFO - Filling up the DagBag from /opt/airflow/dags/local_to_GCS.py
[2024-01-18T00:44:16.791+0000] {processor.py:842} WARNING - No viable dags retrieved from /opt/airflow/dags/local_to_GCS.py
[2024-01-18T00:44:16.835+0000] {processor.py:183} INFO - Processing /opt/airflow/dags/local_to_GCS.py took 0.068 seconds
[2024-01-18T00:44:47.576+0000] {processor.py:161} INFO - Started process (PID=9288) to work on /opt/airflow/dags/local_to_GCS.py
[2024-01-18T00:44:47.577+0000] {processor.py:830} INFO - Processing file /opt/airflow/dags/local_to_GCS.py for tasks to queue
[2024-01-18T00:44:47.578+0000] {logging_mixin.py:188} INFO - [2024-01-18T00:44:47.577+0000] {dagbag.py:538} INFO - Filling up the DagBag from /opt/airflow/dags/local_to_GCS.py
[2024-01-18T00:44:47.583+0000] {processor.py:842} WARNING - No viable dags retrieved from /opt/airflow/dags/local_to_GCS.py
[2024-01-18T00:44:47.602+0000] {processor.py:183} INFO - Processing /opt/airflow/dags/local_to_GCS.py took 0.030 seconds
[2024-01-18T00:45:18.335+0000] {processor.py:161} INFO - Started process (PID=9319) to work on /opt/airflow/dags/local_to_GCS.py
[2024-01-18T00:45:18.336+0000] {processor.py:830} INFO - Processing file /opt/airflow/dags/local_to_GCS.py for tasks to queue
[2024-01-18T00:45:18.339+0000] {logging_mixin.py:188} INFO - [2024-01-18T00:45:18.339+0000] {dagbag.py:538} INFO - Filling up the DagBag from /opt/airflow/dags/local_to_GCS.py
[2024-01-18T00:45:18.348+0000] {processor.py:842} WARNING - No viable dags retrieved from /opt/airflow/dags/local_to_GCS.py
[2024-01-18T00:45:18.403+0000] {processor.py:183} INFO - Processing /opt/airflow/dags/local_to_GCS.py took 0.073 seconds
[2024-01-18T00:45:49.024+0000] {processor.py:161} INFO - Started process (PID=9352) to work on /opt/airflow/dags/local_to_GCS.py
[2024-01-18T00:45:49.028+0000] {processor.py:830} INFO - Processing file /opt/airflow/dags/local_to_GCS.py for tasks to queue
[2024-01-18T00:45:49.032+0000] {logging_mixin.py:188} INFO - [2024-01-18T00:45:49.031+0000] {dagbag.py:538} INFO - Filling up the DagBag from /opt/airflow/dags/local_to_GCS.py
[2024-01-18T00:45:49.046+0000] {processor.py:842} WARNING - No viable dags retrieved from /opt/airflow/dags/local_to_GCS.py
[2024-01-18T00:45:49.128+0000] {processor.py:183} INFO - Processing /opt/airflow/dags/local_to_GCS.py took 0.129 seconds
[2024-01-18T00:46:19.384+0000] {processor.py:161} INFO - Started process (PID=9390) to work on /opt/airflow/dags/local_to_GCS.py
[2024-01-18T00:46:19.386+0000] {processor.py:830} INFO - Processing file /opt/airflow/dags/local_to_GCS.py for tasks to queue
[2024-01-18T00:46:19.388+0000] {logging_mixin.py:188} INFO - [2024-01-18T00:46:19.387+0000] {dagbag.py:538} INFO - Filling up the DagBag from /opt/airflow/dags/local_to_GCS.py
[2024-01-18T00:46:19.395+0000] {processor.py:842} WARNING - No viable dags retrieved from /opt/airflow/dags/local_to_GCS.py
[2024-01-18T00:46:19.429+0000] {processor.py:183} INFO - Processing /opt/airflow/dags/local_to_GCS.py took 0.070 seconds
[2024-01-18T00:46:49.875+0000] {processor.py:161} INFO - Started process (PID=9428) to work on /opt/airflow/dags/local_to_GCS.py
[2024-01-18T00:46:49.878+0000] {processor.py:830} INFO - Processing file /opt/airflow/dags/local_to_GCS.py for tasks to queue
[2024-01-18T00:46:49.879+0000] {logging_mixin.py:188} INFO - [2024-01-18T00:46:49.879+0000] {dagbag.py:538} INFO - Filling up the DagBag from /opt/airflow/dags/local_to_GCS.py
[2024-01-18T00:46:49.895+0000] {processor.py:842} WARNING - No viable dags retrieved from /opt/airflow/dags/local_to_GCS.py
[2024-01-18T00:46:49.926+0000] {processor.py:183} INFO - Processing /opt/airflow/dags/local_to_GCS.py took 0.062 seconds
[2024-01-18T00:47:20.210+0000] {processor.py:161} INFO - Started process (PID=9466) to work on /opt/airflow/dags/local_to_GCS.py
[2024-01-18T00:47:20.212+0000] {processor.py:830} INFO - Processing file /opt/airflow/dags/local_to_GCS.py for tasks to queue
[2024-01-18T00:47:20.214+0000] {logging_mixin.py:188} INFO - [2024-01-18T00:47:20.213+0000] {dagbag.py:538} INFO - Filling up the DagBag from /opt/airflow/dags/local_to_GCS.py
[2024-01-18T00:47:20.227+0000] {processor.py:842} WARNING - No viable dags retrieved from /opt/airflow/dags/local_to_GCS.py
[2024-01-18T00:47:20.263+0000] {processor.py:183} INFO - Processing /opt/airflow/dags/local_to_GCS.py took 0.064 seconds
[2024-01-18T00:47:51.063+0000] {processor.py:161} INFO - Started process (PID=9509) to work on /opt/airflow/dags/local_to_GCS.py
[2024-01-18T00:47:51.067+0000] {processor.py:830} INFO - Processing file /opt/airflow/dags/local_to_GCS.py for tasks to queue
[2024-01-18T00:47:51.071+0000] {logging_mixin.py:188} INFO - [2024-01-18T00:47:51.070+0000] {dagbag.py:538} INFO - Filling up the DagBag from /opt/airflow/dags/local_to_GCS.py
[2024-01-18T00:47:51.100+0000] {processor.py:842} WARNING - No viable dags retrieved from /opt/airflow/dags/local_to_GCS.py
[2024-01-18T00:47:51.145+0000] {processor.py:183} INFO - Processing /opt/airflow/dags/local_to_GCS.py took 0.096 seconds
[2024-01-18T00:48:21.449+0000] {processor.py:161} INFO - Started process (PID=9548) to work on /opt/airflow/dags/local_to_GCS.py
[2024-01-18T00:48:21.452+0000] {processor.py:830} INFO - Processing file /opt/airflow/dags/local_to_GCS.py for tasks to queue
[2024-01-18T00:48:21.454+0000] {logging_mixin.py:188} INFO - [2024-01-18T00:48:21.453+0000] {dagbag.py:538} INFO - Filling up the DagBag from /opt/airflow/dags/local_to_GCS.py
[2024-01-18T00:48:21.462+0000] {processor.py:842} WARNING - No viable dags retrieved from /opt/airflow/dags/local_to_GCS.py
[2024-01-18T00:48:21.520+0000] {processor.py:183} INFO - Processing /opt/airflow/dags/local_to_GCS.py took 0.095 seconds
[2024-01-18T00:48:51.910+0000] {processor.py:161} INFO - Started process (PID=9585) to work on /opt/airflow/dags/local_to_GCS.py
[2024-01-18T00:48:51.915+0000] {processor.py:830} INFO - Processing file /opt/airflow/dags/local_to_GCS.py for tasks to queue
[2024-01-18T00:48:51.924+0000] {logging_mixin.py:188} INFO - [2024-01-18T00:48:51.921+0000] {dagbag.py:538} INFO - Filling up the DagBag from /opt/airflow/dags/local_to_GCS.py
[2024-01-18T00:48:51.943+0000] {processor.py:842} WARNING - No viable dags retrieved from /opt/airflow/dags/local_to_GCS.py
[2024-01-18T00:48:52.005+0000] {processor.py:183} INFO - Processing /opt/airflow/dags/local_to_GCS.py took 0.113 seconds
[2024-01-18T00:49:22.301+0000] {processor.py:161} INFO - Started process (PID=9624) to work on /opt/airflow/dags/local_to_GCS.py
[2024-01-18T00:49:22.304+0000] {processor.py:830} INFO - Processing file /opt/airflow/dags/local_to_GCS.py for tasks to queue
[2024-01-18T00:49:22.305+0000] {logging_mixin.py:188} INFO - [2024-01-18T00:49:22.305+0000] {dagbag.py:538} INFO - Filling up the DagBag from /opt/airflow/dags/local_to_GCS.py
[2024-01-18T00:49:22.311+0000] {processor.py:842} WARNING - No viable dags retrieved from /opt/airflow/dags/local_to_GCS.py
[2024-01-18T00:49:22.349+0000] {processor.py:183} INFO - Processing /opt/airflow/dags/local_to_GCS.py took 0.058 seconds
[2024-01-18T00:49:53.066+0000] {processor.py:161} INFO - Started process (PID=9662) to work on /opt/airflow/dags/local_to_GCS.py
[2024-01-18T00:49:53.075+0000] {processor.py:830} INFO - Processing file /opt/airflow/dags/local_to_GCS.py for tasks to queue
[2024-01-18T00:49:53.079+0000] {logging_mixin.py:188} INFO - [2024-01-18T00:49:53.078+0000] {dagbag.py:538} INFO - Filling up the DagBag from /opt/airflow/dags/local_to_GCS.py
[2024-01-18T00:49:53.087+0000] {processor.py:842} WARNING - No viable dags retrieved from /opt/airflow/dags/local_to_GCS.py
[2024-01-18T00:49:53.129+0000] {processor.py:183} INFO - Processing /opt/airflow/dags/local_to_GCS.py took 0.085 seconds
[2024-01-18T00:50:23.780+0000] {processor.py:161} INFO - Started process (PID=9700) to work on /opt/airflow/dags/local_to_GCS.py
[2024-01-18T00:50:23.783+0000] {processor.py:830} INFO - Processing file /opt/airflow/dags/local_to_GCS.py for tasks to queue
[2024-01-18T00:50:23.784+0000] {logging_mixin.py:188} INFO - [2024-01-18T00:50:23.784+0000] {dagbag.py:538} INFO - Filling up the DagBag from /opt/airflow/dags/local_to_GCS.py
[2024-01-18T00:50:23.792+0000] {processor.py:842} WARNING - No viable dags retrieved from /opt/airflow/dags/local_to_GCS.py
[2024-01-18T00:50:23.881+0000] {processor.py:183} INFO - Processing /opt/airflow/dags/local_to_GCS.py took 0.114 seconds
[2024-01-18T00:50:54.200+0000] {processor.py:161} INFO - Started process (PID=9738) to work on /opt/airflow/dags/local_to_GCS.py
[2024-01-18T00:50:54.202+0000] {processor.py:830} INFO - Processing file /opt/airflow/dags/local_to_GCS.py for tasks to queue
[2024-01-18T00:50:54.204+0000] {logging_mixin.py:188} INFO - [2024-01-18T00:50:54.204+0000] {dagbag.py:538} INFO - Filling up the DagBag from /opt/airflow/dags/local_to_GCS.py
[2024-01-18T00:50:54.211+0000] {processor.py:842} WARNING - No viable dags retrieved from /opt/airflow/dags/local_to_GCS.py
[2024-01-18T00:50:54.271+0000] {processor.py:183} INFO - Processing /opt/airflow/dags/local_to_GCS.py took 0.082 seconds
[2024-01-18T00:56:22.977+0000] {processor.py:161} INFO - Started process (PID=9777) to work on /opt/airflow/dags/local_to_GCS.py
[2024-01-18T00:56:23.004+0000] {processor.py:830} INFO - Processing file /opt/airflow/dags/local_to_GCS.py for tasks to queue
[2024-01-18T00:56:23.036+0000] {logging_mixin.py:188} INFO - [2024-01-18T00:56:23.033+0000] {dagbag.py:538} INFO - Filling up the DagBag from /opt/airflow/dags/local_to_GCS.py
[2024-01-18T00:56:23.124+0000] {processor.py:842} WARNING - No viable dags retrieved from /opt/airflow/dags/local_to_GCS.py
[2024-01-18T00:56:23.285+0000] {processor.py:183} INFO - Processing /opt/airflow/dags/local_to_GCS.py took 0.531 seconds
[2024-01-18T00:56:53.975+0000] {processor.py:161} INFO - Started process (PID=9816) to work on /opt/airflow/dags/local_to_GCS.py
[2024-01-18T00:56:53.976+0000] {processor.py:830} INFO - Processing file /opt/airflow/dags/local_to_GCS.py for tasks to queue
[2024-01-18T00:56:53.977+0000] {logging_mixin.py:188} INFO - [2024-01-18T00:56:53.977+0000] {dagbag.py:538} INFO - Filling up the DagBag from /opt/airflow/dags/local_to_GCS.py
[2024-01-18T00:56:53.987+0000] {processor.py:842} WARNING - No viable dags retrieved from /opt/airflow/dags/local_to_GCS.py
[2024-01-18T00:56:54.021+0000] {processor.py:183} INFO - Processing /opt/airflow/dags/local_to_GCS.py took 0.053 seconds
[2024-01-18T00:57:24.538+0000] {processor.py:161} INFO - Started process (PID=9854) to work on /opt/airflow/dags/local_to_GCS.py
[2024-01-18T00:57:24.540+0000] {processor.py:830} INFO - Processing file /opt/airflow/dags/local_to_GCS.py for tasks to queue
[2024-01-18T00:57:24.541+0000] {logging_mixin.py:188} INFO - [2024-01-18T00:57:24.540+0000] {dagbag.py:538} INFO - Filling up the DagBag from /opt/airflow/dags/local_to_GCS.py
[2024-01-18T00:57:24.545+0000] {processor.py:842} WARNING - No viable dags retrieved from /opt/airflow/dags/local_to_GCS.py
[2024-01-18T00:57:24.583+0000] {processor.py:183} INFO - Processing /opt/airflow/dags/local_to_GCS.py took 0.050 seconds
[2024-01-18T00:57:55.193+0000] {processor.py:161} INFO - Started process (PID=9892) to work on /opt/airflow/dags/local_to_GCS.py
[2024-01-18T00:57:55.195+0000] {processor.py:830} INFO - Processing file /opt/airflow/dags/local_to_GCS.py for tasks to queue
[2024-01-18T00:57:55.197+0000] {logging_mixin.py:188} INFO - [2024-01-18T00:57:55.196+0000] {dagbag.py:538} INFO - Filling up the DagBag from /opt/airflow/dags/local_to_GCS.py
[2024-01-18T00:57:55.203+0000] {processor.py:842} WARNING - No viable dags retrieved from /opt/airflow/dags/local_to_GCS.py
[2024-01-18T00:57:55.238+0000] {processor.py:183} INFO - Processing /opt/airflow/dags/local_to_GCS.py took 0.063 seconds
[2024-01-18T00:58:25.834+0000] {processor.py:161} INFO - Started process (PID=9930) to work on /opt/airflow/dags/local_to_GCS.py
[2024-01-18T00:58:25.837+0000] {processor.py:830} INFO - Processing file /opt/airflow/dags/local_to_GCS.py for tasks to queue
[2024-01-18T00:58:25.839+0000] {logging_mixin.py:188} INFO - [2024-01-18T00:58:25.838+0000] {dagbag.py:538} INFO - Filling up the DagBag from /opt/airflow/dags/local_to_GCS.py
[2024-01-18T00:58:25.848+0000] {processor.py:842} WARNING - No viable dags retrieved from /opt/airflow/dags/local_to_GCS.py
[2024-01-18T00:58:25.889+0000] {processor.py:183} INFO - Processing /opt/airflow/dags/local_to_GCS.py took 0.066 seconds
[2024-01-18T00:58:56.481+0000] {processor.py:161} INFO - Started process (PID=9968) to work on /opt/airflow/dags/local_to_GCS.py
[2024-01-18T00:58:56.483+0000] {processor.py:830} INFO - Processing file /opt/airflow/dags/local_to_GCS.py for tasks to queue
[2024-01-18T00:58:56.484+0000] {logging_mixin.py:188} INFO - [2024-01-18T00:58:56.483+0000] {dagbag.py:538} INFO - Filling up the DagBag from /opt/airflow/dags/local_to_GCS.py
[2024-01-18T00:58:56.489+0000] {processor.py:842} WARNING - No viable dags retrieved from /opt/airflow/dags/local_to_GCS.py
[2024-01-18T00:58:56.531+0000] {processor.py:183} INFO - Processing /opt/airflow/dags/local_to_GCS.py took 0.059 seconds
[2024-01-18T00:59:27.048+0000] {processor.py:161} INFO - Started process (PID=10006) to work on /opt/airflow/dags/local_to_GCS.py
[2024-01-18T00:59:27.050+0000] {processor.py:830} INFO - Processing file /opt/airflow/dags/local_to_GCS.py for tasks to queue
[2024-01-18T00:59:27.053+0000] {logging_mixin.py:188} INFO - [2024-01-18T00:59:27.052+0000] {dagbag.py:538} INFO - Filling up the DagBag from /opt/airflow/dags/local_to_GCS.py
[2024-01-18T00:59:27.066+0000] {processor.py:842} WARNING - No viable dags retrieved from /opt/airflow/dags/local_to_GCS.py
[2024-01-18T00:59:27.116+0000] {processor.py:183} INFO - Processing /opt/airflow/dags/local_to_GCS.py took 0.077 seconds
[2024-01-18T00:59:57.637+0000] {processor.py:161} INFO - Started process (PID=10044) to work on /opt/airflow/dags/local_to_GCS.py
[2024-01-18T00:59:57.643+0000] {processor.py:830} INFO - Processing file /opt/airflow/dags/local_to_GCS.py for tasks to queue
[2024-01-18T00:59:57.652+0000] {logging_mixin.py:188} INFO - [2024-01-18T00:59:57.652+0000] {dagbag.py:538} INFO - Filling up the DagBag from /opt/airflow/dags/local_to_GCS.py
[2024-01-18T00:59:57.659+0000] {processor.py:842} WARNING - No viable dags retrieved from /opt/airflow/dags/local_to_GCS.py
[2024-01-18T00:59:57.688+0000] {processor.py:183} INFO - Processing /opt/airflow/dags/local_to_GCS.py took 0.058 seconds
[2024-01-18T01:00:28.333+0000] {processor.py:161} INFO - Started process (PID=10082) to work on /opt/airflow/dags/local_to_GCS.py
[2024-01-18T01:00:28.335+0000] {processor.py:830} INFO - Processing file /opt/airflow/dags/local_to_GCS.py for tasks to queue
[2024-01-18T01:00:28.337+0000] {logging_mixin.py:188} INFO - [2024-01-18T01:00:28.336+0000] {dagbag.py:538} INFO - Filling up the DagBag from /opt/airflow/dags/local_to_GCS.py
[2024-01-18T01:00:28.344+0000] {processor.py:842} WARNING - No viable dags retrieved from /opt/airflow/dags/local_to_GCS.py
[2024-01-18T01:00:28.368+0000] {processor.py:183} INFO - Processing /opt/airflow/dags/local_to_GCS.py took 0.042 seconds
[2024-01-18T01:00:58.651+0000] {processor.py:161} INFO - Started process (PID=10120) to work on /opt/airflow/dags/local_to_GCS.py
[2024-01-18T01:00:58.654+0000] {processor.py:830} INFO - Processing file /opt/airflow/dags/local_to_GCS.py for tasks to queue
[2024-01-18T01:00:58.655+0000] {logging_mixin.py:188} INFO - [2024-01-18T01:00:58.655+0000] {dagbag.py:538} INFO - Filling up the DagBag from /opt/airflow/dags/local_to_GCS.py
[2024-01-18T01:00:58.661+0000] {processor.py:842} WARNING - No viable dags retrieved from /opt/airflow/dags/local_to_GCS.py
[2024-01-18T01:00:58.689+0000] {processor.py:183} INFO - Processing /opt/airflow/dags/local_to_GCS.py took 0.048 seconds
[2024-01-18T01:01:29.263+0000] {processor.py:161} INFO - Started process (PID=10158) to work on /opt/airflow/dags/local_to_GCS.py
[2024-01-18T01:01:29.266+0000] {processor.py:830} INFO - Processing file /opt/airflow/dags/local_to_GCS.py for tasks to queue
[2024-01-18T01:01:29.268+0000] {logging_mixin.py:188} INFO - [2024-01-18T01:01:29.267+0000] {dagbag.py:538} INFO - Filling up the DagBag from /opt/airflow/dags/local_to_GCS.py
[2024-01-18T01:01:29.275+0000] {processor.py:842} WARNING - No viable dags retrieved from /opt/airflow/dags/local_to_GCS.py
[2024-01-18T01:01:29.301+0000] {processor.py:183} INFO - Processing /opt/airflow/dags/local_to_GCS.py took 0.050 seconds
[2024-01-18T01:01:59.831+0000] {processor.py:161} INFO - Started process (PID=10196) to work on /opt/airflow/dags/local_to_GCS.py
[2024-01-18T01:01:59.834+0000] {processor.py:830} INFO - Processing file /opt/airflow/dags/local_to_GCS.py for tasks to queue
[2024-01-18T01:01:59.835+0000] {logging_mixin.py:188} INFO - [2024-01-18T01:01:59.835+0000] {dagbag.py:538} INFO - Filling up the DagBag from /opt/airflow/dags/local_to_GCS.py
[2024-01-18T01:01:59.844+0000] {processor.py:842} WARNING - No viable dags retrieved from /opt/airflow/dags/local_to_GCS.py
[2024-01-18T01:01:59.872+0000] {processor.py:183} INFO - Processing /opt/airflow/dags/local_to_GCS.py took 0.050 seconds
[2024-01-18T01:02:30.484+0000] {processor.py:161} INFO - Started process (PID=10234) to work on /opt/airflow/dags/local_to_GCS.py
[2024-01-18T01:02:30.487+0000] {processor.py:830} INFO - Processing file /opt/airflow/dags/local_to_GCS.py for tasks to queue
[2024-01-18T01:02:30.491+0000] {logging_mixin.py:188} INFO - [2024-01-18T01:02:30.488+0000] {dagbag.py:538} INFO - Filling up the DagBag from /opt/airflow/dags/local_to_GCS.py
[2024-01-18T01:02:30.498+0000] {processor.py:842} WARNING - No viable dags retrieved from /opt/airflow/dags/local_to_GCS.py
[2024-01-18T01:02:30.569+0000] {processor.py:183} INFO - Processing /opt/airflow/dags/local_to_GCS.py took 0.118 seconds
[2024-01-18T01:03:01.144+0000] {processor.py:161} INFO - Started process (PID=10272) to work on /opt/airflow/dags/local_to_GCS.py
[2024-01-18T01:03:01.150+0000] {processor.py:830} INFO - Processing file /opt/airflow/dags/local_to_GCS.py for tasks to queue
[2024-01-18T01:03:01.152+0000] {logging_mixin.py:188} INFO - [2024-01-18T01:03:01.152+0000] {dagbag.py:538} INFO - Filling up the DagBag from /opt/airflow/dags/local_to_GCS.py
[2024-01-18T01:03:01.161+0000] {processor.py:842} WARNING - No viable dags retrieved from /opt/airflow/dags/local_to_GCS.py
[2024-01-18T01:03:01.186+0000] {processor.py:183} INFO - Processing /opt/airflow/dags/local_to_GCS.py took 0.054 seconds
[2024-01-18T01:03:31.763+0000] {processor.py:161} INFO - Started process (PID=10310) to work on /opt/airflow/dags/local_to_GCS.py
[2024-01-18T01:03:31.765+0000] {processor.py:830} INFO - Processing file /opt/airflow/dags/local_to_GCS.py for tasks to queue
[2024-01-18T01:03:31.767+0000] {logging_mixin.py:188} INFO - [2024-01-18T01:03:31.767+0000] {dagbag.py:538} INFO - Filling up the DagBag from /opt/airflow/dags/local_to_GCS.py
[2024-01-18T01:03:31.774+0000] {processor.py:842} WARNING - No viable dags retrieved from /opt/airflow/dags/local_to_GCS.py
[2024-01-18T01:03:31.807+0000] {processor.py:183} INFO - Processing /opt/airflow/dags/local_to_GCS.py took 0.061 seconds
[2024-01-18T01:04:02.384+0000] {processor.py:161} INFO - Started process (PID=10348) to work on /opt/airflow/dags/local_to_GCS.py
[2024-01-18T01:04:02.388+0000] {processor.py:830} INFO - Processing file /opt/airflow/dags/local_to_GCS.py for tasks to queue
[2024-01-18T01:04:02.390+0000] {logging_mixin.py:188} INFO - [2024-01-18T01:04:02.389+0000] {dagbag.py:538} INFO - Filling up the DagBag from /opt/airflow/dags/local_to_GCS.py
[2024-01-18T01:04:02.398+0000] {processor.py:842} WARNING - No viable dags retrieved from /opt/airflow/dags/local_to_GCS.py
[2024-01-18T01:04:02.447+0000] {processor.py:183} INFO - Processing /opt/airflow/dags/local_to_GCS.py took 0.070 seconds
[2024-01-18T01:04:33.031+0000] {processor.py:161} INFO - Started process (PID=10386) to work on /opt/airflow/dags/local_to_GCS.py
[2024-01-18T01:04:33.033+0000] {processor.py:830} INFO - Processing file /opt/airflow/dags/local_to_GCS.py for tasks to queue
[2024-01-18T01:04:33.035+0000] {logging_mixin.py:188} INFO - [2024-01-18T01:04:33.034+0000] {dagbag.py:538} INFO - Filling up the DagBag from /opt/airflow/dags/local_to_GCS.py
[2024-01-18T01:04:33.042+0000] {processor.py:842} WARNING - No viable dags retrieved from /opt/airflow/dags/local_to_GCS.py
[2024-01-18T01:04:33.064+0000] {processor.py:183} INFO - Processing /opt/airflow/dags/local_to_GCS.py took 0.043 seconds
[2024-01-18T01:05:03.567+0000] {processor.py:161} INFO - Started process (PID=10424) to work on /opt/airflow/dags/local_to_GCS.py
[2024-01-18T01:05:03.569+0000] {processor.py:830} INFO - Processing file /opt/airflow/dags/local_to_GCS.py for tasks to queue
[2024-01-18T01:05:03.571+0000] {logging_mixin.py:188} INFO - [2024-01-18T01:05:03.570+0000] {dagbag.py:538} INFO - Filling up the DagBag from /opt/airflow/dags/local_to_GCS.py
[2024-01-18T01:05:03.574+0000] {processor.py:842} WARNING - No viable dags retrieved from /opt/airflow/dags/local_to_GCS.py
[2024-01-18T01:05:03.591+0000] {processor.py:183} INFO - Processing /opt/airflow/dags/local_to_GCS.py took 0.033 seconds
[2024-01-18T01:05:34.240+0000] {processor.py:161} INFO - Started process (PID=10464) to work on /opt/airflow/dags/local_to_GCS.py
[2024-01-18T01:05:34.242+0000] {processor.py:830} INFO - Processing file /opt/airflow/dags/local_to_GCS.py for tasks to queue
[2024-01-18T01:05:34.244+0000] {logging_mixin.py:188} INFO - [2024-01-18T01:05:34.244+0000] {dagbag.py:538} INFO - Filling up the DagBag from /opt/airflow/dags/local_to_GCS.py
[2024-01-18T01:05:34.250+0000] {processor.py:842} WARNING - No viable dags retrieved from /opt/airflow/dags/local_to_GCS.py
[2024-01-18T01:05:34.266+0000] {processor.py:183} INFO - Processing /opt/airflow/dags/local_to_GCS.py took 0.033 seconds
[2024-01-18T01:06:04.973+0000] {processor.py:161} INFO - Started process (PID=10493) to work on /opt/airflow/dags/local_to_GCS.py
[2024-01-18T01:06:04.974+0000] {processor.py:830} INFO - Processing file /opt/airflow/dags/local_to_GCS.py for tasks to queue
[2024-01-18T01:06:04.976+0000] {logging_mixin.py:188} INFO - [2024-01-18T01:06:04.975+0000] {dagbag.py:538} INFO - Filling up the DagBag from /opt/airflow/dags/local_to_GCS.py
[2024-01-18T01:06:04.983+0000] {processor.py:842} WARNING - No viable dags retrieved from /opt/airflow/dags/local_to_GCS.py
[2024-01-18T01:06:05.007+0000] {processor.py:183} INFO - Processing /opt/airflow/dags/local_to_GCS.py took 0.039 seconds
[2024-01-18T01:06:35.514+0000] {processor.py:161} INFO - Started process (PID=10526) to work on /opt/airflow/dags/local_to_GCS.py
[2024-01-18T01:06:35.516+0000] {processor.py:830} INFO - Processing file /opt/airflow/dags/local_to_GCS.py for tasks to queue
[2024-01-18T01:06:35.517+0000] {logging_mixin.py:188} INFO - [2024-01-18T01:06:35.516+0000] {dagbag.py:538} INFO - Filling up the DagBag from /opt/airflow/dags/local_to_GCS.py
[2024-01-18T01:06:35.525+0000] {processor.py:842} WARNING - No viable dags retrieved from /opt/airflow/dags/local_to_GCS.py
[2024-01-18T01:06:35.554+0000] {processor.py:183} INFO - Processing /opt/airflow/dags/local_to_GCS.py took 0.060 seconds
[2024-01-18T01:07:06.046+0000] {processor.py:161} INFO - Started process (PID=10564) to work on /opt/airflow/dags/local_to_GCS.py
[2024-01-18T01:07:06.052+0000] {processor.py:830} INFO - Processing file /opt/airflow/dags/local_to_GCS.py for tasks to queue
[2024-01-18T01:07:06.059+0000] {logging_mixin.py:188} INFO - [2024-01-18T01:07:06.057+0000] {dagbag.py:538} INFO - Filling up the DagBag from /opt/airflow/dags/local_to_GCS.py
[2024-01-18T01:07:06.068+0000] {processor.py:842} WARNING - No viable dags retrieved from /opt/airflow/dags/local_to_GCS.py
[2024-01-18T01:07:06.095+0000] {processor.py:183} INFO - Processing /opt/airflow/dags/local_to_GCS.py took 0.057 seconds
[2024-01-18T01:07:36.717+0000] {processor.py:161} INFO - Started process (PID=10602) to work on /opt/airflow/dags/local_to_GCS.py
[2024-01-18T01:07:36.721+0000] {processor.py:830} INFO - Processing file /opt/airflow/dags/local_to_GCS.py for tasks to queue
[2024-01-18T01:07:36.722+0000] {logging_mixin.py:188} INFO - [2024-01-18T01:07:36.722+0000] {dagbag.py:538} INFO - Filling up the DagBag from /opt/airflow/dags/local_to_GCS.py
[2024-01-18T01:07:36.730+0000] {processor.py:842} WARNING - No viable dags retrieved from /opt/airflow/dags/local_to_GCS.py
[2024-01-18T01:07:36.756+0000] {processor.py:183} INFO - Processing /opt/airflow/dags/local_to_GCS.py took 0.054 seconds
[2024-01-18T01:08:07.277+0000] {processor.py:161} INFO - Started process (PID=10640) to work on /opt/airflow/dags/local_to_GCS.py
[2024-01-18T01:08:07.282+0000] {processor.py:830} INFO - Processing file /opt/airflow/dags/local_to_GCS.py for tasks to queue
[2024-01-18T01:08:07.286+0000] {logging_mixin.py:188} INFO - [2024-01-18T01:08:07.285+0000] {dagbag.py:538} INFO - Filling up the DagBag from /opt/airflow/dags/local_to_GCS.py
[2024-01-18T01:08:07.298+0000] {processor.py:842} WARNING - No viable dags retrieved from /opt/airflow/dags/local_to_GCS.py
[2024-01-18T01:08:07.327+0000] {processor.py:183} INFO - Processing /opt/airflow/dags/local_to_GCS.py took 0.064 seconds
[2024-01-18T01:08:38.032+0000] {processor.py:161} INFO - Started process (PID=10678) to work on /opt/airflow/dags/local_to_GCS.py
[2024-01-18T01:08:38.033+0000] {processor.py:830} INFO - Processing file /opt/airflow/dags/local_to_GCS.py for tasks to queue
[2024-01-18T01:08:38.035+0000] {logging_mixin.py:188} INFO - [2024-01-18T01:08:38.034+0000] {dagbag.py:538} INFO - Filling up the DagBag from /opt/airflow/dags/local_to_GCS.py
[2024-01-18T01:08:38.043+0000] {processor.py:842} WARNING - No viable dags retrieved from /opt/airflow/dags/local_to_GCS.py
[2024-01-18T01:08:38.085+0000] {processor.py:183} INFO - Processing /opt/airflow/dags/local_to_GCS.py took 0.070 seconds
[2024-01-18T01:09:08.654+0000] {processor.py:161} INFO - Started process (PID=10716) to work on /opt/airflow/dags/local_to_GCS.py
[2024-01-18T01:09:08.658+0000] {processor.py:830} INFO - Processing file /opt/airflow/dags/local_to_GCS.py for tasks to queue
[2024-01-18T01:09:08.660+0000] {logging_mixin.py:188} INFO - [2024-01-18T01:09:08.659+0000] {dagbag.py:538} INFO - Filling up the DagBag from /opt/airflow/dags/local_to_GCS.py
[2024-01-18T01:09:08.669+0000] {processor.py:842} WARNING - No viable dags retrieved from /opt/airflow/dags/local_to_GCS.py
[2024-01-18T01:09:08.707+0000] {processor.py:183} INFO - Processing /opt/airflow/dags/local_to_GCS.py took 0.073 seconds
[2024-01-18T01:09:39.269+0000] {processor.py:161} INFO - Started process (PID=10754) to work on /opt/airflow/dags/local_to_GCS.py
[2024-01-18T01:09:39.271+0000] {processor.py:830} INFO - Processing file /opt/airflow/dags/local_to_GCS.py for tasks to queue
[2024-01-18T01:09:39.275+0000] {logging_mixin.py:188} INFO - [2024-01-18T01:09:39.273+0000] {dagbag.py:538} INFO - Filling up the DagBag from /opt/airflow/dags/local_to_GCS.py
[2024-01-18T01:09:39.286+0000] {processor.py:842} WARNING - No viable dags retrieved from /opt/airflow/dags/local_to_GCS.py
[2024-01-18T01:09:39.314+0000] {processor.py:183} INFO - Processing /opt/airflow/dags/local_to_GCS.py took 0.054 seconds
[2024-01-18T01:10:09.878+0000] {processor.py:161} INFO - Started process (PID=10792) to work on /opt/airflow/dags/local_to_GCS.py
[2024-01-18T01:10:09.880+0000] {processor.py:830} INFO - Processing file /opt/airflow/dags/local_to_GCS.py for tasks to queue
[2024-01-18T01:10:09.882+0000] {logging_mixin.py:188} INFO - [2024-01-18T01:10:09.882+0000] {dagbag.py:538} INFO - Filling up the DagBag from /opt/airflow/dags/local_to_GCS.py
[2024-01-18T01:10:09.902+0000] {processor.py:842} WARNING - No viable dags retrieved from /opt/airflow/dags/local_to_GCS.py
[2024-01-18T01:10:09.936+0000] {processor.py:183} INFO - Processing /opt/airflow/dags/local_to_GCS.py took 0.076 seconds
[2024-01-18T01:10:40.634+0000] {processor.py:161} INFO - Started process (PID=10830) to work on /opt/airflow/dags/local_to_GCS.py
[2024-01-18T01:10:40.635+0000] {processor.py:830} INFO - Processing file /opt/airflow/dags/local_to_GCS.py for tasks to queue
[2024-01-18T01:10:40.636+0000] {logging_mixin.py:188} INFO - [2024-01-18T01:10:40.636+0000] {dagbag.py:538} INFO - Filling up the DagBag from /opt/airflow/dags/local_to_GCS.py
[2024-01-18T01:10:40.644+0000] {processor.py:842} WARNING - No viable dags retrieved from /opt/airflow/dags/local_to_GCS.py
[2024-01-18T01:10:40.682+0000] {processor.py:183} INFO - Processing /opt/airflow/dags/local_to_GCS.py took 0.053 seconds
[2024-01-18T01:11:11.204+0000] {processor.py:161} INFO - Started process (PID=10868) to work on /opt/airflow/dags/local_to_GCS.py
[2024-01-18T01:11:11.205+0000] {processor.py:830} INFO - Processing file /opt/airflow/dags/local_to_GCS.py for tasks to queue
[2024-01-18T01:11:11.206+0000] {logging_mixin.py:188} INFO - [2024-01-18T01:11:11.206+0000] {dagbag.py:538} INFO - Filling up the DagBag from /opt/airflow/dags/local_to_GCS.py
[2024-01-18T01:11:11.211+0000] {processor.py:842} WARNING - No viable dags retrieved from /opt/airflow/dags/local_to_GCS.py
[2024-01-18T01:11:11.256+0000] {processor.py:183} INFO - Processing /opt/airflow/dags/local_to_GCS.py took 0.060 seconds
[2024-01-18T01:11:41.967+0000] {processor.py:161} INFO - Started process (PID=10906) to work on /opt/airflow/dags/local_to_GCS.py
[2024-01-18T01:11:41.970+0000] {processor.py:830} INFO - Processing file /opt/airflow/dags/local_to_GCS.py for tasks to queue
[2024-01-18T01:11:41.971+0000] {logging_mixin.py:188} INFO - [2024-01-18T01:11:41.971+0000] {dagbag.py:538} INFO - Filling up the DagBag from /opt/airflow/dags/local_to_GCS.py
[2024-01-18T01:11:41.979+0000] {processor.py:842} WARNING - No viable dags retrieved from /opt/airflow/dags/local_to_GCS.py
[2024-01-18T01:11:42.006+0000] {processor.py:183} INFO - Processing /opt/airflow/dags/local_to_GCS.py took 0.051 seconds
[2024-01-18T01:12:12.564+0000] {processor.py:161} INFO - Started process (PID=10945) to work on /opt/airflow/dags/local_to_GCS.py
[2024-01-18T01:12:12.567+0000] {processor.py:830} INFO - Processing file /opt/airflow/dags/local_to_GCS.py for tasks to queue
[2024-01-18T01:12:12.568+0000] {logging_mixin.py:188} INFO - [2024-01-18T01:12:12.568+0000] {dagbag.py:538} INFO - Filling up the DagBag from /opt/airflow/dags/local_to_GCS.py
[2024-01-18T01:12:12.575+0000] {processor.py:842} WARNING - No viable dags retrieved from /opt/airflow/dags/local_to_GCS.py
[2024-01-18T01:12:12.624+0000] {processor.py:183} INFO - Processing /opt/airflow/dags/local_to_GCS.py took 0.091 seconds
[2024-01-18T01:12:43.341+0000] {processor.py:161} INFO - Started process (PID=10983) to work on /opt/airflow/dags/local_to_GCS.py
[2024-01-18T01:12:43.344+0000] {processor.py:830} INFO - Processing file /opt/airflow/dags/local_to_GCS.py for tasks to queue
[2024-01-18T01:12:43.346+0000] {logging_mixin.py:188} INFO - [2024-01-18T01:12:43.346+0000] {dagbag.py:538} INFO - Filling up the DagBag from /opt/airflow/dags/local_to_GCS.py
[2024-01-18T01:12:43.355+0000] {processor.py:842} WARNING - No viable dags retrieved from /opt/airflow/dags/local_to_GCS.py
[2024-01-18T01:12:43.386+0000] {processor.py:183} INFO - Processing /opt/airflow/dags/local_to_GCS.py took 0.053 seconds
[2024-01-18T01:13:13.842+0000] {processor.py:161} INFO - Started process (PID=11021) to work on /opt/airflow/dags/local_to_GCS.py
[2024-01-18T01:13:13.844+0000] {processor.py:830} INFO - Processing file /opt/airflow/dags/local_to_GCS.py for tasks to queue
[2024-01-18T01:13:13.845+0000] {logging_mixin.py:188} INFO - [2024-01-18T01:13:13.844+0000] {dagbag.py:538} INFO - Filling up the DagBag from /opt/airflow/dags/local_to_GCS.py
[2024-01-18T01:13:13.849+0000] {processor.py:842} WARNING - No viable dags retrieved from /opt/airflow/dags/local_to_GCS.py
[2024-01-18T01:13:13.901+0000] {processor.py:183} INFO - Processing /opt/airflow/dags/local_to_GCS.py took 0.065 seconds
[2024-01-18T01:13:44.383+0000] {processor.py:161} INFO - Started process (PID=11059) to work on /opt/airflow/dags/local_to_GCS.py
[2024-01-18T01:13:44.385+0000] {processor.py:830} INFO - Processing file /opt/airflow/dags/local_to_GCS.py for tasks to queue
[2024-01-18T01:13:44.387+0000] {logging_mixin.py:188} INFO - [2024-01-18T01:13:44.386+0000] {dagbag.py:538} INFO - Filling up the DagBag from /opt/airflow/dags/local_to_GCS.py
[2024-01-18T01:13:44.393+0000] {processor.py:842} WARNING - No viable dags retrieved from /opt/airflow/dags/local_to_GCS.py
[2024-01-18T01:13:44.436+0000] {processor.py:183} INFO - Processing /opt/airflow/dags/local_to_GCS.py took 0.058 seconds
[2024-01-18T01:14:15.423+0000] {processor.py:161} INFO - Started process (PID=11097) to work on /opt/airflow/dags/local_to_GCS.py
[2024-01-18T01:14:15.425+0000] {processor.py:830} INFO - Processing file /opt/airflow/dags/local_to_GCS.py for tasks to queue
[2024-01-18T01:14:15.427+0000] {logging_mixin.py:188} INFO - [2024-01-18T01:14:15.427+0000] {dagbag.py:538} INFO - Filling up the DagBag from /opt/airflow/dags/local_to_GCS.py
[2024-01-18T01:14:15.440+0000] {processor.py:842} WARNING - No viable dags retrieved from /opt/airflow/dags/local_to_GCS.py
[2024-01-18T01:14:15.515+0000] {processor.py:183} INFO - Processing /opt/airflow/dags/local_to_GCS.py took 0.102 seconds
[2024-01-18T01:14:46.115+0000] {processor.py:161} INFO - Started process (PID=11134) to work on /opt/airflow/dags/local_to_GCS.py
[2024-01-18T01:14:46.117+0000] {processor.py:830} INFO - Processing file /opt/airflow/dags/local_to_GCS.py for tasks to queue
[2024-01-18T01:14:46.118+0000] {logging_mixin.py:188} INFO - [2024-01-18T01:14:46.118+0000] {dagbag.py:538} INFO - Filling up the DagBag from /opt/airflow/dags/local_to_GCS.py
[2024-01-18T01:14:46.122+0000] {processor.py:842} WARNING - No viable dags retrieved from /opt/airflow/dags/local_to_GCS.py
[2024-01-18T01:14:46.148+0000] {processor.py:183} INFO - Processing /opt/airflow/dags/local_to_GCS.py took 0.040 seconds
[2024-01-18T01:15:16.714+0000] {processor.py:161} INFO - Started process (PID=11178) to work on /opt/airflow/dags/local_to_GCS.py
[2024-01-18T01:15:16.715+0000] {processor.py:830} INFO - Processing file /opt/airflow/dags/local_to_GCS.py for tasks to queue
[2024-01-18T01:15:16.717+0000] {logging_mixin.py:188} INFO - [2024-01-18T01:15:16.717+0000] {dagbag.py:538} INFO - Filling up the DagBag from /opt/airflow/dags/local_to_GCS.py
[2024-01-18T01:15:16.722+0000] {processor.py:842} WARNING - No viable dags retrieved from /opt/airflow/dags/local_to_GCS.py
[2024-01-18T01:15:16.759+0000] {processor.py:183} INFO - Processing /opt/airflow/dags/local_to_GCS.py took 0.055 seconds
[2024-01-18T01:15:47.314+0000] {processor.py:161} INFO - Started process (PID=11216) to work on /opt/airflow/dags/local_to_GCS.py
[2024-01-18T01:15:47.316+0000] {processor.py:830} INFO - Processing file /opt/airflow/dags/local_to_GCS.py for tasks to queue
[2024-01-18T01:15:47.317+0000] {logging_mixin.py:188} INFO - [2024-01-18T01:15:47.316+0000] {dagbag.py:538} INFO - Filling up the DagBag from /opt/airflow/dags/local_to_GCS.py
[2024-01-18T01:15:47.322+0000] {processor.py:842} WARNING - No viable dags retrieved from /opt/airflow/dags/local_to_GCS.py
[2024-01-18T01:15:47.344+0000] {processor.py:183} INFO - Processing /opt/airflow/dags/local_to_GCS.py took 0.035 seconds
[2024-01-18T01:16:17.967+0000] {processor.py:161} INFO - Started process (PID=11254) to work on /opt/airflow/dags/local_to_GCS.py
[2024-01-18T01:16:17.969+0000] {processor.py:830} INFO - Processing file /opt/airflow/dags/local_to_GCS.py for tasks to queue
[2024-01-18T01:16:17.970+0000] {logging_mixin.py:188} INFO - [2024-01-18T01:16:17.969+0000] {dagbag.py:538} INFO - Filling up the DagBag from /opt/airflow/dags/local_to_GCS.py
[2024-01-18T01:16:17.976+0000] {processor.py:842} WARNING - No viable dags retrieved from /opt/airflow/dags/local_to_GCS.py
[2024-01-18T01:16:18.017+0000] {processor.py:183} INFO - Processing /opt/airflow/dags/local_to_GCS.py took 0.056 seconds
[2024-01-18T01:16:48.686+0000] {processor.py:161} INFO - Started process (PID=11292) to work on /opt/airflow/dags/local_to_GCS.py
[2024-01-18T01:16:48.688+0000] {processor.py:830} INFO - Processing file /opt/airflow/dags/local_to_GCS.py for tasks to queue
[2024-01-18T01:16:48.689+0000] {logging_mixin.py:188} INFO - [2024-01-18T01:16:48.688+0000] {dagbag.py:538} INFO - Filling up the DagBag from /opt/airflow/dags/local_to_GCS.py
[2024-01-18T01:16:48.695+0000] {processor.py:842} WARNING - No viable dags retrieved from /opt/airflow/dags/local_to_GCS.py
[2024-01-18T01:16:48.723+0000] {processor.py:183} INFO - Processing /opt/airflow/dags/local_to_GCS.py took 0.046 seconds
[2024-01-18T01:17:19.364+0000] {processor.py:161} INFO - Started process (PID=11330) to work on /opt/airflow/dags/local_to_GCS.py
[2024-01-18T01:17:19.366+0000] {processor.py:830} INFO - Processing file /opt/airflow/dags/local_to_GCS.py for tasks to queue
[2024-01-18T01:17:19.367+0000] {logging_mixin.py:188} INFO - [2024-01-18T01:17:19.366+0000] {dagbag.py:538} INFO - Filling up the DagBag from /opt/airflow/dags/local_to_GCS.py
[2024-01-18T01:17:19.372+0000] {processor.py:842} WARNING - No viable dags retrieved from /opt/airflow/dags/local_to_GCS.py
[2024-01-18T01:17:19.409+0000] {processor.py:183} INFO - Processing /opt/airflow/dags/local_to_GCS.py took 0.055 seconds
[2024-01-18T01:17:49.987+0000] {processor.py:161} INFO - Started process (PID=11368) to work on /opt/airflow/dags/local_to_GCS.py
[2024-01-18T01:17:49.993+0000] {processor.py:830} INFO - Processing file /opt/airflow/dags/local_to_GCS.py for tasks to queue
[2024-01-18T01:17:49.995+0000] {logging_mixin.py:188} INFO - [2024-01-18T01:17:49.994+0000] {dagbag.py:538} INFO - Filling up the DagBag from /opt/airflow/dags/local_to_GCS.py
[2024-01-18T01:17:50.001+0000] {processor.py:842} WARNING - No viable dags retrieved from /opt/airflow/dags/local_to_GCS.py
[2024-01-18T01:17:50.039+0000] {processor.py:183} INFO - Processing /opt/airflow/dags/local_to_GCS.py took 0.066 seconds
[2024-01-18T01:18:20.674+0000] {processor.py:161} INFO - Started process (PID=11406) to work on /opt/airflow/dags/local_to_GCS.py
[2024-01-18T01:18:20.675+0000] {processor.py:830} INFO - Processing file /opt/airflow/dags/local_to_GCS.py for tasks to queue
[2024-01-18T01:18:20.676+0000] {logging_mixin.py:188} INFO - [2024-01-18T01:18:20.676+0000] {dagbag.py:538} INFO - Filling up the DagBag from /opt/airflow/dags/local_to_GCS.py
[2024-01-18T01:18:20.681+0000] {processor.py:842} WARNING - No viable dags retrieved from /opt/airflow/dags/local_to_GCS.py
[2024-01-18T01:18:20.703+0000] {processor.py:183} INFO - Processing /opt/airflow/dags/local_to_GCS.py took 0.034 seconds
[2024-01-18T01:18:51.222+0000] {processor.py:161} INFO - Started process (PID=11444) to work on /opt/airflow/dags/local_to_GCS.py
[2024-01-18T01:18:51.226+0000] {processor.py:830} INFO - Processing file /opt/airflow/dags/local_to_GCS.py for tasks to queue
[2024-01-18T01:18:51.228+0000] {logging_mixin.py:188} INFO - [2024-01-18T01:18:51.227+0000] {dagbag.py:538} INFO - Filling up the DagBag from /opt/airflow/dags/local_to_GCS.py
[2024-01-18T01:18:51.235+0000] {processor.py:842} WARNING - No viable dags retrieved from /opt/airflow/dags/local_to_GCS.py
[2024-01-18T01:18:51.267+0000] {processor.py:183} INFO - Processing /opt/airflow/dags/local_to_GCS.py took 0.051 seconds
[2024-01-18T01:19:21.808+0000] {processor.py:161} INFO - Started process (PID=11482) to work on /opt/airflow/dags/local_to_GCS.py
[2024-01-18T01:19:21.809+0000] {processor.py:830} INFO - Processing file /opt/airflow/dags/local_to_GCS.py for tasks to queue
[2024-01-18T01:19:21.810+0000] {logging_mixin.py:188} INFO - [2024-01-18T01:19:21.810+0000] {dagbag.py:538} INFO - Filling up the DagBag from /opt/airflow/dags/local_to_GCS.py
[2024-01-18T01:19:21.814+0000] {processor.py:842} WARNING - No viable dags retrieved from /opt/airflow/dags/local_to_GCS.py
[2024-01-18T01:19:21.831+0000] {processor.py:183} INFO - Processing /opt/airflow/dags/local_to_GCS.py took 0.027 seconds
[2024-01-18T01:19:52.353+0000] {processor.py:161} INFO - Started process (PID=11520) to work on /opt/airflow/dags/local_to_GCS.py
[2024-01-18T01:19:52.354+0000] {processor.py:830} INFO - Processing file /opt/airflow/dags/local_to_GCS.py for tasks to queue
[2024-01-18T01:19:52.355+0000] {logging_mixin.py:188} INFO - [2024-01-18T01:19:52.355+0000] {dagbag.py:538} INFO - Filling up the DagBag from /opt/airflow/dags/local_to_GCS.py
[2024-01-18T01:19:52.359+0000] {processor.py:842} WARNING - No viable dags retrieved from /opt/airflow/dags/local_to_GCS.py
[2024-01-18T01:19:52.384+0000] {processor.py:183} INFO - Processing /opt/airflow/dags/local_to_GCS.py took 0.035 seconds
[2024-01-18T01:20:22.859+0000] {processor.py:161} INFO - Started process (PID=11558) to work on /opt/airflow/dags/local_to_GCS.py
[2024-01-18T01:20:22.860+0000] {processor.py:830} INFO - Processing file /opt/airflow/dags/local_to_GCS.py for tasks to queue
[2024-01-18T01:20:22.861+0000] {logging_mixin.py:188} INFO - [2024-01-18T01:20:22.861+0000] {dagbag.py:538} INFO - Filling up the DagBag from /opt/airflow/dags/local_to_GCS.py
[2024-01-18T01:20:22.865+0000] {processor.py:842} WARNING - No viable dags retrieved from /opt/airflow/dags/local_to_GCS.py
[2024-01-18T01:20:22.877+0000] {processor.py:183} INFO - Processing /opt/airflow/dags/local_to_GCS.py took 0.022 seconds
[2024-01-18T01:20:53.706+0000] {processor.py:161} INFO - Started process (PID=11596) to work on /opt/airflow/dags/local_to_GCS.py
[2024-01-18T01:20:53.708+0000] {processor.py:830} INFO - Processing file /opt/airflow/dags/local_to_GCS.py for tasks to queue
[2024-01-18T01:20:53.709+0000] {logging_mixin.py:188} INFO - [2024-01-18T01:20:53.709+0000] {dagbag.py:538} INFO - Filling up the DagBag from /opt/airflow/dags/local_to_GCS.py
[2024-01-18T01:20:53.716+0000] {processor.py:842} WARNING - No viable dags retrieved from /opt/airflow/dags/local_to_GCS.py
[2024-01-18T01:20:53.734+0000] {processor.py:183} INFO - Processing /opt/airflow/dags/local_to_GCS.py took 0.033 seconds
[2024-01-18T01:21:24.721+0000] {processor.py:161} INFO - Started process (PID=11627) to work on /opt/airflow/dags/local_to_GCS.py
[2024-01-18T01:21:24.722+0000] {processor.py:830} INFO - Processing file /opt/airflow/dags/local_to_GCS.py for tasks to queue
[2024-01-18T01:21:24.723+0000] {logging_mixin.py:188} INFO - [2024-01-18T01:21:24.723+0000] {dagbag.py:538} INFO - Filling up the DagBag from /opt/airflow/dags/local_to_GCS.py
[2024-01-18T01:21:24.727+0000] {processor.py:842} WARNING - No viable dags retrieved from /opt/airflow/dags/local_to_GCS.py
[2024-01-18T01:21:24.748+0000] {processor.py:183} INFO - Processing /opt/airflow/dags/local_to_GCS.py took 0.031 seconds
[2024-01-18T01:21:55.308+0000] {processor.py:161} INFO - Started process (PID=11660) to work on /opt/airflow/dags/local_to_GCS.py
[2024-01-18T01:21:55.314+0000] {processor.py:830} INFO - Processing file /opt/airflow/dags/local_to_GCS.py for tasks to queue
[2024-01-18T01:21:55.317+0000] {logging_mixin.py:188} INFO - [2024-01-18T01:21:55.316+0000] {dagbag.py:538} INFO - Filling up the DagBag from /opt/airflow/dags/local_to_GCS.py
[2024-01-18T01:21:55.330+0000] {processor.py:842} WARNING - No viable dags retrieved from /opt/airflow/dags/local_to_GCS.py
[2024-01-18T01:21:55.394+0000] {processor.py:183} INFO - Processing /opt/airflow/dags/local_to_GCS.py took 0.115 seconds
[2024-01-18T01:22:25.947+0000] {processor.py:161} INFO - Started process (PID=11698) to work on /opt/airflow/dags/local_to_GCS.py
[2024-01-18T01:22:25.949+0000] {processor.py:830} INFO - Processing file /opt/airflow/dags/local_to_GCS.py for tasks to queue
[2024-01-18T01:22:25.951+0000] {logging_mixin.py:188} INFO - [2024-01-18T01:22:25.950+0000] {dagbag.py:538} INFO - Filling up the DagBag from /opt/airflow/dags/local_to_GCS.py
[2024-01-18T01:22:25.955+0000] {processor.py:842} WARNING - No viable dags retrieved from /opt/airflow/dags/local_to_GCS.py
[2024-01-18T01:22:25.994+0000] {processor.py:183} INFO - Processing /opt/airflow/dags/local_to_GCS.py took 0.056 seconds
[2024-01-18T01:22:56.541+0000] {processor.py:161} INFO - Started process (PID=11736) to work on /opt/airflow/dags/local_to_GCS.py
[2024-01-18T01:22:56.545+0000] {processor.py:830} INFO - Processing file /opt/airflow/dags/local_to_GCS.py for tasks to queue
[2024-01-18T01:22:56.547+0000] {logging_mixin.py:188} INFO - [2024-01-18T01:22:56.547+0000] {dagbag.py:538} INFO - Filling up the DagBag from /opt/airflow/dags/local_to_GCS.py
[2024-01-18T01:22:56.554+0000] {processor.py:842} WARNING - No viable dags retrieved from /opt/airflow/dags/local_to_GCS.py
[2024-01-18T01:22:56.581+0000] {processor.py:183} INFO - Processing /opt/airflow/dags/local_to_GCS.py took 0.047 seconds
[2024-01-18T01:23:27.187+0000] {processor.py:161} INFO - Started process (PID=11774) to work on /opt/airflow/dags/local_to_GCS.py
[2024-01-18T01:23:27.189+0000] {processor.py:830} INFO - Processing file /opt/airflow/dags/local_to_GCS.py for tasks to queue
[2024-01-18T01:23:27.191+0000] {logging_mixin.py:188} INFO - [2024-01-18T01:23:27.190+0000] {dagbag.py:538} INFO - Filling up the DagBag from /opt/airflow/dags/local_to_GCS.py
[2024-01-18T01:23:27.197+0000] {processor.py:842} WARNING - No viable dags retrieved from /opt/airflow/dags/local_to_GCS.py
[2024-01-18T01:23:27.248+0000] {processor.py:183} INFO - Processing /opt/airflow/dags/local_to_GCS.py took 0.067 seconds
[2024-01-18T01:23:57.842+0000] {processor.py:161} INFO - Started process (PID=11812) to work on /opt/airflow/dags/local_to_GCS.py
[2024-01-18T01:23:57.847+0000] {processor.py:830} INFO - Processing file /opt/airflow/dags/local_to_GCS.py for tasks to queue
[2024-01-18T01:23:57.855+0000] {logging_mixin.py:188} INFO - [2024-01-18T01:23:57.851+0000] {dagbag.py:538} INFO - Filling up the DagBag from /opt/airflow/dags/local_to_GCS.py
[2024-01-18T01:23:57.864+0000] {processor.py:842} WARNING - No viable dags retrieved from /opt/airflow/dags/local_to_GCS.py
[2024-01-18T01:23:57.890+0000] {processor.py:183} INFO - Processing /opt/airflow/dags/local_to_GCS.py took 0.057 seconds
[2024-01-18T01:24:28.590+0000] {processor.py:161} INFO - Started process (PID=11850) to work on /opt/airflow/dags/local_to_GCS.py
[2024-01-18T01:24:28.595+0000] {processor.py:830} INFO - Processing file /opt/airflow/dags/local_to_GCS.py for tasks to queue
[2024-01-18T01:24:28.597+0000] {logging_mixin.py:188} INFO - [2024-01-18T01:24:28.596+0000] {dagbag.py:538} INFO - Filling up the DagBag from /opt/airflow/dags/local_to_GCS.py
[2024-01-18T01:24:28.607+0000] {processor.py:842} WARNING - No viable dags retrieved from /opt/airflow/dags/local_to_GCS.py
[2024-01-18T01:24:28.646+0000] {processor.py:183} INFO - Processing /opt/airflow/dags/local_to_GCS.py took 0.080 seconds
[2024-01-18T01:24:59.370+0000] {processor.py:161} INFO - Started process (PID=11888) to work on /opt/airflow/dags/local_to_GCS.py
[2024-01-18T01:24:59.372+0000] {processor.py:830} INFO - Processing file /opt/airflow/dags/local_to_GCS.py for tasks to queue
[2024-01-18T01:24:59.373+0000] {logging_mixin.py:188} INFO - [2024-01-18T01:24:59.373+0000] {dagbag.py:538} INFO - Filling up the DagBag from /opt/airflow/dags/local_to_GCS.py
[2024-01-18T01:24:59.379+0000] {processor.py:842} WARNING - No viable dags retrieved from /opt/airflow/dags/local_to_GCS.py
[2024-01-18T01:24:59.409+0000] {processor.py:183} INFO - Processing /opt/airflow/dags/local_to_GCS.py took 0.045 seconds
[2024-01-18T01:25:30.136+0000] {processor.py:161} INFO - Started process (PID=11926) to work on /opt/airflow/dags/local_to_GCS.py
[2024-01-18T01:25:30.138+0000] {processor.py:830} INFO - Processing file /opt/airflow/dags/local_to_GCS.py for tasks to queue
[2024-01-18T01:25:30.140+0000] {logging_mixin.py:188} INFO - [2024-01-18T01:25:30.139+0000] {dagbag.py:538} INFO - Filling up the DagBag from /opt/airflow/dags/local_to_GCS.py
[2024-01-18T01:25:30.157+0000] {processor.py:842} WARNING - No viable dags retrieved from /opt/airflow/dags/local_to_GCS.py
[2024-01-18T01:25:30.191+0000] {processor.py:183} INFO - Processing /opt/airflow/dags/local_to_GCS.py took 0.063 seconds
[2024-01-18T01:26:00.579+0000] {processor.py:161} INFO - Started process (PID=12024) to work on /opt/airflow/dags/local_to_GCS.py
[2024-01-18T01:26:00.585+0000] {processor.py:830} INFO - Processing file /opt/airflow/dags/local_to_GCS.py for tasks to queue
[2024-01-18T01:26:00.590+0000] {logging_mixin.py:188} INFO - [2024-01-18T01:26:00.588+0000] {dagbag.py:538} INFO - Filling up the DagBag from /opt/airflow/dags/local_to_GCS.py
[2024-01-18T01:26:00.622+0000] {processor.py:842} WARNING - No viable dags retrieved from /opt/airflow/dags/local_to_GCS.py
[2024-01-18T01:26:00.735+0000] {processor.py:183} INFO - Processing /opt/airflow/dags/local_to_GCS.py took 0.199 seconds
[2024-01-18T01:26:31.068+0000] {processor.py:161} INFO - Started process (PID=12103) to work on /opt/airflow/dags/local_to_GCS.py
[2024-01-18T01:26:31.071+0000] {processor.py:830} INFO - Processing file /opt/airflow/dags/local_to_GCS.py for tasks to queue
[2024-01-18T01:26:31.074+0000] {logging_mixin.py:188} INFO - [2024-01-18T01:26:31.073+0000] {dagbag.py:538} INFO - Filling up the DagBag from /opt/airflow/dags/local_to_GCS.py
[2024-01-18T01:26:31.085+0000] {processor.py:842} WARNING - No viable dags retrieved from /opt/airflow/dags/local_to_GCS.py
[2024-01-18T01:26:31.134+0000] {processor.py:183} INFO - Processing /opt/airflow/dags/local_to_GCS.py took 0.074 seconds
[2024-01-18T01:27:01.496+0000] {processor.py:161} INFO - Started process (PID=12199) to work on /opt/airflow/dags/local_to_GCS.py
[2024-01-18T01:27:01.498+0000] {processor.py:830} INFO - Processing file /opt/airflow/dags/local_to_GCS.py for tasks to queue
[2024-01-18T01:27:01.499+0000] {logging_mixin.py:188} INFO - [2024-01-18T01:27:01.499+0000] {dagbag.py:538} INFO - Filling up the DagBag from /opt/airflow/dags/local_to_GCS.py
[2024-01-18T01:27:01.505+0000] {processor.py:842} WARNING - No viable dags retrieved from /opt/airflow/dags/local_to_GCS.py
[2024-01-18T01:27:01.532+0000] {processor.py:183} INFO - Processing /opt/airflow/dags/local_to_GCS.py took 0.054 seconds
[2024-01-18T01:27:32.266+0000] {processor.py:161} INFO - Started process (PID=12236) to work on /opt/airflow/dags/local_to_GCS.py
[2024-01-18T01:27:32.271+0000] {processor.py:830} INFO - Processing file /opt/airflow/dags/local_to_GCS.py for tasks to queue
[2024-01-18T01:27:32.273+0000] {logging_mixin.py:188} INFO - [2024-01-18T01:27:32.272+0000] {dagbag.py:538} INFO - Filling up the DagBag from /opt/airflow/dags/local_to_GCS.py
[2024-01-18T01:27:32.283+0000] {processor.py:842} WARNING - No viable dags retrieved from /opt/airflow/dags/local_to_GCS.py
[2024-01-18T01:27:32.331+0000] {processor.py:183} INFO - Processing /opt/airflow/dags/local_to_GCS.py took 0.073 seconds
[2024-01-18T01:28:03.038+0000] {processor.py:161} INFO - Started process (PID=12275) to work on /opt/airflow/dags/local_to_GCS.py
[2024-01-18T01:28:03.039+0000] {processor.py:830} INFO - Processing file /opt/airflow/dags/local_to_GCS.py for tasks to queue
[2024-01-18T01:28:03.040+0000] {logging_mixin.py:188} INFO - [2024-01-18T01:28:03.040+0000] {dagbag.py:538} INFO - Filling up the DagBag from /opt/airflow/dags/local_to_GCS.py
[2024-01-18T01:28:03.052+0000] {processor.py:842} WARNING - No viable dags retrieved from /opt/airflow/dags/local_to_GCS.py
[2024-01-18T01:28:03.085+0000] {processor.py:183} INFO - Processing /opt/airflow/dags/local_to_GCS.py took 0.051 seconds
[2024-01-18T01:28:33.814+0000] {processor.py:161} INFO - Started process (PID=12313) to work on /opt/airflow/dags/local_to_GCS.py
[2024-01-18T01:28:33.817+0000] {processor.py:830} INFO - Processing file /opt/airflow/dags/local_to_GCS.py for tasks to queue
[2024-01-18T01:28:33.819+0000] {logging_mixin.py:188} INFO - [2024-01-18T01:28:33.818+0000] {dagbag.py:538} INFO - Filling up the DagBag from /opt/airflow/dags/local_to_GCS.py
[2024-01-18T01:28:33.827+0000] {processor.py:842} WARNING - No viable dags retrieved from /opt/airflow/dags/local_to_GCS.py
[2024-01-18T01:28:33.879+0000] {processor.py:183} INFO - Processing /opt/airflow/dags/local_to_GCS.py took 0.073 seconds
[2024-01-18T01:29:04.514+0000] {processor.py:161} INFO - Started process (PID=12351) to work on /opt/airflow/dags/local_to_GCS.py
[2024-01-18T01:29:04.515+0000] {processor.py:830} INFO - Processing file /opt/airflow/dags/local_to_GCS.py for tasks to queue
[2024-01-18T01:29:04.517+0000] {logging_mixin.py:188} INFO - [2024-01-18T01:29:04.516+0000] {dagbag.py:538} INFO - Filling up the DagBag from /opt/airflow/dags/local_to_GCS.py
[2024-01-18T01:29:04.523+0000] {processor.py:842} WARNING - No viable dags retrieved from /opt/airflow/dags/local_to_GCS.py
[2024-01-18T01:29:04.560+0000] {processor.py:183} INFO - Processing /opt/airflow/dags/local_to_GCS.py took 0.057 seconds
[2024-01-18T01:29:35.233+0000] {processor.py:161} INFO - Started process (PID=12389) to work on /opt/airflow/dags/local_to_GCS.py
[2024-01-18T01:29:35.235+0000] {processor.py:830} INFO - Processing file /opt/airflow/dags/local_to_GCS.py for tasks to queue
[2024-01-18T01:29:35.237+0000] {logging_mixin.py:188} INFO - [2024-01-18T01:29:35.236+0000] {dagbag.py:538} INFO - Filling up the DagBag from /opt/airflow/dags/local_to_GCS.py
[2024-01-18T01:29:35.243+0000] {processor.py:842} WARNING - No viable dags retrieved from /opt/airflow/dags/local_to_GCS.py
[2024-01-18T01:29:35.294+0000] {processor.py:183} INFO - Processing /opt/airflow/dags/local_to_GCS.py took 0.073 seconds
[2024-01-18T01:30:05.730+0000] {processor.py:161} INFO - Started process (PID=12427) to work on /opt/airflow/dags/local_to_GCS.py
[2024-01-18T01:30:05.733+0000] {processor.py:830} INFO - Processing file /opt/airflow/dags/local_to_GCS.py for tasks to queue
[2024-01-18T01:30:05.734+0000] {logging_mixin.py:188} INFO - [2024-01-18T01:30:05.734+0000] {dagbag.py:538} INFO - Filling up the DagBag from /opt/airflow/dags/local_to_GCS.py
[2024-01-18T01:30:05.742+0000] {processor.py:842} WARNING - No viable dags retrieved from /opt/airflow/dags/local_to_GCS.py
[2024-01-18T01:30:05.775+0000] {processor.py:183} INFO - Processing /opt/airflow/dags/local_to_GCS.py took 0.060 seconds
[2024-01-18T01:30:36.484+0000] {processor.py:161} INFO - Started process (PID=12465) to work on /opt/airflow/dags/local_to_GCS.py
[2024-01-18T01:30:36.486+0000] {processor.py:830} INFO - Processing file /opt/airflow/dags/local_to_GCS.py for tasks to queue
[2024-01-18T01:30:36.487+0000] {logging_mixin.py:188} INFO - [2024-01-18T01:30:36.487+0000] {dagbag.py:538} INFO - Filling up the DagBag from /opt/airflow/dags/local_to_GCS.py
[2024-01-18T01:30:36.494+0000] {processor.py:842} WARNING - No viable dags retrieved from /opt/airflow/dags/local_to_GCS.py
[2024-01-18T01:30:36.527+0000] {processor.py:183} INFO - Processing /opt/airflow/dags/local_to_GCS.py took 0.059 seconds
[2024-01-18T01:31:07.191+0000] {processor.py:161} INFO - Started process (PID=12503) to work on /opt/airflow/dags/local_to_GCS.py
[2024-01-18T01:31:07.193+0000] {processor.py:830} INFO - Processing file /opt/airflow/dags/local_to_GCS.py for tasks to queue
[2024-01-18T01:31:07.195+0000] {logging_mixin.py:188} INFO - [2024-01-18T01:31:07.194+0000] {dagbag.py:538} INFO - Filling up the DagBag from /opt/airflow/dags/local_to_GCS.py
[2024-01-18T01:31:07.200+0000] {processor.py:842} WARNING - No viable dags retrieved from /opt/airflow/dags/local_to_GCS.py
[2024-01-18T01:31:07.242+0000] {processor.py:183} INFO - Processing /opt/airflow/dags/local_to_GCS.py took 0.059 seconds
[2024-01-18T01:31:37.966+0000] {processor.py:161} INFO - Started process (PID=12541) to work on /opt/airflow/dags/local_to_GCS.py
[2024-01-18T01:31:37.968+0000] {processor.py:830} INFO - Processing file /opt/airflow/dags/local_to_GCS.py for tasks to queue
[2024-01-18T01:31:37.970+0000] {logging_mixin.py:188} INFO - [2024-01-18T01:31:37.970+0000] {dagbag.py:538} INFO - Filling up the DagBag from /opt/airflow/dags/local_to_GCS.py
[2024-01-18T01:31:37.978+0000] {processor.py:842} WARNING - No viable dags retrieved from /opt/airflow/dags/local_to_GCS.py
[2024-01-18T01:31:38.004+0000] {processor.py:183} INFO - Processing /opt/airflow/dags/local_to_GCS.py took 0.086 seconds
[2024-01-18T01:32:08.628+0000] {processor.py:161} INFO - Started process (PID=12579) to work on /opt/airflow/dags/local_to_GCS.py
[2024-01-18T01:32:08.630+0000] {processor.py:830} INFO - Processing file /opt/airflow/dags/local_to_GCS.py for tasks to queue
[2024-01-18T01:32:08.631+0000] {logging_mixin.py:188} INFO - [2024-01-18T01:32:08.630+0000] {dagbag.py:538} INFO - Filling up the DagBag from /opt/airflow/dags/local_to_GCS.py
[2024-01-18T01:32:08.647+0000] {processor.py:842} WARNING - No viable dags retrieved from /opt/airflow/dags/local_to_GCS.py
[2024-01-18T01:32:08.713+0000] {processor.py:183} INFO - Processing /opt/airflow/dags/local_to_GCS.py took 0.093 seconds
[2024-01-18T01:32:39.397+0000] {processor.py:161} INFO - Started process (PID=12617) to work on /opt/airflow/dags/local_to_GCS.py
[2024-01-18T01:32:39.400+0000] {processor.py:830} INFO - Processing file /opt/airflow/dags/local_to_GCS.py for tasks to queue
[2024-01-18T01:32:39.402+0000] {logging_mixin.py:188} INFO - [2024-01-18T01:32:39.401+0000] {dagbag.py:538} INFO - Filling up the DagBag from /opt/airflow/dags/local_to_GCS.py
[2024-01-18T01:32:39.425+0000] {processor.py:842} WARNING - No viable dags retrieved from /opt/airflow/dags/local_to_GCS.py
[2024-01-18T01:32:39.462+0000] {processor.py:183} INFO - Processing /opt/airflow/dags/local_to_GCS.py took 0.085 seconds
[2024-01-18T01:33:10.141+0000] {processor.py:161} INFO - Started process (PID=12655) to work on /opt/airflow/dags/local_to_GCS.py
[2024-01-18T01:33:10.143+0000] {processor.py:830} INFO - Processing file /opt/airflow/dags/local_to_GCS.py for tasks to queue
[2024-01-18T01:33:10.144+0000] {logging_mixin.py:188} INFO - [2024-01-18T01:33:10.143+0000] {dagbag.py:538} INFO - Filling up the DagBag from /opt/airflow/dags/local_to_GCS.py
[2024-01-18T01:33:10.151+0000] {processor.py:842} WARNING - No viable dags retrieved from /opt/airflow/dags/local_to_GCS.py
[2024-01-18T01:33:10.189+0000] {processor.py:183} INFO - Processing /opt/airflow/dags/local_to_GCS.py took 0.056 seconds
[2024-01-18T01:33:40.835+0000] {processor.py:161} INFO - Started process (PID=12693) to work on /opt/airflow/dags/local_to_GCS.py
[2024-01-18T01:33:40.837+0000] {processor.py:830} INFO - Processing file /opt/airflow/dags/local_to_GCS.py for tasks to queue
[2024-01-18T01:33:40.839+0000] {logging_mixin.py:188} INFO - [2024-01-18T01:33:40.838+0000] {dagbag.py:538} INFO - Filling up the DagBag from /opt/airflow/dags/local_to_GCS.py
[2024-01-18T01:33:40.843+0000] {processor.py:842} WARNING - No viable dags retrieved from /opt/airflow/dags/local_to_GCS.py
[2024-01-18T01:33:40.882+0000] {processor.py:183} INFO - Processing /opt/airflow/dags/local_to_GCS.py took 0.054 seconds
[2024-01-18T01:34:11.201+0000] {processor.py:161} INFO - Started process (PID=12731) to work on /opt/airflow/dags/local_to_GCS.py
[2024-01-18T01:34:11.204+0000] {processor.py:830} INFO - Processing file /opt/airflow/dags/local_to_GCS.py for tasks to queue
[2024-01-18T01:34:11.205+0000] {logging_mixin.py:188} INFO - [2024-01-18T01:34:11.205+0000] {dagbag.py:538} INFO - Filling up the DagBag from /opt/airflow/dags/local_to_GCS.py
[2024-01-18T01:34:11.214+0000] {processor.py:842} WARNING - No viable dags retrieved from /opt/airflow/dags/local_to_GCS.py
[2024-01-18T01:34:11.243+0000] {processor.py:183} INFO - Processing /opt/airflow/dags/local_to_GCS.py took 0.052 seconds
[2024-01-18T01:37:10.769+0000] {processor.py:161} INFO - Started process (PID=12756) to work on /opt/airflow/dags/local_to_GCS.py
[2024-01-18T01:37:10.775+0000] {processor.py:830} INFO - Processing file /opt/airflow/dags/local_to_GCS.py for tasks to queue
[2024-01-18T01:37:10.779+0000] {logging_mixin.py:188} INFO - [2024-01-18T01:37:10.778+0000] {dagbag.py:538} INFO - Filling up the DagBag from /opt/airflow/dags/local_to_GCS.py
[2024-01-18T01:37:10.795+0000] {processor.py:842} WARNING - No viable dags retrieved from /opt/airflow/dags/local_to_GCS.py
[2024-01-18T01:37:10.915+0000] {processor.py:183} INFO - Processing /opt/airflow/dags/local_to_GCS.py took 0.191 seconds
[2024-01-18T01:37:41.521+0000] {processor.py:161} INFO - Started process (PID=12791) to work on /opt/airflow/dags/local_to_GCS.py
[2024-01-18T01:37:41.523+0000] {processor.py:830} INFO - Processing file /opt/airflow/dags/local_to_GCS.py for tasks to queue
[2024-01-18T01:37:41.526+0000] {logging_mixin.py:188} INFO - [2024-01-18T01:37:41.525+0000] {dagbag.py:538} INFO - Filling up the DagBag from /opt/airflow/dags/local_to_GCS.py
[2024-01-18T01:37:41.534+0000] {processor.py:842} WARNING - No viable dags retrieved from /opt/airflow/dags/local_to_GCS.py
[2024-01-18T01:37:41.579+0000] {processor.py:183} INFO - Processing /opt/airflow/dags/local_to_GCS.py took 0.074 seconds
[2024-01-18T01:39:05.696+0000] {processor.py:161} INFO - Started process (PID=12836) to work on /opt/airflow/dags/local_to_GCS.py
[2024-01-18T01:39:05.698+0000] {processor.py:830} INFO - Processing file /opt/airflow/dags/local_to_GCS.py for tasks to queue
[2024-01-18T01:39:05.701+0000] {logging_mixin.py:188} INFO - [2024-01-18T01:39:05.700+0000] {dagbag.py:538} INFO - Filling up the DagBag from /opt/airflow/dags/local_to_GCS.py
[2024-01-18T01:39:05.723+0000] {processor.py:842} WARNING - No viable dags retrieved from /opt/airflow/dags/local_to_GCS.py
[2024-01-18T01:39:05.770+0000] {processor.py:183} INFO - Processing /opt/airflow/dags/local_to_GCS.py took 0.081 seconds
[2024-01-18T01:39:35.923+0000] {processor.py:161} INFO - Started process (PID=12871) to work on /opt/airflow/dags/local_to_GCS.py
[2024-01-18T01:39:35.925+0000] {processor.py:830} INFO - Processing file /opt/airflow/dags/local_to_GCS.py for tasks to queue
[2024-01-18T01:39:35.926+0000] {logging_mixin.py:188} INFO - [2024-01-18T01:39:35.925+0000] {dagbag.py:538} INFO - Filling up the DagBag from /opt/airflow/dags/local_to_GCS.py
[2024-01-18T01:39:35.931+0000] {processor.py:842} WARNING - No viable dags retrieved from /opt/airflow/dags/local_to_GCS.py
[2024-01-18T01:39:35.953+0000] {processor.py:183} INFO - Processing /opt/airflow/dags/local_to_GCS.py took 0.033 seconds
[2024-01-18T01:40:06.517+0000] {processor.py:161} INFO - Started process (PID=12907) to work on /opt/airflow/dags/local_to_GCS.py
[2024-01-18T01:40:06.519+0000] {processor.py:830} INFO - Processing file /opt/airflow/dags/local_to_GCS.py for tasks to queue
[2024-01-18T01:40:06.520+0000] {logging_mixin.py:188} INFO - [2024-01-18T01:40:06.520+0000] {dagbag.py:538} INFO - Filling up the DagBag from /opt/airflow/dags/local_to_GCS.py
[2024-01-18T01:40:06.525+0000] {processor.py:842} WARNING - No viable dags retrieved from /opt/airflow/dags/local_to_GCS.py
[2024-01-18T01:40:06.555+0000] {processor.py:183} INFO - Processing /opt/airflow/dags/local_to_GCS.py took 0.044 seconds
[2024-01-18T01:40:37.164+0000] {processor.py:161} INFO - Started process (PID=12945) to work on /opt/airflow/dags/local_to_GCS.py
[2024-01-18T01:40:37.169+0000] {processor.py:830} INFO - Processing file /opt/airflow/dags/local_to_GCS.py for tasks to queue
[2024-01-18T01:40:37.175+0000] {logging_mixin.py:188} INFO - [2024-01-18T01:40:37.171+0000] {dagbag.py:538} INFO - Filling up the DagBag from /opt/airflow/dags/local_to_GCS.py
[2024-01-18T01:40:37.184+0000] {processor.py:842} WARNING - No viable dags retrieved from /opt/airflow/dags/local_to_GCS.py
[2024-01-18T01:40:37.215+0000] {processor.py:183} INFO - Processing /opt/airflow/dags/local_to_GCS.py took 0.064 seconds
[2024-01-18T01:41:07.729+0000] {processor.py:161} INFO - Started process (PID=12983) to work on /opt/airflow/dags/local_to_GCS.py
[2024-01-18T01:41:07.731+0000] {processor.py:830} INFO - Processing file /opt/airflow/dags/local_to_GCS.py for tasks to queue
[2024-01-18T01:41:07.732+0000] {logging_mixin.py:188} INFO - [2024-01-18T01:41:07.731+0000] {dagbag.py:538} INFO - Filling up the DagBag from /opt/airflow/dags/local_to_GCS.py
[2024-01-18T01:41:07.738+0000] {processor.py:842} WARNING - No viable dags retrieved from /opt/airflow/dags/local_to_GCS.py
[2024-01-18T01:41:07.763+0000] {processor.py:183} INFO - Processing /opt/airflow/dags/local_to_GCS.py took 0.039 seconds
[2024-01-18T01:41:38.354+0000] {processor.py:161} INFO - Started process (PID=13021) to work on /opt/airflow/dags/local_to_GCS.py
[2024-01-18T01:41:38.361+0000] {processor.py:830} INFO - Processing file /opt/airflow/dags/local_to_GCS.py for tasks to queue
[2024-01-18T01:41:38.365+0000] {logging_mixin.py:188} INFO - [2024-01-18T01:41:38.363+0000] {dagbag.py:538} INFO - Filling up the DagBag from /opt/airflow/dags/local_to_GCS.py
[2024-01-18T01:41:38.386+0000] {processor.py:842} WARNING - No viable dags retrieved from /opt/airflow/dags/local_to_GCS.py
[2024-01-18T01:41:38.434+0000] {processor.py:183} INFO - Processing /opt/airflow/dags/local_to_GCS.py took 0.126 seconds
[2024-01-18T01:42:08.615+0000] {processor.py:161} INFO - Started process (PID=13065) to work on /opt/airflow/dags/local_to_GCS.py
[2024-01-18T01:42:08.621+0000] {processor.py:830} INFO - Processing file /opt/airflow/dags/local_to_GCS.py for tasks to queue
[2024-01-18T01:42:08.628+0000] {logging_mixin.py:188} INFO - [2024-01-18T01:42:08.624+0000] {dagbag.py:538} INFO - Filling up the DagBag from /opt/airflow/dags/local_to_GCS.py
[2024-01-18T01:42:08.645+0000] {processor.py:842} WARNING - No viable dags retrieved from /opt/airflow/dags/local_to_GCS.py
[2024-01-18T01:42:08.676+0000] {processor.py:183} INFO - Processing /opt/airflow/dags/local_to_GCS.py took 0.078 seconds
[2024-01-18T01:42:39.338+0000] {processor.py:161} INFO - Started process (PID=13103) to work on /opt/airflow/dags/local_to_GCS.py
[2024-01-18T01:42:39.339+0000] {processor.py:830} INFO - Processing file /opt/airflow/dags/local_to_GCS.py for tasks to queue
[2024-01-18T01:42:39.340+0000] {logging_mixin.py:188} INFO - [2024-01-18T01:42:39.340+0000] {dagbag.py:538} INFO - Filling up the DagBag from /opt/airflow/dags/local_to_GCS.py
[2024-01-18T01:42:39.344+0000] {processor.py:842} WARNING - No viable dags retrieved from /opt/airflow/dags/local_to_GCS.py
[2024-01-18T01:42:39.376+0000] {processor.py:183} INFO - Processing /opt/airflow/dags/local_to_GCS.py took 0.043 seconds
[2024-01-18T01:43:10.028+0000] {processor.py:161} INFO - Started process (PID=13141) to work on /opt/airflow/dags/local_to_GCS.py
[2024-01-18T01:43:10.032+0000] {processor.py:830} INFO - Processing file /opt/airflow/dags/local_to_GCS.py for tasks to queue
[2024-01-18T01:43:10.044+0000] {logging_mixin.py:188} INFO - [2024-01-18T01:43:10.038+0000] {dagbag.py:538} INFO - Filling up the DagBag from /opt/airflow/dags/local_to_GCS.py
[2024-01-18T01:43:10.054+0000] {processor.py:842} WARNING - No viable dags retrieved from /opt/airflow/dags/local_to_GCS.py
[2024-01-18T01:43:10.088+0000] {processor.py:183} INFO - Processing /opt/airflow/dags/local_to_GCS.py took 0.065 seconds
[2024-01-18T01:43:45.236+0000] {processor.py:161} INFO - Started process (PID=13173) to work on /opt/airflow/dags/local_to_GCS.py
[2024-01-18T01:43:45.239+0000] {processor.py:830} INFO - Processing file /opt/airflow/dags/local_to_GCS.py for tasks to queue
[2024-01-18T01:43:45.241+0000] {logging_mixin.py:188} INFO - [2024-01-18T01:43:45.240+0000] {dagbag.py:538} INFO - Filling up the DagBag from /opt/airflow/dags/local_to_GCS.py
[2024-01-18T01:43:45.250+0000] {processor.py:842} WARNING - No viable dags retrieved from /opt/airflow/dags/local_to_GCS.py
[2024-01-18T01:43:45.285+0000] {processor.py:183} INFO - Processing /opt/airflow/dags/local_to_GCS.py took 0.056 seconds
[2024-01-18T01:44:15.940+0000] {processor.py:161} INFO - Started process (PID=13211) to work on /opt/airflow/dags/local_to_GCS.py
[2024-01-18T01:44:15.942+0000] {processor.py:830} INFO - Processing file /opt/airflow/dags/local_to_GCS.py for tasks to queue
[2024-01-18T01:44:15.943+0000] {logging_mixin.py:188} INFO - [2024-01-18T01:44:15.943+0000] {dagbag.py:538} INFO - Filling up the DagBag from /opt/airflow/dags/local_to_GCS.py
[2024-01-18T01:44:15.949+0000] {processor.py:842} WARNING - No viable dags retrieved from /opt/airflow/dags/local_to_GCS.py
[2024-01-18T01:44:15.991+0000] {processor.py:183} INFO - Processing /opt/airflow/dags/local_to_GCS.py took 0.057 seconds
[2024-01-18T02:06:45.038+0000] {processor.py:161} INFO - Started process (PID=13256) to work on /opt/airflow/dags/local_to_GCS.py
[2024-01-18T02:06:45.047+0000] {processor.py:830} INFO - Processing file /opt/airflow/dags/local_to_GCS.py for tasks to queue
[2024-01-18T02:06:45.059+0000] {logging_mixin.py:188} INFO - [2024-01-18T02:06:45.057+0000] {dagbag.py:538} INFO - Filling up the DagBag from /opt/airflow/dags/local_to_GCS.py
[2024-01-18T02:06:45.119+0000] {processor.py:842} WARNING - No viable dags retrieved from /opt/airflow/dags/local_to_GCS.py
[2024-01-18T02:06:45.221+0000] {processor.py:183} INFO - Processing /opt/airflow/dags/local_to_GCS.py took 0.220 seconds
[2024-01-18T02:33:31.444+0000] {processor.py:161} INFO - Started process (PID=13294) to work on /opt/airflow/dags/local_to_GCS.py
[2024-01-18T02:33:31.448+0000] {processor.py:830} INFO - Processing file /opt/airflow/dags/local_to_GCS.py for tasks to queue
[2024-01-18T02:33:31.450+0000] {logging_mixin.py:188} INFO - [2024-01-18T02:33:31.449+0000] {dagbag.py:538} INFO - Filling up the DagBag from /opt/airflow/dags/local_to_GCS.py
[2024-01-18T02:33:31.457+0000] {processor.py:842} WARNING - No viable dags retrieved from /opt/airflow/dags/local_to_GCS.py
[2024-01-18T02:33:31.486+0000] {processor.py:183} INFO - Processing /opt/airflow/dags/local_to_GCS.py took 0.048 seconds
[2024-01-18T02:34:02.149+0000] {processor.py:161} INFO - Started process (PID=13327) to work on /opt/airflow/dags/local_to_GCS.py
[2024-01-18T02:34:02.151+0000] {processor.py:830} INFO - Processing file /opt/airflow/dags/local_to_GCS.py for tasks to queue
[2024-01-18T02:34:02.153+0000] {logging_mixin.py:188} INFO - [2024-01-18T02:34:02.153+0000] {dagbag.py:538} INFO - Filling up the DagBag from /opt/airflow/dags/local_to_GCS.py
[2024-01-18T02:34:02.160+0000] {processor.py:842} WARNING - No viable dags retrieved from /opt/airflow/dags/local_to_GCS.py
[2024-01-18T02:34:02.203+0000] {processor.py:183} INFO - Processing /opt/airflow/dags/local_to_GCS.py took 0.065 seconds
[2024-01-18T03:00:51.555+0000] {processor.py:161} INFO - Started process (PID=13372) to work on /opt/airflow/dags/local_to_GCS.py
[2024-01-18T03:00:51.561+0000] {processor.py:830} INFO - Processing file /opt/airflow/dags/local_to_GCS.py for tasks to queue
[2024-01-18T03:00:51.568+0000] {logging_mixin.py:188} INFO - [2024-01-18T03:00:51.568+0000] {dagbag.py:538} INFO - Filling up the DagBag from /opt/airflow/dags/local_to_GCS.py
[2024-01-18T03:00:51.595+0000] {processor.py:842} WARNING - No viable dags retrieved from /opt/airflow/dags/local_to_GCS.py
[2024-01-18T03:00:51.684+0000] {processor.py:183} INFO - Processing /opt/airflow/dags/local_to_GCS.py took 0.139 seconds
[2024-01-18T03:01:22.383+0000] {processor.py:161} INFO - Started process (PID=13405) to work on /opt/airflow/dags/local_to_GCS.py
[2024-01-18T03:01:22.386+0000] {processor.py:830} INFO - Processing file /opt/airflow/dags/local_to_GCS.py for tasks to queue
[2024-01-18T03:01:22.388+0000] {logging_mixin.py:188} INFO - [2024-01-18T03:01:22.387+0000] {dagbag.py:538} INFO - Filling up the DagBag from /opt/airflow/dags/local_to_GCS.py
[2024-01-18T03:01:22.395+0000] {processor.py:842} WARNING - No viable dags retrieved from /opt/airflow/dags/local_to_GCS.py
[2024-01-18T03:01:22.461+0000] {processor.py:183} INFO - Processing /opt/airflow/dags/local_to_GCS.py took 0.088 seconds
[2024-01-18T03:03:47.288+0000] {processor.py:161} INFO - Started process (PID=13448) to work on /opt/airflow/dags/local_to_GCS.py
[2024-01-18T03:03:47.291+0000] {processor.py:830} INFO - Processing file /opt/airflow/dags/local_to_GCS.py for tasks to queue
[2024-01-18T03:03:47.294+0000] {logging_mixin.py:188} INFO - [2024-01-18T03:03:47.293+0000] {dagbag.py:538} INFO - Filling up the DagBag from /opt/airflow/dags/local_to_GCS.py
[2024-01-18T03:03:47.315+0000] {processor.py:842} WARNING - No viable dags retrieved from /opt/airflow/dags/local_to_GCS.py
[2024-01-18T03:03:47.391+0000] {processor.py:183} INFO - Processing /opt/airflow/dags/local_to_GCS.py took 0.111 seconds
[2024-01-18T03:05:17.082+0000] {processor.py:161} INFO - Started process (PID=13486) to work on /opt/airflow/dags/local_to_GCS.py
[2024-01-18T03:05:17.085+0000] {processor.py:830} INFO - Processing file /opt/airflow/dags/local_to_GCS.py for tasks to queue
[2024-01-18T03:05:17.087+0000] {logging_mixin.py:188} INFO - [2024-01-18T03:05:17.086+0000] {dagbag.py:538} INFO - Filling up the DagBag from /opt/airflow/dags/local_to_GCS.py
[2024-01-18T03:05:17.094+0000] {processor.py:842} WARNING - No viable dags retrieved from /opt/airflow/dags/local_to_GCS.py
[2024-01-18T03:05:17.116+0000] {processor.py:183} INFO - Processing /opt/airflow/dags/local_to_GCS.py took 0.043 seconds
[2024-01-18T03:05:47.674+0000] {processor.py:161} INFO - Started process (PID=13519) to work on /opt/airflow/dags/local_to_GCS.py
[2024-01-18T03:05:47.677+0000] {processor.py:830} INFO - Processing file /opt/airflow/dags/local_to_GCS.py for tasks to queue
[2024-01-18T03:05:47.678+0000] {logging_mixin.py:188} INFO - [2024-01-18T03:05:47.678+0000] {dagbag.py:538} INFO - Filling up the DagBag from /opt/airflow/dags/local_to_GCS.py
[2024-01-18T03:05:47.685+0000] {processor.py:842} WARNING - No viable dags retrieved from /opt/airflow/dags/local_to_GCS.py
[2024-01-18T03:05:47.716+0000] {processor.py:183} INFO - Processing /opt/airflow/dags/local_to_GCS.py took 0.069 seconds
[2024-01-18T03:07:16.749+0000] {processor.py:161} INFO - Started process (PID=13564) to work on /opt/airflow/dags/local_to_GCS.py
[2024-01-18T03:07:16.753+0000] {processor.py:830} INFO - Processing file /opt/airflow/dags/local_to_GCS.py for tasks to queue
[2024-01-18T03:07:16.754+0000] {logging_mixin.py:188} INFO - [2024-01-18T03:07:16.754+0000] {dagbag.py:538} INFO - Filling up the DagBag from /opt/airflow/dags/local_to_GCS.py
[2024-01-18T03:07:16.759+0000] {processor.py:842} WARNING - No viable dags retrieved from /opt/airflow/dags/local_to_GCS.py
[2024-01-18T03:07:16.780+0000] {processor.py:183} INFO - Processing /opt/airflow/dags/local_to_GCS.py took 0.040 seconds
[2024-01-18T03:34:05.973+0000] {processor.py:161} INFO - Started process (PID=13602) to work on /opt/airflow/dags/local_to_GCS.py
[2024-01-18T03:34:05.993+0000] {processor.py:830} INFO - Processing file /opt/airflow/dags/local_to_GCS.py for tasks to queue
[2024-01-18T03:34:05.998+0000] {logging_mixin.py:188} INFO - [2024-01-18T03:34:05.997+0000] {dagbag.py:538} INFO - Filling up the DagBag from /opt/airflow/dags/local_to_GCS.py
[2024-01-18T03:34:06.009+0000] {processor.py:842} WARNING - No viable dags retrieved from /opt/airflow/dags/local_to_GCS.py
[2024-01-18T03:34:06.066+0000] {processor.py:183} INFO - Processing /opt/airflow/dags/local_to_GCS.py took 0.118 seconds
[2024-01-18T03:34:36.916+0000] {processor.py:161} INFO - Started process (PID=13635) to work on /opt/airflow/dags/local_to_GCS.py
[2024-01-18T03:34:36.921+0000] {processor.py:830} INFO - Processing file /opt/airflow/dags/local_to_GCS.py for tasks to queue
[2024-01-18T03:34:36.924+0000] {logging_mixin.py:188} INFO - [2024-01-18T03:34:36.923+0000] {dagbag.py:538} INFO - Filling up the DagBag from /opt/airflow/dags/local_to_GCS.py
[2024-01-18T03:34:36.933+0000] {processor.py:842} WARNING - No viable dags retrieved from /opt/airflow/dags/local_to_GCS.py
[2024-01-18T03:34:36.967+0000] {processor.py:183} INFO - Processing /opt/airflow/dags/local_to_GCS.py took 0.072 seconds
[2024-01-18T03:44:29.890+0000] {processor.py:161} INFO - Started process (PID=13680) to work on /opt/airflow/dags/local_to_GCS.py
[2024-01-18T03:44:29.896+0000] {processor.py:830} INFO - Processing file /opt/airflow/dags/local_to_GCS.py for tasks to queue
[2024-01-18T03:44:29.900+0000] {logging_mixin.py:188} INFO - [2024-01-18T03:44:29.899+0000] {dagbag.py:538} INFO - Filling up the DagBag from /opt/airflow/dags/local_to_GCS.py
[2024-01-18T03:44:29.918+0000] {processor.py:842} WARNING - No viable dags retrieved from /opt/airflow/dags/local_to_GCS.py
[2024-01-18T03:44:29.995+0000] {processor.py:183} INFO - Processing /opt/airflow/dags/local_to_GCS.py took 0.122 seconds
[2024-01-18T03:45:00.596+0000] {processor.py:161} INFO - Started process (PID=13713) to work on /opt/airflow/dags/local_to_GCS.py
[2024-01-18T03:45:00.598+0000] {processor.py:830} INFO - Processing file /opt/airflow/dags/local_to_GCS.py for tasks to queue
[2024-01-18T03:45:00.600+0000] {logging_mixin.py:188} INFO - [2024-01-18T03:45:00.600+0000] {dagbag.py:538} INFO - Filling up the DagBag from /opt/airflow/dags/local_to_GCS.py
[2024-01-18T03:45:00.607+0000] {processor.py:842} WARNING - No viable dags retrieved from /opt/airflow/dags/local_to_GCS.py
[2024-01-18T03:45:00.673+0000] {processor.py:183} INFO - Processing /opt/airflow/dags/local_to_GCS.py took 0.088 seconds
[2024-01-18T04:29:39.662+0000] {processor.py:161} INFO - Started process (PID=13756) to work on /opt/airflow/dags/local_to_GCS.py
[2024-01-18T04:29:39.672+0000] {processor.py:830} INFO - Processing file /opt/airflow/dags/local_to_GCS.py for tasks to queue
[2024-01-18T04:29:39.682+0000] {logging_mixin.py:188} INFO - [2024-01-18T04:29:39.681+0000] {dagbag.py:538} INFO - Filling up the DagBag from /opt/airflow/dags/local_to_GCS.py
[2024-01-18T04:29:39.691+0000] {processor.py:842} WARNING - No viable dags retrieved from /opt/airflow/dags/local_to_GCS.py
[2024-01-18T04:29:39.837+0000] {processor.py:183} INFO - Processing /opt/airflow/dags/local_to_GCS.py took 0.201 seconds
