[2024-01-17T18:49:24.855+0000] {taskinstance.py:1957} INFO - Dependencies all met for dep_context=non-requeueable deps ti=<TaskInstance: OLTP_to_OLAP.create_update_dim_order_details manual__2024-01-17T18:49:17.733592+00:00 [queued]>
[2024-01-17T18:49:24.870+0000] {taskinstance.py:1957} INFO - Dependencies all met for dep_context=requeueable deps ti=<TaskInstance: OLTP_to_OLAP.create_update_dim_order_details manual__2024-01-17T18:49:17.733592+00:00 [queued]>
[2024-01-17T18:49:24.871+0000] {taskinstance.py:2171} INFO - Starting attempt 1 of 0
[2024-01-17T18:49:24.976+0000] {taskinstance.py:2192} INFO - Executing <Task(BigQueryExecuteQueryOperator): create_update_dim_order_details> on 2024-01-17 18:49:17.733592+00:00
[2024-01-17T18:49:25.019+0000] {standard_task_runner.py:60} INFO - Started process 4261 to run task
[2024-01-17T18:49:25.038+0000] {standard_task_runner.py:87} INFO - Running: ['***', 'tasks', 'run', 'OLTP_to_OLAP', 'create_update_dim_order_details', 'manual__2024-01-17T18:49:17.733592+00:00', '--job-id', '75', '--raw', '--subdir', 'DAGS_FOLDER/data_transform_BQ.py', '--cfg-path', '/tmp/tmpayebr181']
[2024-01-17T18:49:25.113+0000] {standard_task_runner.py:88} INFO - Job 75: Subtask create_update_dim_order_details
[2024-01-17T18:49:25.348+0000] {task_command.py:423} INFO - Running <TaskInstance: OLTP_to_OLAP.create_update_dim_order_details manual__2024-01-17T18:49:17.733592+00:00 [running]> on host 0d972f4a0fb8
[2024-01-17T18:49:25.487+0000] {taskinstance.py:2481} INFO - Exporting env vars: AIRFLOW_CTX_DAG_OWNER='phungquan' AIRFLOW_CTX_DAG_ID='OLTP_to_OLAP' AIRFLOW_CTX_TASK_ID='create_update_dim_order_details' AIRFLOW_CTX_EXECUTION_DATE='2024-01-17T18:49:17.733592+00:00' AIRFLOW_CTX_TRY_NUMBER='1' AIRFLOW_CTX_DAG_RUN_ID='manual__2024-01-17T18:49:17.733592+00:00'
[2024-01-17T18:49:25.491+0000] {bigquery.py:1245} INFO - Executing: -- Tạo bảng Dim_Order_details
CREATE OR REPLACE TABLE 
  `OLAP.Dim_Order_details` AS
SELECT
  *
FROM
  `OLTP.Order_details`


[2024-01-17T18:49:25.509+0000] {connection.py:234} WARNING - Connection schemes (type: google_cloud_platform) shall not contain '_' according to RFC3986.
[2024-01-17T18:49:25.511+0000] {base.py:83} INFO - Using connection ID 'google_cloud_default' for task execution.
[2024-01-17T18:49:25.522+0000] {logging_mixin.py:188} WARNING - /home/***/.local/lib/python3.8/site-packages/***/providers/google/cloud/hooks/bigquery.py:2109 AirflowProviderDeprecationWarning: This method is deprecated. Please use `BigQueryHook.insert_job` method.
[2024-01-17T18:49:25.524+0000] {credentials_provider.py:353} INFO - Getting connection using `google.auth.default()` since no explicit credentials are provided.
[2024-01-17T18:49:25.665+0000] {bigquery.py:1596} INFO - Inserting job ***_1705517365662219_5a226064d9233bc13230214766f2555d
[2024-01-17T18:49:28.201+0000] {taskinstance.py:1138} INFO - Marking task as SUCCESS. dag_id=OLTP_to_OLAP, task_id=create_update_dim_order_details, execution_date=20240117T184917, start_date=20240117T184924, end_date=20240117T184928
[2024-01-17T18:49:28.323+0000] {local_task_job_runner.py:234} INFO - Task exited with return code 0
[2024-01-17T18:49:28.452+0000] {taskinstance.py:3281} INFO - 0 downstream tasks scheduled from follow-on schedule check
