[2024-01-18T00:38:53.620+0000] {taskinstance.py:1957} INFO - Dependencies all met for dep_context=non-requeueable deps ti=<TaskInstance: OLTP_to_OLAP.create_update_dim_order_details manual__2024-01-18T00:38:46.368126+00:00 [queued]>
[2024-01-18T00:38:53.648+0000] {taskinstance.py:1957} INFO - Dependencies all met for dep_context=requeueable deps ti=<TaskInstance: OLTP_to_OLAP.create_update_dim_order_details manual__2024-01-18T00:38:46.368126+00:00 [queued]>
[2024-01-18T00:38:53.649+0000] {taskinstance.py:2171} INFO - Starting attempt 1 of 0
[2024-01-18T00:38:53.697+0000] {taskinstance.py:2192} INFO - Executing <Task(BigQueryExecuteQueryOperator): create_update_dim_order_details> on 2024-01-18 00:38:46.368126+00:00
[2024-01-18T00:38:53.727+0000] {standard_task_runner.py:60} INFO - Started process 8745 to run task
[2024-01-18T00:38:53.743+0000] {standard_task_runner.py:87} INFO - Running: ['***', 'tasks', 'run', 'OLTP_to_OLAP', 'create_update_dim_order_details', 'manual__2024-01-18T00:38:46.368126+00:00', '--job-id', '96', '--raw', '--subdir', 'DAGS_FOLDER/data_transform_BQ.py', '--cfg-path', '/tmp/tmpe_1tm4ax']
[2024-01-18T00:38:53.785+0000] {standard_task_runner.py:88} INFO - Job 96: Subtask create_update_dim_order_details
[2024-01-18T00:38:54.265+0000] {task_command.py:423} INFO - Running <TaskInstance: OLTP_to_OLAP.create_update_dim_order_details manual__2024-01-18T00:38:46.368126+00:00 [running]> on host 0d972f4a0fb8
[2024-01-18T00:38:54.619+0000] {taskinstance.py:2481} INFO - Exporting env vars: AIRFLOW_CTX_DAG_OWNER='phungquan' AIRFLOW_CTX_DAG_ID='OLTP_to_OLAP' AIRFLOW_CTX_TASK_ID='create_update_dim_order_details' AIRFLOW_CTX_EXECUTION_DATE='2024-01-18T00:38:46.368126+00:00' AIRFLOW_CTX_TRY_NUMBER='1' AIRFLOW_CTX_DAG_RUN_ID='manual__2024-01-18T00:38:46.368126+00:00'
[2024-01-18T00:38:54.648+0000] {bigquery.py:1245} INFO - Executing: -- Tạo bảng Dim_Order_details
CREATE OR REPLACE TABLE 
  `OLAP.Dim_Order_details` AS
SELECT
  *
FROM
  `OLTP.Order_details`


[2024-01-18T00:38:54.678+0000] {connection.py:234} WARNING - Connection schemes (type: google_cloud_platform) shall not contain '_' according to RFC3986.
[2024-01-18T00:38:54.680+0000] {base.py:83} INFO - Using connection ID 'google_cloud_default' for task execution.
[2024-01-18T00:38:54.694+0000] {logging_mixin.py:188} WARNING - /home/***/.local/lib/python3.8/site-packages/***/providers/google/cloud/hooks/bigquery.py:2109 AirflowProviderDeprecationWarning: This method is deprecated. Please use `BigQueryHook.insert_job` method.
[2024-01-18T00:38:54.695+0000] {credentials_provider.py:353} INFO - Getting connection using `google.auth.default()` since no explicit credentials are provided.
[2024-01-18T00:38:54.845+0000] {bigquery.py:1596} INFO - Inserting job ***_1705538334838517_5a226064d9233bc13230214766f2555d
[2024-01-18T00:38:57.541+0000] {taskinstance.py:1138} INFO - Marking task as SUCCESS. dag_id=OLTP_to_OLAP, task_id=create_update_dim_order_details, execution_date=20240118T003846, start_date=20240118T003853, end_date=20240118T003857
[2024-01-18T00:38:57.614+0000] {local_task_job_runner.py:234} INFO - Task exited with return code 0
[2024-01-18T00:38:57.769+0000] {taskinstance.py:3281} INFO - 0 downstream tasks scheduled from follow-on schedule check
