[2024-01-18T01:25:37.696+0000] {taskinstance.py:1957} INFO - Dependencies all met for dep_context=non-requeueable deps ti=<TaskInstance: OLTP_to_OLAP.create_update_dim_product manual__2024-01-18T01:25:32.082473+00:00 [queued]>
[2024-01-18T01:25:37.706+0000] {taskinstance.py:1957} INFO - Dependencies all met for dep_context=requeueable deps ti=<TaskInstance: OLTP_to_OLAP.create_update_dim_product manual__2024-01-18T01:25:32.082473+00:00 [queued]>
[2024-01-18T01:25:37.707+0000] {taskinstance.py:2171} INFO - Starting attempt 1 of 0
[2024-01-18T01:25:37.749+0000] {taskinstance.py:2192} INFO - Executing <Task(BigQueryExecuteQueryOperator): create_update_dim_product> on 2024-01-18 01:25:32.082473+00:00
[2024-01-18T01:25:37.782+0000] {standard_task_runner.py:60} INFO - Started process 11982 to run task
[2024-01-18T01:25:37.794+0000] {standard_task_runner.py:87} INFO - Running: ['***', 'tasks', 'run', 'OLTP_to_OLAP', 'create_update_dim_product', 'manual__2024-01-18T01:25:32.082473+00:00', '--job-id', '108', '--raw', '--subdir', 'DAGS_FOLDER/data_transform_BQ.py', '--cfg-path', '/tmp/tmpes3vo29a']
[2024-01-18T01:25:37.830+0000] {standard_task_runner.py:88} INFO - Job 108: Subtask create_update_dim_product
[2024-01-18T01:25:37.987+0000] {task_command.py:423} INFO - Running <TaskInstance: OLTP_to_OLAP.create_update_dim_product manual__2024-01-18T01:25:32.082473+00:00 [running]> on host 0d972f4a0fb8
[2024-01-18T01:25:38.125+0000] {taskinstance.py:2481} INFO - Exporting env vars: AIRFLOW_CTX_DAG_OWNER='phungquan' AIRFLOW_CTX_DAG_ID='OLTP_to_OLAP' AIRFLOW_CTX_TASK_ID='create_update_dim_product' AIRFLOW_CTX_EXECUTION_DATE='2024-01-18T01:25:32.082473+00:00' AIRFLOW_CTX_TRY_NUMBER='1' AIRFLOW_CTX_DAG_RUN_ID='manual__2024-01-18T01:25:32.082473+00:00'
[2024-01-18T01:25:38.128+0000] {bigquery.py:1245} INFO - Executing: -- Tạo bảng Dim_Products
CREATE OR REPLACE TABLE 
  `OLAP.Dim_Products` AS
SELECT
  products.ProductID,
  products.ProductName,
  products.UnitPrice,
  categories.CategoryID,
  categories.CategoryName,
FROM
  `OLTP.Products` AS products
JOIN
  `OLTP.Categories` AS categories
ON
  products.CategoryID = categories.CategoryID;


[2024-01-18T01:25:38.142+0000] {connection.py:234} WARNING - Connection schemes (type: google_cloud_platform) shall not contain '_' according to RFC3986.
[2024-01-18T01:25:38.143+0000] {base.py:83} INFO - Using connection ID 'google_cloud_default' for task execution.
[2024-01-18T01:25:38.152+0000] {logging_mixin.py:188} WARNING - /home/***/.local/lib/python3.8/site-packages/***/providers/google/cloud/hooks/bigquery.py:2109 AirflowProviderDeprecationWarning: This method is deprecated. Please use `BigQueryHook.insert_job` method.
[2024-01-18T01:25:38.154+0000] {credentials_provider.py:353} INFO - Getting connection using `google.auth.default()` since no explicit credentials are provided.
[2024-01-18T01:25:38.255+0000] {bigquery.py:1596} INFO - Inserting job ***_1705541138250046_b30ad072373c09a70165f4d345c4ac9b
[2024-01-18T01:25:41.057+0000] {taskinstance.py:1138} INFO - Marking task as SUCCESS. dag_id=OLTP_to_OLAP, task_id=create_update_dim_product, execution_date=20240118T012532, start_date=20240118T012537, end_date=20240118T012541
[2024-01-18T01:25:41.127+0000] {local_task_job_runner.py:234} INFO - Task exited with return code 0
[2024-01-18T01:25:41.220+0000] {taskinstance.py:3281} INFO - 0 downstream tasks scheduled from follow-on schedule check
